          "uuid" : "27541c32-b7f8-4159-aa0c-4d81c96ddb7a",
          "agent" : "3e716e2d61ba910983cb456817116799",
          "agentIP" : "192.168.200.128",
          "agentName" : "MSI",
          "item_main" : "5379",
          "date_main" : 1698348256,
          "type_main" : "usb",
          "etc_main" : "<Event xmlns='http://schemas.microsoft.com/win/2004/08/events/event'><System><Provider Name='Microsoft-Windows-Security-Auditing' Guid='{54849625-5478-4994-a5ba-3e3b0328c30d}'/><EventID>5379</EventID><Version>0</Version><Level>0</Level><Task>13824</Task><Opcode>0</Opcode><Keywords>0x8020000000000000</Keywords><TimeCreated SystemTime='2023-10-26T19:24:16.4946258Z'/><EventRecordID>673110</EventRecordID><Correlation ActivityID='{ce29126c-fc40-000a-8312-29ce40fcd901}'/><Execution ProcessID='1256' ThreadID='39996'/><Channel>Security</Channel><Computer>MSI</Computer><Security/></System><EventData><Data Name='SubjectUserSid'>S-1-5-21-3414511439-2402517761-651233876-1001</Data><Data Name='SubjectUserName'>jim10</Data><Data Name='SubjectDomainName'>MSI</Data><Data Name='SubjectLogonId'>0x4d1e4</Data><Data Name='TargetName'>WindowsLive:(cert):name=jim1010336@gmail.com;serviceuri=*</Data><Data Name='Type'>0</Data><Data Name='CountOfCredentialsReturned'>0</Data><Data Name='ReadOperation'>%%8100</Data><Data Name='ReturnCode'>3221226021</Data><Data Name='ProcessCreationTime'>2023-10-26T19:24:16.4741335Z</Data><Data Name='ClientProcessId'>140508</Data></EventData></Event>"
        }
      },
      {
        "_index" : "ed_eventsecurity",
        "_type" : "_doc",
        "_id" : "kj45cIsB12YpCLTnX21H",
        "_score" : 1.0,
        "_source" : {
          "eventrecordid" : 673132,
          "providername" : "Microsoft-Windows-Security-Auditing",
          "providerguid" : "{54849625-5478-4994-A5BA-3E3B0328C30D}",
          "eventid" : 0,
          "version" : 0,
          "level" : "AUDIT",
          "keywords" : "Audit Success",
          "task" : 13824,
          "opcode" : 0,
          "createdsystemtime" : 1698348258,
          "correlationactivityid" : "{CE29126C-FC40-000A-8312-29CE40FCD901}",
          "correlationrelatedactivityid" : "0",
          "executionprocessid" : 1256,
          "executionthreadid" : 147660,
          "channel" : "Security",
          "computer" : "MSI",
          "securityuserid" : "0",
          "evtrenderdata" : "<Event xmlns='http://schemas.microsoft.com/win/2004/08/events/event'><System><Provider Name='Microsoft-Windows-Security-Auditing' Guid='{54849625-5478-4994-a5ba-3e3b0328c30d}'/><EventID>5379</EventID><Version>0</Version><Level>0</Level><Task>13824</Task><Opcode>0</Opcode><Keywords>0x8020000000000000</Keywords><TimeCreated SystemTime='2023-10-26T19:24:18.4625247Z'/><EventRecordID>673132</EventRecordID><Correlation ActivityID='{ce29126c-fc40-000a-8312-29ce40fcd901}'/><Execution ProcessID='1256' ThreadID='147660'/><Channel>Security</Channel><Computer>MSI</Computer><Security/></System><EventData><Data Name='SubjectUserSid'>S-1-5-21-3414511439-2402517761-651233876-1001</Data><Data Name='SubjectUserName'>jim10</Data><Data Name='SubjectDomainName'>MSI</Data><Data Name='SubjectLogonId'>0x4d1e4</Data><Data Name='TargetName'>MicrosoftAccount:user=jim1010336@gmail.com</Data><Data Name='Type'>0</Data><Data Name='CountOfCredentialsReturned'>1</Data><Data Name='ReadOperation'>%%8100</Data><Data Name='ReturnCode'>0</Data><Data Name='ProcessCreationTime'>2023-10-26T19:24:16.4741335Z</Data><Data Name='ClientProcessId'>140508</Data></EventData></Event>",
          "uuid" : "c97a3970-5878-4d20-be00-12afe01ff74b",
          "agent" : "3e716e2d61ba910983cb456817116799",
          "agentIP" : "192.168.200.128",
          "agentName" : "MSI",
          "item_main" : "5379",
          "date_main" : 1698348258,
          "type_main" : "usb",
          "etc_main" : "<Event xmlns='http://schemas.microsoft.com/win/2004/08/events/event'><System><Provider Name='Microsoft-Windows-Security-Auditing' Guid='{54849625-5478-4994-a5ba-3e3b0328c30d}'/><EventID>5379</EventID><Version>0</Version><Level>0</Level><Task>13824</Task><Opcode>0</Opcode><Keywords>0x8020000000000000</Keywords><TimeCreated SystemTime='2023-10-26T19:24:18.4625247Z'/><EventRecordID>673132</EventRecordID><Correlation ActivityID='{ce29126c-fc40-000a-8312-29ce40fcd901}'/><Execution ProcessID='1256' ThreadID='147660'/><Channel>Security</Channel><Computer>MSI</Computer><Security/></System><EventData><Data Name='SubjectUserSid'>S-1-5-21-3414511439-2402517761-651233876-1001</Data><Data Name='SubjectUserName'>jim10</Data><Data Name='SubjectDomainName'>MSI</Data><Data Name='SubjectLogonId'>0x4d1e4</Data><Data Name='TargetName'>MicrosoftAccount:user=jim1010336@gmail.com</Data><Data Name='Type'>0</Data><Data Name='CountOfCredentialsReturned'>1</Data><Data Name='ReadOperation'>%%8100</Data><Data Name='ReturnCode'>0</Data><Data Name='ProcessCreationTime'>2023-10-26T19:24:16.4741335Z</Data><Data Name='ClientProcessId'>140508</Data></EventData></Event>"
        }
      },
      {
        "_index" : "ed_eventsecurity",
        "_type" : "_doc",
        "_id" : "oD45cIsB12YpCLTnX3RI",
        "_score" : 1.0,
        "_source" : {
          "eventrecordid" : 674035,
          "providername" : "Microsoft-Windows-Security-Auditing",
          "providerguid" : "{54849625-5478-4994-A5BA-3E3B0328C30D}",
          "eventid" : 0,
          "version" : 3,
          "level" : "AUDIT",
          "keywords" : "Audit Success",
          "task" : 12544,
          "opcode" : 0,
          "createdsystemtime" : 1698358094,
          "correlationactivityid" : "{CE29126C-FC40-000A-8312-29CE40FCD901}",
          "correlationrelatedactivityid" : "0",
          "executionprocessid" : 1256,
          "executionthreadid" : 65272,
          "channel" : "Security",
          "computer" : "MSI",
          "securityuserid" : "0",
          "evtrenderdata" : "<Event xmlns='http://schemas.microsoft.com/win/2004/08/events/event'><System><Provider Name='Microsoft-Windows-Security-Auditing' Guid='{54849625-5478-4994-a5ba-3e3b0328c30d}'/><EventID>4624</EventID><Version>3</Version><Level>0</Level><Task>12544</Task><Opcode>0</Opcode><Keywords>0x8020000000000000</Keywords><TimeCreated SystemTime='2023-10-26T22:08:14.8462565Z'/><EventRecordID>674035</EventRecordID><Correlation ActivityID='{ce29126c-fc40-000a-8312-29ce40fcd901}'/><Execution ProcessID='1256' ThreadID='65272'/><Channel>Security</Channel><Computer>MSI</Computer><Security/></System><EventData><Data Name='SubjectUserSid'>S-1-5-18</Data><Data Name='SubjectUserName'>MSI$</Data><Data Name='SubjectDomainName'>WORKGROUP</Data><Data Name='SubjectLogonId'>0x3e7</Data><Data Name='TargetUserSid'>S-1-5-18</Data><Data Name='TargetUserName'>SYSTEM</Data><Data Name='TargetDomainName'>NT AUTHORITY</Data><Data Name='TargetLogonId'>0x3e7</Data><Data Name='LogonType'>5</Data><Data Name='LogonProcessName'>Advapi  </Data><Data Name='AuthenticationPackageName'>Negotiate</Data><Data Name='WorkstationName'>-</Data><Data Name='LogonGuid'>{00000000-0000-0000-0000-000000000000}</Data><Data Name='TransmittedServices'>-</Data><Data Name='LmPackageName'>-</Data><Data Name='KeyLength'>0</Data><Data Name='ProcessId'>0x4c4</Data><Data Name='ProcessName'>C:\\Windows\\System32\\services.exe</Data><Data Name='IpAddress'>-</Data><Data Name='IpPort'>-</Data><Data Name='ImpersonationLevel'>%%1833</Data><Data Name='RestrictedAdminMode'>-</Data><Data Name='RemoteCredentialGuard'>-</Data><Data Name='TargetOutboundUserName'>-</Data><Data Name='TargetOutboundDomainName'>-</Data><Data Name='VirtualAccount'>%%1843</Data><Data Name='TargetLinkedLogonId'>0x0</Data><Data Name='ElevatedToken'>%%1842</Data></EventData></Event>",
          "uuid" : "a459d2ec-e810-40c2-be78-2fa116631328",
          "agent" : "3e716e2d61ba910983cb456817116799",
          "agentIP" : "192.168.200.128",
          "agentName" : "MSI",
          "item_main" : "4624",
          "date_main" : 1698358094,
          "type_main" : "usb",
          "etc_main" : "<Event xmlns='http://schemas.microsoft.com/win/2004/08/events/event'><System><Provider Name='Microsoft-Windows-Security-Auditing' Guid='{54849625-5478-4994-a5ba-3e3b0328c30d}'/><EventID>4624</EventID><Version>3</Version><Level>0</Level><Task>12544</Task><Opcode>0</Opcode><Keywords>0x8020000000000000</Keywords><TimeCreated SystemTime='2023-10-26T22:08:14.8462565Z'/><EventRecordID>674035</EventRecordID><Correlation ActivityID='{ce29126c-fc40-000a-8312-29ce40fcd901}'/><Execution ProcessID='1256' ThreadID='65272'/><Channel>Security</Channel><Computer>MSI</Computer><Security/></System><EventData><Data Name='SubjectUserSid'>S-1-5-18</Data><Data Name='SubjectUserName'>MSI$</Data><Data Name='SubjectDomainName'>WORKGROUP</Data><Data Name='SubjectLogonId'>0x3e7</Data><Data Name='TargetUserSid'>S-1-5-18</Data><Data Name='TargetUserName'>SYSTEM</Data><Data Name='TargetDomainName'>NT AUTHORITY</Data><Data Name='TargetLogonId'>0x3e7</Data><Data Name='LogonType'>5</Data><Data Name='LogonProcessName'>Advapi  </Data><Data Name='AuthenticationPackageName'>Negotiate</Data><Data Name='WorkstationName'>-</Data><Data Name='LogonGuid'>{00000000-0000-0000-0000-000000000000}</Data><Data Name='TransmittedServices'>-</Data><Data Name='LmPackageName'>-</Data><Data Name='KeyLength'>0</Data><Data Name='ProcessId'>0x4c4</Data><Data Name='ProcessName'>C:\\Windows\\System32\\services.exe</Data><Data Name='IpAddress'>-</Data><Data Name='IpPort'>-</Data><Data Name='ImpersonationLevel'>%%1833</Data><Data Name='RestrictedAdminMode'>-</Data><Data Name='RemoteCredentialGuard'>-</Data><Data Name='TargetOutboundUserName'>-</Data><Data Name='TargetOutboundDomainName'>-</Data><Data Name='VirtualAccount'>%%1843</Data><Data Name='TargetLinkedLogonId'>0x0</Data><Data Name='ElevatedToken'>%%1842</Data></EventData></Event>"
        }
      },
      {
        "_index" : "ed_eventsecurity",
        "_type" : "_doc",
        "_id" : "PD45cIsB12YpCLTnX3lI",
        "_score" : 1.0,
        "_source" : {
          "eventrecordid" : 674625,
          "providername" : "Microsoft-Windows-Security-Auditing",
          "providerguid" : "{54849625-5478-4994-A5BA-3E3B0328C30D}",
          "eventid" : 0,
          "version" : 0,
          "level" : "AUDIT",
          "keywords" : "Audit Success",
          "task" : 13824,
          "opcode" : 0,
          "createdsystemtime" : 1698366986,
          "correlationactivityid" : "{CE29126C-FC40-000A-8312-29CE40FCD901}",
          "correlationrelatedactivityid" : "0",
          "executionprocessid" : 1256,
          "executionthreadid" : 116640,
          "channel" : "Security",
          "computer" : "MSI",
          "securityuserid" : "0",
          "evtrenderdata" : "<Event xmlns='http://schemas.microsoft.com/win/2004/08/events/event'><System><Provider Name='Microsoft-Windows-Security-Auditing' Guid='{54849625-5478-4994-a5ba-3e3b0328c30d}'/><EventID>4798</EventID><Version>0</Version><Level>0</Level><Task>13824</Task><Opcode>0</Opcode><Keywords>0x8020000000000000</Keywords><TimeCreated SystemTime='2023-10-27T00:36:26.5150908Z'/><EventRecordID>674625</EventRecordID><Correlation ActivityID='{ce29126c-fc40-000a-8312-29ce40fcd901}'/><Execution ProcessID='1256' ThreadID='116640'/><Channel>Security</Channel><Computer>MSI</Computer><Security/></System><EventData><Data Name='TargetUserName'>Administrator</Data><Data Name='TargetDomainName'>MSI</Data><Data Name='TargetSid'>S-1-5-21-3414511439-2402517761-651233876-500</Data><Data Name='SubjectUserSid'>S-1-5-18</Data><Data Name='SubjectUserName'>MSI$</Data><Data Name='SubjectDomainName'>WORKGROUP</Data><Data Name='SubjectLogonId'>0x3e7</Data><Data Name='CallerProcessId'>0x37bc</Data><Data Name='CallerProcessName'>C:\\Windows\\System32\\svchost.exe</Data></EventData></Event>",
          "uuid" : "42a7067c-8262-4de1-a4cf-620fca9b7c31",
          "agent" : "3e716e2d61ba910983cb456817116799",
          "agentIP" : "192.168.200.128",
          "agentName" : "MSI",
          "item_main" : "4798",
          "date_main" : 1698366986,
          "type_main" : "usb",
          "etc_main" : "<Event xmlns='http://schemas.microsoft.com/win/2004/08/events/event'><System><Provider Name='Microsoft-Windows-Security-Auditing' Guid='{54849625-5478-4994-a5ba-3e3b0328c30d}'/><EventID>4798</EventID><Version>0</Version><Level>0</Level><Task>13824</Task><Opcode>0</Opcode><Keywords>0x8020000000000000</Keywords><TimeCreated SystemTime='2023-10-27T00:36:26.5150908Z'/><EventRecordID>674625</EventRecordID><Correlation ActivityID='{ce29126c-fc40-000a-8312-29ce40fcd901}'/><Execution ProcessID='1256' ThreadID='116640'/><Channel>Security</Channel><Computer>MSI</Computer><Security/></System><EventData><Data Name='TargetUserName'>Administrator</Data><Data Name='TargetDomainName'>MSI</Data><Data Name='TargetSid'>S-1-5-21-3414511439-2402517761-651233876-500</Data><Data Name='SubjectUserSid'>S-1-5-18</Data><Data Name='SubjectUserName'>MSI$</Data><Data Name='SubjectDomainName'>WORKGROUP</Data><Data Name='SubjectLogonId'>0x3e7</Data><Data Name='CallerProcessId'>0x37bc</Data><Data Name='CallerProcessName'>C:\\Windows\\System32\\svchost.exe</Data></EventData></Event>"
        }
      },
      {
        "_index" : "ed_eventsecurity",
        "_type" : "_doc",
        "_id" : "H_rEdosB12YpCLTnKUqA",
        "_score" : 1.0,
        "_source" : {
          "eventrecordid" : 553513,
          "providername" : "Microsoft-Windows-Security-Auditing",
          "providerguid" : "{54849625-5478-4994-A5BA-3E3B0328C30D}",
          "eventid" : 0,
          "version" : 0,
          "level" : "AUDIT",
          "keywords" : "Audit Success",
          "task" : 13824,
          "opcode" : 0,
          "createdsystemtime" : 1696395401,
          "correlationactivityid" : "{2F9B351B-E891-0002-AC35-9B2F91E8D901}",
          "correlationrelatedactivityid" : "0",
          "executionprocessid" : 1336,
          "executionthreadid" : 14236,
          "channel" : "Security",
          "computer" : "MSI",
          "securityuserid" : "0",
          "evtrenderdata" : "<Event xmlns='http://schemas.microsoft.com/win/2004/08/events/event'><System><Provider Name='Microsoft-Windows-Security-Auditing' Guid='{54849625-5478-4994-a5ba-3e3b0328c30d}'/><EventID>4798</EventID><Version>0</Version><Level>0</Level><Task>13824</Task><Opcode>0</Opcode><Keywords>0x8020000000000000</Keywords><TimeCreated SystemTime='2023-10-04T04:56:41.3603399Z'/><EventRecordID>553513</EventRecordID><Correlation ActivityID='{2f9b351b-e891-0002-ac35-9b2f91e8d901}'/><Execution ProcessID='1336' ThreadID='14236'/><Channel>Security</Channel><Computer>MSI</Computer><Security/></System><EventData><Data Name='TargetUserName'>Administrator</Data><Data Name='TargetDomainName'>MSI</Data><Data Name='TargetSid'>S-1-5-21-3414511439-2402517761-651233876-500</Data><Data Name='SubjectUserSid'>S-1-5-18</Data><Data Name='SubjectUserName'>MSI$</Data><Data Name='SubjectDomainName'>WORKGROUP</Data><Data Name='SubjectLogonId'>0x3e7</Data><Data Name='CallerProcessId'>0x3488</Data><Data Name='CallerProcessName'>C:\\Windows\\System32\\svchost.exe</Data></EventData></Event>",
          "uuid" : "13c48198-f7da-4eb9-b9dd-5e5724625347",
          "agent" : "22ccf7992baf4400948ffb964f3dd537",
          "agentIP" : "202.75.139.76",
          "agentName" : "DESKTOP",
          "item_main" : "4798",
          "date_main" : 1696395401,
          "type_main" : "usb",
          "etc_main" : "<Event xmlns='http://schemas.microsoft.com/win/2004/08/events/event'><System><Provider Name='Microsoft-Windows-Security-Auditing' Guid='{54849625-5478-4994-a5ba-3e3b0328c30d}'/><EventID>4798</EventID><Version>0</Version><Level>0</Level><Task>13824</Task><Opcode>0</Opcode><Keywords>0x8020000000000000</Keywords><TimeCreated SystemTime='2023-10-04T04:56:41.3603399Z'/><EventRecordID>553513</EventRecordID><Correlation ActivityID='{2f9b351b-e891-0002-ac35-9b2f91e8d901}'/><Execution ProcessID='1336' ThreadID='14236'/><Channel>Security</Channel><Computer>MSI</Computer><Security/></System><EventData><Data Name='TargetUserName'>Administrator</Data><Data Name='TargetDomainName'>MSI</Data><Data Name='TargetSid'>S-1-5-21-3414511439-2402517761-651233876-500</Data><Data Name='SubjectUserSid'>S-1-5-18</Data><Data Name='SubjectUserName'>MSI$</Data><Data Name='SubjectDomainName'>WORKGROUP</Data><Data Name='SubjectLogonId'>0x3e7</Data><Data Name='CallerProcessId'>0x3488</Data><Data Name='CallerProcessName'>C:\\Windows\\System32\\svchost.exe</Data></EventData></Event>"
        }
      },
      {
        "_index" : "ed_eventsecurity",
        "_type" : "_doc",
        "_id" : "R_rEdosB12YpCLTnKV6C",
        "_score" : 1.0,
        "_source" : {
          "eventrecordid" : 553693,
          "providername" : "Microsoft-Windows-Security-Auditing",
          "providerguid" : "{54849625-5478-4994-A5BA-3E3B0328C30D}",
          "eventid" : 0,
          "version" : 0,
          "level" : "AUDIT",
          "keywords" : "Audit Success",
          "task" : 13824,
          "opcode" : 0,
          "createdsystemtime" : 1696401004,
          "correlationactivityid" : "{2F9B351B-E891-0002-AC35-9B2F91E8D901}",
          "correlationrelatedactivityid" : "0",
          "executionprocessid" : 1336,
          "executionthreadid" : 4580,
          "channel" : "Security",
          "computer" : "MSI",
          "securityuserid" : "0",
          "evtrenderdata" : "<Event xmlns='http://schemas.microsoft.com/win/2004/08/events/event'><System><Provider Name='Microsoft-Windows-Security-Auditing' Guid='{54849625-5478-4994-a5ba-3e3b0328c30d}'/><EventID>5379</EventID><Version>0</Version><Level>0</Level><Task>13824</Task><Opcode>0</Opcode><Keywords>0x8020000000000000</Keywords><TimeCreated SystemTime='2023-10-04T06:30:04.1564980Z'/><EventRecordID>553693</EventRecordID><Correlation ActivityID='{2f9b351b-e891-0002-ac35-9b2f91e8d901}'/><Execution ProcessID='1336' ThreadID='4580'/><Channel>Security</Channel><Computer>MSI</Computer><Security/></System><EventData><Data Name='SubjectUserSid'>S-1-5-21-3414511439-2402517761-651233876-1001</Data><Data Name='SubjectUserName'>jim10</Data><Data Name='SubjectDomainName'>MSI</Data><Data Name='SubjectLogonId'>0x390d7</Data><Data Name='TargetName'>MicrosoftAccount:user=jim1010336@gmail.com</Data><Data Name='Type'>1</Data><Data Name='CountOfCredentialsReturned'>1</Data><Data Name='ReadOperation'>%%8099</Data><Data Name='ReturnCode'>0</Data><Data Name='ProcessCreationTime'>2023-10-04T06:26:47.9646079Z</Data><Data Name='ClientProcessId'>25096</Data></EventData></Event>",
          "uuid" : "c4625aa6-5832-44d0-b784-9373cace5535",
          "agent" : "22ccf7992baf4400948ffb964f3dd537",
          "agentIP" : "202.75.139.76",
          "agentName" : "DESKTOP",
          "item_main" : "5379",
          "date_main" : 1696401004,
          "type_main" : "usb",
          "etc_main" : "<Event xmlns='http://schemas.microsoft.com/win/2004/08/events/event'><System><Provider Name='Microsoft-Windows-Security-Auditing' Guid='{54849625-5478-4994-a5ba-3e3b0328c30d}'/><EventID>5379</EventID><Version>0</Version><Level>0</Level><Task>13824</Task><Opcode>0</Opcode><Keywords>0x8020000000000000</Keywords><TimeCreated SystemTime='2023-10-04T06:30:04.1564980Z'/><EventRecordID>553693</EventRecordID><Correlation ActivityID='{2f9b351b-e891-0002-ac35-9b2f91e8d901}'/><Execution ProcessID='1336' ThreadID='4580'/><Channel>Security</Channel><Computer>MSI</Computer><Security/></System><EventData><Data Name='SubjectUserSid'>S-1-5-21-3414511439-2402517761-651233876-1001</Data><Data Name='SubjectUserName'>jim10</Data><Data Name='SubjectDomainName'>MSI</Data><Data Name='SubjectLogonId'>0x390d7</Data><Data Name='TargetName'>MicrosoftAccount:user=jim1010336@gmail.com</Data><Data Name='Type'>1</Data><Data Name='CountOfCredentialsReturned'>1</Data><Data Name='ReadOperation'>%%8099</Data><Data Name='ReturnCode'>0</Data><Data Name='ProcessCreationTime'>2023-10-04T06:26:47.9646079Z</Data><Data Name='ClientProcessId'>25096</Data></EventData></Event>"
        }
      },
      {
        "_index" : "ed_eventsecurity",
        "_type" : "_doc",
        "_id" : "0frEdosB12YpCLTnKXaG",
        "_score" : 1.0,
        "_source" : {
          "eventrecordid" : 553728,
          "providername" : "Microsoft-Windows-Security-Auditing",
          "providerguid" : "{54849625-5478-4994-A5BA-3E3B0328C30D}",
          "eventid" : 0,
          "version" : 0,
          "level" : "AUDIT",
          "keywords" : "Audit Success",
          "task" : 13824,
          "opcode" : 0,
          "createdsystemtime" : 1696401004,
          "correlationactivityid" : "{2F9B351B-E891-0002-AC35-9B2F91E8D901}",
          "correlationrelatedactivityid" : "0",
          "executionprocessid" : 1336,
          "executionthreadid" : 4580,
          "channel" : "Security",
          "computer" : "MSI",
          "securityuserid" : "0",
          "evtrenderdata" : "<Event xmlns='http://schemas.microsoft.com/win/2004/08/events/event'><System><Provider Name='Microsoft-Windows-Security-Auditing' Guid='{54849625-5478-4994-a5ba-3e3b0328c30d}'/><EventID>5379</EventID><Version>0</Version><Level>0</Level><Task>13824</Task><Opcode>0</Opcode><Keywords>0x8020000000000000</Keywords><TimeCreated SystemTime='2023-10-04T06:30:04.2196108Z'/><EventRecordID>553728</EventRecordID><Correlation ActivityID='{2f9b351b-e891-0002-ac35-9b2f91e8d901}'/><Execution ProcessID='1336' ThreadID='4580'/><Channel>Security</Channel><Computer>MSI</Computer><Security/></System><EventData><Data Name='SubjectUserSid'>S-1-5-21-3414511439-2402517761-651233876-1001</Data><Data Name='SubjectUserName'>jim10</Data><Data Name='SubjectDomainName'>MSI</Data><Data Name='SubjectLogonId'>0x390d7</Data><Data Name='TargetName'>MicrosoftAccount:user=jim1010336@gmail.com</Data><Data Name='Type'>0</Data><Data Name='CountOfCredentialsReturned'>1</Data><Data Name='ReadOperation'>%%8100</Data><Data Name='ReturnCode'>0</Data><Data Name='ProcessCreationTime'>2023-10-04T06:26:47.9646079Z</Data><Data Name='ClientProcessId'>25096</Data></EventData></Event>",
          "uuid" : "5e65a86b-8420-4625-9e43-f83a7586356c",
          "agent" : "22ccf7992baf4400948ffb964f3dd537",
          "agentIP" : "202.75.139.76",
          "agentName" : "DESKTOP",
          "item_main" : "5379",
          "date_main" : 1696401004,
          "type_main" : "usb",
          "etc_main" : "<Event xmlns='http://schemas.microsoft.com/win/2004/08/events/event'><System><Provider Name='Microsoft-Windows-Security-Auditing' Guid='{54849625-5478-4994-a5ba-3e3b0328c30d}'/><EventID>5379</EventID><Version>0</Version><Level>0</Level><Task>13824</Task><Opcode>0</Opcode><Keywords>0x8020000000000000</Keywords><TimeCreated SystemTime='2023-10-04T06:30:04.2196108Z'/><EventRecordID>553728</EventRecordID><Correlation ActivityID='{2f9b351b-e891-0002-ac35-9b2f91e8d901}'/><Execution ProcessID='1336' ThreadID='4580'/><Channel>Security</Channel><Computer>MSI</Computer><Security/></System><EventData><Data Name='SubjectUserSid'>S-1-5-21-3414511439-2402517761-651233876-1001</Data><Data Name='SubjectUserName'>jim10</Data><Data Name='SubjectDomainName'>MSI</Data><Data Name='SubjectLogonId'>0x390d7</Data><Data Name='TargetName'>MicrosoftAccount:user=jim1010336@gmail.com</Data><Data Name='Type'>0</Data><Data Name='CountOfCredentialsReturned'>1</Data><Data Name='ReadOperation'>%%8100</Data><Data Name='ReturnCode'>0</Data><Data Name='ProcessCreationTime'>2023-10-04T06:26:47.9646079Z</Data><Data Name='ClientProcessId'>25096</Data></EventData></Event>"
        }
      },
      {
        "_index" : "ed_eventsecurity",
        "_type" : "_doc",
        "_id" : "q_rEdosB12YpCLTnKX-H",
        "_score" : 1.0,
        "_source" : {
          "eventrecordid" : 554183,
          "providername" : "Microsoft-Windows-Security-Auditing",
          "providerguid" : "{54849625-5478-4994-A5BA-3E3B0328C30D}",
          "eventid" : 0,
          "version" : 0,
          "level" : "AUDIT",
          "keywords" : "Audit Success",
          "task" : 13824,
          "opcode" : 0,
          "createdsystemtime" : 1696414062,
          "correlationactivityid" : "{2F9B351B-E891-0002-AC35-9B2F91E8D901}",
          "correlationrelatedactivityid" : "0",
          "executionprocessid" : 1336,
          "executionthreadid" : 22560,
          "channel" : "Security",
          "computer" : "MSI",
          "securityuserid" : "0",
          "evtrenderdata" : "<Event xmlns='http://schemas.microsoft.com/win/2004/08/events/event'><System><Provider Name='Microsoft-Windows-Security-Auditing' Guid='{54849625-5478-4994-a5ba-3e3b0328c30d}'/><EventID>5379</EventID><Version>0</Version><Level>0</Level><Task>13824</Task><Opcode>0</Opcode><Keywords>0x8020000000000000</Keywords><TimeCreated SystemTime='2023-10-04T10:07:42.6321204Z'/><EventRecordID>554183</EventRecordID><Correlation ActivityID='{2f9b351b-e891-0002-ac35-9b2f91e8d901}'/><Execution ProcessID='1336' ThreadID='22560'/><Channel>Security</Channel><Computer>MSI</Computer><Security/></System><EventData><Data Name='SubjectUserSid'>S-1-5-21-3414511439-2402517761-651233876-1001</Data><Data Name='SubjectUserName'>jim10</Data><Data Name='SubjectDomainName'>MSI</Data><Data Name='SubjectLogonId'>0x390d7</Data><Data Name='TargetName'>MicrosoftAccount:user=jim1010336@gmail.com</Data><Data Name='Type'>0</Data><Data Name='CountOfCredentialsReturned'>1</Data><Data Name='ReadOperation'>%%8100</Data><Data Name='ReturnCode'>0</Data><Data Name='ProcessCreationTime'>2023-10-04T10:07:42.0457891Z</Data><Data Name='ClientProcessId'>5320</Data></EventData></Event>",
          "uuid" : "cc1db315-4f76-4625-86a8-fc249295e367",
          "agent" : "22ccf7992baf4400948ffb964f3dd537",
          "agentIP" : "202.75.139.76",
          "agentName" : "DESKTOP",
          "item_main" : "5379",
          "date_main" : 1696414062,
          "type_main" : "usb",
          "etc_main" : "<Event xmlns='http://schemas.microsoft.com/win/2004/08/events/event'><System><Provider Name='Microsoft-Windows-Security-Auditing' Guid='{54849625-5478-4994-a5ba-3e3b0328c30d}'/><EventID>5379</EventID><Version>0</Version><Level>0</Level><Task>13824</Task><Opcode>0</Opcode><Keywords>0x8020000000000000</Keywords><TimeCreated SystemTime='2023-10-04T10:07:42.6321204Z'/><EventRecordID>554183</EventRecordID><Correlation ActivityID='{2f9b351b-e891-0002-ac35-9b2f91e8d901}'/><Execution ProcessID='1336' ThreadID='22560'/><Channel>Security</Channel><Computer>MSI</Computer><Security/></System><EventData><Data Name='SubjectUserSid'>S-1-5-21-3414511439-2402517761-651233876-1001</Data><Data Name='SubjectUserName'>jim10</Data><Data Name='SubjectDomainName'>MSI</Data><Data Name='SubjectLogonId'>0x390d7</Data><Data Name='TargetName'>MicrosoftAccount:user=jim1010336@gmail.com</Data><Data Name='Type'>0</Data><Data Name='CountOfCredentialsReturned'>1</Data><Data Name='ReadOperation'>%%8100</Data><Data Name='ReturnCode'>0</Data><Data Name='ProcessCreationTime'>2023-10-04T10:07:42.0457891Z</Data><Data Name='ClientProcessId'>5320</Data></EventData></Event>"
        }
      },
      {
        "_index" : "ed_eventsecurity",
        "_type" : "_doc",
        "_id" : "H_rEdosB12YpCLTnKYOH",
        "_score" : 1.0,
        "_source" : {
          "eventrecordid" : 554625,
          "providername" : "Microsoft-Windows-Security-Auditing",
          "providerguid" : "{54849625-5478-4994-A5BA-3E3B0328C30D}",
          "eventid" : 0,
          "version" : 3,
          "level" : "AUDIT",
          "keywords" : "Audit Success",
          "task" : 12544,
          "opcode" : 0,
          "createdsystemtime" : 1696419693,
          "correlationactivityid" : "{2F9B351B-E891-0002-AC35-9B2F91E8D901}",
          "correlationrelatedactivityid" : "0",
          "executionprocessid" : 1336,
          "executionthreadid" : 21640,
          "channel" : "Security",
          "computer" : "MSI",
          "securityuserid" : "0",
          "evtrenderdata" : "<Event xmlns='http://schemas.microsoft.com/win/2004/08/events/event'><System><Provider Name='Microsoft-Windows-Security-Auditing' Guid='{54849625-5478-4994-a5ba-3e3b0328c30d}'/><EventID>4624</EventID><Version>3</Version><Level>0</Level><Task>12544</Task><Opcode>0</Opcode><Keywords>0x8020000000000000</Keywords><TimeCreated SystemTime='2023-10-04T11:41:33.5768350Z'/><EventRecordID>554625</EventRecordID><Correlation ActivityID='{2f9b351b-e891-0002-ac35-9b2f91e8d901}'/><Execution ProcessID='1336' ThreadID='21640'/><Channel>Security</Channel><Computer>MSI</Computer><Security/></System><EventData><Data Name='SubjectUserSid'>S-1-5-18</Data><Data Name='SubjectUserName'>MSI$</Data><Data Name='SubjectDomainName'>WORKGROUP</Data><Data Name='SubjectLogonId'>0x3e7</Data><Data Name='TargetUserSid'>S-1-5-18</Data><Data Name='TargetUserName'>SYSTEM</Data><Data Name='TargetDomainName'>NT AUTHORITY</Data><Data Name='TargetLogonId'>0x3e7</Data><Data Name='LogonType'>5</Data><Data Name='LogonProcessName'>Advapi  </Data><Data Name='AuthenticationPackageName'>Negotiate</Data><Data Name='WorkstationName'>-</Data><Data Name='LogonGuid'>{00000000-0000-0000-0000-000000000000}</Data><Data Name='TransmittedServices'>-</Data><Data Name='LmPackageName'>-</Data><Data Name='KeyLength'>0</Data><Data Name='ProcessId'>0x4fc</Data><Data Name='ProcessName'>C:\\Windows\\System32\\services.exe</Data><Data Name='IpAddress'>-</Data><Data Name='IpPort'>-</Data><Data Name='ImpersonationLevel'>%%1833</Data><Data Name='RestrictedAdminMode'>-</Data><Data Name='RemoteCredentialGuard'>-</Data><Data Name='TargetOutboundUserName'>-</Data><Data Name='TargetOutboundDomainName'>-</Data><Data Name='VirtualAccount'>%%1843</Data><Data Name='TargetLinkedLogonId'>0x0</Data><Data Name='ElevatedToken'>%%1842</Data></EventData></Event>",
          "uuid" : "6095dfe4-3a67-4999-b164-f7446f4e9eab",
          "agent" : "22ccf7992baf4400948ffb964f3dd537",
          "agentIP" : "202.75.139.76",
          "agentName" : "DESKTOP",
          "item_main" : "4624",
          "date_main" : 1696419693,
          "type_main" : "usb",
          "etc_main" : "<Event xmlns='http://schemas.microsoft.com/win/2004/08/events/event'><System><Provider Name='Microsoft-Windows-Security-Auditing' Guid='{54849625-5478-4994-a5ba-3e3b0328c30d}'/><EventID>4624</EventID><Version>3</Version><Level>0</Level><Task>12544</Task><Opcode>0</Opcode><Keywords>0x8020000000000000</Keywords><TimeCreated SystemTime='2023-10-04T11:41:33.5768350Z'/><EventRecordID>554625</EventRecordID><Correlation ActivityID='{2f9b351b-e891-0002-ac35-9b2f91e8d901}'/><Execution ProcessID='1336' ThreadID='21640'/><Channel>Security</Channel><Computer>MSI</Computer><Security/></System><EventData><Data Name='SubjectUserSid'>S-1-5-18</Data><Data Name='SubjectUserName'>MSI$</Data><Data Name='SubjectDomainName'>WORKGROUP</Data><Data Name='SubjectLogonId'>0x3e7</Data><Data Name='TargetUserSid'>S-1-5-18</Data><Data Name='TargetUserName'>SYSTEM</Data><Data Name='TargetDomainName'>NT AUTHORITY</Data><Data Name='TargetLogonId'>0x3e7</Data><Data Name='LogonType'>5</Data><Data Name='LogonProcessName'>Advapi  </Data><Data Name='AuthenticationPackageName'>Negotiate</Data><Data Name='WorkstationName'>-</Data><Data Name='LogonGuid'>{00000000-0000-0000-0000-000000000000}</Data><Data Name='TransmittedServices'>-</Data><Data Name='LmPackageName'>-</Data><Data Name='KeyLength'>0</Data><Data Name='ProcessId'>0x4fc</Data><Data Name='ProcessName'>C:\\Windows\\System32\\services.exe</Data><Data Name='IpAddress'>-</Data><Data Name='IpPort'>-</Data><Data Name='ImpersonationLevel'>%%1833</Data><Data Name='RestrictedAdminMode'>-</Data><Data Name='RemoteCredentialGuard'>-</Data><Data Name='TargetOutboundUserName'>-</Data><Data Name='TargetOutboundDomainName'>-</Data><Data Name='VirtualAccount'>%%1843</Data><Data Name='TargetLinkedLogonId'>0x0</Data><Data Name='ElevatedToken'>%%1842</Data></EventData></Event>"
        }
      },
      {
        "_index" : "ed_eventsecurity",
        "_type" : "_doc",
        "_id" : "__rEdosB12YpCLTnKYOH",
        "_score" : 1.0,
        "_source" : {
          "eventrecordid" : 554737,
          "providername" : "Microsoft-Windows-Security-Auditing",
          "providerguid" : "{54849625-5478-4994-A5BA-3E3B0328C30D}",
          "eventid" : 0,
          "version" : 0,
          "level" : "AUDIT",
          "keywords" : "Audit Success",
          "task" : 13824,
          "opcode" : 0,
          "createdsystemtime" : 1696420639,
          "correlationactivityid" : "{2F9B351B-E891-0002-AC35-9B2F91E8D901}",
          "correlationrelatedactivityid" : "0",
          "executionprocessid" : 1336,
          "executionthreadid" : 4580,
          "channel" : "Security",
          "computer" : "MSI",
          "securityuserid" : "0",
          "evtrenderdata" : "<Event xmlns='http://schemas.microsoft.com/win/2004/08/events/event'><System><Provider Name='Microsoft-Windows-Security-Auditing' Guid='{54849625-5478-4994-a5ba-3e3b0328c30d}'/><EventID>5379</EventID><Version>0</Version><Level>0</Level><Task>13824</Task><Opcode>0</Opcode><Keywords>0x8020000000000000</Keywords><TimeCreated SystemTime='2023-10-04T11:57:19.7946258Z'/><EventRecordID>554737</EventRecordID><Correlation ActivityID='{2f9b351b-e891-0002-ac35-9b2f91e8d901}'/><Execution ProcessID='1336' ThreadID='4580'/><Channel>Security</Channel><Computer>MSI</Computer><Security/></System><EventData><Data Name='SubjectUserSid'>S-1-5-21-3414511439-2402517761-651233876-1001</Data><Data Name='SubjectUserName'>jim10</Data><Data Name='SubjectDomainName'>MSI</Data><Data Name='SubjectLogonId'>0x390d7</Data><Data Name='TargetName'>WindowsLive:(token):name=02iyjtlirajbhiqx;serviceuri=*</Data><Data Name='Type'>0</Data><Data Name='CountOfCredentialsReturned'>0</Data><Data Name='ReadOperation'>%%8100</Data><Data Name='ReturnCode'>3221226021</Data><Data Name='ProcessCreationTime'>2023-10-04T11:57:19.7485647Z</Data><Data Name='ClientProcessId'>1796</Data></EventData></Event>",
          "uuid" : "577e2af8-4b40-4a78-a5fb-36ae291c7d48",
          "agent" : "22ccf7992baf4400948ffb964f3dd537",
          "agentIP" : "202.75.139.76",
          "agentName" : "DESKTOP",
          "item_main" : "5379",
          "date_main" : 1696420639,
          "type_main" : "usb",
          "etc_main" : "<Event xmlns='http://schemas.microsoft.com/win/2004/08/events/event'><System><Provider Name='Microsoft-Windows-Security-Auditing' Guid='{54849625-5478-4994-a5ba-3e3b0328c30d}'/><EventID>5379</EventID><Version>0</Version><Level>0</Level><Task>13824</Task><Opcode>0</Opcode><Keywords>0x8020000000000000</Keywords><TimeCreated SystemTime='2023-10-04T11:57:19.7946258Z'/><EventRecordID>554737</EventRecordID><Correlation ActivityID='{2f9b351b-e891-0002-ac35-9b2f91e8d901}'/><Execution ProcessID='1336' ThreadID='4580'/><Channel>Security</Channel><Computer>MSI</Computer><Security/></System><EventData><Data Name='SubjectUserSid'>S-1-5-21-3414511439-2402517761-651233876-1001</Data><Data Name='SubjectUserName'>jim10</Data><Data Name='SubjectDomainName'>MSI</Data><Data Name='SubjectLogonId'>0x390d7</Data><Data Name='TargetName'>WindowsLive:(token):name=02iyjtlirajbhiqx;serviceuri=*</Data><Data Name='Type'>0</Data><Data Name='CountOfCredentialsReturned'>0</Data><Data Name='ReadOperation'>%%8100</Data><Data Name='ReturnCode'>3221226021</Data><Data Name='ProcessCreationTime'>2023-10-04T11:57:19.7485647Z</Data><Data Name='ClientProcessId'>1796</Data></EventData></Event>"
        }
      },
      {
        "_index" : "ed_eventsecurity",
        "_type" : "_doc",
        "_id" : "x_rEdosB12YpCLTnKYWI",
        "_score" : 1.0,
        "_source" : {
          "eventrecordid" : 554965,
          "providername" : "Microsoft-Windows-Security-Auditing",
          "providerguid" : "{54849625-5478-4994-A5BA-3E3B0328C30D}",
          "eventid" : 0,
          "version" : 0,
          "level" : "AUDIT",
          "keywords" : "Audit Success",
          "task" : 13824,
          "opcode" : 0,
          "createdsystemtime" : 1696429655,
          "correlationactivityid" : "{2F9B351B-E891-0002-AC35-9B2F91E8D901}",
          "correlationrelatedactivityid" : "0",
          "executionprocessid" : 1336,
          "executionthreadid" : 4580,
          "channel" : "Security",
          "computer" : "MSI",
          "securityuserid" : "0",
          "evtrenderdata" : "<Event xmlns='http://schemas.microsoft.com/win/2004/08/events/event'><System><Provider Name='Microsoft-Windows-Security-Auditing' Guid='{54849625-5478-4994-a5ba-3e3b0328c30d}'/><EventID>4798</EventID><Version>0</Version><Level>0</Level><Task>13824</Task><Opcode>0</Opcode><Keywords>0x8020000000000000</Keywords><TimeCreated SystemTime='2023-10-04T14:27:35.0146252Z'/><EventRecordID>554965</EventRecordID><Correlation ActivityID='{2f9b351b-e891-0002-ac35-9b2f91e8d901}'/><Execution ProcessID='1336' ThreadID='4580'/><Channel>Security</Channel><Computer>MSI</Computer><Security/></System><EventData><Data Name='TargetUserName'>DefaultAccount</Data><Data Name='TargetDomainName'>MSI</Data><Data Name='TargetSid'>S-1-5-21-3414511439-2402517761-651233876-503</Data><Data Name='SubjectUserSid'>S-1-5-18</Data><Data Name='SubjectUserName'>MSI$</Data><Data Name='SubjectDomainName'>WORKGROUP</Data><Data Name='SubjectLogonId'>0x3e7</Data><Data Name='CallerProcessId'>0x3488</Data><Data Name='CallerProcessName'>C:\\Windows\\System32\\svchost.exe</Data></EventData></Event>",
          "uuid" : "03ee9945-ef40-477e-8e83-86396674048d",
          "agent" : "22ccf7992baf4400948ffb964f3dd537",
          "agentIP" : "202.75.139.76",
          "agentName" : "DESKTOP",
          "item_main" : "4798",
          "date_main" : 1696429655,
          "type_main" : "usb",
          "etc_main" : "<Event xmlns='http://schemas.microsoft.com/win/2004/08/events/event'><System><Provider Name='Microsoft-Windows-Security-Auditing' Guid='{54849625-5478-4994-a5ba-3e3b0328c30d}'/><EventID>4798</EventID><Version>0</Version><Level>0</Level><Task>13824</Task><Opcode>0</Opcode><Keywords>0x8020000000000000</Keywords><TimeCreated SystemTime='2023-10-04T14:27:35.0146252Z'/><EventRecordID>554965</EventRecordID><Correlation ActivityID='{2f9b351b-e891-0002-ac35-9b2f91e8d901}'/><Execution ProcessID='1336' ThreadID='4580'/><Channel>Security</Channel><Computer>MSI</Computer><Security/></System><EventData><Data Name='TargetUserName'>DefaultAccount</Data><Data Name='TargetDomainName'>MSI</Data><Data Name='TargetSid'>S-1-5-21-3414511439-2402517761-651233876-503</Data><Data Name='SubjectUserSid'>S-1-5-18</Data><Data Name='SubjectUserName'>MSI$</Data><Data Name='SubjectDomainName'>WORKGROUP</Data><Data Name='SubjectLogonId'>0x3e7</Data><Data Name='CallerProcessId'>0x3488</Data><Data Name='CallerProcessName'>C:\\Windows\\System32\\svchost.exe</Data></EventData></Event>"
        }
      },
      {
        "_index" : "ed_eventsecurity",
        "_type" : "_doc",
        "_id" : "nfrEdosB12YpCLTnKYeI",
        "_score" : 1.0,
        "_source" : {
          "eventrecordid" : 555200,
          "providername" : "Microsoft-Windows-Security-Auditing",
          "providerguid" : "{54849625-5478-4994-A5BA-3E3B0328C30D}",
          "eventid" : 0,
          "version" : 0,
          "level" : "AUDIT",
          "keywords" : "Audit Success",
          "task" : 13824,
          "opcode" : 0,
          "createdsystemtime" : 1696438670,
          "correlationactivityid" : "{2F9B351B-E891-0002-AC35-9B2F91E8D901}",
          "correlationrelatedactivityid" : "0",
          "executionprocessid" : 1336,
          "executionthreadid" : 4580,
          "channel" : "Security",
          "computer" : "MSI",
          "securityuserid" : "0",
          "evtrenderdata" : "<Event xmlns='http://schemas.microsoft.com/win/2004/08/events/event'><System><Provider Name='Microsoft-Windows-Security-Auditing' Guid='{54849625-5478-4994-a5ba-3e3b0328c30d}'/><EventID>5379</EventID><Version>0</Version><Level>0</Level><Task>13824</Task><Opcode>0</Opcode><Keywords>0x8020000000000000</Keywords><TimeCreated SystemTime='2023-10-04T16:57:50.7667098Z'/><EventRecordID>555200</EventRecordID><Correlation ActivityID='{2f9b351b-e891-0002-ac35-9b2f91e8d901}'/><Execution ProcessID='1336' ThreadID='4580'/><Channel>Security</Channel><Computer>MSI</Computer><Security/></System><EventData><Data Name='SubjectUserSid'>S-1-5-18</Data><Data Name='SubjectUserName'>MSI$</Data><Data Name='SubjectDomainName'>WORKGROUP</Data><Data Name='SubjectLogonId'>0x3e7</Data><Data Name='TargetName'>WindowsLive:(cert):name=02beairehiclxtep;serviceuri=*</Data><Data Name='Type'>0</Data><Data Name='CountOfCredentialsReturned'>0</Data><Data Name='ReadOperation'>%%8100</Data><Data Name='ReturnCode'>3221226021</Data><Data Name='ProcessCreationTime'>2023-10-04T16:57:50.7202345Z</Data><Data Name='ClientProcessId'>25604</Data></EventData></Event>",
          "uuid" : "0e37c95d-4589-4625-a0f8-fb616ae8b5e3",
          "agent" : "22ccf7992baf4400948ffb964f3dd537",
          "agentIP" : "202.75.139.76",
          "agentName" : "DESKTOP",
          "item_main" : "5379",
          "date_main" : 1696438670,
          "type_main" : "usb",
          "etc_main" : "<Event xmlns='http://schemas.microsoft.com/win/2004/08/events/event'><System><Provider Name='Microsoft-Windows-Security-Auditing' Guid='{54849625-5478-4994-a5ba-3e3b0328c30d}'/><EventID>5379</EventID><Version>0</Version><Level>0</Level><Task>13824</Task><Opcode>0</Opcode><Keywords>0x8020000000000000</Keywords><TimeCreated SystemTime='2023-10-04T16:57:50.7667098Z'/><EventRecordID>555200</EventRecordID><Correlation ActivityID='{2f9b351b-e891-0002-ac35-9b2f91e8d901}'/><Execution ProcessID='1336' ThreadID='4580'/><Channel>Security</Channel><Computer>MSI</Computer><Security/></System><EventData><Data Name='SubjectUserSid'>S-1-5-18</Data><Data Name='SubjectUserName'>MSI$</Data><Data Name='SubjectDomainName'>WORKGROUP</Data><Data Name='SubjectLogonId'>0x3e7</Data><Data Name='TargetName'>WindowsLive:(cert):name=02beairehiclxtep;serviceuri=*</Data><Data Name='Type'>0</Data><Data Name='CountOfCredentialsReturned'>0</Data><Data Name='ReadOperation'>%%8100</Data><Data Name='ReturnCode'>3221226021</Data><Data Name='ProcessCreationTime'>2023-10-04T16:57:50.7202345Z</Data><Data Name='ClientProcessId'>25604</Data></EventData></Event>"
        }
      },
      {
        "_index" : "ed_eventsecurity",
        "_type" : "_doc",
        "_id" : "I_rDdosB12YpCLTn_he4",
        "_score" : 1.0,
        "_source" : {
          "eventrecordid" : 552687,
          "providername" : "Microsoft-Windows-Security-Auditing",
          "providerguid" : "{54849625-5478-4994-A5BA-3E3B0328C30D}",
          "eventid" : 0,
          "version" : 0,
          "level" : "AUDIT",
          "keywords" : "Audit Success",
          "task" : 13824,
          "opcode" : 0,
          "createdsystemtime" : 1696366553,
          "correlationactivityid" : "{2F9B351B-E891-0002-AC35-9B2F91E8D901}",
          "correlationrelatedactivityid" : "0",
          "executionprocessid" : 1336,
          "executionthreadid" : 18784,
          "channel" : "Security",
          "computer" : "MSI",
          "securityuserid" : "0",
          "evtrenderdata" : "<Event xmlns='http://schemas.microsoft.com/win/2004/08/events/event'><System><Provider Name='Microsoft-Windows-Security-Auditing' Guid='{54849625-5478-4994-a5ba-3e3b0328c30d}'/><EventID>5379</EventID><Version>0</Version><Level>0</Level><Task>13824</Task><Opcode>0</Opcode><Keywords>0x8020000000000000</Keywords><TimeCreated SystemTime='2023-10-03T20:55:53.2462520Z'/><EventRecordID>552687</EventRecordID><Correlation ActivityID='{2f9b351b-e891-0002-ac35-9b2f91e8d901}'/><Execution ProcessID='1336' ThreadID='18784'/><Channel>Security</Channel><Computer>MSI</Computer><Security/></System><EventData><Data Name='SubjectUserSid'>S-1-5-21-3414511439-2402517761-651233876-1001</Data><Data Name='SubjectUserName'>jim10</Data><Data Name='SubjectDomainName'>MSI</Data><Data Name='SubjectLogonId'>0x390d7</Data><Data Name='TargetName'>WindowsLive:(token):name=jim1010336@gmail.com;serviceuri=*</Data><Data Name='Type'>0</Data><Data Name='CountOfCredentialsReturned'>0</Data><Data Name='ReadOperation'>%%8100</Data><Data Name='ReturnCode'>3221226021</Data><Data Name='ProcessCreationTime'>2023-10-03T20:55:53.1956258Z</Data><Data Name='ClientProcessId'>23712</Data></EventData></Event>",
          "uuid" : "017af520-814e-4ea8-befb-4e036ed0c413",
          "agent" : "22ccf7992baf4400948ffb964f3dd537",
          "agentIP" : "202.75.139.76",
          "agentName" : "DESKTOP",
          "item_main" : "5379",
          "date_main" : 1696366553,
          "type_main" : "usb",
          "etc_main" : "<Event xmlns='http://schemas.microsoft.com/win/2004/08/events/event'><System><Provider Name='Microsoft-Windows-Security-Auditing' Guid='{54849625-5478-4994-a5ba-3e3b0328c30d}'/><EventID>5379</EventID><Version>0</Version><Level>0</Level><Task>13824</Task><Opcode>0</Opcode><Keywords>0x8020000000000000</Keywords><TimeCreated SystemTime='2023-10-03T20:55:53.2462520Z'/><EventRecordID>552687</EventRecordID><Correlation ActivityID='{2f9b351b-e891-0002-ac35-9b2f91e8d901}'/><Execution ProcessID='1336' ThreadID='18784'/><Channel>Security</Channel><Computer>MSI</Computer><Security/></System><EventData><Data Name='SubjectUserSid'>S-1-5-21-3414511439-2402517761-651233876-1001</Data><Data Name='SubjectUserName'>jim10</Data><Data Name='SubjectDomainName'>MSI</Data><Data Name='SubjectLogonId'>0x390d7</Data><Data Name='TargetName'>WindowsLive:(token):name=jim1010336@gmail.com;serviceuri=*</Data><Data Name='Type'>0</Data><Data Name='CountOfCredentialsReturned'>0</Data><Data Name='ReadOperation'>%%8100</Data><Data Name='ReturnCode'>3221226021</Data><Data Name='ProcessCreationTime'>2023-10-03T20:55:53.1956258Z</Data><Data Name='ClientProcessId'>23712</Data></EventData></Event>"
        }
      },
      {
        "_index" : "ed_eventsecurity",
        "_type" : "_doc",
        "_id" : "zCAqcIsB12YpCLTncz48",
        "_score" : 1.0,
        "_source" : {
          "eventrecordid" : 574625,
          "providername" : "Microsoft-Windows-Security-Auditing",
          "providerguid" : "{54849625-5478-4994-A5BA-3E3B0328C30D}",
          "eventid" : 0,
          "version" : 0,
          "level" : "AUDIT",
          "keywords" : "Audit Success",
          "task" : 13568,
          "opcode" : 0,
          "createdsystemtime" : 1696983925,
          "correlationactivityid" : "0",
          "correlationrelatedactivityid" : "0",
          "executionprocessid" : 4,
          "executionthreadid" : 4648,
          "channel" : "Security",
          "computer" : "MSI",
          "securityuserid" : "0",
          "evtrenderdata" : "<Event xmlns='http://schemas.microsoft.com/win/2004/08/events/event'><System><Provider Name='Microsoft-Windows-Security-Auditing' Guid='{54849625-5478-4994-a5ba-3e3b0328c30d}'/><EventID>4907</EventID><Version>0</Version><Level>0</Level><Task>13568</Task><Opcode>0</Opcode><Keywords>0x8020000000000000</Keywords><TimeCreated SystemTime='2023-10-11T00:25:25.6464870Z'/><EventRecordID>574625</EventRecordID><Correlation/><Execution ProcessID='4' ThreadID='4648'/><Channel>Security</Channel><Computer>MSI</Computer><Security/></System><EventData><Data Name='SubjectUserSid'>S-1-5-18</Data><Data Name='SubjectUserName'>MSI$</Data><Data Name='SubjectDomainName'>WORKGROUP</Data><Data Name='SubjectLogonId'>0x3e7</Data><Data Name='ObjectServer'>Security</Data><Data Name='ObjectType'>File</Data><Data Name='ObjectName'>C:\\$WinREAgent\\Scratch\\Mount\\Windows\\WinSxS\\amd64_microsoft-windows-store-licensemanager_31bf3856ad364e35_10.0.22621.1_none_97a0ec5eb4f52793\\LicenseManager.dll</Data><Data Name='HandleId'>0xa58</Data><Data Name='OldSd'></Data><Data Name='NewSd'>S:ARAI(AU;SAFA;DCLCRPCRSDWDWO;;;WD)</Data><Data Name='ProcessId'>0x5414</Data><Data Name='ProcessName'>C:\\Windows\\UUS\\Packages\\Preview\\amd64\\wuaucltcore.exe</Data></EventData></Event>",
