          "uuid" : "c58e853a-9e45-4a66-814d-17c35c0ece73",
          "agent" : "3e716e2d61ba910983cb456817116799",
          "agentIP" : "192.168.200.128",
          "agentName" : "MSI",
          "item_main" : "5379",
          "date_main" : 1698297354,
          "type_main" : "usb",
          "etc_main" : "<Event xmlns='http://schemas.microsoft.com/win/2004/08/events/event'><System><Provider Name='Microsoft-Windows-Security-Auditing' Guid='{54849625-5478-4994-a5ba-3e3b0328c30d}'/><EventID>5379</EventID><Version>0</Version><Level>0</Level><Task>13824</Task><Opcode>0</Opcode><Keywords>0x8020000000000000</Keywords><TimeCreated SystemTime='2023-10-26T05:15:54.0010242Z'/><EventRecordID>669255</EventRecordID><Correlation ActivityID='{ce29126c-fc40-000a-8312-29ce40fcd901}'/><Execution ProcessID='1256' ThreadID='185492'/><Channel>Security</Channel><Computer>MSI</Computer><Security/></System><EventData><Data Name='SubjectUserSid'>S-1-5-21-3414511439-2402517761-651233876-1001</Data><Data Name='SubjectUserName'>jim10</Data><Data Name='SubjectDomainName'>MSI</Data><Data Name='SubjectLogonId'>0x4d1e4</Data><Data Name='TargetName'>MicrosoftAccount:user=jim1010336@gmail.com</Data><Data Name='Type'>0</Data><Data Name='CountOfCredentialsReturned'>1</Data><Data Name='ReadOperation'>%%8100</Data><Data Name='ReturnCode'>0</Data><Data Name='ProcessCreationTime'>2023-10-26T05:15:53.9462576Z</Data><Data Name='ClientProcessId'>160628</Data></EventData></Event>"
        }
      },
      {
        "_index" : "ed_eventsecurity",
        "_type" : "_doc",
        "_id" : "Sj45cIsB12YpCLTnQE8r",
        "_score" : 1.0,
        "_source" : {
          "eventrecordid" : 669256,
          "providername" : "Microsoft-Windows-Security-Auditing",
          "providerguid" : "{54849625-5478-4994-A5BA-3E3B0328C30D}",
          "eventid" : 0,
          "version" : 0,
          "level" : "AUDIT",
          "keywords" : "Audit Success",
          "task" : 13824,
          "opcode" : 0,
          "createdsystemtime" : 1698297354,
          "correlationactivityid" : "{CE29126C-FC40-000A-8312-29CE40FCD901}",
          "correlationrelatedactivityid" : "0",
          "executionprocessid" : 1256,
          "executionthreadid" : 185492,
          "channel" : "Security",
          "computer" : "MSI",
          "securityuserid" : "0",
          "evtrenderdata" : "<Event xmlns='http://schemas.microsoft.com/win/2004/08/events/event'><System><Provider Name='Microsoft-Windows-Security-Auditing' Guid='{54849625-5478-4994-a5ba-3e3b0328c30d}'/><EventID>5379</EventID><Version>0</Version><Level>0</Level><Task>13824</Task><Opcode>0</Opcode><Keywords>0x8020000000000000</Keywords><TimeCreated SystemTime='2023-10-26T05:15:54.0020632Z'/><EventRecordID>669256</EventRecordID><Correlation ActivityID='{ce29126c-fc40-000a-8312-29ce40fcd901}'/><Execution ProcessID='1256' ThreadID='185492'/><Channel>Security</Channel><Computer>MSI</Computer><Security/></System><EventData><Data Name='SubjectUserSid'>S-1-5-21-3414511439-2402517761-651233876-1001</Data><Data Name='SubjectUserName'>jim10</Data><Data Name='SubjectDomainName'>MSI</Data><Data Name='SubjectLogonId'>0x4d1e4</Data><Data Name='TargetName'>WindowsLive:(token):name=jim1010336@gmail.com;serviceuri=*</Data><Data Name='Type'>0</Data><Data Name='CountOfCredentialsReturned'>0</Data><Data Name='ReadOperation'>%%8100</Data><Data Name='ReturnCode'>3221226021</Data><Data Name='ProcessCreationTime'>2023-10-26T05:15:53.9462576Z</Data><Data Name='ClientProcessId'>160628</Data></EventData></Event>",
          "uuid" : "28dc0c73-f1f4-4b07-9c7b-4bbe7cda3953",
          "agent" : "3e716e2d61ba910983cb456817116799",
          "agentIP" : "192.168.200.128",
          "agentName" : "MSI",
          "item_main" : "5379",
          "date_main" : 1698297354,
          "type_main" : "usb",
          "etc_main" : "<Event xmlns='http://schemas.microsoft.com/win/2004/08/events/event'><System><Provider Name='Microsoft-Windows-Security-Auditing' Guid='{54849625-5478-4994-a5ba-3e3b0328c30d}'/><EventID>5379</EventID><Version>0</Version><Level>0</Level><Task>13824</Task><Opcode>0</Opcode><Keywords>0x8020000000000000</Keywords><TimeCreated SystemTime='2023-10-26T05:15:54.0020632Z'/><EventRecordID>669256</EventRecordID><Correlation ActivityID='{ce29126c-fc40-000a-8312-29ce40fcd901}'/><Execution ProcessID='1256' ThreadID='185492'/><Channel>Security</Channel><Computer>MSI</Computer><Security/></System><EventData><Data Name='SubjectUserSid'>S-1-5-21-3414511439-2402517761-651233876-1001</Data><Data Name='SubjectUserName'>jim10</Data><Data Name='SubjectDomainName'>MSI</Data><Data Name='SubjectLogonId'>0x4d1e4</Data><Data Name='TargetName'>WindowsLive:(token):name=jim1010336@gmail.com;serviceuri=*</Data><Data Name='Type'>0</Data><Data Name='CountOfCredentialsReturned'>0</Data><Data Name='ReadOperation'>%%8100</Data><Data Name='ReturnCode'>3221226021</Data><Data Name='ProcessCreationTime'>2023-10-26T05:15:53.9462576Z</Data><Data Name='ClientProcessId'>160628</Data></EventData></Event>"
        }
      },
      {
        "_index" : "ed_eventsecurity",
        "_type" : "_doc",
        "_id" : "TD45cIsB12YpCLTnQE8r",
        "_score" : 1.0,
        "_source" : {
          "eventrecordid" : 669257,
          "providername" : "Microsoft-Windows-Security-Auditing",
          "providerguid" : "{54849625-5478-4994-A5BA-3E3B0328C30D}",
          "eventid" : 0,
          "version" : 0,
          "level" : "AUDIT",
          "keywords" : "Audit Success",
          "task" : 13824,
          "opcode" : 0,
          "createdsystemtime" : 1698297354,
          "correlationactivityid" : "{CE29126C-FC40-000A-8312-29CE40FCD901}",
          "correlationrelatedactivityid" : "0",
          "executionprocessid" : 1256,
          "executionthreadid" : 185492,
          "channel" : "Security",
          "computer" : "MSI",
          "securityuserid" : "0",
          "evtrenderdata" : "<Event xmlns='http://schemas.microsoft.com/win/2004/08/events/event'><System><Provider Name='Microsoft-Windows-Security-Auditing' Guid='{54849625-5478-4994-a5ba-3e3b0328c30d}'/><EventID>5379</EventID><Version>0</Version><Level>0</Level><Task>13824</Task><Opcode>0</Opcode><Keywords>0x8020000000000000</Keywords><TimeCreated SystemTime='2023-10-26T05:15:54.0021097Z'/><EventRecordID>669257</EventRecordID><Correlation ActivityID='{ce29126c-fc40-000a-8312-29ce40fcd901}'/><Execution ProcessID='1256' ThreadID='185492'/><Channel>Security</Channel><Computer>MSI</Computer><Security/></System><EventData><Data Name='SubjectUserSid'>S-1-5-21-3414511439-2402517761-651233876-1001</Data><Data Name='SubjectUserName'>jim10</Data><Data Name='SubjectDomainName'>MSI</Data><Data Name='SubjectLogonId'>0x4d1e4</Data><Data Name='TargetName'>WindowsLive:(cert):name=jim1010336@gmail.com;serviceuri=*</Data><Data Name='Type'>0</Data><Data Name='CountOfCredentialsReturned'>0</Data><Data Name='ReadOperation'>%%8100</Data><Data Name='ReturnCode'>3221226021</Data><Data Name='ProcessCreationTime'>2023-10-26T05:15:53.9462576Z</Data><Data Name='ClientProcessId'>160628</Data></EventData></Event>",
          "uuid" : "006902a3-fc1f-401f-ae21-8c64772af7b7",
          "agent" : "3e716e2d61ba910983cb456817116799",
          "agentIP" : "192.168.200.128",
          "agentName" : "MSI",
          "item_main" : "5379",
          "date_main" : 1698297354,
          "type_main" : "usb",
          "etc_main" : "<Event xmlns='http://schemas.microsoft.com/win/2004/08/events/event'><System><Provider Name='Microsoft-Windows-Security-Auditing' Guid='{54849625-5478-4994-a5ba-3e3b0328c30d}'/><EventID>5379</EventID><Version>0</Version><Level>0</Level><Task>13824</Task><Opcode>0</Opcode><Keywords>0x8020000000000000</Keywords><TimeCreated SystemTime='2023-10-26T05:15:54.0021097Z'/><EventRecordID>669257</EventRecordID><Correlation ActivityID='{ce29126c-fc40-000a-8312-29ce40fcd901}'/><Execution ProcessID='1256' ThreadID='185492'/><Channel>Security</Channel><Computer>MSI</Computer><Security/></System><EventData><Data Name='SubjectUserSid'>S-1-5-21-3414511439-2402517761-651233876-1001</Data><Data Name='SubjectUserName'>jim10</Data><Data Name='SubjectDomainName'>MSI</Data><Data Name='SubjectLogonId'>0x4d1e4</Data><Data Name='TargetName'>WindowsLive:(cert):name=jim1010336@gmail.com;serviceuri=*</Data><Data Name='Type'>0</Data><Data Name='CountOfCredentialsReturned'>0</Data><Data Name='ReadOperation'>%%8100</Data><Data Name='ReturnCode'>3221226021</Data><Data Name='ProcessCreationTime'>2023-10-26T05:15:53.9462576Z</Data><Data Name='ClientProcessId'>160628</Data></EventData></Event>"
        }
      },
      {
        "_index" : "ed_eventsecurity",
        "_type" : "_doc",
        "_id" : "Tj45cIsB12YpCLTnQE8r",
        "_score" : 1.0,
        "_source" : {
          "eventrecordid" : 669258,
          "providername" : "Microsoft-Windows-Security-Auditing",
          "providerguid" : "{54849625-5478-4994-A5BA-3E3B0328C30D}",
          "eventid" : 0,
          "version" : 0,
          "level" : "AUDIT",
          "keywords" : "Audit Success",
          "task" : 13824,
          "opcode" : 0,
          "createdsystemtime" : 1698297354,
          "correlationactivityid" : "{CE29126C-FC40-000A-8312-29CE40FCD901}",
          "correlationrelatedactivityid" : "0",
          "executionprocessid" : 1256,
          "executionthreadid" : 185492,
          "channel" : "Security",
          "computer" : "MSI",
          "securityuserid" : "0",
          "evtrenderdata" : "<Event xmlns='http://schemas.microsoft.com/win/2004/08/events/event'><System><Provider Name='Microsoft-Windows-Security-Auditing' Guid='{54849625-5478-4994-a5ba-3e3b0328c30d}'/><EventID>5379</EventID><Version>0</Version><Level>0</Level><Task>13824</Task><Opcode>0</Opcode><Keywords>0x8020000000000000</Keywords><TimeCreated SystemTime='2023-10-26T05:15:54.0027626Z'/><EventRecordID>669258</EventRecordID><Correlation ActivityID='{ce29126c-fc40-000a-8312-29ce40fcd901}'/><Execution ProcessID='1256' ThreadID='185492'/><Channel>Security</Channel><Computer>MSI</Computer><Security/></System><EventData><Data Name='SubjectUserSid'>S-1-5-18</Data><Data Name='SubjectUserName'>MSI$</Data><Data Name='SubjectDomainName'>WORKGROUP</Data><Data Name='SubjectLogonId'>0x3e7</Data><Data Name='TargetName'>WindowsLive:(token):name=02beairehiclxtep;serviceuri=*</Data><Data Name='Type'>0</Data><Data Name='CountOfCredentialsReturned'>0</Data><Data Name='ReadOperation'>%%8100</Data><Data Name='ReturnCode'>3221226021</Data><Data Name='ProcessCreationTime'>2023-10-26T05:15:53.9462576Z</Data><Data Name='ClientProcessId'>160628</Data></EventData></Event>",
          "uuid" : "989ff3f4-2dce-4a0c-a842-92178e660e0b",
          "agent" : "3e716e2d61ba910983cb456817116799",
          "agentIP" : "192.168.200.128",
          "agentName" : "MSI",
          "item_main" : "5379",
          "date_main" : 1698297354,
          "type_main" : "usb",
          "etc_main" : "<Event xmlns='http://schemas.microsoft.com/win/2004/08/events/event'><System><Provider Name='Microsoft-Windows-Security-Auditing' Guid='{54849625-5478-4994-a5ba-3e3b0328c30d}'/><EventID>5379</EventID><Version>0</Version><Level>0</Level><Task>13824</Task><Opcode>0</Opcode><Keywords>0x8020000000000000</Keywords><TimeCreated SystemTime='2023-10-26T05:15:54.0027626Z'/><EventRecordID>669258</EventRecordID><Correlation ActivityID='{ce29126c-fc40-000a-8312-29ce40fcd901}'/><Execution ProcessID='1256' ThreadID='185492'/><Channel>Security</Channel><Computer>MSI</Computer><Security/></System><EventData><Data Name='SubjectUserSid'>S-1-5-18</Data><Data Name='SubjectUserName'>MSI$</Data><Data Name='SubjectDomainName'>WORKGROUP</Data><Data Name='SubjectLogonId'>0x3e7</Data><Data Name='TargetName'>WindowsLive:(token):name=02beairehiclxtep;serviceuri=*</Data><Data Name='Type'>0</Data><Data Name='CountOfCredentialsReturned'>0</Data><Data Name='ReadOperation'>%%8100</Data><Data Name='ReturnCode'>3221226021</Data><Data Name='ProcessCreationTime'>2023-10-26T05:15:53.9462576Z</Data><Data Name='ClientProcessId'>160628</Data></EventData></Event>"
        }
      },
      {
        "_index" : "ed_eventsecurity",
        "_type" : "_doc",
        "_id" : "UD45cIsB12YpCLTnQE8r",
        "_score" : 1.0,
        "_source" : {
          "eventrecordid" : 669259,
          "providername" : "Microsoft-Windows-Security-Auditing",
          "providerguid" : "{54849625-5478-4994-A5BA-3E3B0328C30D}",
          "eventid" : 0,
          "version" : 0,
          "level" : "AUDIT",
          "keywords" : "Audit Success",
          "task" : 13824,
          "opcode" : 0,
          "createdsystemtime" : 1698297354,
          "correlationactivityid" : "{CE29126C-FC40-000A-8312-29CE40FCD901}",
          "correlationrelatedactivityid" : "0",
          "executionprocessid" : 1256,
          "executionthreadid" : 185492,
          "channel" : "Security",
          "computer" : "MSI",
          "securityuserid" : "0",
          "evtrenderdata" : "<Event xmlns='http://schemas.microsoft.com/win/2004/08/events/event'><System><Provider Name='Microsoft-Windows-Security-Auditing' Guid='{54849625-5478-4994-a5ba-3e3b0328c30d}'/><EventID>5379</EventID><Version>0</Version><Level>0</Level><Task>13824</Task><Opcode>0</Opcode><Keywords>0x8020000000000000</Keywords><TimeCreated SystemTime='2023-10-26T05:15:54.0030082Z'/><EventRecordID>669259</EventRecordID><Correlation ActivityID='{ce29126c-fc40-000a-8312-29ce40fcd901}'/><Execution ProcessID='1256' ThreadID='185492'/><Channel>Security</Channel><Computer>MSI</Computer><Security/></System><EventData><Data Name='SubjectUserSid'>S-1-5-18</Data><Data Name='SubjectUserName'>MSI$</Data><Data Name='SubjectDomainName'>WORKGROUP</Data><Data Name='SubjectLogonId'>0x3e7</Data><Data Name='TargetName'>WindowsLive:(cert):name=02beairehiclxtep;serviceuri=*</Data><Data Name='Type'>0</Data><Data Name='CountOfCredentialsReturned'>0</Data><Data Name='ReadOperation'>%%8100</Data><Data Name='ReturnCode'>3221226021</Data><Data Name='ProcessCreationTime'>2023-10-26T05:15:53.9462576Z</Data><Data Name='ClientProcessId'>160628</Data></EventData></Event>",
          "uuid" : "3846218f-380e-4f31-89ed-763fed3b461e",
          "agent" : "3e716e2d61ba910983cb456817116799",
          "agentIP" : "192.168.200.128",
          "agentName" : "MSI",
          "item_main" : "5379",
          "date_main" : 1698297354,
          "type_main" : "usb",
          "etc_main" : "<Event xmlns='http://schemas.microsoft.com/win/2004/08/events/event'><System><Provider Name='Microsoft-Windows-Security-Auditing' Guid='{54849625-5478-4994-a5ba-3e3b0328c30d}'/><EventID>5379</EventID><Version>0</Version><Level>0</Level><Task>13824</Task><Opcode>0</Opcode><Keywords>0x8020000000000000</Keywords><TimeCreated SystemTime='2023-10-26T05:15:54.0030082Z'/><EventRecordID>669259</EventRecordID><Correlation ActivityID='{ce29126c-fc40-000a-8312-29ce40fcd901}'/><Execution ProcessID='1256' ThreadID='185492'/><Channel>Security</Channel><Computer>MSI</Computer><Security/></System><EventData><Data Name='SubjectUserSid'>S-1-5-18</Data><Data Name='SubjectUserName'>MSI$</Data><Data Name='SubjectDomainName'>WORKGROUP</Data><Data Name='SubjectLogonId'>0x3e7</Data><Data Name='TargetName'>WindowsLive:(cert):name=02beairehiclxtep;serviceuri=*</Data><Data Name='Type'>0</Data><Data Name='CountOfCredentialsReturned'>0</Data><Data Name='ReadOperation'>%%8100</Data><Data Name='ReturnCode'>3221226021</Data><Data Name='ProcessCreationTime'>2023-10-26T05:15:53.9462576Z</Data><Data Name='ClientProcessId'>160628</Data></EventData></Event>"
        }
      },
      {
        "_index" : "ed_eventsecurity",
        "_type" : "_doc",
        "_id" : "Uj45cIsB12YpCLTnQE8r",
        "_score" : 1.0,
        "_source" : {
          "eventrecordid" : 669260,
          "providername" : "Microsoft-Windows-Security-Auditing",
          "providerguid" : "{54849625-5478-4994-A5BA-3E3B0328C30D}",
          "eventid" : 0,
          "version" : 0,
          "level" : "AUDIT",
          "keywords" : "Audit Success",
          "task" : 13824,
          "opcode" : 0,
          "createdsystemtime" : 1698297354,
          "correlationactivityid" : "{CE29126C-FC40-000A-8312-29CE40FCD901}",
          "correlationrelatedactivityid" : "0",
          "executionprocessid" : 1256,
          "executionthreadid" : 185492,
          "channel" : "Security",
          "computer" : "MSI",
          "securityuserid" : "0",
          "evtrenderdata" : "<Event xmlns='http://schemas.microsoft.com/win/2004/08/events/event'><System><Provider Name='Microsoft-Windows-Security-Auditing' Guid='{54849625-5478-4994-a5ba-3e3b0328c30d}'/><EventID>5379</EventID><Version>0</Version><Level>0</Level><Task>13824</Task><Opcode>0</Opcode><Keywords>0x8020000000000000</Keywords><TimeCreated SystemTime='2023-10-26T05:15:54.0030556Z'/><EventRecordID>669260</EventRecordID><Correlation ActivityID='{ce29126c-fc40-000a-8312-29ce40fcd901}'/><Execution ProcessID='1256' ThreadID='185492'/><Channel>Security</Channel><Computer>MSI</Computer><Security/></System><EventData><Data Name='SubjectUserSid'>S-1-5-18</Data><Data Name='SubjectUserName'>MSI$</Data><Data Name='SubjectDomainName'>WORKGROUP</Data><Data Name='SubjectLogonId'>0x3e7</Data><Data Name='TargetName'>WindowsLive:target=virtualapp/didlogical</Data><Data Name='Type'>0</Data><Data Name='CountOfCredentialsReturned'>1</Data><Data Name='ReadOperation'>%%8100</Data><Data Name='ReturnCode'>0</Data><Data Name='ProcessCreationTime'>2023-10-26T05:15:53.9462576Z</Data><Data Name='ClientProcessId'>160628</Data></EventData></Event>",
          "uuid" : "5bd56372-eeed-4684-bea6-9275f9c85044",
          "agent" : "3e716e2d61ba910983cb456817116799",
          "agentIP" : "192.168.200.128",
          "agentName" : "MSI",
          "item_main" : "5379",
          "date_main" : 1698297354,
          "type_main" : "usb",
          "etc_main" : "<Event xmlns='http://schemas.microsoft.com/win/2004/08/events/event'><System><Provider Name='Microsoft-Windows-Security-Auditing' Guid='{54849625-5478-4994-a5ba-3e3b0328c30d}'/><EventID>5379</EventID><Version>0</Version><Level>0</Level><Task>13824</Task><Opcode>0</Opcode><Keywords>0x8020000000000000</Keywords><TimeCreated SystemTime='2023-10-26T05:15:54.0030556Z'/><EventRecordID>669260</EventRecordID><Correlation ActivityID='{ce29126c-fc40-000a-8312-29ce40fcd901}'/><Execution ProcessID='1256' ThreadID='185492'/><Channel>Security</Channel><Computer>MSI</Computer><Security/></System><EventData><Data Name='SubjectUserSid'>S-1-5-18</Data><Data Name='SubjectUserName'>MSI$</Data><Data Name='SubjectDomainName'>WORKGROUP</Data><Data Name='SubjectLogonId'>0x3e7</Data><Data Name='TargetName'>WindowsLive:target=virtualapp/didlogical</Data><Data Name='Type'>0</Data><Data Name='CountOfCredentialsReturned'>1</Data><Data Name='ReadOperation'>%%8100</Data><Data Name='ReturnCode'>0</Data><Data Name='ProcessCreationTime'>2023-10-26T05:15:53.9462576Z</Data><Data Name='ClientProcessId'>160628</Data></EventData></Event>"
        }
      },
      {
        "_index" : "ed_eventsecurity",
        "_type" : "_doc",
        "_id" : "VD45cIsB12YpCLTnQE8r",
        "_score" : 1.0,
        "_source" : {
          "eventrecordid" : 669261,
          "providername" : "Microsoft-Windows-Security-Auditing",
          "providerguid" : "{54849625-5478-4994-A5BA-3E3B0328C30D}",
          "eventid" : 0,
          "version" : 0,
          "level" : "AUDIT",
          "keywords" : "Audit Success",
          "task" : 13824,
          "opcode" : 0,
          "createdsystemtime" : 1698297354,
          "correlationactivityid" : "{CE29126C-FC40-000A-8312-29CE40FCD901}",
          "correlationrelatedactivityid" : "0",
          "executionprocessid" : 1256,
          "executionthreadid" : 185492,
          "channel" : "Security",
          "computer" : "MSI",
          "securityuserid" : "0",
          "evtrenderdata" : "<Event xmlns='http://schemas.microsoft.com/win/2004/08/events/event'><System><Provider Name='Microsoft-Windows-Security-Auditing' Guid='{54849625-5478-4994-a5ba-3e3b0328c30d}'/><EventID>5379</EventID><Version>0</Version><Level>0</Level><Task>13824</Task><Opcode>0</Opcode><Keywords>0x8020000000000000</Keywords><TimeCreated SystemTime='2023-10-26T05:15:54.0052567Z'/><EventRecordID>669261</EventRecordID><Correlation ActivityID='{ce29126c-fc40-000a-8312-29ce40fcd901}'/><Execution ProcessID='1256' ThreadID='185492'/><Channel>Security</Channel><Computer>MSI</Computer><Security/></System><EventData><Data Name='SubjectUserSid'>S-1-5-21-3414511439-2402517761-651233876-1001</Data><Data Name='SubjectUserName'>jim10</Data><Data Name='SubjectDomainName'>MSI</Data><Data Name='SubjectLogonId'>0x4d1e4</Data><Data Name='TargetName'>MicrosoftAccount:user=jim1010336@gmail.com</Data><Data Name='Type'>0</Data><Data Name='CountOfCredentialsReturned'>1</Data><Data Name='ReadOperation'>%%8100</Data><Data Name='ReturnCode'>0</Data><Data Name='ProcessCreationTime'>2023-10-26T05:15:53.9462576Z</Data><Data Name='ClientProcessId'>160628</Data></EventData></Event>",
          "uuid" : "6121fd8d-a2d2-415b-8c08-c5e085f01603",
          "agent" : "3e716e2d61ba910983cb456817116799",
          "agentIP" : "192.168.200.128",
          "agentName" : "MSI",
          "item_main" : "5379",
          "date_main" : 1698297354,
          "type_main" : "usb",
          "etc_main" : "<Event xmlns='http://schemas.microsoft.com/win/2004/08/events/event'><System><Provider Name='Microsoft-Windows-Security-Auditing' Guid='{54849625-5478-4994-a5ba-3e3b0328c30d}'/><EventID>5379</EventID><Version>0</Version><Level>0</Level><Task>13824</Task><Opcode>0</Opcode><Keywords>0x8020000000000000</Keywords><TimeCreated SystemTime='2023-10-26T05:15:54.0052567Z'/><EventRecordID>669261</EventRecordID><Correlation ActivityID='{ce29126c-fc40-000a-8312-29ce40fcd901}'/><Execution ProcessID='1256' ThreadID='185492'/><Channel>Security</Channel><Computer>MSI</Computer><Security/></System><EventData><Data Name='SubjectUserSid'>S-1-5-21-3414511439-2402517761-651233876-1001</Data><Data Name='SubjectUserName'>jim10</Data><Data Name='SubjectDomainName'>MSI</Data><Data Name='SubjectLogonId'>0x4d1e4</Data><Data Name='TargetName'>MicrosoftAccount:user=jim1010336@gmail.com</Data><Data Name='Type'>0</Data><Data Name='CountOfCredentialsReturned'>1</Data><Data Name='ReadOperation'>%%8100</Data><Data Name='ReturnCode'>0</Data><Data Name='ProcessCreationTime'>2023-10-26T05:15:53.9462576Z</Data><Data Name='ClientProcessId'>160628</Data></EventData></Event>"
        }
      },
      {
        "_index" : "ed_eventsecurity",
        "_type" : "_doc",
        "_id" : "Vj45cIsB12YpCLTnQE8r",
        "_score" : 1.0,
        "_source" : {
          "eventrecordid" : 669262,
          "providername" : "Microsoft-Windows-Security-Auditing",
          "providerguid" : "{54849625-5478-4994-A5BA-3E3B0328C30D}",
          "eventid" : 0,
          "version" : 0,
          "level" : "AUDIT",
          "keywords" : "Audit Success",
          "task" : 13824,
          "opcode" : 0,
          "createdsystemtime" : 1698297354,
          "correlationactivityid" : "{CE29126C-FC40-000A-8312-29CE40FCD901}",
          "correlationrelatedactivityid" : "0",
          "executionprocessid" : 1256,
          "executionthreadid" : 185492,
          "channel" : "Security",
          "computer" : "MSI",
          "securityuserid" : "0",
          "evtrenderdata" : "<Event xmlns='http://schemas.microsoft.com/win/2004/08/events/event'><System><Provider Name='Microsoft-Windows-Security-Auditing' Guid='{54849625-5478-4994-a5ba-3e3b0328c30d}'/><EventID>5379</EventID><Version>0</Version><Level>0</Level><Task>13824</Task><Opcode>0</Opcode><Keywords>0x8020000000000000</Keywords><TimeCreated SystemTime='2023-10-26T05:15:54.0188214Z'/><EventRecordID>669262</EventRecordID><Correlation ActivityID='{ce29126c-fc40-000a-8312-29ce40fcd901}'/><Execution ProcessID='1256' ThreadID='185492'/><Channel>Security</Channel><Computer>MSI</Computer><Security/></System><EventData><Data Name='SubjectUserSid'>S-1-5-21-3414511439-2402517761-651233876-1001</Data><Data Name='SubjectUserName'>jim10</Data><Data Name='SubjectDomainName'>MSI</Data><Data Name='SubjectLogonId'>0x4d1e4</Data><Data Name='TargetName'>WindowsLive:(token):name=02iyjtlirajbhiqx;serviceuri=*</Data><Data Name='Type'>0</Data><Data Name='CountOfCredentialsReturned'>0</Data><Data Name='ReadOperation'>%%8100</Data><Data Name='ReturnCode'>3221226021</Data><Data Name='ProcessCreationTime'>2023-10-26T05:15:53.9462576Z</Data><Data Name='ClientProcessId'>160628</Data></EventData></Event>",
          "uuid" : "dac18b56-7d2a-4493-9a7e-cd5d2a108ff6",
          "agent" : "3e716e2d61ba910983cb456817116799",
          "agentIP" : "192.168.200.128",
          "agentName" : "MSI",
          "item_main" : "5379",
          "date_main" : 1698297354,
          "type_main" : "usb",
          "etc_main" : "<Event xmlns='http://schemas.microsoft.com/win/2004/08/events/event'><System><Provider Name='Microsoft-Windows-Security-Auditing' Guid='{54849625-5478-4994-a5ba-3e3b0328c30d}'/><EventID>5379</EventID><Version>0</Version><Level>0</Level><Task>13824</Task><Opcode>0</Opcode><Keywords>0x8020000000000000</Keywords><TimeCreated SystemTime='2023-10-26T05:15:54.0188214Z'/><EventRecordID>669262</EventRecordID><Correlation ActivityID='{ce29126c-fc40-000a-8312-29ce40fcd901}'/><Execution ProcessID='1256' ThreadID='185492'/><Channel>Security</Channel><Computer>MSI</Computer><Security/></System><EventData><Data Name='SubjectUserSid'>S-1-5-21-3414511439-2402517761-651233876-1001</Data><Data Name='SubjectUserName'>jim10</Data><Data Name='SubjectDomainName'>MSI</Data><Data Name='SubjectLogonId'>0x4d1e4</Data><Data Name='TargetName'>WindowsLive:(token):name=02iyjtlirajbhiqx;serviceuri=*</Data><Data Name='Type'>0</Data><Data Name='CountOfCredentialsReturned'>0</Data><Data Name='ReadOperation'>%%8100</Data><Data Name='ReturnCode'>3221226021</Data><Data Name='ProcessCreationTime'>2023-10-26T05:15:53.9462576Z</Data><Data Name='ClientProcessId'>160628</Data></EventData></Event>"
        }
      },
      {
        "_index" : "ed_eventsecurity",
        "_type" : "_doc",
        "_id" : "WD45cIsB12YpCLTnQE8r",
        "_score" : 1.0,
        "_source" : {
          "eventrecordid" : 669263,
          "providername" : "Microsoft-Windows-Security-Auditing",
          "providerguid" : "{54849625-5478-4994-A5BA-3E3B0328C30D}",
          "eventid" : 0,
          "version" : 0,
          "level" : "AUDIT",
          "keywords" : "Audit Success",
          "task" : 13824,
          "opcode" : 0,
          "createdsystemtime" : 1698297354,
          "correlationactivityid" : "{CE29126C-FC40-000A-8312-29CE40FCD901}",
          "correlationrelatedactivityid" : "0",
          "executionprocessid" : 1256,
          "executionthreadid" : 185492,
          "channel" : "Security",
          "computer" : "MSI",
          "securityuserid" : "0",
          "evtrenderdata" : "<Event xmlns='http://schemas.microsoft.com/win/2004/08/events/event'><System><Provider Name='Microsoft-Windows-Security-Auditing' Guid='{54849625-5478-4994-a5ba-3e3b0328c30d}'/><EventID>5379</EventID><Version>0</Version><Level>0</Level><Task>13824</Task><Opcode>0</Opcode><Keywords>0x8020000000000000</Keywords><TimeCreated SystemTime='2023-10-26T05:15:54.0189526Z'/><EventRecordID>669263</EventRecordID><Correlation ActivityID='{ce29126c-fc40-000a-8312-29ce40fcd901}'/><Execution ProcessID='1256' ThreadID='185492'/><Channel>Security</Channel><Computer>MSI</Computer><Security/></System><EventData><Data Name='SubjectUserSid'>S-1-5-21-3414511439-2402517761-651233876-1001</Data><Data Name='SubjectUserName'>jim10</Data><Data Name='SubjectDomainName'>MSI</Data><Data Name='SubjectLogonId'>0x4d1e4</Data><Data Name='TargetName'>WindowsLive:(cert):name=02iyjtlirajbhiqx;serviceuri=*</Data><Data Name='Type'>0</Data><Data Name='CountOfCredentialsReturned'>0</Data><Data Name='ReadOperation'>%%8100</Data><Data Name='ReturnCode'>3221226021</Data><Data Name='ProcessCreationTime'>2023-10-26T05:15:53.9462576Z</Data><Data Name='ClientProcessId'>160628</Data></EventData></Event>",
          "uuid" : "ea2e9ebd-397b-4405-ae26-b73cc772ac1a",
          "agent" : "3e716e2d61ba910983cb456817116799",
          "agentIP" : "192.168.200.128",
          "agentName" : "MSI",
          "item_main" : "5379",
          "date_main" : 1698297354,
          "type_main" : "usb",
          "etc_main" : "<Event xmlns='http://schemas.microsoft.com/win/2004/08/events/event'><System><Provider Name='Microsoft-Windows-Security-Auditing' Guid='{54849625-5478-4994-a5ba-3e3b0328c30d}'/><EventID>5379</EventID><Version>0</Version><Level>0</Level><Task>13824</Task><Opcode>0</Opcode><Keywords>0x8020000000000000</Keywords><TimeCreated SystemTime='2023-10-26T05:15:54.0189526Z'/><EventRecordID>669263</EventRecordID><Correlation ActivityID='{ce29126c-fc40-000a-8312-29ce40fcd901}'/><Execution ProcessID='1256' ThreadID='185492'/><Channel>Security</Channel><Computer>MSI</Computer><Security/></System><EventData><Data Name='SubjectUserSid'>S-1-5-21-3414511439-2402517761-651233876-1001</Data><Data Name='SubjectUserName'>jim10</Data><Data Name='SubjectDomainName'>MSI</Data><Data Name='SubjectLogonId'>0x4d1e4</Data><Data Name='TargetName'>WindowsLive:(cert):name=02iyjtlirajbhiqx;serviceuri=*</Data><Data Name='Type'>0</Data><Data Name='CountOfCredentialsReturned'>0</Data><Data Name='ReadOperation'>%%8100</Data><Data Name='ReturnCode'>3221226021</Data><Data Name='ProcessCreationTime'>2023-10-26T05:15:53.9462576Z</Data><Data Name='ClientProcessId'>160628</Data></EventData></Event>"
        }
      },
      {
        "_index" : "ed_eventsecurity",
        "_type" : "_doc",
        "_id" : "Wj45cIsB12YpCLTnQE8r",
        "_score" : 1.0,
        "_source" : {
          "eventrecordid" : 669264,
          "providername" : "Microsoft-Windows-Security-Auditing",
          "providerguid" : "{54849625-5478-4994-A5BA-3E3B0328C30D}",
          "eventid" : 0,
          "version" : 0,
          "level" : "AUDIT",
          "keywords" : "Audit Success",
          "task" : 13824,
          "opcode" : 0,
          "createdsystemtime" : 1698297354,
          "correlationactivityid" : "{CE29126C-FC40-000A-8312-29CE40FCD901}",
          "correlationrelatedactivityid" : "0",
          "executionprocessid" : 1256,
          "executionthreadid" : 185492,
          "channel" : "Security",
          "computer" : "MSI",
          "securityuserid" : "0",
          "evtrenderdata" : "<Event xmlns='http://schemas.microsoft.com/win/2004/08/events/event'><System><Provider Name='Microsoft-Windows-Security-Auditing' Guid='{54849625-5478-4994-a5ba-3e3b0328c30d}'/><EventID>5379</EventID><Version>0</Version><Level>0</Level><Task>13824</Task><Opcode>0</Opcode><Keywords>0x8020000000000000</Keywords><TimeCreated SystemTime='2023-10-26T05:15:54.0190052Z'/><EventRecordID>669264</EventRecordID><Correlation ActivityID='{ce29126c-fc40-000a-8312-29ce40fcd901}'/><Execution ProcessID='1256' ThreadID='185492'/><Channel>Security</Channel><Computer>MSI</Computer><Security/></System><EventData><Data Name='SubjectUserSid'>S-1-5-21-3414511439-2402517761-651233876-1001</Data><Data Name='SubjectUserName'>jim10</Data><Data Name='SubjectDomainName'>MSI</Data><Data Name='SubjectLogonId'>0x4d1e4</Data><Data Name='TargetName'>WindowsLive:target=virtualapp/didlogical</Data><Data Name='Type'>0</Data><Data Name='CountOfCredentialsReturned'>1</Data><Data Name='ReadOperation'>%%8100</Data><Data Name='ReturnCode'>0</Data><Data Name='ProcessCreationTime'>2023-10-26T05:15:53.9462576Z</Data><Data Name='ClientProcessId'>160628</Data></EventData></Event>",
          "uuid" : "18b4c82f-dedc-4d2f-ae60-00726026df93",
          "agent" : "3e716e2d61ba910983cb456817116799",
          "agentIP" : "192.168.200.128",
          "agentName" : "MSI",
          "item_main" : "5379",
          "date_main" : 1698297354,
          "type_main" : "usb",
          "etc_main" : "<Event xmlns='http://schemas.microsoft.com/win/2004/08/events/event'><System><Provider Name='Microsoft-Windows-Security-Auditing' Guid='{54849625-5478-4994-a5ba-3e3b0328c30d}'/><EventID>5379</EventID><Version>0</Version><Level>0</Level><Task>13824</Task><Opcode>0</Opcode><Keywords>0x8020000000000000</Keywords><TimeCreated SystemTime='2023-10-26T05:15:54.0190052Z'/><EventRecordID>669264</EventRecordID><Correlation ActivityID='{ce29126c-fc40-000a-8312-29ce40fcd901}'/><Execution ProcessID='1256' ThreadID='185492'/><Channel>Security</Channel><Computer>MSI</Computer><Security/></System><EventData><Data Name='SubjectUserSid'>S-1-5-21-3414511439-2402517761-651233876-1001</Data><Data Name='SubjectUserName'>jim10</Data><Data Name='SubjectDomainName'>MSI</Data><Data Name='SubjectLogonId'>0x4d1e4</Data><Data Name='TargetName'>WindowsLive:target=virtualapp/didlogical</Data><Data Name='Type'>0</Data><Data Name='CountOfCredentialsReturned'>1</Data><Data Name='ReadOperation'>%%8100</Data><Data Name='ReturnCode'>0</Data><Data Name='ProcessCreationTime'>2023-10-26T05:15:53.9462576Z</Data><Data Name='ClientProcessId'>160628</Data></EventData></Event>"
        }
      },
      {
        "_index" : "ed_eventsecurity",
        "_type" : "_doc",
        "_id" : "XD45cIsB12YpCLTnQE8r",
        "_score" : 1.0,
        "_source" : {
          "eventrecordid" : 669265,
          "providername" : "Microsoft-Windows-Security-Auditing",
          "providerguid" : "{54849625-5478-4994-A5BA-3E3B0328C30D}",
          "eventid" : 0,
          "version" : 0,
          "level" : "AUDIT",
          "keywords" : "Audit Success",
          "task" : 13824,
          "opcode" : 0,
          "createdsystemtime" : 1698297354,
          "correlationactivityid" : "{CE29126C-FC40-000A-8312-29CE40FCD901}",
          "correlationrelatedactivityid" : "0",
          "executionprocessid" : 1256,
          "executionthreadid" : 185492,
          "channel" : "Security",
          "computer" : "MSI",
          "securityuserid" : "0",
          "evtrenderdata" : "<Event xmlns='http://schemas.microsoft.com/win/2004/08/events/event'><System><Provider Name='Microsoft-Windows-Security-Auditing' Guid='{54849625-5478-4994-a5ba-3e3b0328c30d}'/><EventID>5379</EventID><Version>0</Version><Level>0</Level><Task>13824</Task><Opcode>0</Opcode><Keywords>0x8020000000000000</Keywords><TimeCreated SystemTime='2023-10-26T05:15:54.0205352Z'/><EventRecordID>669265</EventRecordID><Correlation ActivityID='{ce29126c-fc40-000a-8312-29ce40fcd901}'/><Execution ProcessID='1256' ThreadID='185492'/><Channel>Security</Channel><Computer>MSI</Computer><Security/></System><EventData><Data Name='SubjectUserSid'>S-1-5-21-3414511439-2402517761-651233876-1001</Data><Data Name='SubjectUserName'>jim10</Data><Data Name='SubjectDomainName'>MSI</Data><Data Name='SubjectLogonId'>0x4d1e4</Data><Data Name='TargetName'>MicrosoftAccount:user=jim1010336@gmail.com</Data><Data Name='Type'>0</Data><Data Name='CountOfCredentialsReturned'>1</Data><Data Name='ReadOperation'>%%8100</Data><Data Name='ReturnCode'>0</Data><Data Name='ProcessCreationTime'>2023-10-26T05:15:53.9462576Z</Data><Data Name='ClientProcessId'>160628</Data></EventData></Event>",
          "uuid" : "d50b2844-d5ad-46f4-b262-6c9b33c2a42a",
          "agent" : "3e716e2d61ba910983cb456817116799",
          "agentIP" : "192.168.200.128",
          "agentName" : "MSI",
          "item_main" : "5379",
          "date_main" : 1698297354,
          "type_main" : "usb",
          "etc_main" : "<Event xmlns='http://schemas.microsoft.com/win/2004/08/events/event'><System><Provider Name='Microsoft-Windows-Security-Auditing' Guid='{54849625-5478-4994-a5ba-3e3b0328c30d}'/><EventID>5379</EventID><Version>0</Version><Level>0</Level><Task>13824</Task><Opcode>0</Opcode><Keywords>0x8020000000000000</Keywords><TimeCreated SystemTime='2023-10-26T05:15:54.0205352Z'/><EventRecordID>669265</EventRecordID><Correlation ActivityID='{ce29126c-fc40-000a-8312-29ce40fcd901}'/><Execution ProcessID='1256' ThreadID='185492'/><Channel>Security</Channel><Computer>MSI</Computer><Security/></System><EventData><Data Name='SubjectUserSid'>S-1-5-21-3414511439-2402517761-651233876-1001</Data><Data Name='SubjectUserName'>jim10</Data><Data Name='SubjectDomainName'>MSI</Data><Data Name='SubjectLogonId'>0x4d1e4</Data><Data Name='TargetName'>MicrosoftAccount:user=jim1010336@gmail.com</Data><Data Name='Type'>0</Data><Data Name='CountOfCredentialsReturned'>1</Data><Data Name='ReadOperation'>%%8100</Data><Data Name='ReturnCode'>0</Data><Data Name='ProcessCreationTime'>2023-10-26T05:15:53.9462576Z</Data><Data Name='ClientProcessId'>160628</Data></EventData></Event>"
        }
      },
      {
        "_index" : "ed_eventsecurity",
        "_type" : "_doc",
        "_id" : "Xj45cIsB12YpCLTnQE8r",
        "_score" : 1.0,
        "_source" : {
          "eventrecordid" : 669266,
          "providername" : "Microsoft-Windows-Security-Auditing",
          "providerguid" : "{54849625-5478-4994-A5BA-3E3B0328C30D}",
          "eventid" : 0,
          "version" : 0,
          "level" : "AUDIT",
          "keywords" : "Audit Success",
          "task" : 13824,
          "opcode" : 0,
          "createdsystemtime" : 1698297354,
          "correlationactivityid" : "{CE29126C-FC40-000A-8312-29CE40FCD901}",
          "correlationrelatedactivityid" : "0",
          "executionprocessid" : 1256,
          "executionthreadid" : 185492,
          "channel" : "Security",
          "computer" : "MSI",
          "securityuserid" : "0",
          "evtrenderdata" : "<Event xmlns='http://schemas.microsoft.com/win/2004/08/events/event'><System><Provider Name='Microsoft-Windows-Security-Auditing' Guid='{54849625-5478-4994-a5ba-3e3b0328c30d}'/><EventID>5379</EventID><Version>0</Version><Level>0</Level><Task>13824</Task><Opcode>0</Opcode><Keywords>0x8020000000000000</Keywords><TimeCreated SystemTime='2023-10-26T05:15:54.0212320Z'/><EventRecordID>669266</EventRecordID><Correlation ActivityID='{ce29126c-fc40-000a-8312-29ce40fcd901}'/><Execution ProcessID='1256' ThreadID='185492'/><Channel>Security</Channel><Computer>MSI</Computer><Security/></System><EventData><Data Name='SubjectUserSid'>S-1-5-21-3414511439-2402517761-651233876-1001</Data><Data Name='SubjectUserName'>jim10</Data><Data Name='SubjectDomainName'>MSI</Data><Data Name='SubjectLogonId'>0x4d1e4</Data><Data Name='TargetName'>WindowsLive:(token):name=jim1010336@gmail.com;serviceuri=*</Data><Data Name='Type'>0</Data><Data Name='CountOfCredentialsReturned'>0</Data><Data Name='ReadOperation'>%%8100</Data><Data Name='ReturnCode'>3221226021</Data><Data Name='ProcessCreationTime'>2023-10-26T05:15:53.9462576Z</Data><Data Name='ClientProcessId'>160628</Data></EventData></Event>",
          "uuid" : "5d6d9879-31b8-4e8c-9d2a-a2ca78753c9e",
          "agent" : "3e716e2d61ba910983cb456817116799",
          "agentIP" : "192.168.200.128",
          "agentName" : "MSI",
          "item_main" : "5379",
          "date_main" : 1698297354,
          "type_main" : "usb",
          "etc_main" : "<Event xmlns='http://schemas.microsoft.com/win/2004/08/events/event'><System><Provider Name='Microsoft-Windows-Security-Auditing' Guid='{54849625-5478-4994-a5ba-3e3b0328c30d}'/><EventID>5379</EventID><Version>0</Version><Level>0</Level><Task>13824</Task><Opcode>0</Opcode><Keywords>0x8020000000000000</Keywords><TimeCreated SystemTime='2023-10-26T05:15:54.0212320Z'/><EventRecordID>669266</EventRecordID><Correlation ActivityID='{ce29126c-fc40-000a-8312-29ce40fcd901}'/><Execution ProcessID='1256' ThreadID='185492'/><Channel>Security</Channel><Computer>MSI</Computer><Security/></System><EventData><Data Name='SubjectUserSid'>S-1-5-21-3414511439-2402517761-651233876-1001</Data><Data Name='SubjectUserName'>jim10</Data><Data Name='SubjectDomainName'>MSI</Data><Data Name='SubjectLogonId'>0x4d1e4</Data><Data Name='TargetName'>WindowsLive:(token):name=jim1010336@gmail.com;serviceuri=*</Data><Data Name='Type'>0</Data><Data Name='CountOfCredentialsReturned'>0</Data><Data Name='ReadOperation'>%%8100</Data><Data Name='ReturnCode'>3221226021</Data><Data Name='ProcessCreationTime'>2023-10-26T05:15:53.9462576Z</Data><Data Name='ClientProcessId'>160628</Data></EventData></Event>"
        }
      },
      {
        "_index" : "ed_eventsecurity",
        "_type" : "_doc",
        "_id" : "YD45cIsB12YpCLTnQE8r",
        "_score" : 1.0,
        "_source" : {
          "eventrecordid" : 669267,
          "providername" : "Microsoft-Windows-Security-Auditing",
          "providerguid" : "{54849625-5478-4994-A5BA-3E3B0328C30D}",
          "eventid" : 0,
          "version" : 0,
          "level" : "AUDIT",
          "keywords" : "Audit Success",
          "task" : 13824,
          "opcode" : 0,
          "createdsystemtime" : 1698297354,
          "correlationactivityid" : "{CE29126C-FC40-000A-8312-29CE40FCD901}",
          "correlationrelatedactivityid" : "0",
          "executionprocessid" : 1256,
          "executionthreadid" : 185492,
          "channel" : "Security",
          "computer" : "MSI",
          "securityuserid" : "0",
          "evtrenderdata" : "<Event xmlns='http://schemas.microsoft.com/win/2004/08/events/event'><System><Provider Name='Microsoft-Windows-Security-Auditing' Guid='{54849625-5478-4994-a5ba-3e3b0328c30d}'/><EventID>5379</EventID><Version>0</Version><Level>0</Level><Task>13824</Task><Opcode>0</Opcode><Keywords>0x8020000000000000</Keywords><TimeCreated SystemTime='2023-10-26T05:15:54.0212734Z'/><EventRecordID>669267</EventRecordID><Correlation ActivityID='{ce29126c-fc40-000a-8312-29ce40fcd901}'/><Execution ProcessID='1256' ThreadID='185492'/><Channel>Security</Channel><Computer>MSI</Computer><Security/></System><EventData><Data Name='SubjectUserSid'>S-1-5-21-3414511439-2402517761-651233876-1001</Data><Data Name='SubjectUserName'>jim10</Data><Data Name='SubjectDomainName'>MSI</Data><Data Name='SubjectLogonId'>0x4d1e4</Data><Data Name='TargetName'>WindowsLive:(cert):name=jim1010336@gmail.com;serviceuri=*</Data><Data Name='Type'>0</Data><Data Name='CountOfCredentialsReturned'>0</Data><Data Name='ReadOperation'>%%8100</Data><Data Name='ReturnCode'>3221226021</Data><Data Name='ProcessCreationTime'>2023-10-26T05:15:53.9462576Z</Data><Data Name='ClientProcessId'>160628</Data></EventData></Event>",
          "uuid" : "d11b76dd-e8db-489b-a3ee-bb39910d353f",
          "agent" : "3e716e2d61ba910983cb456817116799",
          "agentIP" : "192.168.200.128",
          "agentName" : "MSI",
          "item_main" : "5379",
          "date_main" : 1698297354,
          "type_main" : "usb",
          "etc_main" : "<Event xmlns='http://schemas.microsoft.com/win/2004/08/events/event'><System><Provider Name='Microsoft-Windows-Security-Auditing' Guid='{54849625-5478-4994-a5ba-3e3b0328c30d}'/><EventID>5379</EventID><Version>0</Version><Level>0</Level><Task>13824</Task><Opcode>0</Opcode><Keywords>0x8020000000000000</Keywords><TimeCreated SystemTime='2023-10-26T05:15:54.0212734Z'/><EventRecordID>669267</EventRecordID><Correlation ActivityID='{ce29126c-fc40-000a-8312-29ce40fcd901}'/><Execution ProcessID='1256' ThreadID='185492'/><Channel>Security</Channel><Computer>MSI</Computer><Security/></System><EventData><Data Name='SubjectUserSid'>S-1-5-21-3414511439-2402517761-651233876-1001</Data><Data Name='SubjectUserName'>jim10</Data><Data Name='SubjectDomainName'>MSI</Data><Data Name='SubjectLogonId'>0x4d1e4</Data><Data Name='TargetName'>WindowsLive:(cert):name=jim1010336@gmail.com;serviceuri=*</Data><Data Name='Type'>0</Data><Data Name='CountOfCredentialsReturned'>0</Data><Data Name='ReadOperation'>%%8100</Data><Data Name='ReturnCode'>3221226021</Data><Data Name='ProcessCreationTime'>2023-10-26T05:15:53.9462576Z</Data><Data Name='ClientProcessId'>160628</Data></EventData></Event>"
        }
      },
      {
        "_index" : "ed_eventsecurity",
        "_type" : "_doc",
        "_id" : "Yj45cIsB12YpCLTnQE8r",
        "_score" : 1.0,
        "_source" : {
          "eventrecordid" : 669268,
          "providername" : "Microsoft-Windows-Security-Auditing",
          "providerguid" : "{54849625-5478-4994-A5BA-3E3B0328C30D}",
          "eventid" : 0,
          "version" : 0,
          "level" : "AUDIT",
          "keywords" : "Audit Success",
          "task" : 13824,
          "opcode" : 0,
          "createdsystemtime" : 1698297354,
          "correlationactivityid" : "{CE29126C-FC40-000A-8312-29CE40FCD901}",
          "correlationrelatedactivityid" : "0",
          "executionprocessid" : 1256,
          "executionthreadid" : 185492,
          "channel" : "Security",
          "computer" : "MSI",
          "securityuserid" : "0",
          "evtrenderdata" : "<Event xmlns='http://schemas.microsoft.com/win/2004/08/events/event'><System><Provider Name='Microsoft-Windows-Security-Auditing' Guid='{54849625-5478-4994-a5ba-3e3b0328c30d}'/><EventID>5379</EventID><Version>0</Version><Level>0</Level><Task>13824</Task><Opcode>0</Opcode><Keywords>0x8020000000000000</Keywords><TimeCreated SystemTime='2023-10-26T05:15:54.0397149Z'/><EventRecordID>669268</EventRecordID><Correlation ActivityID='{ce29126c-fc40-000a-8312-29ce40fcd901}'/><Execution ProcessID='1256' ThreadID='185492'/><Channel>Security</Channel><Computer>MSI</Computer><Security/></System><EventData><Data Name='SubjectUserSid'>S-1-5-21-3414511439-2402517761-651233876-1001</Data><Data Name='SubjectUserName'>jim10</Data><Data Name='SubjectDomainName'>MSI</Data><Data Name='SubjectLogonId'>0x4d1e4</Data><Data Name='TargetName'>MicrosoftAccount:user=jim1010336@gmail.com</Data><Data Name='Type'>0</Data><Data Name='CountOfCredentialsReturned'>1</Data><Data Name='ReadOperation'>%%8100</Data><Data Name='ReturnCode'>0</Data><Data Name='ProcessCreationTime'>2023-10-26T05:15:53.9462576Z</Data><Data Name='ClientProcessId'>160628</Data></EventData></Event>",
          "uuid" : "d6a2d4a7-9123-48c8-82aa-8c6ef169db2b",
          "agent" : "3e716e2d61ba910983cb456817116799",
          "agentIP" : "192.168.200.128",
          "agentName" : "MSI",
          "item_main" : "5379",
          "date_main" : 1698297354,
          "type_main" : "usb",
          "etc_main" : "<Event xmlns='http://schemas.microsoft.com/win/2004/08/events/event'><System><Provider Name='Microsoft-Windows-Security-Auditing' Guid='{54849625-5478-4994-a5ba-3e3b0328c30d}'/><EventID>5379</EventID><Version>0</Version><Level>0</Level><Task>13824</Task><Opcode>0</Opcode><Keywords>0x8020000000000000</Keywords><TimeCreated SystemTime='2023-10-26T05:15:54.0397149Z'/><EventRecordID>669268</EventRecordID><Correlation ActivityID='{ce29126c-fc40-000a-8312-29ce40fcd901}'/><Execution ProcessID='1256' ThreadID='185492'/><Channel>Security</Channel><Computer>MSI</Computer><Security/></System><EventData><Data Name='SubjectUserSid'>S-1-5-21-3414511439-2402517761-651233876-1001</Data><Data Name='SubjectUserName'>jim10</Data><Data Name='SubjectDomainName'>MSI</Data><Data Name='SubjectLogonId'>0x4d1e4</Data><Data Name='TargetName'>MicrosoftAccount:user=jim1010336@gmail.com</Data><Data Name='Type'>0</Data><Data Name='CountOfCredentialsReturned'>1</Data><Data Name='ReadOperation'>%%8100</Data><Data Name='ReturnCode'>0</Data><Data Name='ProcessCreationTime'>2023-10-26T05:15:53.9462576Z</Data><Data Name='ClientProcessId'>160628</Data></EventData></Event>"
        }
      },
      {
        "_index" : "ed_eventsecurity",
        "_type" : "_doc",
        "_id" : "Mj45cIsB12YpCLTnQFMs",
        "_score" : 1.0,
        "_source" : {
          "eventrecordid" : 669756,
          "providername" : "Microsoft-Windows-Security-Auditing",
          "providerguid" : "{54849625-5478-4994-A5BA-3E3B0328C30D}",
          "eventid" : 0,
          "version" : 0,
          "level" : "AUDIT",
          "keywords" : "Audit Success",
          "task" : 13824,
          "opcode" : 0,
          "createdsystemtime" : 1698303988,
          "correlationactivityid" : "{CE29126C-FC40-000A-8312-29CE40FCD901}",
          "correlationrelatedactivityid" : "0",
          "executionprocessid" : 1256,
          "executionthreadid" : 117576,
          "channel" : "Security",
          "computer" : "MSI",
          "securityuserid" : "0",
          "evtrenderdata" : "<Event xmlns='http://schemas.microsoft.com/win/2004/08/events/event'><System><Provider Name='Microsoft-Windows-Security-Auditing' Guid='{54849625-5478-4994-a5ba-3e3b0328c30d}'/><EventID>5379</EventID><Version>0</Version><Level>0</Level><Task>13824</Task><Opcode>0</Opcode><Keywords>0x8020000000000000</Keywords><TimeCreated SystemTime='2023-10-26T07:06:28.7146259Z'/><EventRecordID>669756</EventRecordID><Correlation ActivityID='{ce29126c-fc40-000a-8312-29ce40fcd901}'/><Execution ProcessID='1256' ThreadID='117576'/><Channel>Security</Channel><Computer>MSI</Computer><Security/></System><EventData><Data Name='SubjectUserSid'>S-1-5-21-3414511439-2402517761-651233876-1001</Data><Data Name='SubjectUserName'>jim10</Data><Data Name='SubjectDomainName'>MSI</Data><Data Name='SubjectLogonId'>0x4d1e4</Data><Data Name='TargetName'>WindowsLive:(token):name=jim1010336@gmail.com;serviceuri=*</Data><Data Name='Type'>0</Data><Data Name='CountOfCredentialsReturned'>0</Data><Data Name='ReadOperation'>%%8100</Data><Data Name='ReturnCode'>3221226021</Data><Data Name='ProcessCreationTime'>2023-10-26T07:04:49.8565702Z</Data><Data Name='ClientProcessId'>29532</Data></EventData></Event>",
