          "uuid" : "2dcca98e-beae-4418-afd8-503dd3929f02",
          "agent" : "3e716e2d61ba910983cb456817116799",
          "agentIP" : "192.168.200.128",
          "agentName" : "MSI",
          "item_main" : "4624",
          "date_main" : 1697985888,
          "type_main" : "usb",
          "etc_main" : "<Event xmlns='http://schemas.microsoft.com/win/2004/08/events/event'><System><Provider Name='Microsoft-Windows-Security-Auditing' Guid='{54849625-5478-4994-a5ba-3e3b0328c30d}'/><EventID>4624</EventID><Version>3</Version><Level>0</Level><Task>12544</Task><Opcode>0</Opcode><Keywords>0x8020000000000000</Keywords><TimeCreated SystemTime='2023-10-22T14:44:48.6655138Z'/><EventRecordID>646253</EventRecordID><Correlation ActivityID='{ce29126c-fc40-000a-8312-29ce40fcd901}'/><Execution ProcessID='1256' ThreadID='132384'/><Channel>Security</Channel><Computer>MSI</Computer><Security/></System><EventData><Data Name='SubjectUserSid'>S-1-5-18</Data><Data Name='SubjectUserName'>MSI$</Data><Data Name='SubjectDomainName'>WORKGROUP</Data><Data Name='SubjectLogonId'>0x3e7</Data><Data Name='TargetUserSid'>S-1-5-18</Data><Data Name='TargetUserName'>SYSTEM</Data><Data Name='TargetDomainName'>NT AUTHORITY</Data><Data Name='TargetLogonId'>0x3e7</Data><Data Name='LogonType'>5</Data><Data Name='LogonProcessName'>Advapi  </Data><Data Name='AuthenticationPackageName'>Negotiate</Data><Data Name='WorkstationName'>-</Data><Data Name='LogonGuid'>{00000000-0000-0000-0000-000000000000}</Data><Data Name='TransmittedServices'>-</Data><Data Name='LmPackageName'>-</Data><Data Name='KeyLength'>0</Data><Data Name='ProcessId'>0x4c4</Data><Data Name='ProcessName'>C:\\Windows\\System32\\services.exe</Data><Data Name='IpAddress'>-</Data><Data Name='IpPort'>-</Data><Data Name='ImpersonationLevel'>%%1833</Data><Data Name='RestrictedAdminMode'>-</Data><Data Name='RemoteCredentialGuard'>-</Data><Data Name='TargetOutboundUserName'>-</Data><Data Name='TargetOutboundDomainName'>-</Data><Data Name='VirtualAccount'>%%1843</Data><Data Name='TargetLinkedLogonId'>0x0</Data><Data Name='ElevatedToken'>%%1842</Data></EventData></Event>"
        }
      },
      {
        "_index" : "ed_eventsecurity",
        "_type" : "_doc",
        "_id" : "kj04cIsB12YpCLTnl5uk",
        "_score" : 1.0,
        "_source" : {
          "eventrecordid" : 646254,
          "providername" : "Microsoft-Windows-Security-Auditing",
          "providerguid" : "{54849625-5478-4994-A5BA-3E3B0328C30D}",
          "eventid" : 0,
          "version" : 0,
          "level" : "AUDIT",
          "keywords" : "Audit Success",
          "task" : 12548,
          "opcode" : 0,
          "createdsystemtime" : 1697985888,
          "correlationactivityid" : "{CE29126C-FC40-000A-8312-29CE40FCD901}",
          "correlationrelatedactivityid" : "0",
          "executionprocessid" : 1256,
          "executionthreadid" : 132384,
          "channel" : "Security",
          "computer" : "MSI",
          "securityuserid" : "0",
          "evtrenderdata" : "<Event xmlns='http://schemas.microsoft.com/win/2004/08/events/event'><System><Provider Name='Microsoft-Windows-Security-Auditing' Guid='{54849625-5478-4994-a5ba-3e3b0328c30d}'/><EventID>4672</EventID><Version>0</Version><Level>0</Level><Task>12548</Task><Opcode>0</Opcode><Keywords>0x8020000000000000</Keywords><TimeCreated SystemTime='2023-10-22T14:44:48.6655278Z'/><EventRecordID>646254</EventRecordID><Correlation ActivityID='{ce29126c-fc40-000a-8312-29ce40fcd901}'/><Execution ProcessID='1256' ThreadID='132384'/><Channel>Security</Channel><Computer>MSI</Computer><Security/></System><EventData><Data Name='SubjectUserSid'>S-1-5-18</Data><Data Name='SubjectUserName'>SYSTEM</Data><Data Name='SubjectDomainName'>NT AUTHORITY</Data><Data Name='SubjectLogonId'>0x3e7</Data><Data Name='PrivilegeList'>SeAssignPrimaryTokenPrivilege\r\n\t\t\tSeTcbPrivilege\r\n\t\t\tSeSecurityPrivilege\r\n\t\t\tSeTakeOwnershipPrivilege\r\n\t\t\tSeLoadDriverPrivilege\r\n\t\t\tSeBackupPrivilege\r\n\t\t\tSeRestorePrivilege\r\n\t\t\tSeDebugPrivilege\r\n\t\t\tSeAuditPrivilege\r\n\t\t\tSeSystemEnvironmentPrivilege\r\n\t\t\tSeImpersonatePrivilege\r\n\t\t\tSeDelegateSessionUserImpersonatePrivilege</Data></EventData></Event>",
          "uuid" : "58e07552-4e22-471b-9ac6-cf451b43e2ea",
          "agent" : "3e716e2d61ba910983cb456817116799",
          "agentIP" : "192.168.200.128",
          "agentName" : "MSI",
          "item_main" : "4672",
          "date_main" : 1697985888,
          "type_main" : "usb",
          "etc_main" : "<Event xmlns='http://schemas.microsoft.com/win/2004/08/events/event'><System><Provider Name='Microsoft-Windows-Security-Auditing' Guid='{54849625-5478-4994-a5ba-3e3b0328c30d}'/><EventID>4672</EventID><Version>0</Version><Level>0</Level><Task>12548</Task><Opcode>0</Opcode><Keywords>0x8020000000000000</Keywords><TimeCreated SystemTime='2023-10-22T14:44:48.6655278Z'/><EventRecordID>646254</EventRecordID><Correlation ActivityID='{ce29126c-fc40-000a-8312-29ce40fcd901}'/><Execution ProcessID='1256' ThreadID='132384'/><Channel>Security</Channel><Computer>MSI</Computer><Security/></System><EventData><Data Name='SubjectUserSid'>S-1-5-18</Data><Data Name='SubjectUserName'>SYSTEM</Data><Data Name='SubjectDomainName'>NT AUTHORITY</Data><Data Name='SubjectLogonId'>0x3e7</Data><Data Name='PrivilegeList'>SeAssignPrimaryTokenPrivilege\r\n\t\t\tSeTcbPrivilege\r\n\t\t\tSeSecurityPrivilege\r\n\t\t\tSeTakeOwnershipPrivilege\r\n\t\t\tSeLoadDriverPrivilege\r\n\t\t\tSeBackupPrivilege\r\n\t\t\tSeRestorePrivilege\r\n\t\t\tSeDebugPrivilege\r\n\t\t\tSeAuditPrivilege\r\n\t\t\tSeSystemEnvironmentPrivilege\r\n\t\t\tSeImpersonatePrivilege\r\n\t\t\tSeDelegateSessionUserImpersonatePrivilege</Data></EventData></Event>"
        }
      },
      {
        "_index" : "ed_eventsecurity",
        "_type" : "_doc",
        "_id" : "lD04cIsB12YpCLTnl5uk",
        "_score" : 1.0,
        "_source" : {
          "eventrecordid" : 646255,
          "providername" : "Microsoft-Windows-Security-Auditing",
          "providerguid" : "{54849625-5478-4994-A5BA-3E3B0328C30D}",
          "eventid" : 0,
          "version" : 3,
          "level" : "AUDIT",
          "keywords" : "Audit Success",
          "task" : 12544,
          "opcode" : 0,
          "createdsystemtime" : 1697985889,
          "correlationactivityid" : "{CE29126C-FC40-000A-8312-29CE40FCD901}",
          "correlationrelatedactivityid" : "0",
          "executionprocessid" : 1256,
          "executionthreadid" : 132384,
          "channel" : "Security",
          "computer" : "MSI",
          "securityuserid" : "0",
          "evtrenderdata" : "<Event xmlns='http://schemas.microsoft.com/win/2004/08/events/event'><System><Provider Name='Microsoft-Windows-Security-Auditing' Guid='{54849625-5478-4994-a5ba-3e3b0328c30d}'/><EventID>4624</EventID><Version>3</Version><Level>0</Level><Task>12544</Task><Opcode>0</Opcode><Keywords>0x8020000000000000</Keywords><TimeCreated SystemTime='2023-10-22T14:44:49.3447001Z'/><EventRecordID>646255</EventRecordID><Correlation ActivityID='{ce29126c-fc40-000a-8312-29ce40fcd901}'/><Execution ProcessID='1256' ThreadID='132384'/><Channel>Security</Channel><Computer>MSI</Computer><Security/></System><EventData><Data Name='SubjectUserSid'>S-1-5-18</Data><Data Name='SubjectUserName'>MSI$</Data><Data Name='SubjectDomainName'>WORKGROUP</Data><Data Name='SubjectLogonId'>0x3e7</Data><Data Name='TargetUserSid'>S-1-5-18</Data><Data Name='TargetUserName'>SYSTEM</Data><Data Name='TargetDomainName'>NT AUTHORITY</Data><Data Name='TargetLogonId'>0x3e7</Data><Data Name='LogonType'>5</Data><Data Name='LogonProcessName'>Advapi  </Data><Data Name='AuthenticationPackageName'>Negotiate</Data><Data Name='WorkstationName'>-</Data><Data Name='LogonGuid'>{00000000-0000-0000-0000-000000000000}</Data><Data Name='TransmittedServices'>-</Data><Data Name='LmPackageName'>-</Data><Data Name='KeyLength'>0</Data><Data Name='ProcessId'>0x4c4</Data><Data Name='ProcessName'>C:\\Windows\\System32\\services.exe</Data><Data Name='IpAddress'>-</Data><Data Name='IpPort'>-</Data><Data Name='ImpersonationLevel'>%%1833</Data><Data Name='RestrictedAdminMode'>-</Data><Data Name='RemoteCredentialGuard'>-</Data><Data Name='TargetOutboundUserName'>-</Data><Data Name='TargetOutboundDomainName'>-</Data><Data Name='VirtualAccount'>%%1843</Data><Data Name='TargetLinkedLogonId'>0x0</Data><Data Name='ElevatedToken'>%%1842</Data></EventData></Event>",
          "uuid" : "ce7a642e-7761-49bf-8e4a-46029f682ec1",
          "agent" : "3e716e2d61ba910983cb456817116799",
          "agentIP" : "192.168.200.128",
          "agentName" : "MSI",
          "item_main" : "4624",
          "date_main" : 1697985889,
          "type_main" : "usb",
          "etc_main" : "<Event xmlns='http://schemas.microsoft.com/win/2004/08/events/event'><System><Provider Name='Microsoft-Windows-Security-Auditing' Guid='{54849625-5478-4994-a5ba-3e3b0328c30d}'/><EventID>4624</EventID><Version>3</Version><Level>0</Level><Task>12544</Task><Opcode>0</Opcode><Keywords>0x8020000000000000</Keywords><TimeCreated SystemTime='2023-10-22T14:44:49.3447001Z'/><EventRecordID>646255</EventRecordID><Correlation ActivityID='{ce29126c-fc40-000a-8312-29ce40fcd901}'/><Execution ProcessID='1256' ThreadID='132384'/><Channel>Security</Channel><Computer>MSI</Computer><Security/></System><EventData><Data Name='SubjectUserSid'>S-1-5-18</Data><Data Name='SubjectUserName'>MSI$</Data><Data Name='SubjectDomainName'>WORKGROUP</Data><Data Name='SubjectLogonId'>0x3e7</Data><Data Name='TargetUserSid'>S-1-5-18</Data><Data Name='TargetUserName'>SYSTEM</Data><Data Name='TargetDomainName'>NT AUTHORITY</Data><Data Name='TargetLogonId'>0x3e7</Data><Data Name='LogonType'>5</Data><Data Name='LogonProcessName'>Advapi  </Data><Data Name='AuthenticationPackageName'>Negotiate</Data><Data Name='WorkstationName'>-</Data><Data Name='LogonGuid'>{00000000-0000-0000-0000-000000000000}</Data><Data Name='TransmittedServices'>-</Data><Data Name='LmPackageName'>-</Data><Data Name='KeyLength'>0</Data><Data Name='ProcessId'>0x4c4</Data><Data Name='ProcessName'>C:\\Windows\\System32\\services.exe</Data><Data Name='IpAddress'>-</Data><Data Name='IpPort'>-</Data><Data Name='ImpersonationLevel'>%%1833</Data><Data Name='RestrictedAdminMode'>-</Data><Data Name='RemoteCredentialGuard'>-</Data><Data Name='TargetOutboundUserName'>-</Data><Data Name='TargetOutboundDomainName'>-</Data><Data Name='VirtualAccount'>%%1843</Data><Data Name='TargetLinkedLogonId'>0x0</Data><Data Name='ElevatedToken'>%%1842</Data></EventData></Event>"
        }
      },
      {
        "_index" : "ed_eventsecurity",
        "_type" : "_doc",
        "_id" : "lj04cIsB12YpCLTnl5uk",
        "_score" : 1.0,
        "_source" : {
          "eventrecordid" : 646256,
          "providername" : "Microsoft-Windows-Security-Auditing",
          "providerguid" : "{54849625-5478-4994-A5BA-3E3B0328C30D}",
          "eventid" : 0,
          "version" : 0,
          "level" : "AUDIT",
          "keywords" : "Audit Success",
          "task" : 12548,
          "opcode" : 0,
          "createdsystemtime" : 1697985889,
          "correlationactivityid" : "{CE29126C-FC40-000A-8312-29CE40FCD901}",
          "correlationrelatedactivityid" : "0",
          "executionprocessid" : 1256,
          "executionthreadid" : 132384,
          "channel" : "Security",
          "computer" : "MSI",
          "securityuserid" : "0",
          "evtrenderdata" : "<Event xmlns='http://schemas.microsoft.com/win/2004/08/events/event'><System><Provider Name='Microsoft-Windows-Security-Auditing' Guid='{54849625-5478-4994-a5ba-3e3b0328c30d}'/><EventID>4672</EventID><Version>0</Version><Level>0</Level><Task>12548</Task><Opcode>0</Opcode><Keywords>0x8020000000000000</Keywords><TimeCreated SystemTime='2023-10-22T14:44:49.3447128Z'/><EventRecordID>646256</EventRecordID><Correlation ActivityID='{ce29126c-fc40-000a-8312-29ce40fcd901}'/><Execution ProcessID='1256' ThreadID='132384'/><Channel>Security</Channel><Computer>MSI</Computer><Security/></System><EventData><Data Name='SubjectUserSid'>S-1-5-18</Data><Data Name='SubjectUserName'>SYSTEM</Data><Data Name='SubjectDomainName'>NT AUTHORITY</Data><Data Name='SubjectLogonId'>0x3e7</Data><Data Name='PrivilegeList'>SeAssignPrimaryTokenPrivilege\r\n\t\t\tSeTcbPrivilege\r\n\t\t\tSeSecurityPrivilege\r\n\t\t\tSeTakeOwnershipPrivilege\r\n\t\t\tSeLoadDriverPrivilege\r\n\t\t\tSeBackupPrivilege\r\n\t\t\tSeRestorePrivilege\r\n\t\t\tSeDebugPrivilege\r\n\t\t\tSeAuditPrivilege\r\n\t\t\tSeSystemEnvironmentPrivilege\r\n\t\t\tSeImpersonatePrivilege\r\n\t\t\tSeDelegateSessionUserImpersonatePrivilege</Data></EventData></Event>",
          "uuid" : "e039b0ad-f3c8-41f6-b48d-2e200eeba050",
          "agent" : "3e716e2d61ba910983cb456817116799",
          "agentIP" : "192.168.200.128",
          "agentName" : "MSI",
          "item_main" : "4672",
          "date_main" : 1697985889,
          "type_main" : "usb",
          "etc_main" : "<Event xmlns='http://schemas.microsoft.com/win/2004/08/events/event'><System><Provider Name='Microsoft-Windows-Security-Auditing' Guid='{54849625-5478-4994-a5ba-3e3b0328c30d}'/><EventID>4672</EventID><Version>0</Version><Level>0</Level><Task>12548</Task><Opcode>0</Opcode><Keywords>0x8020000000000000</Keywords><TimeCreated SystemTime='2023-10-22T14:44:49.3447128Z'/><EventRecordID>646256</EventRecordID><Correlation ActivityID='{ce29126c-fc40-000a-8312-29ce40fcd901}'/><Execution ProcessID='1256' ThreadID='132384'/><Channel>Security</Channel><Computer>MSI</Computer><Security/></System><EventData><Data Name='SubjectUserSid'>S-1-5-18</Data><Data Name='SubjectUserName'>SYSTEM</Data><Data Name='SubjectDomainName'>NT AUTHORITY</Data><Data Name='SubjectLogonId'>0x3e7</Data><Data Name='PrivilegeList'>SeAssignPrimaryTokenPrivilege\r\n\t\t\tSeTcbPrivilege\r\n\t\t\tSeSecurityPrivilege\r\n\t\t\tSeTakeOwnershipPrivilege\r\n\t\t\tSeLoadDriverPrivilege\r\n\t\t\tSeBackupPrivilege\r\n\t\t\tSeRestorePrivilege\r\n\t\t\tSeDebugPrivilege\r\n\t\t\tSeAuditPrivilege\r\n\t\t\tSeSystemEnvironmentPrivilege\r\n\t\t\tSeImpersonatePrivilege\r\n\t\t\tSeDelegateSessionUserImpersonatePrivilege</Data></EventData></Event>"
        }
      },
      {
        "_index" : "ed_eventsecurity",
        "_type" : "_doc",
        "_id" : "mD04cIsB12YpCLTnl5uk",
        "_score" : 1.0,
        "_source" : {
          "eventrecordid" : 646257,
          "providername" : "Microsoft-Windows-Security-Auditing",
          "providerguid" : "{54849625-5478-4994-A5BA-3E3B0328C30D}",
          "eventid" : 0,
          "version" : 0,
          "level" : "AUDIT",
          "keywords" : "Audit Success",
          "task" : 13824,
          "opcode" : 0,
          "createdsystemtime" : 1697985889,
          "correlationactivityid" : "{CE29126C-FC40-000A-8312-29CE40FCD901}",
          "correlationrelatedactivityid" : "0",
          "executionprocessid" : 1256,
          "executionthreadid" : 132384,
          "channel" : "Security",
          "computer" : "MSI",
          "securityuserid" : "0",
          "evtrenderdata" : "<Event xmlns='http://schemas.microsoft.com/win/2004/08/events/event'><System><Provider Name='Microsoft-Windows-Security-Auditing' Guid='{54849625-5478-4994-a5ba-3e3b0328c30d}'/><EventID>5379</EventID><Version>0</Version><Level>0</Level><Task>13824</Task><Opcode>0</Opcode><Keywords>0x8020000000000000</Keywords><TimeCreated SystemTime='2023-10-22T14:44:49.4037069Z'/><EventRecordID>646257</EventRecordID><Correlation ActivityID='{ce29126c-fc40-000a-8312-29ce40fcd901}'/><Execution ProcessID='1256' ThreadID='132384'/><Channel>Security</Channel><Computer>MSI</Computer><Security/></System><EventData><Data Name='SubjectUserSid'>S-1-5-21-3414511439-2402517761-651233876-1001</Data><Data Name='SubjectUserName'>jim10</Data><Data Name='SubjectDomainName'>MSI</Data><Data Name='SubjectLogonId'>0x4d1e4</Data><Data Name='TargetName'>MicrosoftAccount:user=jim1010336@gmail.com</Data><Data Name='Type'>0</Data><Data Name='CountOfCredentialsReturned'>1</Data><Data Name='ReadOperation'>%%8100</Data><Data Name='ReturnCode'>0</Data><Data Name='ProcessCreationTime'>2023-10-22T14:44:49.3472104Z</Data><Data Name='ClientProcessId'>24520</Data></EventData></Event>",
          "uuid" : "efd04bce-efd9-4492-8bcc-9f216b85c724",
          "agent" : "3e716e2d61ba910983cb456817116799",
          "agentIP" : "192.168.200.128",
          "agentName" : "MSI",
          "item_main" : "5379",
          "date_main" : 1697985889,
          "type_main" : "usb",
          "etc_main" : "<Event xmlns='http://schemas.microsoft.com/win/2004/08/events/event'><System><Provider Name='Microsoft-Windows-Security-Auditing' Guid='{54849625-5478-4994-a5ba-3e3b0328c30d}'/><EventID>5379</EventID><Version>0</Version><Level>0</Level><Task>13824</Task><Opcode>0</Opcode><Keywords>0x8020000000000000</Keywords><TimeCreated SystemTime='2023-10-22T14:44:49.4037069Z'/><EventRecordID>646257</EventRecordID><Correlation ActivityID='{ce29126c-fc40-000a-8312-29ce40fcd901}'/><Execution ProcessID='1256' ThreadID='132384'/><Channel>Security</Channel><Computer>MSI</Computer><Security/></System><EventData><Data Name='SubjectUserSid'>S-1-5-21-3414511439-2402517761-651233876-1001</Data><Data Name='SubjectUserName'>jim10</Data><Data Name='SubjectDomainName'>MSI</Data><Data Name='SubjectLogonId'>0x4d1e4</Data><Data Name='TargetName'>MicrosoftAccount:user=jim1010336@gmail.com</Data><Data Name='Type'>0</Data><Data Name='CountOfCredentialsReturned'>1</Data><Data Name='ReadOperation'>%%8100</Data><Data Name='ReturnCode'>0</Data><Data Name='ProcessCreationTime'>2023-10-22T14:44:49.3472104Z</Data><Data Name='ClientProcessId'>24520</Data></EventData></Event>"
        }
      },
      {
        "_index" : "ed_eventsecurity",
        "_type" : "_doc",
        "_id" : "mj04cIsB12YpCLTnl5uk",
        "_score" : 1.0,
        "_source" : {
          "eventrecordid" : 646258,
          "providername" : "Microsoft-Windows-Security-Auditing",
          "providerguid" : "{54849625-5478-4994-A5BA-3E3B0328C30D}",
          "eventid" : 0,
          "version" : 0,
          "level" : "AUDIT",
          "keywords" : "Audit Success",
          "task" : 13824,
          "opcode" : 0,
          "createdsystemtime" : 1697985889,
          "correlationactivityid" : "{CE29126C-FC40-000A-8312-29CE40FCD901}",
          "correlationrelatedactivityid" : "0",
          "executionprocessid" : 1256,
          "executionthreadid" : 132384,
          "channel" : "Security",
          "computer" : "MSI",
          "securityuserid" : "0",
          "evtrenderdata" : "<Event xmlns='http://schemas.microsoft.com/win/2004/08/events/event'><System><Provider Name='Microsoft-Windows-Security-Auditing' Guid='{54849625-5478-4994-a5ba-3e3b0328c30d}'/><EventID>5379</EventID><Version>0</Version><Level>0</Level><Task>13824</Task><Opcode>0</Opcode><Keywords>0x8020000000000000</Keywords><TimeCreated SystemTime='2023-10-22T14:44:49.4046577Z'/><EventRecordID>646258</EventRecordID><Correlation ActivityID='{ce29126c-fc40-000a-8312-29ce40fcd901}'/><Execution ProcessID='1256' ThreadID='132384'/><Channel>Security</Channel><Computer>MSI</Computer><Security/></System><EventData><Data Name='SubjectUserSid'>S-1-5-21-3414511439-2402517761-651233876-1001</Data><Data Name='SubjectUserName'>jim10</Data><Data Name='SubjectDomainName'>MSI</Data><Data Name='SubjectLogonId'>0x4d1e4</Data><Data Name='TargetName'>WindowsLive:(token):name=jim1010336@gmail.com;serviceuri=*</Data><Data Name='Type'>0</Data><Data Name='CountOfCredentialsReturned'>0</Data><Data Name='ReadOperation'>%%8100</Data><Data Name='ReturnCode'>3221226021</Data><Data Name='ProcessCreationTime'>2023-10-22T14:44:49.3472104Z</Data><Data Name='ClientProcessId'>24520</Data></EventData></Event>",
          "uuid" : "fcfd6b65-2907-4427-bd5f-03c2048d690c",
          "agent" : "3e716e2d61ba910983cb456817116799",
          "agentIP" : "192.168.200.128",
          "agentName" : "MSI",
          "item_main" : "5379",
          "date_main" : 1697985889,
          "type_main" : "usb",
          "etc_main" : "<Event xmlns='http://schemas.microsoft.com/win/2004/08/events/event'><System><Provider Name='Microsoft-Windows-Security-Auditing' Guid='{54849625-5478-4994-a5ba-3e3b0328c30d}'/><EventID>5379</EventID><Version>0</Version><Level>0</Level><Task>13824</Task><Opcode>0</Opcode><Keywords>0x8020000000000000</Keywords><TimeCreated SystemTime='2023-10-22T14:44:49.4046577Z'/><EventRecordID>646258</EventRecordID><Correlation ActivityID='{ce29126c-fc40-000a-8312-29ce40fcd901}'/><Execution ProcessID='1256' ThreadID='132384'/><Channel>Security</Channel><Computer>MSI</Computer><Security/></System><EventData><Data Name='SubjectUserSid'>S-1-5-21-3414511439-2402517761-651233876-1001</Data><Data Name='SubjectUserName'>jim10</Data><Data Name='SubjectDomainName'>MSI</Data><Data Name='SubjectLogonId'>0x4d1e4</Data><Data Name='TargetName'>WindowsLive:(token):name=jim1010336@gmail.com;serviceuri=*</Data><Data Name='Type'>0</Data><Data Name='CountOfCredentialsReturned'>0</Data><Data Name='ReadOperation'>%%8100</Data><Data Name='ReturnCode'>3221226021</Data><Data Name='ProcessCreationTime'>2023-10-22T14:44:49.3472104Z</Data><Data Name='ClientProcessId'>24520</Data></EventData></Event>"
        }
      },
      {
        "_index" : "ed_eventsecurity",
        "_type" : "_doc",
        "_id" : "nD04cIsB12YpCLTnl5uk",
        "_score" : 1.0,
        "_source" : {
          "eventrecordid" : 646259,
          "providername" : "Microsoft-Windows-Security-Auditing",
          "providerguid" : "{54849625-5478-4994-A5BA-3E3B0328C30D}",
          "eventid" : 0,
          "version" : 0,
          "level" : "AUDIT",
          "keywords" : "Audit Success",
          "task" : 13824,
          "opcode" : 0,
          "createdsystemtime" : 1697985889,
          "correlationactivityid" : "{CE29126C-FC40-000A-8312-29CE40FCD901}",
          "correlationrelatedactivityid" : "0",
          "executionprocessid" : 1256,
          "executionthreadid" : 132384,
          "channel" : "Security",
          "computer" : "MSI",
          "securityuserid" : "0",
          "evtrenderdata" : "<Event xmlns='http://schemas.microsoft.com/win/2004/08/events/event'><System><Provider Name='Microsoft-Windows-Security-Auditing' Guid='{54849625-5478-4994-a5ba-3e3b0328c30d}'/><EventID>5379</EventID><Version>0</Version><Level>0</Level><Task>13824</Task><Opcode>0</Opcode><Keywords>0x8020000000000000</Keywords><TimeCreated SystemTime='2023-10-22T14:44:49.4047022Z'/><EventRecordID>646259</EventRecordID><Correlation ActivityID='{ce29126c-fc40-000a-8312-29ce40fcd901}'/><Execution ProcessID='1256' ThreadID='132384'/><Channel>Security</Channel><Computer>MSI</Computer><Security/></System><EventData><Data Name='SubjectUserSid'>S-1-5-21-3414511439-2402517761-651233876-1001</Data><Data Name='SubjectUserName'>jim10</Data><Data Name='SubjectDomainName'>MSI</Data><Data Name='SubjectLogonId'>0x4d1e4</Data><Data Name='TargetName'>WindowsLive:(cert):name=jim1010336@gmail.com;serviceuri=*</Data><Data Name='Type'>0</Data><Data Name='CountOfCredentialsReturned'>0</Data><Data Name='ReadOperation'>%%8100</Data><Data Name='ReturnCode'>3221226021</Data><Data Name='ProcessCreationTime'>2023-10-22T14:44:49.3472104Z</Data><Data Name='ClientProcessId'>24520</Data></EventData></Event>",
          "uuid" : "940155e8-d5d1-488e-bceb-bd1863787611",
          "agent" : "3e716e2d61ba910983cb456817116799",
          "agentIP" : "192.168.200.128",
          "agentName" : "MSI",
          "item_main" : "5379",
          "date_main" : 1697985889,
          "type_main" : "usb",
          "etc_main" : "<Event xmlns='http://schemas.microsoft.com/win/2004/08/events/event'><System><Provider Name='Microsoft-Windows-Security-Auditing' Guid='{54849625-5478-4994-a5ba-3e3b0328c30d}'/><EventID>5379</EventID><Version>0</Version><Level>0</Level><Task>13824</Task><Opcode>0</Opcode><Keywords>0x8020000000000000</Keywords><TimeCreated SystemTime='2023-10-22T14:44:49.4047022Z'/><EventRecordID>646259</EventRecordID><Correlation ActivityID='{ce29126c-fc40-000a-8312-29ce40fcd901}'/><Execution ProcessID='1256' ThreadID='132384'/><Channel>Security</Channel><Computer>MSI</Computer><Security/></System><EventData><Data Name='SubjectUserSid'>S-1-5-21-3414511439-2402517761-651233876-1001</Data><Data Name='SubjectUserName'>jim10</Data><Data Name='SubjectDomainName'>MSI</Data><Data Name='SubjectLogonId'>0x4d1e4</Data><Data Name='TargetName'>WindowsLive:(cert):name=jim1010336@gmail.com;serviceuri=*</Data><Data Name='Type'>0</Data><Data Name='CountOfCredentialsReturned'>0</Data><Data Name='ReadOperation'>%%8100</Data><Data Name='ReturnCode'>3221226021</Data><Data Name='ProcessCreationTime'>2023-10-22T14:44:49.3472104Z</Data><Data Name='ClientProcessId'>24520</Data></EventData></Event>"
        }
      },
      {
        "_index" : "ed_eventsecurity",
        "_type" : "_doc",
        "_id" : "0D04cIsB12YpCLTnl5yk",
        "_score" : 1.0,
        "_source" : {
          "eventrecordid" : 646413,
          "providername" : "Microsoft-Windows-Security-Auditing",
          "providerguid" : "{54849625-5478-4994-A5BA-3E3B0328C30D}",
          "eventid" : 0,
          "version" : 0,
          "level" : "AUDIT",
          "keywords" : "Audit Success",
          "task" : 13824,
          "opcode" : 0,
          "createdsystemtime" : 1697988227,
          "correlationactivityid" : "{CE29126C-FC40-000A-8312-29CE40FCD901}",
          "correlationrelatedactivityid" : "0",
          "executionprocessid" : 1256,
          "executionthreadid" : 158928,
          "channel" : "Security",
          "computer" : "MSI",
          "securityuserid" : "0",
          "evtrenderdata" : "<Event xmlns='http://schemas.microsoft.com/win/2004/08/events/event'><System><Provider Name='Microsoft-Windows-Security-Auditing' Guid='{54849625-5478-4994-a5ba-3e3b0328c30d}'/><EventID>5379</EventID><Version>0</Version><Level>0</Level><Task>13824</Task><Opcode>0</Opcode><Keywords>0x8020000000000000</Keywords><TimeCreated SystemTime='2023-10-22T15:23:47.1932218Z'/><EventRecordID>646413</EventRecordID><Correlation ActivityID='{ce29126c-fc40-000a-8312-29ce40fcd901}'/><Execution ProcessID='1256' ThreadID='158928'/><Channel>Security</Channel><Computer>MSI</Computer><Security/></System><EventData><Data Name='SubjectUserSid'>S-1-5-21-3414511439-2402517761-651233876-1001</Data><Data Name='SubjectUserName'>jim10</Data><Data Name='SubjectDomainName'>MSI</Data><Data Name='SubjectLogonId'>0x4d1e4</Data><Data Name='TargetName'>MicrosoftAccount:user=jim1010336@gmail.com</Data><Data Name='Type'>0</Data><Data Name='CountOfCredentialsReturned'>1</Data><Data Name='ReadOperation'>%%8100</Data><Data Name='ReturnCode'>0</Data><Data Name='ProcessCreationTime'>2023-10-22T15:23:47.1724625Z</Data><Data Name='ClientProcessId'>87976</Data></EventData></Event>",
          "uuid" : "4ac69d2e-5f0b-4b8d-a73b-d348312f482d",
          "agent" : "3e716e2d61ba910983cb456817116799",
          "agentIP" : "192.168.200.128",
          "agentName" : "MSI",
          "item_main" : "5379",
          "date_main" : 1697988227,
          "type_main" : "usb",
          "etc_main" : "<Event xmlns='http://schemas.microsoft.com/win/2004/08/events/event'><System><Provider Name='Microsoft-Windows-Security-Auditing' Guid='{54849625-5478-4994-a5ba-3e3b0328c30d}'/><EventID>5379</EventID><Version>0</Version><Level>0</Level><Task>13824</Task><Opcode>0</Opcode><Keywords>0x8020000000000000</Keywords><TimeCreated SystemTime='2023-10-22T15:23:47.1932218Z'/><EventRecordID>646413</EventRecordID><Correlation ActivityID='{ce29126c-fc40-000a-8312-29ce40fcd901}'/><Execution ProcessID='1256' ThreadID='158928'/><Channel>Security</Channel><Computer>MSI</Computer><Security/></System><EventData><Data Name='SubjectUserSid'>S-1-5-21-3414511439-2402517761-651233876-1001</Data><Data Name='SubjectUserName'>jim10</Data><Data Name='SubjectDomainName'>MSI</Data><Data Name='SubjectLogonId'>0x4d1e4</Data><Data Name='TargetName'>MicrosoftAccount:user=jim1010336@gmail.com</Data><Data Name='Type'>0</Data><Data Name='CountOfCredentialsReturned'>1</Data><Data Name='ReadOperation'>%%8100</Data><Data Name='ReturnCode'>0</Data><Data Name='ProcessCreationTime'>2023-10-22T15:23:47.1724625Z</Data><Data Name='ClientProcessId'>87976</Data></EventData></Event>"
        }
      },
      {
        "_index" : "ed_eventsecurity",
        "_type" : "_doc",
        "_id" : "0j04cIsB12YpCLTnl5yk",
        "_score" : 1.0,
        "_source" : {
          "eventrecordid" : 646414,
          "providername" : "Microsoft-Windows-Security-Auditing",
          "providerguid" : "{54849625-5478-4994-A5BA-3E3B0328C30D}",
          "eventid" : 0,
          "version" : 0,
          "level" : "AUDIT",
          "keywords" : "Audit Success",
          "task" : 13824,
          "opcode" : 0,
          "createdsystemtime" : 1697988227,
          "correlationactivityid" : "{CE29126C-FC40-000A-8312-29CE40FCD901}",
          "correlationrelatedactivityid" : "0",
          "executionprocessid" : 1256,
          "executionthreadid" : 158928,
          "channel" : "Security",
          "computer" : "MSI",
          "securityuserid" : "0",
          "evtrenderdata" : "<Event xmlns='http://schemas.microsoft.com/win/2004/08/events/event'><System><Provider Name='Microsoft-Windows-Security-Auditing' Guid='{54849625-5478-4994-a5ba-3e3b0328c30d}'/><EventID>5379</EventID><Version>0</Version><Level>0</Level><Task>13824</Task><Opcode>0</Opcode><Keywords>0x8020000000000000</Keywords><TimeCreated SystemTime='2023-10-22T15:23:47.1939920Z'/><EventRecordID>646414</EventRecordID><Correlation ActivityID='{ce29126c-fc40-000a-8312-29ce40fcd901}'/><Execution ProcessID='1256' ThreadID='158928'/><Channel>Security</Channel><Computer>MSI</Computer><Security/></System><EventData><Data Name='SubjectUserSid'>S-1-5-21-3414511439-2402517761-651233876-1001</Data><Data Name='SubjectUserName'>jim10</Data><Data Name='SubjectDomainName'>MSI</Data><Data Name='SubjectLogonId'>0x4d1e4</Data><Data Name='TargetName'>WindowsLive:(token):name=jim1010336@gmail.com;serviceuri=*</Data><Data Name='Type'>0</Data><Data Name='CountOfCredentialsReturned'>0</Data><Data Name='ReadOperation'>%%8100</Data><Data Name='ReturnCode'>3221226021</Data><Data Name='ProcessCreationTime'>2023-10-22T15:23:47.1724625Z</Data><Data Name='ClientProcessId'>87976</Data></EventData></Event>",
          "uuid" : "65d542fb-831f-4324-ac44-8f7f1cf46923",
          "agent" : "3e716e2d61ba910983cb456817116799",
          "agentIP" : "192.168.200.128",
          "agentName" : "MSI",
          "item_main" : "5379",
          "date_main" : 1697988227,
          "type_main" : "usb",
          "etc_main" : "<Event xmlns='http://schemas.microsoft.com/win/2004/08/events/event'><System><Provider Name='Microsoft-Windows-Security-Auditing' Guid='{54849625-5478-4994-a5ba-3e3b0328c30d}'/><EventID>5379</EventID><Version>0</Version><Level>0</Level><Task>13824</Task><Opcode>0</Opcode><Keywords>0x8020000000000000</Keywords><TimeCreated SystemTime='2023-10-22T15:23:47.1939920Z'/><EventRecordID>646414</EventRecordID><Correlation ActivityID='{ce29126c-fc40-000a-8312-29ce40fcd901}'/><Execution ProcessID='1256' ThreadID='158928'/><Channel>Security</Channel><Computer>MSI</Computer><Security/></System><EventData><Data Name='SubjectUserSid'>S-1-5-21-3414511439-2402517761-651233876-1001</Data><Data Name='SubjectUserName'>jim10</Data><Data Name='SubjectDomainName'>MSI</Data><Data Name='SubjectLogonId'>0x4d1e4</Data><Data Name='TargetName'>WindowsLive:(token):name=jim1010336@gmail.com;serviceuri=*</Data><Data Name='Type'>0</Data><Data Name='CountOfCredentialsReturned'>0</Data><Data Name='ReadOperation'>%%8100</Data><Data Name='ReturnCode'>3221226021</Data><Data Name='ProcessCreationTime'>2023-10-22T15:23:47.1724625Z</Data><Data Name='ClientProcessId'>87976</Data></EventData></Event>"
        }
      },
      {
        "_index" : "ed_eventsecurity",
        "_type" : "_doc",
        "_id" : "1D04cIsB12YpCLTnl5yk",
        "_score" : 1.0,
        "_source" : {
          "eventrecordid" : 646415,
          "providername" : "Microsoft-Windows-Security-Auditing",
          "providerguid" : "{54849625-5478-4994-A5BA-3E3B0328C30D}",
          "eventid" : 0,
          "version" : 0,
          "level" : "AUDIT",
          "keywords" : "Audit Success",
          "task" : 13824,
          "opcode" : 0,
          "createdsystemtime" : 1697988227,
          "correlationactivityid" : "{CE29126C-FC40-000A-8312-29CE40FCD901}",
          "correlationrelatedactivityid" : "0",
          "executionprocessid" : 1256,
          "executionthreadid" : 158928,
          "channel" : "Security",
          "computer" : "MSI",
          "securityuserid" : "0",
          "evtrenderdata" : "<Event xmlns='http://schemas.microsoft.com/win/2004/08/events/event'><System><Provider Name='Microsoft-Windows-Security-Auditing' Guid='{54849625-5478-4994-a5ba-3e3b0328c30d}'/><EventID>5379</EventID><Version>0</Version><Level>0</Level><Task>13824</Task><Opcode>0</Opcode><Keywords>0x8020000000000000</Keywords><TimeCreated SystemTime='2023-10-22T15:23:47.1940536Z'/><EventRecordID>646415</EventRecordID><Correlation ActivityID='{ce29126c-fc40-000a-8312-29ce40fcd901}'/><Execution ProcessID='1256' ThreadID='158928'/><Channel>Security</Channel><Computer>MSI</Computer><Security/></System><EventData><Data Name='SubjectUserSid'>S-1-5-21-3414511439-2402517761-651233876-1001</Data><Data Name='SubjectUserName'>jim10</Data><Data Name='SubjectDomainName'>MSI</Data><Data Name='SubjectLogonId'>0x4d1e4</Data><Data Name='TargetName'>WindowsLive:(cert):name=jim1010336@gmail.com;serviceuri=*</Data><Data Name='Type'>0</Data><Data Name='CountOfCredentialsReturned'>0</Data><Data Name='ReadOperation'>%%8100</Data><Data Name='ReturnCode'>3221226021</Data><Data Name='ProcessCreationTime'>2023-10-22T15:23:47.1724625Z</Data><Data Name='ClientProcessId'>87976</Data></EventData></Event>",
          "uuid" : "3e776e6b-3617-4e5f-81db-cd29c03eac4c",
          "agent" : "3e716e2d61ba910983cb456817116799",
          "agentIP" : "192.168.200.128",
          "agentName" : "MSI",
          "item_main" : "5379",
          "date_main" : 1697988227,
          "type_main" : "usb",
          "etc_main" : "<Event xmlns='http://schemas.microsoft.com/win/2004/08/events/event'><System><Provider Name='Microsoft-Windows-Security-Auditing' Guid='{54849625-5478-4994-a5ba-3e3b0328c30d}'/><EventID>5379</EventID><Version>0</Version><Level>0</Level><Task>13824</Task><Opcode>0</Opcode><Keywords>0x8020000000000000</Keywords><TimeCreated SystemTime='2023-10-22T15:23:47.1940536Z'/><EventRecordID>646415</EventRecordID><Correlation ActivityID='{ce29126c-fc40-000a-8312-29ce40fcd901}'/><Execution ProcessID='1256' ThreadID='158928'/><Channel>Security</Channel><Computer>MSI</Computer><Security/></System><EventData><Data Name='SubjectUserSid'>S-1-5-21-3414511439-2402517761-651233876-1001</Data><Data Name='SubjectUserName'>jim10</Data><Data Name='SubjectDomainName'>MSI</Data><Data Name='SubjectLogonId'>0x4d1e4</Data><Data Name='TargetName'>WindowsLive:(cert):name=jim1010336@gmail.com;serviceuri=*</Data><Data Name='Type'>0</Data><Data Name='CountOfCredentialsReturned'>0</Data><Data Name='ReadOperation'>%%8100</Data><Data Name='ReturnCode'>3221226021</Data><Data Name='ProcessCreationTime'>2023-10-22T15:23:47.1724625Z</Data><Data Name='ClientProcessId'>87976</Data></EventData></Event>"
        }
      },
      {
        "_index" : "ed_eventsecurity",
        "_type" : "_doc",
        "_id" : "1j04cIsB12YpCLTnl5yk",
        "_score" : 1.0,
        "_source" : {
          "eventrecordid" : 646416,
          "providername" : "Microsoft-Windows-Security-Auditing",
          "providerguid" : "{54849625-5478-4994-A5BA-3E3B0328C30D}",
          "eventid" : 0,
          "version" : 0,
          "level" : "AUDIT",
          "keywords" : "Audit Success",
          "task" : 13824,
          "opcode" : 0,
          "createdsystemtime" : 1697988227,
          "correlationactivityid" : "{CE29126C-FC40-000A-8312-29CE40FCD901}",
          "correlationrelatedactivityid" : "0",
          "executionprocessid" : 1256,
          "executionthreadid" : 158928,
          "channel" : "Security",
          "computer" : "MSI",
          "securityuserid" : "0",
          "evtrenderdata" : "<Event xmlns='http://schemas.microsoft.com/win/2004/08/events/event'><System><Provider Name='Microsoft-Windows-Security-Auditing' Guid='{54849625-5478-4994-a5ba-3e3b0328c30d}'/><EventID>5379</EventID><Version>0</Version><Level>0</Level><Task>13824</Task><Opcode>0</Opcode><Keywords>0x8020000000000000</Keywords><TimeCreated SystemTime='2023-10-22T15:23:47.1946473Z'/><EventRecordID>646416</EventRecordID><Correlation ActivityID='{ce29126c-fc40-000a-8312-29ce40fcd901}'/><Execution ProcessID='1256' ThreadID='158928'/><Channel>Security</Channel><Computer>MSI</Computer><Security/></System><EventData><Data Name='SubjectUserSid'>S-1-5-18</Data><Data Name='SubjectUserName'>MSI$</Data><Data Name='SubjectDomainName'>WORKGROUP</Data><Data Name='SubjectLogonId'>0x3e7</Data><Data Name='TargetName'>WindowsLive:(token):name=02beairehiclxtep;serviceuri=*</Data><Data Name='Type'>0</Data><Data Name='CountOfCredentialsReturned'>0</Data><Data Name='ReadOperation'>%%8100</Data><Data Name='ReturnCode'>3221226021</Data><Data Name='ProcessCreationTime'>2023-10-22T15:23:47.1724625Z</Data><Data Name='ClientProcessId'>87976</Data></EventData></Event>",
          "uuid" : "d5cf9d19-95d1-4e40-8604-908e2f506e66",
          "agent" : "3e716e2d61ba910983cb456817116799",
          "agentIP" : "192.168.200.128",
          "agentName" : "MSI",
          "item_main" : "5379",
          "date_main" : 1697988227,
          "type_main" : "usb",
          "etc_main" : "<Event xmlns='http://schemas.microsoft.com/win/2004/08/events/event'><System><Provider Name='Microsoft-Windows-Security-Auditing' Guid='{54849625-5478-4994-a5ba-3e3b0328c30d}'/><EventID>5379</EventID><Version>0</Version><Level>0</Level><Task>13824</Task><Opcode>0</Opcode><Keywords>0x8020000000000000</Keywords><TimeCreated SystemTime='2023-10-22T15:23:47.1946473Z'/><EventRecordID>646416</EventRecordID><Correlation ActivityID='{ce29126c-fc40-000a-8312-29ce40fcd901}'/><Execution ProcessID='1256' ThreadID='158928'/><Channel>Security</Channel><Computer>MSI</Computer><Security/></System><EventData><Data Name='SubjectUserSid'>S-1-5-18</Data><Data Name='SubjectUserName'>MSI$</Data><Data Name='SubjectDomainName'>WORKGROUP</Data><Data Name='SubjectLogonId'>0x3e7</Data><Data Name='TargetName'>WindowsLive:(token):name=02beairehiclxtep;serviceuri=*</Data><Data Name='Type'>0</Data><Data Name='CountOfCredentialsReturned'>0</Data><Data Name='ReadOperation'>%%8100</Data><Data Name='ReturnCode'>3221226021</Data><Data Name='ProcessCreationTime'>2023-10-22T15:23:47.1724625Z</Data><Data Name='ClientProcessId'>87976</Data></EventData></Event>"
        }
      },
      {
        "_index" : "ed_eventsecurity",
        "_type" : "_doc",
        "_id" : "2D04cIsB12YpCLTnl5yk",
        "_score" : 1.0,
        "_source" : {
          "eventrecordid" : 646417,
          "providername" : "Microsoft-Windows-Security-Auditing",
          "providerguid" : "{54849625-5478-4994-A5BA-3E3B0328C30D}",
          "eventid" : 0,
          "version" : 0,
          "level" : "AUDIT",
          "keywords" : "Audit Success",
          "task" : 13824,
          "opcode" : 0,
          "createdsystemtime" : 1697988227,
          "correlationactivityid" : "{CE29126C-FC40-000A-8312-29CE40FCD901}",
          "correlationrelatedactivityid" : "0",
          "executionprocessid" : 1256,
          "executionthreadid" : 158928,
          "channel" : "Security",
          "computer" : "MSI",
          "securityuserid" : "0",
          "evtrenderdata" : "<Event xmlns='http://schemas.microsoft.com/win/2004/08/events/event'><System><Provider Name='Microsoft-Windows-Security-Auditing' Guid='{54849625-5478-4994-a5ba-3e3b0328c30d}'/><EventID>5379</EventID><Version>0</Version><Level>0</Level><Task>13824</Task><Opcode>0</Opcode><Keywords>0x8020000000000000</Keywords><TimeCreated SystemTime='2023-10-22T15:23:47.1947882Z'/><EventRecordID>646417</EventRecordID><Correlation ActivityID='{ce29126c-fc40-000a-8312-29ce40fcd901}'/><Execution ProcessID='1256' ThreadID='158928'/><Channel>Security</Channel><Computer>MSI</Computer><Security/></System><EventData><Data Name='SubjectUserSid'>S-1-5-18</Data><Data Name='SubjectUserName'>MSI$</Data><Data Name='SubjectDomainName'>WORKGROUP</Data><Data Name='SubjectLogonId'>0x3e7</Data><Data Name='TargetName'>WindowsLive:(cert):name=02beairehiclxtep;serviceuri=*</Data><Data Name='Type'>0</Data><Data Name='CountOfCredentialsReturned'>0</Data><Data Name='ReadOperation'>%%8100</Data><Data Name='ReturnCode'>3221226021</Data><Data Name='ProcessCreationTime'>2023-10-22T15:23:47.1724625Z</Data><Data Name='ClientProcessId'>87976</Data></EventData></Event>",
          "uuid" : "d419889b-c7c6-472a-b568-2bdf902c82a1",
          "agent" : "3e716e2d61ba910983cb456817116799",
          "agentIP" : "192.168.200.128",
          "agentName" : "MSI",
          "item_main" : "5379",
          "date_main" : 1697988227,
          "type_main" : "usb",
          "etc_main" : "<Event xmlns='http://schemas.microsoft.com/win/2004/08/events/event'><System><Provider Name='Microsoft-Windows-Security-Auditing' Guid='{54849625-5478-4994-a5ba-3e3b0328c30d}'/><EventID>5379</EventID><Version>0</Version><Level>0</Level><Task>13824</Task><Opcode>0</Opcode><Keywords>0x8020000000000000</Keywords><TimeCreated SystemTime='2023-10-22T15:23:47.1947882Z'/><EventRecordID>646417</EventRecordID><Correlation ActivityID='{ce29126c-fc40-000a-8312-29ce40fcd901}'/><Execution ProcessID='1256' ThreadID='158928'/><Channel>Security</Channel><Computer>MSI</Computer><Security/></System><EventData><Data Name='SubjectUserSid'>S-1-5-18</Data><Data Name='SubjectUserName'>MSI$</Data><Data Name='SubjectDomainName'>WORKGROUP</Data><Data Name='SubjectLogonId'>0x3e7</Data><Data Name='TargetName'>WindowsLive:(cert):name=02beairehiclxtep;serviceuri=*</Data><Data Name='Type'>0</Data><Data Name='CountOfCredentialsReturned'>0</Data><Data Name='ReadOperation'>%%8100</Data><Data Name='ReturnCode'>3221226021</Data><Data Name='ProcessCreationTime'>2023-10-22T15:23:47.1724625Z</Data><Data Name='ClientProcessId'>87976</Data></EventData></Event>"
        }
      },
      {
        "_index" : "ed_eventsecurity",
        "_type" : "_doc",
        "_id" : "2j04cIsB12YpCLTnl5yk",
        "_score" : 1.0,
        "_source" : {
          "eventrecordid" : 646418,
          "providername" : "Microsoft-Windows-Security-Auditing",
          "providerguid" : "{54849625-5478-4994-A5BA-3E3B0328C30D}",
          "eventid" : 0,
          "version" : 0,
          "level" : "AUDIT",
          "keywords" : "Audit Success",
          "task" : 13824,
          "opcode" : 0,
          "createdsystemtime" : 1697988227,
          "correlationactivityid" : "{CE29126C-FC40-000A-8312-29CE40FCD901}",
          "correlationrelatedactivityid" : "0",
          "executionprocessid" : 1256,
          "executionthreadid" : 158928,
          "channel" : "Security",
          "computer" : "MSI",
          "securityuserid" : "0",
          "evtrenderdata" : "<Event xmlns='http://schemas.microsoft.com/win/2004/08/events/event'><System><Provider Name='Microsoft-Windows-Security-Auditing' Guid='{54849625-5478-4994-a5ba-3e3b0328c30d}'/><EventID>5379</EventID><Version>0</Version><Level>0</Level><Task>13824</Task><Opcode>0</Opcode><Keywords>0x8020000000000000</Keywords><TimeCreated SystemTime='2023-10-22T15:23:47.1948251Z'/><EventRecordID>646418</EventRecordID><Correlation ActivityID='{ce29126c-fc40-000a-8312-29ce40fcd901}'/><Execution ProcessID='1256' ThreadID='158928'/><Channel>Security</Channel><Computer>MSI</Computer><Security/></System><EventData><Data Name='SubjectUserSid'>S-1-5-18</Data><Data Name='SubjectUserName'>MSI$</Data><Data Name='SubjectDomainName'>WORKGROUP</Data><Data Name='SubjectLogonId'>0x3e7</Data><Data Name='TargetName'>WindowsLive:target=virtualapp/didlogical</Data><Data Name='Type'>0</Data><Data Name='CountOfCredentialsReturned'>1</Data><Data Name='ReadOperation'>%%8100</Data><Data Name='ReturnCode'>0</Data><Data Name='ProcessCreationTime'>2023-10-22T15:23:47.1724625Z</Data><Data Name='ClientProcessId'>87976</Data></EventData></Event>",
          "uuid" : "7cb5c6d5-654e-4fcc-a607-5cfe1b197ff8",
          "agent" : "3e716e2d61ba910983cb456817116799",
          "agentIP" : "192.168.200.128",
          "agentName" : "MSI",
          "item_main" : "5379",
          "date_main" : 1697988227,
          "type_main" : "usb",
          "etc_main" : "<Event xmlns='http://schemas.microsoft.com/win/2004/08/events/event'><System><Provider Name='Microsoft-Windows-Security-Auditing' Guid='{54849625-5478-4994-a5ba-3e3b0328c30d}'/><EventID>5379</EventID><Version>0</Version><Level>0</Level><Task>13824</Task><Opcode>0</Opcode><Keywords>0x8020000000000000</Keywords><TimeCreated SystemTime='2023-10-22T15:23:47.1948251Z'/><EventRecordID>646418</EventRecordID><Correlation ActivityID='{ce29126c-fc40-000a-8312-29ce40fcd901}'/><Execution ProcessID='1256' ThreadID='158928'/><Channel>Security</Channel><Computer>MSI</Computer><Security/></System><EventData><Data Name='SubjectUserSid'>S-1-5-18</Data><Data Name='SubjectUserName'>MSI$</Data><Data Name='SubjectDomainName'>WORKGROUP</Data><Data Name='SubjectLogonId'>0x3e7</Data><Data Name='TargetName'>WindowsLive:target=virtualapp/didlogical</Data><Data Name='Type'>0</Data><Data Name='CountOfCredentialsReturned'>1</Data><Data Name='ReadOperation'>%%8100</Data><Data Name='ReturnCode'>0</Data><Data Name='ProcessCreationTime'>2023-10-22T15:23:47.1724625Z</Data><Data Name='ClientProcessId'>87976</Data></EventData></Event>"
        }
      },
      {
        "_index" : "ed_eventsecurity",
        "_type" : "_doc",
        "_id" : "3D04cIsB12YpCLTnl5yk",
        "_score" : 1.0,
        "_source" : {
          "eventrecordid" : 646419,
          "providername" : "Microsoft-Windows-Security-Auditing",
          "providerguid" : "{54849625-5478-4994-A5BA-3E3B0328C30D}",
          "eventid" : 0,
          "version" : 0,
          "level" : "AUDIT",
          "keywords" : "Audit Success",
          "task" : 13824,
          "opcode" : 0,
          "createdsystemtime" : 1697988227,
          "correlationactivityid" : "{CE29126C-FC40-000A-8312-29CE40FCD901}",
          "correlationrelatedactivityid" : "0",
          "executionprocessid" : 1256,
          "executionthreadid" : 158928,
          "channel" : "Security",
          "computer" : "MSI",
          "securityuserid" : "0",
          "evtrenderdata" : "<Event xmlns='http://schemas.microsoft.com/win/2004/08/events/event'><System><Provider Name='Microsoft-Windows-Security-Auditing' Guid='{54849625-5478-4994-a5ba-3e3b0328c30d}'/><EventID>5379</EventID><Version>0</Version><Level>0</Level><Task>13824</Task><Opcode>0</Opcode><Keywords>0x8020000000000000</Keywords><TimeCreated SystemTime='2023-10-22T15:23:47.1971001Z'/><EventRecordID>646419</EventRecordID><Correlation ActivityID='{ce29126c-fc40-000a-8312-29ce40fcd901}'/><Execution ProcessID='1256' ThreadID='158928'/><Channel>Security</Channel><Computer>MSI</Computer><Security/></System><EventData><Data Name='SubjectUserSid'>S-1-5-21-3414511439-2402517761-651233876-1001</Data><Data Name='SubjectUserName'>jim10</Data><Data Name='SubjectDomainName'>MSI</Data><Data Name='SubjectLogonId'>0x4d1e4</Data><Data Name='TargetName'>MicrosoftAccount:user=jim1010336@gmail.com</Data><Data Name='Type'>0</Data><Data Name='CountOfCredentialsReturned'>1</Data><Data Name='ReadOperation'>%%8100</Data><Data Name='ReturnCode'>0</Data><Data Name='ProcessCreationTime'>2023-10-22T15:23:47.1724625Z</Data><Data Name='ClientProcessId'>87976</Data></EventData></Event>",
