          "uuid" : "8b3eac2a-2aad-4625-ae5e-9bd337f09bcf",
          "agent" : "22ccf7992baf4400948ffb964f3dd537",
          "agentIP" : "202.75.139.76",
          "agentName" : "DESKTOP",
          "item_main" : "5379",
          "date_main" : 1696790373,
          "type_main" : "usb",
          "etc_main" : "<Event xmlns='http://schemas.microsoft.com/win/2004/08/events/event'><System><Provider Name='Microsoft-Windows-Security-Auditing' Guid='{54849625-5478-4994-a5ba-3e3b0328c30d}'/><EventID>5379</EventID><Version>0</Version><Level>0</Level><Task>13824</Task><Opcode>0</Opcode><Keywords>0x8020000000000000</Keywords><TimeCreated SystemTime='2023-10-08T18:39:33.4141367Z'/><EventRecordID>566900</EventRecordID><Correlation ActivityID='{2f9b351b-e891-0002-ac35-9b2f91e8d901}'/><Execution ProcessID='1336' ThreadID='4580'/><Channel>Security</Channel><Computer>MSI</Computer><Security/></System><EventData><Data Name='SubjectUserSid'>S-1-5-18</Data><Data Name='SubjectUserName'>MSI$</Data><Data Name='SubjectDomainName'>WORKGROUP</Data><Data Name='SubjectLogonId'>0x3e7</Data><Data Name='TargetName'>WindowsLive:(token):name=02beairehiclxtep;serviceuri=*</Data><Data Name='Type'>0</Data><Data Name='CountOfCredentialsReturned'>0</Data><Data Name='ReadOperation'>%%8100</Data><Data Name='ReturnCode'>3221226021</Data><Data Name='ProcessCreationTime'>2023-10-08T18:39:33.3689454Z</Data><Data Name='ClientProcessId'>26700</Data></EventData></Event>"
        }
      },
      {
        "_index" : "ed_eventsecurity",
        "_type" : "_doc",
        "_id" : "uwLFdosB12YpCLTneVKq",
        "_score" : 1.0,
        "_source" : {
          "eventrecordid" : 569159,
          "providername" : "Microsoft-Windows-Security-Auditing",
          "providerguid" : "{54849625-5478-4994-A5BA-3E3B0328C30D}",
          "eventid" : 0,
          "version" : 0,
          "level" : "AUDIT",
          "keywords" : "Audit Success",
          "task" : 13824,
          "opcode" : 0,
          "createdsystemtime" : 1696855277,
          "correlationactivityid" : "{2F9B351B-E891-0002-AC35-9B2F91E8D901}",
          "correlationrelatedactivityid" : "0",
          "executionprocessid" : 1336,
          "executionthreadid" : 25852,
          "channel" : "Security",
          "computer" : "MSI",
          "securityuserid" : "0",
          "evtrenderdata" : "<Event xmlns='http://schemas.microsoft.com/win/2004/08/events/event'><System><Provider Name='Microsoft-Windows-Security-Auditing' Guid='{54849625-5478-4994-a5ba-3e3b0328c30d}'/><EventID>4798</EventID><Version>0</Version><Level>0</Level><Task>13824</Task><Opcode>0</Opcode><Keywords>0x8020000000000000</Keywords><TimeCreated SystemTime='2023-10-09T12:41:17.2348619Z'/><EventRecordID>569159</EventRecordID><Correlation ActivityID='{2f9b351b-e891-0002-ac35-9b2f91e8d901}'/><Execution ProcessID='1336' ThreadID='25852'/><Channel>Security</Channel><Computer>MSI</Computer><Security/></System><EventData><Data Name='TargetUserName'>Guest</Data><Data Name='TargetDomainName'>MSI</Data><Data Name='TargetSid'>S-1-5-21-3414511439-2402517761-651233876-501</Data><Data Name='SubjectUserSid'>S-1-5-18</Data><Data Name='SubjectUserName'>MSI$</Data><Data Name='SubjectDomainName'>WORKGROUP</Data><Data Name='SubjectLogonId'>0x3e7</Data><Data Name='CallerProcessId'>0x3488</Data><Data Name='CallerProcessName'>C:\\Windows\\System32\\svchost.exe</Data></EventData></Event>",
          "uuid" : "146251ee-a5e8-4372-b2d7-e84fa3cde153",
          "agent" : "22ccf7992baf4400948ffb964f3dd537",
          "agentIP" : "202.75.139.76",
          "agentName" : "DESKTOP",
          "item_main" : "4798",
          "date_main" : 1696855277,
          "type_main" : "usb",
          "etc_main" : "<Event xmlns='http://schemas.microsoft.com/win/2004/08/events/event'><System><Provider Name='Microsoft-Windows-Security-Auditing' Guid='{54849625-5478-4994-a5ba-3e3b0328c30d}'/><EventID>4798</EventID><Version>0</Version><Level>0</Level><Task>13824</Task><Opcode>0</Opcode><Keywords>0x8020000000000000</Keywords><TimeCreated SystemTime='2023-10-09T12:41:17.2348619Z'/><EventRecordID>569159</EventRecordID><Correlation ActivityID='{2f9b351b-e891-0002-ac35-9b2f91e8d901}'/><Execution ProcessID='1336' ThreadID='25852'/><Channel>Security</Channel><Computer>MSI</Computer><Security/></System><EventData><Data Name='TargetUserName'>Guest</Data><Data Name='TargetDomainName'>MSI</Data><Data Name='TargetSid'>S-1-5-21-3414511439-2402517761-651233876-501</Data><Data Name='SubjectUserSid'>S-1-5-18</Data><Data Name='SubjectUserName'>MSI$</Data><Data Name='SubjectDomainName'>WORKGROUP</Data><Data Name='SubjectLogonId'>0x3e7</Data><Data Name='CallerProcessId'>0x3488</Data><Data Name='CallerProcessName'>C:\\Windows\\System32\\svchost.exe</Data></EventData></Event>"
        }
      },
      {
        "_index" : "ed_eventsecurity",
        "_type" : "_doc",
        "_id" : "IQLFdosB12YpCLTneVOq",
        "_score" : 1.0,
        "_source" : {
          "eventrecordid" : 569210,
          "providername" : "Microsoft-Windows-Security-Auditing",
          "providerguid" : "{54849625-5478-4994-A5BA-3E3B0328C30D}",
          "eventid" : 0,
          "version" : 0,
          "level" : "AUDIT",
          "keywords" : "Audit Success",
          "task" : 13824,
          "opcode" : 0,
          "createdsystemtime" : 1696858879,
          "correlationactivityid" : "{2F9B351B-E891-0002-AC35-9B2F91E8D901}",
          "correlationrelatedactivityid" : "0",
          "executionprocessid" : 1336,
          "executionthreadid" : 25852,
          "channel" : "Security",
          "computer" : "MSI",
          "securityuserid" : "0",
          "evtrenderdata" : "<Event xmlns='http://schemas.microsoft.com/win/2004/08/events/event'><System><Provider Name='Microsoft-Windows-Security-Auditing' Guid='{54849625-5478-4994-a5ba-3e3b0328c30d}'/><EventID>4798</EventID><Version>0</Version><Level>0</Level><Task>13824</Task><Opcode>0</Opcode><Keywords>0x8020000000000000</Keywords><TimeCreated SystemTime='2023-10-09T13:41:19.7462513Z'/><EventRecordID>569210</EventRecordID><Correlation ActivityID='{2f9b351b-e891-0002-ac35-9b2f91e8d901}'/><Execution ProcessID='1336' ThreadID='25852'/><Channel>Security</Channel><Computer>MSI</Computer><Security/></System><EventData><Data Name='TargetUserName'>DefaultAccount</Data><Data Name='TargetDomainName'>MSI</Data><Data Name='TargetSid'>S-1-5-21-3414511439-2402517761-651233876-503</Data><Data Name='SubjectUserSid'>S-1-5-18</Data><Data Name='SubjectUserName'>MSI$</Data><Data Name='SubjectDomainName'>WORKGROUP</Data><Data Name='SubjectLogonId'>0x3e7</Data><Data Name='CallerProcessId'>0x3488</Data><Data Name='CallerProcessName'>C:\\Windows\\System32\\svchost.exe</Data></EventData></Event>",
          "uuid" : "92e1acf6-eb5d-4302-ba68-02a5dbdd9419",
          "agent" : "22ccf7992baf4400948ffb964f3dd537",
          "agentIP" : "202.75.139.76",
          "agentName" : "DESKTOP",
          "item_main" : "4798",
          "date_main" : 1696858879,
          "type_main" : "usb",
          "etc_main" : "<Event xmlns='http://schemas.microsoft.com/win/2004/08/events/event'><System><Provider Name='Microsoft-Windows-Security-Auditing' Guid='{54849625-5478-4994-a5ba-3e3b0328c30d}'/><EventID>4798</EventID><Version>0</Version><Level>0</Level><Task>13824</Task><Opcode>0</Opcode><Keywords>0x8020000000000000</Keywords><TimeCreated SystemTime='2023-10-09T13:41:19.7462513Z'/><EventRecordID>569210</EventRecordID><Correlation ActivityID='{2f9b351b-e891-0002-ac35-9b2f91e8d901}'/><Execution ProcessID='1336' ThreadID='25852'/><Channel>Security</Channel><Computer>MSI</Computer><Security/></System><EventData><Data Name='TargetUserName'>DefaultAccount</Data><Data Name='TargetDomainName'>MSI</Data><Data Name='TargetSid'>S-1-5-21-3414511439-2402517761-651233876-503</Data><Data Name='SubjectUserSid'>S-1-5-18</Data><Data Name='SubjectUserName'>MSI$</Data><Data Name='SubjectDomainName'>WORKGROUP</Data><Data Name='SubjectLogonId'>0x3e7</Data><Data Name='CallerProcessId'>0x3488</Data><Data Name='CallerProcessName'>C:\\Windows\\System32\\svchost.exe</Data></EventData></Event>"
        }
      },
      {
        "_index" : "ed_eventsecurity",
        "_type" : "_doc",
        "_id" : "cv_FdosB12YpCLTnC-tk",
        "_score" : 1.0,
        "_source" : {
          "eventrecordid" : 565939,
          "providername" : "Microsoft-Windows-Security-Auditing",
          "providerguid" : "{54849625-5478-4994-A5BA-3E3B0328C30D}",
          "eventid" : 0,
          "version" : 0,
          "level" : "AUDIT",
          "keywords" : "Audit Success",
          "task" : 13824,
          "opcode" : 0,
          "createdsystemtime" : 1696763771,
          "correlationactivityid" : "{2F9B351B-E891-0002-AC35-9B2F91E8D901}",
          "correlationrelatedactivityid" : "0",
          "executionprocessid" : 1336,
          "executionthreadid" : 3008,
          "channel" : "Security",
          "computer" : "MSI",
          "securityuserid" : "0",
          "evtrenderdata" : "<Event xmlns='http://schemas.microsoft.com/win/2004/08/events/event'><System><Provider Name='Microsoft-Windows-Security-Auditing' Guid='{54849625-5478-4994-a5ba-3e3b0328c30d}'/><EventID>5379</EventID><Version>0</Version><Level>0</Level><Task>13824</Task><Opcode>0</Opcode><Keywords>0x8020000000000000</Keywords><TimeCreated SystemTime='2023-10-08T11:16:11.7203331Z'/><EventRecordID>565939</EventRecordID><Correlation ActivityID='{2f9b351b-e891-0002-ac35-9b2f91e8d901}'/><Execution ProcessID='1336' ThreadID='3008'/><Channel>Security</Channel><Computer>MSI</Computer><Security/></System><EventData><Data Name='SubjectUserSid'>S-1-5-21-3414511439-2402517761-651233876-1001</Data><Data Name='SubjectUserName'>jim10</Data><Data Name='SubjectDomainName'>MSI</Data><Data Name='SubjectLogonId'>0x390d7</Data><Data Name='TargetName'>MicrosoftAccount:user=jim1010336@gmail.com</Data><Data Name='Type'>0</Data><Data Name='CountOfCredentialsReturned'>1</Data><Data Name='ReadOperation'>%%8100</Data><Data Name='ReturnCode'>0</Data><Data Name='ProcessCreationTime'>2023-10-08T11:16:10.9951503Z</Data><Data Name='ClientProcessId'>7712</Data></EventData></Event>",
          "uuid" : "ad127dbf-73ac-4625-9e94-db0b5b7b9c6c",
          "agent" : "22ccf7992baf4400948ffb964f3dd537",
          "agentIP" : "202.75.139.76",
          "agentName" : "DESKTOP",
          "item_main" : "5379",
          "date_main" : 1696763771,
          "type_main" : "usb",
          "etc_main" : "<Event xmlns='http://schemas.microsoft.com/win/2004/08/events/event'><System><Provider Name='Microsoft-Windows-Security-Auditing' Guid='{54849625-5478-4994-a5ba-3e3b0328c30d}'/><EventID>5379</EventID><Version>0</Version><Level>0</Level><Task>13824</Task><Opcode>0</Opcode><Keywords>0x8020000000000000</Keywords><TimeCreated SystemTime='2023-10-08T11:16:11.7203331Z'/><EventRecordID>565939</EventRecordID><Correlation ActivityID='{2f9b351b-e891-0002-ac35-9b2f91e8d901}'/><Execution ProcessID='1336' ThreadID='3008'/><Channel>Security</Channel><Computer>MSI</Computer><Security/></System><EventData><Data Name='SubjectUserSid'>S-1-5-21-3414511439-2402517761-651233876-1001</Data><Data Name='SubjectUserName'>jim10</Data><Data Name='SubjectDomainName'>MSI</Data><Data Name='SubjectLogonId'>0x390d7</Data><Data Name='TargetName'>MicrosoftAccount:user=jim1010336@gmail.com</Data><Data Name='Type'>0</Data><Data Name='CountOfCredentialsReturned'>1</Data><Data Name='ReadOperation'>%%8100</Data><Data Name='ReturnCode'>0</Data><Data Name='ProcessCreationTime'>2023-10-08T11:16:10.9951503Z</Data><Data Name='ClientProcessId'>7712</Data></EventData></Event>"
        }
      },
      {
        "_index" : "ed_eventsecurity",
        "_type" : "_doc",
        "_id" : "AQLFdosB12YpCLTnUgJB",
        "_score" : 1.0,
        "_source" : {
          "eventrecordid" : 568826,
          "providername" : "Microsoft-Windows-Security-Auditing",
          "providerguid" : "{54849625-5478-4994-A5BA-3E3B0328C30D}",
          "eventid" : 0,
          "version" : 0,
          "level" : "AUDIT",
          "keywords" : "Audit Success",
          "task" : 13824,
          "opcode" : 0,
          "createdsystemtime" : 1696851377,
          "correlationactivityid" : "{2F9B351B-E891-0002-AC35-9B2F91E8D901}",
          "correlationrelatedactivityid" : "0",
          "executionprocessid" : 1336,
          "executionthreadid" : 24656,
          "channel" : "Security",
          "computer" : "MSI",
          "securityuserid" : "0",
          "evtrenderdata" : "<Event xmlns='http://schemas.microsoft.com/win/2004/08/events/event'><System><Provider Name='Microsoft-Windows-Security-Auditing' Guid='{54849625-5478-4994-a5ba-3e3b0328c30d}'/><EventID>5379</EventID><Version>0</Version><Level>0</Level><Task>13824</Task><Opcode>0</Opcode><Keywords>0x8020000000000000</Keywords><TimeCreated SystemTime='2023-10-09T11:36:17.5462544Z'/><EventRecordID>568826</EventRecordID><Correlation ActivityID='{2f9b351b-e891-0002-ac35-9b2f91e8d901}'/><Execution ProcessID='1336' ThreadID='24656'/><Channel>Security</Channel><Computer>MSI</Computer><Security/></System><EventData><Data Name='SubjectUserSid'>S-1-5-21-3414511439-2402517761-651233876-1001</Data><Data Name='SubjectUserName'>jim10</Data><Data Name='SubjectDomainName'>MSI</Data><Data Name='SubjectLogonId'>0x390d7</Data><Data Name='TargetName'>MicrosoftAccount:user=jim1010336@gmail.com</Data><Data Name='Type'>0</Data><Data Name='CountOfCredentialsReturned'>1</Data><Data Name='ReadOperation'>%%8100</Data><Data Name='ReturnCode'>0</Data><Data Name='ProcessCreationTime'>2023-10-09T11:36:17.5118325Z</Data><Data Name='ClientProcessId'>2968</Data></EventData></Event>",
          "uuid" : "8e2de621-6783-4482-95b0-244938af6493",
          "agent" : "22ccf7992baf4400948ffb964f3dd537",
          "agentIP" : "202.75.139.76",
          "agentName" : "DESKTOP",
          "item_main" : "5379",
          "date_main" : 1696851377,
          "type_main" : "usb",
          "etc_main" : "<Event xmlns='http://schemas.microsoft.com/win/2004/08/events/event'><System><Provider Name='Microsoft-Windows-Security-Auditing' Guid='{54849625-5478-4994-a5ba-3e3b0328c30d}'/><EventID>5379</EventID><Version>0</Version><Level>0</Level><Task>13824</Task><Opcode>0</Opcode><Keywords>0x8020000000000000</Keywords><TimeCreated SystemTime='2023-10-09T11:36:17.5462544Z'/><EventRecordID>568826</EventRecordID><Correlation ActivityID='{2f9b351b-e891-0002-ac35-9b2f91e8d901}'/><Execution ProcessID='1336' ThreadID='24656'/><Channel>Security</Channel><Computer>MSI</Computer><Security/></System><EventData><Data Name='SubjectUserSid'>S-1-5-21-3414511439-2402517761-651233876-1001</Data><Data Name='SubjectUserName'>jim10</Data><Data Name='SubjectDomainName'>MSI</Data><Data Name='SubjectLogonId'>0x390d7</Data><Data Name='TargetName'>MicrosoftAccount:user=jim1010336@gmail.com</Data><Data Name='Type'>0</Data><Data Name='CountOfCredentialsReturned'>1</Data><Data Name='ReadOperation'>%%8100</Data><Data Name='ReturnCode'>0</Data><Data Name='ProcessCreationTime'>2023-10-09T11:36:17.5118325Z</Data><Data Name='ClientProcessId'>2968</Data></EventData></Event>"
        }
      },
      {
        "_index" : "ed_eventsecurity",
        "_type" : "_doc",
        "_id" : "N__EdosB12YpCLTn6g9q",
        "_score" : 1.0,
        "_source" : {
          "eventrecordid" : 565114,
          "providername" : "Microsoft-Windows-Security-Auditing",
          "providerguid" : "{54849625-5478-4994-A5BA-3E3B0328C30D}",
          "eventid" : 0,
          "version" : 0,
          "level" : "AUDIT",
          "keywords" : "Audit Success",
          "task" : 13824,
          "opcode" : 0,
          "createdsystemtime" : 1696735721,
          "correlationactivityid" : "{2F9B351B-E891-0002-AC35-9B2F91E8D901}",
          "correlationrelatedactivityid" : "0",
          "executionprocessid" : 1336,
          "executionthreadid" : 12024,
          "channel" : "Security",
          "computer" : "MSI",
          "securityuserid" : "0",
          "evtrenderdata" : "<Event xmlns='http://schemas.microsoft.com/win/2004/08/events/event'><System><Provider Name='Microsoft-Windows-Security-Auditing' Guid='{54849625-5478-4994-a5ba-3e3b0328c30d}'/><EventID>5379</EventID><Version>0</Version><Level>0</Level><Task>13824</Task><Opcode>0</Opcode><Keywords>0x8020000000000000</Keywords><TimeCreated SystemTime='2023-10-08T03:28:41.3294069Z'/><EventRecordID>565114</EventRecordID><Correlation ActivityID='{2f9b351b-e891-0002-ac35-9b2f91e8d901}'/><Execution ProcessID='1336' ThreadID='12024'/><Channel>Security</Channel><Computer>MSI</Computer><Security/></System><EventData><Data Name='SubjectUserSid'>S-1-5-18</Data><Data Name='SubjectUserName'>MSI$</Data><Data Name='SubjectDomainName'>WORKGROUP</Data><Data Name='SubjectLogonId'>0x3e7</Data><Data Name='TargetName'>MicrosoftAccount:user=02beairehiclxtep</Data><Data Name='Type'>0</Data><Data Name='CountOfCredentialsReturned'>0</Data><Data Name='ReadOperation'>%%8100</Data><Data Name='ReturnCode'>3221226021</Data><Data Name='ProcessCreationTime'>2023-10-08T03:28:40.5962936Z</Data><Data Name='ClientProcessId'>23940</Data></EventData></Event>",
          "uuid" : "021228d2-c755-4625-9df5-405172183dfe",
          "agent" : "22ccf7992baf4400948ffb964f3dd537",
          "agentIP" : "202.75.139.76",
          "agentName" : "DESKTOP",
          "item_main" : "5379",
          "date_main" : 1696735721,
          "type_main" : "usb",
          "etc_main" : "<Event xmlns='http://schemas.microsoft.com/win/2004/08/events/event'><System><Provider Name='Microsoft-Windows-Security-Auditing' Guid='{54849625-5478-4994-a5ba-3e3b0328c30d}'/><EventID>5379</EventID><Version>0</Version><Level>0</Level><Task>13824</Task><Opcode>0</Opcode><Keywords>0x8020000000000000</Keywords><TimeCreated SystemTime='2023-10-08T03:28:41.3294069Z'/><EventRecordID>565114</EventRecordID><Correlation ActivityID='{2f9b351b-e891-0002-ac35-9b2f91e8d901}'/><Execution ProcessID='1336' ThreadID='12024'/><Channel>Security</Channel><Computer>MSI</Computer><Security/></System><EventData><Data Name='SubjectUserSid'>S-1-5-18</Data><Data Name='SubjectUserName'>MSI$</Data><Data Name='SubjectDomainName'>WORKGROUP</Data><Data Name='SubjectLogonId'>0x3e7</Data><Data Name='TargetName'>MicrosoftAccount:user=02beairehiclxtep</Data><Data Name='Type'>0</Data><Data Name='CountOfCredentialsReturned'>0</Data><Data Name='ReadOperation'>%%8100</Data><Data Name='ReturnCode'>3221226021</Data><Data Name='ProcessCreationTime'>2023-10-08T03:28:40.5962936Z</Data><Data Name='ClientProcessId'>23940</Data></EventData></Event>"
        }
      },
      {
        "_index" : "ed_eventsecurity",
        "_type" : "_doc",
        "_id" : "ZzAycIsB12YpCLTnVE9E",
        "_score" : 1.0,
        "_source" : {
          "eventrecordid" : 579583,
          "providername" : "Microsoft-Windows-Security-Auditing",
          "providerguid" : "{54849625-5478-4994-A5BA-3E3B0328C30D}",
          "eventid" : 0,
          "version" : 0,
          "level" : "AUDIT",
          "keywords" : "Audit Success",
          "task" : 13568,
          "opcode" : 0,
          "createdsystemtime" : 1696984225,
          "correlationactivityid" : "0",
          "correlationrelatedactivityid" : "0",
          "executionprocessid" : 4,
          "executionthreadid" : 24216,
          "channel" : "Security",
          "computer" : "MSI",
          "securityuserid" : "0",
          "evtrenderdata" : "<Event xmlns='http://schemas.microsoft.com/win/2004/08/events/event'><System><Provider Name='Microsoft-Windows-Security-Auditing' Guid='{54849625-5478-4994-a5ba-3e3b0328c30d}'/><EventID>4907</EventID><Version>0</Version><Level>0</Level><Task>13568</Task><Opcode>0</Opcode><Keywords>0x8020000000000000</Keywords><TimeCreated SystemTime='2023-10-11T00:30:25.4462533Z'/><EventRecordID>579583</EventRecordID><Correlation/><Execution ProcessID='4' ThreadID='24216'/><Channel>Security</Channel><Computer>MSI</Computer><Security/></System><EventData><Data Name='SubjectUserSid'>S-1-5-18</Data><Data Name='SubjectUserName'>MSI$</Data><Data Name='SubjectDomainName'>WORKGROUP</Data><Data Name='SubjectLogonId'>0x3e7</Data><Data Name='ObjectServer'>Security</Data><Data Name='ObjectType'>File</Data><Data Name='ObjectName'>C:\\Windows\\servicing\\Packages\\Microsoft-OneCore-Graphics-Tools-BC-Package~31bf3856ad364e35~amd64~~10.0.22621.2428.cat</Data><Data Name='HandleId'>0x5c0</Data><Data Name='OldSd'>S:AI(AU;SAFA;0x1f0116;;;WD)</Data><Data Name='NewSd'></Data><Data Name='ProcessId'>0x6a48</Data><Data Name='ProcessName'>C:\\Windows\\WinSxS\\amd64_microsoft-windows-servicingstack_31bf3856ad364e35_10.0.22621.2423_none_e946dbb842dfcc3f\\TiWorker.exe</Data></EventData></Event>",
          "uuid" : "ed8d5b4c-fff3-46bb-8d20-24a924143471",
          "agent" : "1b8014e35a39419e9df0ec2d8d4bd374",
          "agentIP" : "161.141.253.25",
          "agentName" : "DESKTOP",
          "item_main" : "4907",
          "date_main" : 1696984225,
          "type_main" : "usb",
          "etc_main" : "<Event xmlns='http://schemas.microsoft.com/win/2004/08/events/event'><System><Provider Name='Microsoft-Windows-Security-Auditing' Guid='{54849625-5478-4994-a5ba-3e3b0328c30d}'/><EventID>4907</EventID><Version>0</Version><Level>0</Level><Task>13568</Task><Opcode>0</Opcode><Keywords>0x8020000000000000</Keywords><TimeCreated SystemTime='2023-10-11T00:30:25.4462533Z'/><EventRecordID>579583</EventRecordID><Correlation/><Execution ProcessID='4' ThreadID='24216'/><Channel>Security</Channel><Computer>MSI</Computer><Security/></System><EventData><Data Name='SubjectUserSid'>S-1-5-18</Data><Data Name='SubjectUserName'>MSI$</Data><Data Name='SubjectDomainName'>WORKGROUP</Data><Data Name='SubjectLogonId'>0x3e7</Data><Data Name='ObjectServer'>Security</Data><Data Name='ObjectType'>File</Data><Data Name='ObjectName'>C:\\Windows\\servicing\\Packages\\Microsoft-OneCore-Graphics-Tools-BC-Package~31bf3856ad364e35~amd64~~10.0.22621.2428.cat</Data><Data Name='HandleId'>0x5c0</Data><Data Name='OldSd'>S:AI(AU;SAFA;0x1f0116;;;WD)</Data><Data Name='NewSd'></Data><Data Name='ProcessId'>0x6a48</Data><Data Name='ProcessName'>C:\\Windows\\WinSxS\\amd64_microsoft-windows-servicingstack_31bf3856ad364e35_10.0.22621.2423_none_e946dbb842dfcc3f\\TiWorker.exe</Data></EventData></Event>"
        }
      },
      {
        "_index" : "ed_eventsecurity",
        "_type" : "_doc",
        "_id" : "LzAycIsB12YpCLTnVFJE",
        "_score" : 1.0,
        "_source" : {
          "eventrecordid" : 579939,
          "providername" : "Microsoft-Windows-Security-Auditing",
          "providerguid" : "{54849625-5478-4994-A5BA-3E3B0328C30D}",
          "eventid" : 0,
          "version" : 0,
          "level" : "AUDIT",
          "keywords" : "Audit Success",
          "task" : 13824,
          "opcode" : 0,
          "createdsystemtime" : 1696993268,
          "correlationactivityid" : "{2F9B351B-E891-0002-AC35-9B2F91E8D901}",
          "correlationrelatedactivityid" : "0",
          "executionprocessid" : 1336,
          "executionthreadid" : 11496,
          "channel" : "Security",
          "computer" : "MSI",
          "securityuserid" : "0",
          "evtrenderdata" : "<Event xmlns='http://schemas.microsoft.com/win/2004/08/events/event'><System><Provider Name='Microsoft-Windows-Security-Auditing' Guid='{54849625-5478-4994-a5ba-3e3b0328c30d}'/><EventID>5379</EventID><Version>0</Version><Level>0</Level><Task>13824</Task><Opcode>0</Opcode><Keywords>0x8020000000000000</Keywords><TimeCreated SystemTime='2023-10-11T03:01:08.7371279Z'/><EventRecordID>579939</EventRecordID><Correlation ActivityID='{2f9b351b-e891-0002-ac35-9b2f91e8d901}'/><Execution ProcessID='1336' ThreadID='11496'/><Channel>Security</Channel><Computer>MSI</Computer><Security/></System><EventData><Data Name='SubjectUserSid'>S-1-5-21-3414511439-2402517761-651233876-1001</Data><Data Name='SubjectUserName'>jim10</Data><Data Name='SubjectDomainName'>MSI</Data><Data Name='SubjectLogonId'>0x390d7</Data><Data Name='TargetName'>MicrosoftAccount:user=jim1010336@gmail.com</Data><Data Name='Type'>0</Data><Data Name='CountOfCredentialsReturned'>1</Data><Data Name='ReadOperation'>%%8100</Data><Data Name='ReturnCode'>0</Data><Data Name='ProcessCreationTime'>2023-10-11T03:01:07.8358991Z</Data><Data Name='ClientProcessId'>20600</Data></EventData></Event>",
          "uuid" : "e70ba635-4625-4bd8-af7c-d72c8725abe2",
          "agent" : "1b8014e35a39419e9df0ec2d8d4bd374",
          "agentIP" : "161.141.253.25",
          "agentName" : "DESKTOP",
          "item_main" : "5379",
          "date_main" : 1696993268,
          "type_main" : "usb",
          "etc_main" : "<Event xmlns='http://schemas.microsoft.com/win/2004/08/events/event'><System><Provider Name='Microsoft-Windows-Security-Auditing' Guid='{54849625-5478-4994-a5ba-3e3b0328c30d}'/><EventID>5379</EventID><Version>0</Version><Level>0</Level><Task>13824</Task><Opcode>0</Opcode><Keywords>0x8020000000000000</Keywords><TimeCreated SystemTime='2023-10-11T03:01:08.7371279Z'/><EventRecordID>579939</EventRecordID><Correlation ActivityID='{2f9b351b-e891-0002-ac35-9b2f91e8d901}'/><Execution ProcessID='1336' ThreadID='11496'/><Channel>Security</Channel><Computer>MSI</Computer><Security/></System><EventData><Data Name='SubjectUserSid'>S-1-5-21-3414511439-2402517761-651233876-1001</Data><Data Name='SubjectUserName'>jim10</Data><Data Name='SubjectDomainName'>MSI</Data><Data Name='SubjectLogonId'>0x390d7</Data><Data Name='TargetName'>MicrosoftAccount:user=jim1010336@gmail.com</Data><Data Name='Type'>0</Data><Data Name='CountOfCredentialsReturned'>1</Data><Data Name='ReadOperation'>%%8100</Data><Data Name='ReturnCode'>0</Data><Data Name='ProcessCreationTime'>2023-10-11T03:01:07.8358991Z</Data><Data Name='ClientProcessId'>20600</Data></EventData></Event>"
        }
      },
      {
        "_index" : "ed_eventsecurity",
        "_type" : "_doc",
        "_id" : "DTAycIsB12YpCLTnFQWx",
        "_score" : 1.0,
        "_source" : {
          "eventrecordid" : 570066,
          "providername" : "Microsoft-Windows-Security-Auditing",
          "providerguid" : "{54849625-5478-4994-A5BA-3E3B0328C30D}",
          "eventid" : 0,
          "version" : 0,
          "level" : "AUDIT",
          "keywords" : "Audit Success",
          "task" : 13824,
          "opcode" : 0,
          "createdsystemtime" : 1696894935,
          "correlationactivityid" : "{2F9B351B-E891-0002-AC35-9B2F91E8D901}",
          "correlationrelatedactivityid" : "0",
          "executionprocessid" : 1336,
          "executionthreadid" : 19760,
          "channel" : "Security",
          "computer" : "MSI",
          "securityuserid" : "0",
          "evtrenderdata" : "<Event xmlns='http://schemas.microsoft.com/win/2004/08/events/event'><System><Provider Name='Microsoft-Windows-Security-Auditing' Guid='{54849625-5478-4994-a5ba-3e3b0328c30d}'/><EventID>4798</EventID><Version>0</Version><Level>0</Level><Task>13824</Task><Opcode>0</Opcode><Keywords>0x8020000000000000</Keywords><TimeCreated SystemTime='2023-10-09T23:42:15.7898585Z'/><EventRecordID>570066</EventRecordID><Correlation ActivityID='{2f9b351b-e891-0002-ac35-9b2f91e8d901}'/><Execution ProcessID='1336' ThreadID='19760'/><Channel>Security</Channel><Computer>MSI</Computer><Security/></System><EventData><Data Name='TargetUserName'>Guest</Data><Data Name='TargetDomainName'>MSI</Data><Data Name='TargetSid'>S-1-5-21-3414511439-2402517761-651233876-501</Data><Data Name='SubjectUserSid'>S-1-5-18</Data><Data Name='SubjectUserName'>MSI$</Data><Data Name='SubjectDomainName'>WORKGROUP</Data><Data Name='SubjectLogonId'>0x3e7</Data><Data Name='CallerProcessId'>0x3488</Data><Data Name='CallerProcessName'>C:\\Windows\\System32\\svchost.exe</Data></EventData></Event>",
          "uuid" : "c951f0a5-bbd3-4b1f-b58e-b3c43f462554",
          "agent" : "1b8014e35a39419e9df0ec2d8d4bd374",
          "agentIP" : "161.141.253.25",
          "agentName" : "DESKTOP",
          "item_main" : "4798",
          "date_main" : 1696894935,
          "type_main" : "usb",
          "etc_main" : "<Event xmlns='http://schemas.microsoft.com/win/2004/08/events/event'><System><Provider Name='Microsoft-Windows-Security-Auditing' Guid='{54849625-5478-4994-a5ba-3e3b0328c30d}'/><EventID>4798</EventID><Version>0</Version><Level>0</Level><Task>13824</Task><Opcode>0</Opcode><Keywords>0x8020000000000000</Keywords><TimeCreated SystemTime='2023-10-09T23:42:15.7898585Z'/><EventRecordID>570066</EventRecordID><Correlation ActivityID='{2f9b351b-e891-0002-ac35-9b2f91e8d901}'/><Execution ProcessID='1336' ThreadID='19760'/><Channel>Security</Channel><Computer>MSI</Computer><Security/></System><EventData><Data Name='TargetUserName'>Guest</Data><Data Name='TargetDomainName'>MSI</Data><Data Name='TargetSid'>S-1-5-21-3414511439-2402517761-651233876-501</Data><Data Name='SubjectUserSid'>S-1-5-18</Data><Data Name='SubjectUserName'>MSI$</Data><Data Name='SubjectDomainName'>WORKGROUP</Data><Data Name='SubjectLogonId'>0x3e7</Data><Data Name='CallerProcessId'>0x3488</Data><Data Name='CallerProcessName'>C:\\Windows\\System32\\svchost.exe</Data></EventData></Event>"
        }
      },
      {
        "_index" : "ed_eventsecurity",
        "_type" : "_doc",
        "_id" : "cTAycIsB12YpCLTnFQay",
        "_score" : 1.0,
        "_source" : {
          "eventrecordid" : 570244,
          "providername" : "Microsoft-Windows-Security-Auditing",
          "providerguid" : "{54849625-5478-4994-A5BA-3E3B0328C30D}",
          "eventid" : 0,
          "version" : 0,
          "level" : "AUDIT",
          "keywords" : "Audit Success",
          "task" : 13824,
          "opcode" : 0,
          "createdsystemtime" : 1696898593,
          "correlationactivityid" : "{2F9B351B-E891-0002-AC35-9B2F91E8D901}",
          "correlationrelatedactivityid" : "0",
          "executionprocessid" : 1336,
          "executionthreadid" : 4580,
          "channel" : "Security",
          "computer" : "MSI",
          "securityuserid" : "0",
          "evtrenderdata" : "<Event xmlns='http://schemas.microsoft.com/win/2004/08/events/event'><System><Provider Name='Microsoft-Windows-Security-Auditing' Guid='{54849625-5478-4994-a5ba-3e3b0328c30d}'/><EventID>5379</EventID><Version>0</Version><Level>0</Level><Task>13824</Task><Opcode>0</Opcode><Keywords>0x8020000000000000</Keywords><TimeCreated SystemTime='2023-10-10T00:43:13.7483926Z'/><EventRecordID>570244</EventRecordID><Correlation ActivityID='{2f9b351b-e891-0002-ac35-9b2f91e8d901}'/><Execution ProcessID='1336' ThreadID='4580'/><Channel>Security</Channel><Computer>MSI</Computer><Security/></System><EventData><Data Name='SubjectUserSid'>S-1-5-21-3414511439-2402517761-651233876-1001</Data><Data Name='SubjectUserName'>jim10</Data><Data Name='SubjectDomainName'>MSI</Data><Data Name='SubjectLogonId'>0x390d7</Data><Data Name='TargetName'>MicrosoftAccount:user=jim1010336@gmail.com</Data><Data Name='Type'>0</Data><Data Name='CountOfCredentialsReturned'>1</Data><Data Name='ReadOperation'>%%8100</Data><Data Name='ReturnCode'>0</Data><Data Name='ProcessCreationTime'>2023-10-10T00:42:18.4870230Z</Data><Data Name='ClientProcessId'>26872</Data></EventData></Event>",
          "uuid" : "334f3432-6c07-4625-900f-ab3dab1bf6dd",
          "agent" : "1b8014e35a39419e9df0ec2d8d4bd374",
          "agentIP" : "161.141.253.25",
          "agentName" : "DESKTOP",
          "item_main" : "5379",
          "date_main" : 1696898593,
          "type_main" : "usb",
          "etc_main" : "<Event xmlns='http://schemas.microsoft.com/win/2004/08/events/event'><System><Provider Name='Microsoft-Windows-Security-Auditing' Guid='{54849625-5478-4994-a5ba-3e3b0328c30d}'/><EventID>5379</EventID><Version>0</Version><Level>0</Level><Task>13824</Task><Opcode>0</Opcode><Keywords>0x8020000000000000</Keywords><TimeCreated SystemTime='2023-10-10T00:43:13.7483926Z'/><EventRecordID>570244</EventRecordID><Correlation ActivityID='{2f9b351b-e891-0002-ac35-9b2f91e8d901}'/><Execution ProcessID='1336' ThreadID='4580'/><Channel>Security</Channel><Computer>MSI</Computer><Security/></System><EventData><Data Name='SubjectUserSid'>S-1-5-21-3414511439-2402517761-651233876-1001</Data><Data Name='SubjectUserName'>jim10</Data><Data Name='SubjectDomainName'>MSI</Data><Data Name='SubjectLogonId'>0x390d7</Data><Data Name='TargetName'>MicrosoftAccount:user=jim1010336@gmail.com</Data><Data Name='Type'>0</Data><Data Name='CountOfCredentialsReturned'>1</Data><Data Name='ReadOperation'>%%8100</Data><Data Name='ReturnCode'>0</Data><Data Name='ProcessCreationTime'>2023-10-10T00:42:18.4870230Z</Data><Data Name='ClientProcessId'>26872</Data></EventData></Event>"
        }
      },
      {
        "_index" : "ed_eventsecurity",
        "_type" : "_doc",
        "_id" : "CTAycIsB12YpCLTnFQiy",
        "_score" : 1.0,
        "_source" : {
          "eventrecordid" : 570448,
          "providername" : "Microsoft-Windows-Security-Auditing",
          "providerguid" : "{54849625-5478-4994-A5BA-3E3B0328C30D}",
          "eventid" : 0,
          "version" : 0,
          "level" : "AUDIT",
          "keywords" : "Audit Success",
          "task" : 13824,
          "opcode" : 0,
          "createdsystemtime" : 1696902147,
          "correlationactivityid" : "{2F9B351B-E891-0002-AC35-9B2F91E8D901}",
          "correlationrelatedactivityid" : "0",
          "executionprocessid" : 1336,
          "executionthreadid" : 4580,
          "channel" : "Security",
          "computer" : "MSI",
          "securityuserid" : "0",
          "evtrenderdata" : "<Event xmlns='http://schemas.microsoft.com/win/2004/08/events/event'><System><Provider Name='Microsoft-Windows-Security-Auditing' Guid='{54849625-5478-4994-a5ba-3e3b0328c30d}'/><EventID>4798</EventID><Version>0</Version><Level>0</Level><Task>13824</Task><Opcode>0</Opcode><Keywords>0x8020000000000000</Keywords><TimeCreated SystemTime='2023-10-10T01:42:27.3791680Z'/><EventRecordID>570448</EventRecordID><Correlation ActivityID='{2f9b351b-e891-0002-ac35-9b2f91e8d901}'/><Execution ProcessID='1336' ThreadID='4580'/><Channel>Security</Channel><Computer>MSI</Computer><Security/></System><EventData><Data Name='TargetUserName'>Administrator</Data><Data Name='TargetDomainName'>MSI</Data><Data Name='TargetSid'>S-1-5-21-3414511439-2402517761-651233876-500</Data><Data Name='SubjectUserSid'>S-1-5-18</Data><Data Name='SubjectUserName'>MSI$</Data><Data Name='SubjectDomainName'>WORKGROUP</Data><Data Name='SubjectLogonId'>0x3e7</Data><Data Name='CallerProcessId'>0x3488</Data><Data Name='CallerProcessName'>C:\\Windows\\System32\\svchost.exe</Data></EventData></Event>",
          "uuid" : "0d3496a9-2fc4-4e11-b089-eb4625d79f4f",
          "agent" : "1b8014e35a39419e9df0ec2d8d4bd374",
          "agentIP" : "161.141.253.25",
          "agentName" : "DESKTOP",
          "item_main" : "4798",
          "date_main" : 1696902147,
          "type_main" : "usb",
          "etc_main" : "<Event xmlns='http://schemas.microsoft.com/win/2004/08/events/event'><System><Provider Name='Microsoft-Windows-Security-Auditing' Guid='{54849625-5478-4994-a5ba-3e3b0328c30d}'/><EventID>4798</EventID><Version>0</Version><Level>0</Level><Task>13824</Task><Opcode>0</Opcode><Keywords>0x8020000000000000</Keywords><TimeCreated SystemTime='2023-10-10T01:42:27.3791680Z'/><EventRecordID>570448</EventRecordID><Correlation ActivityID='{2f9b351b-e891-0002-ac35-9b2f91e8d901}'/><Execution ProcessID='1336' ThreadID='4580'/><Channel>Security</Channel><Computer>MSI</Computer><Security/></System><EventData><Data Name='TargetUserName'>Administrator</Data><Data Name='TargetDomainName'>MSI</Data><Data Name='TargetSid'>S-1-5-21-3414511439-2402517761-651233876-500</Data><Data Name='SubjectUserSid'>S-1-5-18</Data><Data Name='SubjectUserName'>MSI$</Data><Data Name='SubjectDomainName'>WORKGROUP</Data><Data Name='SubjectLogonId'>0x3e7</Data><Data Name='CallerProcessId'>0x3488</Data><Data Name='CallerProcessName'>C:\\Windows\\System32\\svchost.exe</Data></EventData></Event>"
        }
      },
      {
        "_index" : "ed_eventsecurity",
        "_type" : "_doc",
        "_id" : "Ey8xcIsB12YpCLTnrY-_",
        "_score" : 1.0,
        "_source" : {
          "eventrecordid" : 554965,
          "providername" : "Microsoft-Windows-Security-Auditing",
          "providerguid" : "{54849625-5478-4994-A5BA-3E3B0328C30D}",
          "eventid" : 0,
          "version" : 0,
          "level" : "AUDIT",
          "keywords" : "Audit Success",
          "task" : 13824,
          "opcode" : 0,
          "createdsystemtime" : 1696429655,
          "correlationactivityid" : "{2F9B351B-E891-0002-AC35-9B2F91E8D901}",
          "correlationrelatedactivityid" : "0",
          "executionprocessid" : 1336,
          "executionthreadid" : 4580,
          "channel" : "Security",
          "computer" : "MSI",
          "securityuserid" : "0",
          "evtrenderdata" : "<Event xmlns='http://schemas.microsoft.com/win/2004/08/events/event'><System><Provider Name='Microsoft-Windows-Security-Auditing' Guid='{54849625-5478-4994-a5ba-3e3b0328c30d}'/><EventID>4798</EventID><Version>0</Version><Level>0</Level><Task>13824</Task><Opcode>0</Opcode><Keywords>0x8020000000000000</Keywords><TimeCreated SystemTime='2023-10-04T14:27:35.0146252Z'/><EventRecordID>554965</EventRecordID><Correlation ActivityID='{2f9b351b-e891-0002-ac35-9b2f91e8d901}'/><Execution ProcessID='1336' ThreadID='4580'/><Channel>Security</Channel><Computer>MSI</Computer><Security/></System><EventData><Data Name='TargetUserName'>DefaultAccount</Data><Data Name='TargetDomainName'>MSI</Data><Data Name='TargetSid'>S-1-5-21-3414511439-2402517761-651233876-503</Data><Data Name='SubjectUserSid'>S-1-5-18</Data><Data Name='SubjectUserName'>MSI$</Data><Data Name='SubjectDomainName'>WORKGROUP</Data><Data Name='SubjectLogonId'>0x3e7</Data><Data Name='CallerProcessId'>0x3488</Data><Data Name='CallerProcessName'>C:\\Windows\\System32\\svchost.exe</Data></EventData></Event>",
          "uuid" : "5c2561f1-ea68-4026-8dbf-dc302f6adf9f",
          "agent" : "1b8014e35a39419e9df0ec2d8d4bd374",
          "agentIP" : "161.141.253.25",
          "agentName" : "DESKTOP",
          "item_main" : "4798",
          "date_main" : 1696429655,
          "type_main" : "usb",
          "etc_main" : "<Event xmlns='http://schemas.microsoft.com/win/2004/08/events/event'><System><Provider Name='Microsoft-Windows-Security-Auditing' Guid='{54849625-5478-4994-a5ba-3e3b0328c30d}'/><EventID>4798</EventID><Version>0</Version><Level>0</Level><Task>13824</Task><Opcode>0</Opcode><Keywords>0x8020000000000000</Keywords><TimeCreated SystemTime='2023-10-04T14:27:35.0146252Z'/><EventRecordID>554965</EventRecordID><Correlation ActivityID='{2f9b351b-e891-0002-ac35-9b2f91e8d901}'/><Execution ProcessID='1336' ThreadID='4580'/><Channel>Security</Channel><Computer>MSI</Computer><Security/></System><EventData><Data Name='TargetUserName'>DefaultAccount</Data><Data Name='TargetDomainName'>MSI</Data><Data Name='TargetSid'>S-1-5-21-3414511439-2402517761-651233876-503</Data><Data Name='SubjectUserSid'>S-1-5-18</Data><Data Name='SubjectUserName'>MSI$</Data><Data Name='SubjectDomainName'>WORKGROUP</Data><Data Name='SubjectLogonId'>0x3e7</Data><Data Name='CallerProcessId'>0x3488</Data><Data Name='CallerProcessName'>C:\\Windows\\System32\\svchost.exe</Data></EventData></Event>"
        }
      },
      {
        "_index" : "ed_eventsecurity",
        "_type" : "_doc",
        "_id" : "AS8xcIsB12YpCLTn670r",
        "_score" : 1.0,
        "_source" : {
          "eventrecordid" : 560844,
          "providername" : "Microsoft-Windows-Security-Auditing",
          "providerguid" : "{54849625-5478-4994-A5BA-3E3B0328C30D}",
          "eventid" : 0,
          "version" : 0,
          "level" : "AUDIT",
          "keywords" : "Audit Success",
          "task" : 13824,
          "opcode" : 0,
          "createdsystemtime" : 1696599296,
          "correlationactivityid" : "{2F9B351B-E891-0002-AC35-9B2F91E8D901}",
          "correlationrelatedactivityid" : "0",
          "executionprocessid" : 1336,
          "executionthreadid" : 12496,
          "channel" : "Security",
          "computer" : "MSI",
          "securityuserid" : "0",
          "evtrenderdata" : "<Event xmlns='http://schemas.microsoft.com/win/2004/08/events/event'><System><Provider Name='Microsoft-Windows-Security-Auditing' Guid='{54849625-5478-4994-a5ba-3e3b0328c30d}'/><EventID>4798</EventID><Version>0</Version><Level>0</Level><Task>13824</Task><Opcode>0</Opcode><Keywords>0x8020000000000000</Keywords><TimeCreated SystemTime='2023-10-06T13:34:56.7870095Z'/><EventRecordID>560844</EventRecordID><Correlation ActivityID='{2f9b351b-e891-0002-ac35-9b2f91e8d901}'/><Execution ProcessID='1336' ThreadID='12496'/><Channel>Security</Channel><Computer>MSI</Computer><Security/></System><EventData><Data Name='TargetUserName'>Guest</Data><Data Name='TargetDomainName'>MSI</Data><Data Name='TargetSid'>S-1-5-21-3414511439-2402517761-651233876-501</Data><Data Name='SubjectUserSid'>S-1-5-18</Data><Data Name='SubjectUserName'>MSI$</Data><Data Name='SubjectDomainName'>WORKGROUP</Data><Data Name='SubjectLogonId'>0x3e7</Data><Data Name='CallerProcessId'>0x3488</Data><Data Name='CallerProcessName'>C:\\Windows\\System32\\svchost.exe</Data></EventData></Event>",
          "uuid" : "e4625009-5421-4b28-9269-679ca1794693",
          "agent" : "1b8014e35a39419e9df0ec2d8d4bd374",
          "agentIP" : "161.141.253.25",
          "agentName" : "DESKTOP",
          "item_main" : "4798",
          "date_main" : 1696599296,
          "type_main" : "usb",
          "etc_main" : "<Event xmlns='http://schemas.microsoft.com/win/2004/08/events/event'><System><Provider Name='Microsoft-Windows-Security-Auditing' Guid='{54849625-5478-4994-a5ba-3e3b0328c30d}'/><EventID>4798</EventID><Version>0</Version><Level>0</Level><Task>13824</Task><Opcode>0</Opcode><Keywords>0x8020000000000000</Keywords><TimeCreated SystemTime='2023-10-06T13:34:56.7870095Z'/><EventRecordID>560844</EventRecordID><Correlation ActivityID='{2f9b351b-e891-0002-ac35-9b2f91e8d901}'/><Execution ProcessID='1336' ThreadID='12496'/><Channel>Security</Channel><Computer>MSI</Computer><Security/></System><EventData><Data Name='TargetUserName'>Guest</Data><Data Name='TargetDomainName'>MSI</Data><Data Name='TargetSid'>S-1-5-21-3414511439-2402517761-651233876-501</Data><Data Name='SubjectUserSid'>S-1-5-18</Data><Data Name='SubjectUserName'>MSI$</Data><Data Name='SubjectDomainName'>WORKGROUP</Data><Data Name='SubjectLogonId'>0x3e7</Data><Data Name='CallerProcessId'>0x3488</Data><Data Name='CallerProcessName'>C:\\Windows\\System32\\svchost.exe</Data></EventData></Event>"
        }
      },
      {
        "_index" : "ed_eventsecurity",
        "_type" : "_doc",
        "_id" : "4f7EdosB12YpCLTnyYG3",
        "_score" : 1.0,
        "_source" : {
          "eventrecordid" : 563922,
          "providername" : "Microsoft-Windows-Security-Auditing",
          "providerguid" : "{54849625-5478-4994-A5BA-3E3B0328C30D}",
          "eventid" : 0,
          "version" : 0,
          "level" : "AUDIT",
          "keywords" : "Audit Success",
          "task" : 13824,
          "opcode" : 0,
          "createdsystemtime" : 1696693034,
          "correlationactivityid" : "{2F9B351B-E891-0002-AC35-9B2F91E8D901}",
          "correlationrelatedactivityid" : "0",
          "executionprocessid" : 1336,
          "executionthreadid" : 21088,
          "channel" : "Security",
          "computer" : "MSI",
          "securityuserid" : "0",
          "evtrenderdata" : "<Event xmlns='http://schemas.microsoft.com/win/2004/08/events/event'><System><Provider Name='Microsoft-Windows-Security-Auditing' Guid='{54849625-5478-4994-a5ba-3e3b0328c30d}'/><EventID>4798</EventID><Version>0</Version><Level>0</Level><Task>13824</Task><Opcode>0</Opcode><Keywords>0x8020000000000000</Keywords><TimeCreated SystemTime='2023-10-07T15:37:14.6146258Z'/><EventRecordID>563922</EventRecordID><Correlation ActivityID='{2f9b351b-e891-0002-ac35-9b2f91e8d901}'/><Execution ProcessID='1336' ThreadID='21088'/><Channel>Security</Channel><Computer>MSI</Computer><Security/></System><EventData><Data Name='TargetUserName'>Guest</Data><Data Name='TargetDomainName'>MSI</Data><Data Name='TargetSid'>S-1-5-21-3414511439-2402517761-651233876-501</Data><Data Name='SubjectUserSid'>S-1-5-18</Data><Data Name='SubjectUserName'>MSI$</Data><Data Name='SubjectDomainName'>WORKGROUP</Data><Data Name='SubjectLogonId'>0x3e7</Data><Data Name='CallerProcessId'>0x3488</Data><Data Name='CallerProcessName'>C:\\Windows\\System32\\svchost.exe</Data></EventData></Event>",
          "uuid" : "baf4ed41-88fa-41e3-8342-9afe6c36bc68",
          "agent" : "22ccf7992baf4400948ffb964f3dd537",
          "agentIP" : "202.75.139.76",
          "agentName" : "DESKTOP",
          "item_main" : "4798",
          "date_main" : 1696693034,
          "type_main" : "usb",
          "etc_main" : "<Event xmlns='http://schemas.microsoft.com/win/2004/08/events/event'><System><Provider Name='Microsoft-Windows-Security-Auditing' Guid='{54849625-5478-4994-a5ba-3e3b0328c30d}'/><EventID>4798</EventID><Version>0</Version><Level>0</Level><Task>13824</Task><Opcode>0</Opcode><Keywords>0x8020000000000000</Keywords><TimeCreated SystemTime='2023-10-07T15:37:14.6146258Z'/><EventRecordID>563922</EventRecordID><Correlation ActivityID='{2f9b351b-e891-0002-ac35-9b2f91e8d901}'/><Execution ProcessID='1336' ThreadID='21088'/><Channel>Security</Channel><Computer>MSI</Computer><Security/></System><EventData><Data Name='TargetUserName'>Guest</Data><Data Name='TargetDomainName'>MSI</Data><Data Name='TargetSid'>S-1-5-21-3414511439-2402517761-651233876-501</Data><Data Name='SubjectUserSid'>S-1-5-18</Data><Data Name='SubjectUserName'>MSI$</Data><Data Name='SubjectDomainName'>WORKGROUP</Data><Data Name='SubjectLogonId'>0x3e7</Data><Data Name='CallerProcessId'>0x3488</Data><Data Name='CallerProcessName'>C:\\Windows\\System32\\svchost.exe</Data></EventData></Event>"
        }
      },
      {
        "_index" : "ed_eventsecurity",
        "_type" : "_doc",
        "_id" : "hf7EdosB12YpCLTnyYW4",
        "_score" : 1.0,
        "_source" : {
          "eventrecordid" : 564088,
          "providername" : "Microsoft-Windows-Security-Auditing",
          "providerguid" : "{54849625-5478-4994-A5BA-3E3B0328C30D}",
          "eventid" : 0,
          "version" : 0,
          "level" : "AUDIT",
          "keywords" : "Audit Success",
          "task" : 13824,
          "opcode" : 0,
          "createdsystemtime" : 1696702042,
          "correlationactivityid" : "{2F9B351B-E891-0002-AC35-9B2F91E8D901}",
          "correlationrelatedactivityid" : "0",
          "executionprocessid" : 1336,
          "executionthreadid" : 4580,
          "channel" : "Security",
          "computer" : "MSI",
          "securityuserid" : "0",
          "evtrenderdata" : "<Event xmlns='http://schemas.microsoft.com/win/2004/08/events/event'><System><Provider Name='Microsoft-Windows-Security-Auditing' Guid='{54849625-5478-4994-a5ba-3e3b0328c30d}'/><EventID>5379</EventID><Version>0</Version><Level>0</Level><Task>13824</Task><Opcode>0</Opcode><Keywords>0x8020000000000000</Keywords><TimeCreated SystemTime='2023-10-07T18:07:22.7434220Z'/><EventRecordID>564088</EventRecordID><Correlation ActivityID='{2f9b351b-e891-0002-ac35-9b2f91e8d901}'/><Execution ProcessID='1336' ThreadID='4580'/><Channel>Security</Channel><Computer>MSI</Computer><Security/></System><EventData><Data Name='SubjectUserSid'>S-1-5-21-3414511439-2402517761-651233876-1001</Data><Data Name='SubjectUserName'>jim10</Data><Data Name='SubjectDomainName'>MSI</Data><Data Name='SubjectLogonId'>0x390d7</Data><Data Name='TargetName'>WindowsLive:(cert):name=02iyjtlirajbhiqx;serviceuri=*</Data><Data Name='Type'>0</Data><Data Name='CountOfCredentialsReturned'>0</Data><Data Name='ReadOperation'>%%8100</Data><Data Name='ReturnCode'>3221226021</Data><Data Name='ProcessCreationTime'>2023-10-07T18:07:22.6964922Z</Data><Data Name='ClientProcessId'>7864</Data></EventData></Event>",
