          "uuid" : "37d1f453-09af-4b62-87f1-bed640da9e2b",
          "agent" : "3e716e2d61ba910983cb456817116799",
          "agentIP" : "192.168.200.128",
          "agentName" : "MSI",
          "item_main" : "5379",
          "date_main" : 1698254655,
          "type_main" : "usb",
          "etc_main" : "<Event xmlns='http://schemas.microsoft.com/win/2004/08/events/event'><System><Provider Name='Microsoft-Windows-Security-Auditing' Guid='{54849625-5478-4994-a5ba-3e3b0328c30d}'/><EventID>5379</EventID><Version>0</Version><Level>0</Level><Task>13824</Task><Opcode>0</Opcode><Keywords>0x8020000000000000</Keywords><TimeCreated SystemTime='2023-10-25T17:24:15.4625663Z'/><EventRecordID>666271</EventRecordID><Correlation ActivityID='{ce29126c-fc40-000a-8312-29ce40fcd901}'/><Execution ProcessID='1256' ThreadID='1336'/><Channel>Security</Channel><Computer>MSI</Computer><Security/></System><EventData><Data Name='SubjectUserSid'>S-1-5-21-3414511439-2402517761-651233876-1001</Data><Data Name='SubjectUserName'>jim10</Data><Data Name='SubjectDomainName'>MSI</Data><Data Name='SubjectLogonId'>0x4d1e4</Data><Data Name='TargetName'>WindowsLive:(cert):name=jim1010336@gmail.com;serviceuri=*</Data><Data Name='Type'>0</Data><Data Name='CountOfCredentialsReturned'>0</Data><Data Name='ReadOperation'>%%8100</Data><Data Name='ReturnCode'>3221226021</Data><Data Name='ProcessCreationTime'>2023-10-25T17:21:04.4363071Z</Data><Data Name='ClientProcessId'>7772</Data></EventData></Event>"
        }
      },
      {
        "_index" : "ed_eventsecurity",
        "_type" : "_doc",
        "_id" : "1D45cIsB12YpCLTnFDm1",
        "_score" : 1.0,
        "_source" : {
          "eventrecordid" : 666509,
          "providername" : "Microsoft-Windows-Security-Auditing",
          "providerguid" : "{54849625-5478-4994-A5BA-3E3B0328C30D}",
          "eventid" : 0,
          "version" : 3,
          "level" : "AUDIT",
          "keywords" : "Audit Success",
          "task" : 12544,
          "opcode" : 0,
          "createdsystemtime" : 1698257606,
          "correlationactivityid" : "{CE29126C-FC40-000A-8312-29CE40FCD901}",
          "correlationrelatedactivityid" : "0",
          "executionprocessid" : 1256,
          "executionthreadid" : 1336,
          "channel" : "Security",
          "computer" : "MSI",
          "securityuserid" : "0",
          "evtrenderdata" : "<Event xmlns='http://schemas.microsoft.com/win/2004/08/events/event'><System><Provider Name='Microsoft-Windows-Security-Auditing' Guid='{54849625-5478-4994-a5ba-3e3b0328c30d}'/><EventID>4624</EventID><Version>3</Version><Level>0</Level><Task>12544</Task><Opcode>0</Opcode><Keywords>0x8020000000000000</Keywords><TimeCreated SystemTime='2023-10-25T18:13:26.3303301Z'/><EventRecordID>666509</EventRecordID><Correlation ActivityID='{ce29126c-fc40-000a-8312-29ce40fcd901}'/><Execution ProcessID='1256' ThreadID='1336'/><Channel>Security</Channel><Computer>MSI</Computer><Security/></System><EventData><Data Name='SubjectUserSid'>S-1-5-18</Data><Data Name='SubjectUserName'>MSI$</Data><Data Name='SubjectDomainName'>WORKGROUP</Data><Data Name='SubjectLogonId'>0x3e7</Data><Data Name='TargetUserSid'>S-1-5-18</Data><Data Name='TargetUserName'>SYSTEM</Data><Data Name='TargetDomainName'>NT AUTHORITY</Data><Data Name='TargetLogonId'>0x3e7</Data><Data Name='LogonType'>5</Data><Data Name='LogonProcessName'>Advapi  </Data><Data Name='AuthenticationPackageName'>Negotiate</Data><Data Name='WorkstationName'>-</Data><Data Name='LogonGuid'>{00000000-0000-0000-0000-000000000000}</Data><Data Name='TransmittedServices'>-</Data><Data Name='LmPackageName'>-</Data><Data Name='KeyLength'>0</Data><Data Name='ProcessId'>0x4c4</Data><Data Name='ProcessName'>C:\\Windows\\System32\\services.exe</Data><Data Name='IpAddress'>-</Data><Data Name='IpPort'>-</Data><Data Name='ImpersonationLevel'>%%1833</Data><Data Name='RestrictedAdminMode'>-</Data><Data Name='RemoteCredentialGuard'>-</Data><Data Name='TargetOutboundUserName'>-</Data><Data Name='TargetOutboundDomainName'>-</Data><Data Name='VirtualAccount'>%%1843</Data><Data Name='TargetLinkedLogonId'>0x0</Data><Data Name='ElevatedToken'>%%1842</Data></EventData></Event>",
          "uuid" : "0b9a64aa-c484-4625-a828-bfe58a39f141",
          "agent" : "3e716e2d61ba910983cb456817116799",
          "agentIP" : "192.168.200.128",
          "agentName" : "MSI",
          "item_main" : "4624",
          "date_main" : 1698257606,
          "type_main" : "usb",
          "etc_main" : "<Event xmlns='http://schemas.microsoft.com/win/2004/08/events/event'><System><Provider Name='Microsoft-Windows-Security-Auditing' Guid='{54849625-5478-4994-a5ba-3e3b0328c30d}'/><EventID>4624</EventID><Version>3</Version><Level>0</Level><Task>12544</Task><Opcode>0</Opcode><Keywords>0x8020000000000000</Keywords><TimeCreated SystemTime='2023-10-25T18:13:26.3303301Z'/><EventRecordID>666509</EventRecordID><Correlation ActivityID='{ce29126c-fc40-000a-8312-29ce40fcd901}'/><Execution ProcessID='1256' ThreadID='1336'/><Channel>Security</Channel><Computer>MSI</Computer><Security/></System><EventData><Data Name='SubjectUserSid'>S-1-5-18</Data><Data Name='SubjectUserName'>MSI$</Data><Data Name='SubjectDomainName'>WORKGROUP</Data><Data Name='SubjectLogonId'>0x3e7</Data><Data Name='TargetUserSid'>S-1-5-18</Data><Data Name='TargetUserName'>SYSTEM</Data><Data Name='TargetDomainName'>NT AUTHORITY</Data><Data Name='TargetLogonId'>0x3e7</Data><Data Name='LogonType'>5</Data><Data Name='LogonProcessName'>Advapi  </Data><Data Name='AuthenticationPackageName'>Negotiate</Data><Data Name='WorkstationName'>-</Data><Data Name='LogonGuid'>{00000000-0000-0000-0000-000000000000}</Data><Data Name='TransmittedServices'>-</Data><Data Name='LmPackageName'>-</Data><Data Name='KeyLength'>0</Data><Data Name='ProcessId'>0x4c4</Data><Data Name='ProcessName'>C:\\Windows\\System32\\services.exe</Data><Data Name='IpAddress'>-</Data><Data Name='IpPort'>-</Data><Data Name='ImpersonationLevel'>%%1833</Data><Data Name='RestrictedAdminMode'>-</Data><Data Name='RemoteCredentialGuard'>-</Data><Data Name='TargetOutboundUserName'>-</Data><Data Name='TargetOutboundDomainName'>-</Data><Data Name='VirtualAccount'>%%1843</Data><Data Name='TargetLinkedLogonId'>0x0</Data><Data Name='ElevatedToken'>%%1842</Data></EventData></Event>"
        }
      },
      {
        "_index" : "ed_eventsecurity",
        "_type" : "_doc",
        "_id" : "ND45cIsB12YpCLTnQDwo",
        "_score" : 1.0,
        "_source" : {
          "eventrecordid" : 666813,
          "providername" : "Microsoft-Windows-Security-Auditing",
          "providerguid" : "{54849625-5478-4994-A5BA-3E3B0328C30D}",
          "eventid" : 0,
          "version" : 0,
          "level" : "AUDIT",
          "keywords" : "Audit Success",
          "task" : 13824,
          "opcode" : 0,
          "createdsystemtime" : 1698261853,
          "correlationactivityid" : "{CE29126C-FC40-000A-8312-29CE40FCD901}",
          "correlationrelatedactivityid" : "0",
          "executionprocessid" : 1256,
          "executionthreadid" : 26952,
          "channel" : "Security",
          "computer" : "MSI",
          "securityuserid" : "0",
          "evtrenderdata" : "<Event xmlns='http://schemas.microsoft.com/win/2004/08/events/event'><System><Provider Name='Microsoft-Windows-Security-Auditing' Guid='{54849625-5478-4994-a5ba-3e3b0328c30d}'/><EventID>5379</EventID><Version>0</Version><Level>0</Level><Task>13824</Task><Opcode>0</Opcode><Keywords>0x8020000000000000</Keywords><TimeCreated SystemTime='2023-10-25T19:24:13.8198365Z'/><EventRecordID>666813</EventRecordID><Correlation ActivityID='{ce29126c-fc40-000a-8312-29ce40fcd901}'/><Execution ProcessID='1256' ThreadID='26952'/><Channel>Security</Channel><Computer>MSI</Computer><Security/></System><EventData><Data Name='SubjectUserSid'>S-1-5-21-3414511439-2402517761-651233876-1001</Data><Data Name='SubjectUserName'>jim10</Data><Data Name='SubjectDomainName'>MSI</Data><Data Name='SubjectLogonId'>0x4d1e4</Data><Data Name='TargetName'>WindowsLive:(cert):name=jim1010336@gmail.com;serviceuri=*</Data><Data Name='Type'>0</Data><Data Name='CountOfCredentialsReturned'>0</Data><Data Name='ReadOperation'>%%8100</Data><Data Name='ReturnCode'>3221226021</Data><Data Name='ProcessCreationTime'>2023-10-25T19:24:13.7753217Z</Data><Data Name='ClientProcessId'>115004</Data></EventData></Event>",
          "uuid" : "7f510cf8-a2b6-4b34-b680-3b02046252ca",
          "agent" : "3e716e2d61ba910983cb456817116799",
          "agentIP" : "192.168.200.128",
          "agentName" : "MSI",
          "item_main" : "5379",
          "date_main" : 1698261853,
          "type_main" : "usb",
          "etc_main" : "<Event xmlns='http://schemas.microsoft.com/win/2004/08/events/event'><System><Provider Name='Microsoft-Windows-Security-Auditing' Guid='{54849625-5478-4994-a5ba-3e3b0328c30d}'/><EventID>5379</EventID><Version>0</Version><Level>0</Level><Task>13824</Task><Opcode>0</Opcode><Keywords>0x8020000000000000</Keywords><TimeCreated SystemTime='2023-10-25T19:24:13.8198365Z'/><EventRecordID>666813</EventRecordID><Correlation ActivityID='{ce29126c-fc40-000a-8312-29ce40fcd901}'/><Execution ProcessID='1256' ThreadID='26952'/><Channel>Security</Channel><Computer>MSI</Computer><Security/></System><EventData><Data Name='SubjectUserSid'>S-1-5-21-3414511439-2402517761-651233876-1001</Data><Data Name='SubjectUserName'>jim10</Data><Data Name='SubjectDomainName'>MSI</Data><Data Name='SubjectLogonId'>0x4d1e4</Data><Data Name='TargetName'>WindowsLive:(cert):name=jim1010336@gmail.com;serviceuri=*</Data><Data Name='Type'>0</Data><Data Name='CountOfCredentialsReturned'>0</Data><Data Name='ReadOperation'>%%8100</Data><Data Name='ReturnCode'>3221226021</Data><Data Name='ProcessCreationTime'>2023-10-25T19:24:13.7753217Z</Data><Data Name='ClientProcessId'>115004</Data></EventData></Event>"
        }
      },
      {
        "_index" : "ed_eventsecurity",
        "_type" : "_doc",
        "_id" : "Rj45cIsB12YpCLTnQE4r",
        "_score" : 1.0,
        "_source" : {
          "eventrecordid" : 669126,
          "providername" : "Microsoft-Windows-Security-Auditing",
          "providerguid" : "{54849625-5478-4994-A5BA-3E3B0328C30D}",
          "eventid" : 0,
          "version" : 0,
          "level" : "AUDIT",
          "keywords" : "Audit Success",
          "task" : 13824,
          "opcode" : 0,
          "createdsystemtime" : 1698294876,
          "correlationactivityid" : "{CE29126C-FC40-000A-8312-29CE40FCD901}",
          "correlationrelatedactivityid" : "0",
          "executionprocessid" : 1256,
          "executionthreadid" : 1336,
          "channel" : "Security",
          "computer" : "MSI",
          "securityuserid" : "0",
          "evtrenderdata" : "<Event xmlns='http://schemas.microsoft.com/win/2004/08/events/event'><System><Provider Name='Microsoft-Windows-Security-Auditing' Guid='{54849625-5478-4994-a5ba-3e3b0328c30d}'/><EventID>4798</EventID><Version>0</Version><Level>0</Level><Task>13824</Task><Opcode>0</Opcode><Keywords>0x8020000000000000</Keywords><TimeCreated SystemTime='2023-10-26T04:34:36.4502591Z'/><EventRecordID>669126</EventRecordID><Correlation ActivityID='{ce29126c-fc40-000a-8312-29ce40fcd901}'/><Execution ProcessID='1256' ThreadID='1336'/><Channel>Security</Channel><Computer>MSI</Computer><Security/></System><EventData><Data Name='TargetUserName'>Guest</Data><Data Name='TargetDomainName'>MSI</Data><Data Name='TargetSid'>S-1-5-21-3414511439-2402517761-651233876-501</Data><Data Name='SubjectUserSid'>S-1-5-18</Data><Data Name='SubjectUserName'>MSI$</Data><Data Name='SubjectDomainName'>WORKGROUP</Data><Data Name='SubjectLogonId'>0x3e7</Data><Data Name='CallerProcessId'>0x37bc</Data><Data Name='CallerProcessName'>C:\\Windows\\System32\\svchost.exe</Data></EventData></Event>",
          "uuid" : "08178823-4b15-4329-8a4c-924625623df0",
          "agent" : "3e716e2d61ba910983cb456817116799",
          "agentIP" : "192.168.200.128",
          "agentName" : "MSI",
          "item_main" : "4798",
          "date_main" : 1698294876,
          "type_main" : "usb",
          "etc_main" : "<Event xmlns='http://schemas.microsoft.com/win/2004/08/events/event'><System><Provider Name='Microsoft-Windows-Security-Auditing' Guid='{54849625-5478-4994-a5ba-3e3b0328c30d}'/><EventID>4798</EventID><Version>0</Version><Level>0</Level><Task>13824</Task><Opcode>0</Opcode><Keywords>0x8020000000000000</Keywords><TimeCreated SystemTime='2023-10-26T04:34:36.4502591Z'/><EventRecordID>669126</EventRecordID><Correlation ActivityID='{ce29126c-fc40-000a-8312-29ce40fcd901}'/><Execution ProcessID='1256' ThreadID='1336'/><Channel>Security</Channel><Computer>MSI</Computer><Security/></System><EventData><Data Name='TargetUserName'>Guest</Data><Data Name='TargetDomainName'>MSI</Data><Data Name='TargetSid'>S-1-5-21-3414511439-2402517761-651233876-501</Data><Data Name='SubjectUserSid'>S-1-5-18</Data><Data Name='SubjectUserName'>MSI$</Data><Data Name='SubjectDomainName'>WORKGROUP</Data><Data Name='SubjectLogonId'>0x3e7</Data><Data Name='CallerProcessId'>0x37bc</Data><Data Name='CallerProcessName'>C:\\Windows\\System32\\svchost.exe</Data></EventData></Event>"
        }
      },
      {
        "_index" : "ed_eventsecurity",
        "_type" : "_doc",
        "_id" : "2j44cIsB12YpCLTn9AHp",
        "_score" : 1.0,
        "_source" : {
          "eventrecordid" : 659344,
          "providername" : "Microsoft-Windows-Security-Auditing",
          "providerguid" : "{54849625-5478-4994-A5BA-3E3B0328C30D}",
          "eventid" : 0,
          "version" : 0,
          "level" : "AUDIT",
          "keywords" : "Audit Success",
          "task" : 13824,
          "opcode" : 0,
          "createdsystemtime" : 1698168566,
          "correlationactivityid" : "{CE29126C-FC40-000A-8312-29CE40FCD901}",
          "correlationrelatedactivityid" : "0",
          "executionprocessid" : 1256,
          "executionthreadid" : 5768,
          "channel" : "Security",
          "computer" : "MSI",
          "securityuserid" : "0",
          "evtrenderdata" : "<Event xmlns='http://schemas.microsoft.com/win/2004/08/events/event'><System><Provider Name='Microsoft-Windows-Security-Auditing' Guid='{54849625-5478-4994-a5ba-3e3b0328c30d}'/><EventID>5379</EventID><Version>0</Version><Level>0</Level><Task>13824</Task><Opcode>0</Opcode><Keywords>0x8020000000000000</Keywords><TimeCreated SystemTime='2023-10-24T17:29:26.5462501Z'/><EventRecordID>659344</EventRecordID><Correlation ActivityID='{ce29126c-fc40-000a-8312-29ce40fcd901}'/><Execution ProcessID='1256' ThreadID='5768'/><Channel>Security</Channel><Computer>MSI</Computer><Security/></System><EventData><Data Name='SubjectUserSid'>S-1-5-21-3414511439-2402517761-651233876-1001</Data><Data Name='SubjectUserName'>jim10</Data><Data Name='SubjectDomainName'>MSI</Data><Data Name='SubjectLogonId'>0x4d1e4</Data><Data Name='TargetName'>WindowsLive:(token):name=02iyjtlirajbhiqx;serviceuri=*</Data><Data Name='Type'>0</Data><Data Name='CountOfCredentialsReturned'>0</Data><Data Name='ReadOperation'>%%8100</Data><Data Name='ReturnCode'>3221226021</Data><Data Name='ProcessCreationTime'>2023-10-24T17:29:26.4986295Z</Data><Data Name='ClientProcessId'>189276</Data></EventData></Event>",
          "uuid" : "2b2710a7-a160-41ee-803d-d57994ffc66e",
          "agent" : "3e716e2d61ba910983cb456817116799",
          "agentIP" : "192.168.200.128",
          "agentName" : "MSI",
          "item_main" : "5379",
          "date_main" : 1698168566,
          "type_main" : "usb",
          "etc_main" : "<Event xmlns='http://schemas.microsoft.com/win/2004/08/events/event'><System><Provider Name='Microsoft-Windows-Security-Auditing' Guid='{54849625-5478-4994-a5ba-3e3b0328c30d}'/><EventID>5379</EventID><Version>0</Version><Level>0</Level><Task>13824</Task><Opcode>0</Opcode><Keywords>0x8020000000000000</Keywords><TimeCreated SystemTime='2023-10-24T17:29:26.5462501Z'/><EventRecordID>659344</EventRecordID><Correlation ActivityID='{ce29126c-fc40-000a-8312-29ce40fcd901}'/><Execution ProcessID='1256' ThreadID='5768'/><Channel>Security</Channel><Computer>MSI</Computer><Security/></System><EventData><Data Name='SubjectUserSid'>S-1-5-21-3414511439-2402517761-651233876-1001</Data><Data Name='SubjectUserName'>jim10</Data><Data Name='SubjectDomainName'>MSI</Data><Data Name='SubjectLogonId'>0x4d1e4</Data><Data Name='TargetName'>WindowsLive:(token):name=02iyjtlirajbhiqx;serviceuri=*</Data><Data Name='Type'>0</Data><Data Name='CountOfCredentialsReturned'>0</Data><Data Name='ReadOperation'>%%8100</Data><Data Name='ReturnCode'>3221226021</Data><Data Name='ProcessCreationTime'>2023-10-24T17:29:26.4986295Z</Data><Data Name='ClientProcessId'>189276</Data></EventData></Event>"
        }
      },
      {
        "_index" : "ed_eventsecurity",
        "_type" : "_doc",
        "_id" : "5j44cIsB12YpCLTn9AXq",
        "_score" : 1.0,
        "_source" : {
          "eventrecordid" : 659862,
          "providername" : "Microsoft-Windows-Security-Auditing",
          "providerguid" : "{54849625-5478-4994-A5BA-3E3B0328C30D}",
          "eventid" : 0,
          "version" : 0,
          "level" : "AUDIT",
          "keywords" : "Audit Success",
          "task" : 13824,
          "opcode" : 0,
          "createdsystemtime" : 1698176261,
          "correlationactivityid" : "{CE29126C-FC40-000A-8312-29CE40FCD901}",
          "correlationrelatedactivityid" : "0",
          "executionprocessid" : 1256,
          "executionthreadid" : 1336,
          "channel" : "Security",
          "computer" : "MSI",
          "securityuserid" : "0",
          "evtrenderdata" : "<Event xmlns='http://schemas.microsoft.com/win/2004/08/events/event'><System><Provider Name='Microsoft-Windows-Security-Auditing' Guid='{54849625-5478-4994-a5ba-3e3b0328c30d}'/><EventID>5379</EventID><Version>0</Version><Level>0</Level><Task>13824</Task><Opcode>0</Opcode><Keywords>0x8020000000000000</Keywords><TimeCreated SystemTime='2023-10-24T19:37:41.9582651Z'/><EventRecordID>659862</EventRecordID><Correlation ActivityID='{ce29126c-fc40-000a-8312-29ce40fcd901}'/><Execution ProcessID='1256' ThreadID='1336'/><Channel>Security</Channel><Computer>MSI</Computer><Security/></System><EventData><Data Name='SubjectUserSid'>S-1-5-21-3414511439-2402517761-651233876-1001</Data><Data Name='SubjectUserName'>jim10</Data><Data Name='SubjectDomainName'>MSI</Data><Data Name='SubjectLogonId'>0x4d1e4</Data><Data Name='TargetName'>MicrosoftAccount:user=jim1010336@gmail.com</Data><Data Name='Type'>0</Data><Data Name='CountOfCredentialsReturned'>1</Data><Data Name='ReadOperation'>%%8100</Data><Data Name='ReturnCode'>0</Data><Data Name='ProcessCreationTime'>2023-10-24T19:37:41.9054625Z</Data><Data Name='ClientProcessId'>116260</Data></EventData></Event>",
          "uuid" : "096e6ca2-6781-4d1a-a204-ad8871681380",
          "agent" : "3e716e2d61ba910983cb456817116799",
          "agentIP" : "192.168.200.128",
          "agentName" : "MSI",
          "item_main" : "5379",
          "date_main" : 1698176261,
          "type_main" : "usb",
          "etc_main" : "<Event xmlns='http://schemas.microsoft.com/win/2004/08/events/event'><System><Provider Name='Microsoft-Windows-Security-Auditing' Guid='{54849625-5478-4994-a5ba-3e3b0328c30d}'/><EventID>5379</EventID><Version>0</Version><Level>0</Level><Task>13824</Task><Opcode>0</Opcode><Keywords>0x8020000000000000</Keywords><TimeCreated SystemTime='2023-10-24T19:37:41.9582651Z'/><EventRecordID>659862</EventRecordID><Correlation ActivityID='{ce29126c-fc40-000a-8312-29ce40fcd901}'/><Execution ProcessID='1256' ThreadID='1336'/><Channel>Security</Channel><Computer>MSI</Computer><Security/></System><EventData><Data Name='SubjectUserSid'>S-1-5-21-3414511439-2402517761-651233876-1001</Data><Data Name='SubjectUserName'>jim10</Data><Data Name='SubjectDomainName'>MSI</Data><Data Name='SubjectLogonId'>0x4d1e4</Data><Data Name='TargetName'>MicrosoftAccount:user=jim1010336@gmail.com</Data><Data Name='Type'>0</Data><Data Name='CountOfCredentialsReturned'>1</Data><Data Name='ReadOperation'>%%8100</Data><Data Name='ReturnCode'>0</Data><Data Name='ProcessCreationTime'>2023-10-24T19:37:41.9054625Z</Data><Data Name='ClientProcessId'>116260</Data></EventData></Event>"
        }
      },
      {
        "_index" : "ed_eventsecurity",
        "_type" : "_doc",
        "_id" : "6D44cIsB12YpCLTn9AXq",
        "_score" : 1.0,
        "_source" : {
          "eventrecordid" : 659863,
          "providername" : "Microsoft-Windows-Security-Auditing",
          "providerguid" : "{54849625-5478-4994-A5BA-3E3B0328C30D}",
          "eventid" : 0,
          "version" : 0,
          "level" : "AUDIT",
          "keywords" : "Audit Success",
          "task" : 13824,
          "opcode" : 0,
          "createdsystemtime" : 1698176261,
          "correlationactivityid" : "{CE29126C-FC40-000A-8312-29CE40FCD901}",
          "correlationrelatedactivityid" : "0",
          "executionprocessid" : 1256,
          "executionthreadid" : 183168,
          "channel" : "Security",
          "computer" : "MSI",
          "securityuserid" : "0",
          "evtrenderdata" : "<Event xmlns='http://schemas.microsoft.com/win/2004/08/events/event'><System><Provider Name='Microsoft-Windows-Security-Auditing' Guid='{54849625-5478-4994-a5ba-3e3b0328c30d}'/><EventID>5379</EventID><Version>0</Version><Level>0</Level><Task>13824</Task><Opcode>0</Opcode><Keywords>0x8020000000000000</Keywords><TimeCreated SystemTime='2023-10-24T19:37:41.9593129Z'/><EventRecordID>659863</EventRecordID><Correlation ActivityID='{ce29126c-fc40-000a-8312-29ce40fcd901}'/><Execution ProcessID='1256' ThreadID='183168'/><Channel>Security</Channel><Computer>MSI</Computer><Security/></System><EventData><Data Name='SubjectUserSid'>S-1-5-21-3414511439-2402517761-651233876-1001</Data><Data Name='SubjectUserName'>jim10</Data><Data Name='SubjectDomainName'>MSI</Data><Data Name='SubjectLogonId'>0x4d1e4</Data><Data Name='TargetName'>WindowsLive:(token):name=jim1010336@gmail.com;serviceuri=*</Data><Data Name='Type'>0</Data><Data Name='CountOfCredentialsReturned'>0</Data><Data Name='ReadOperation'>%%8100</Data><Data Name='ReturnCode'>3221226021</Data><Data Name='ProcessCreationTime'>2023-10-24T19:37:41.9054625Z</Data><Data Name='ClientProcessId'>116260</Data></EventData></Event>",
          "uuid" : "e06af84c-284e-4cde-af83-179fe96a2b8a",
          "agent" : "3e716e2d61ba910983cb456817116799",
          "agentIP" : "192.168.200.128",
          "agentName" : "MSI",
          "item_main" : "5379",
          "date_main" : 1698176261,
          "type_main" : "usb",
          "etc_main" : "<Event xmlns='http://schemas.microsoft.com/win/2004/08/events/event'><System><Provider Name='Microsoft-Windows-Security-Auditing' Guid='{54849625-5478-4994-a5ba-3e3b0328c30d}'/><EventID>5379</EventID><Version>0</Version><Level>0</Level><Task>13824</Task><Opcode>0</Opcode><Keywords>0x8020000000000000</Keywords><TimeCreated SystemTime='2023-10-24T19:37:41.9593129Z'/><EventRecordID>659863</EventRecordID><Correlation ActivityID='{ce29126c-fc40-000a-8312-29ce40fcd901}'/><Execution ProcessID='1256' ThreadID='183168'/><Channel>Security</Channel><Computer>MSI</Computer><Security/></System><EventData><Data Name='SubjectUserSid'>S-1-5-21-3414511439-2402517761-651233876-1001</Data><Data Name='SubjectUserName'>jim10</Data><Data Name='SubjectDomainName'>MSI</Data><Data Name='SubjectLogonId'>0x4d1e4</Data><Data Name='TargetName'>WindowsLive:(token):name=jim1010336@gmail.com;serviceuri=*</Data><Data Name='Type'>0</Data><Data Name='CountOfCredentialsReturned'>0</Data><Data Name='ReadOperation'>%%8100</Data><Data Name='ReturnCode'>3221226021</Data><Data Name='ProcessCreationTime'>2023-10-24T19:37:41.9054625Z</Data><Data Name='ClientProcessId'>116260</Data></EventData></Event>"
        }
      },
      {
        "_index" : "ed_eventsecurity",
        "_type" : "_doc",
        "_id" : "6j44cIsB12YpCLTn9AXq",
        "_score" : 1.0,
        "_source" : {
          "eventrecordid" : 659864,
          "providername" : "Microsoft-Windows-Security-Auditing",
          "providerguid" : "{54849625-5478-4994-A5BA-3E3B0328C30D}",
          "eventid" : 0,
          "version" : 0,
          "level" : "AUDIT",
          "keywords" : "Audit Success",
          "task" : 13824,
          "opcode" : 0,
          "createdsystemtime" : 1698176261,
          "correlationactivityid" : "{CE29126C-FC40-000A-8312-29CE40FCD901}",
          "correlationrelatedactivityid" : "0",
          "executionprocessid" : 1256,
          "executionthreadid" : 183168,
          "channel" : "Security",
          "computer" : "MSI",
          "securityuserid" : "0",
          "evtrenderdata" : "<Event xmlns='http://schemas.microsoft.com/win/2004/08/events/event'><System><Provider Name='Microsoft-Windows-Security-Auditing' Guid='{54849625-5478-4994-a5ba-3e3b0328c30d}'/><EventID>5379</EventID><Version>0</Version><Level>0</Level><Task>13824</Task><Opcode>0</Opcode><Keywords>0x8020000000000000</Keywords><TimeCreated SystemTime='2023-10-24T19:37:41.9593710Z'/><EventRecordID>659864</EventRecordID><Correlation ActivityID='{ce29126c-fc40-000a-8312-29ce40fcd901}'/><Execution ProcessID='1256' ThreadID='183168'/><Channel>Security</Channel><Computer>MSI</Computer><Security/></System><EventData><Data Name='SubjectUserSid'>S-1-5-21-3414511439-2402517761-651233876-1001</Data><Data Name='SubjectUserName'>jim10</Data><Data Name='SubjectDomainName'>MSI</Data><Data Name='SubjectLogonId'>0x4d1e4</Data><Data Name='TargetName'>WindowsLive:(cert):name=jim1010336@gmail.com;serviceuri=*</Data><Data Name='Type'>0</Data><Data Name='CountOfCredentialsReturned'>0</Data><Data Name='ReadOperation'>%%8100</Data><Data Name='ReturnCode'>3221226021</Data><Data Name='ProcessCreationTime'>2023-10-24T19:37:41.9054625Z</Data><Data Name='ClientProcessId'>116260</Data></EventData></Event>",
          "uuid" : "a8f51b8c-c936-4822-95ac-5ccc7e77dd25",
          "agent" : "3e716e2d61ba910983cb456817116799",
          "agentIP" : "192.168.200.128",
          "agentName" : "MSI",
          "item_main" : "5379",
          "date_main" : 1698176261,
          "type_main" : "usb",
          "etc_main" : "<Event xmlns='http://schemas.microsoft.com/win/2004/08/events/event'><System><Provider Name='Microsoft-Windows-Security-Auditing' Guid='{54849625-5478-4994-a5ba-3e3b0328c30d}'/><EventID>5379</EventID><Version>0</Version><Level>0</Level><Task>13824</Task><Opcode>0</Opcode><Keywords>0x8020000000000000</Keywords><TimeCreated SystemTime='2023-10-24T19:37:41.9593710Z'/><EventRecordID>659864</EventRecordID><Correlation ActivityID='{ce29126c-fc40-000a-8312-29ce40fcd901}'/><Execution ProcessID='1256' ThreadID='183168'/><Channel>Security</Channel><Computer>MSI</Computer><Security/></System><EventData><Data Name='SubjectUserSid'>S-1-5-21-3414511439-2402517761-651233876-1001</Data><Data Name='SubjectUserName'>jim10</Data><Data Name='SubjectDomainName'>MSI</Data><Data Name='SubjectLogonId'>0x4d1e4</Data><Data Name='TargetName'>WindowsLive:(cert):name=jim1010336@gmail.com;serviceuri=*</Data><Data Name='Type'>0</Data><Data Name='CountOfCredentialsReturned'>0</Data><Data Name='ReadOperation'>%%8100</Data><Data Name='ReturnCode'>3221226021</Data><Data Name='ProcessCreationTime'>2023-10-24T19:37:41.9054625Z</Data><Data Name='ClientProcessId'>116260</Data></EventData></Event>"
        }
      },
      {
        "_index" : "ed_eventsecurity",
        "_type" : "_doc",
        "_id" : "7D44cIsB12YpCLTn9AXq",
        "_score" : 1.0,
        "_source" : {
          "eventrecordid" : 659865,
          "providername" : "Microsoft-Windows-Security-Auditing",
          "providerguid" : "{54849625-5478-4994-A5BA-3E3B0328C30D}",
          "eventid" : 0,
          "version" : 0,
          "level" : "AUDIT",
          "keywords" : "Audit Success",
          "task" : 13824,
          "opcode" : 0,
          "createdsystemtime" : 1698176261,
          "correlationactivityid" : "{CE29126C-FC40-000A-8312-29CE40FCD901}",
          "correlationrelatedactivityid" : "0",
          "executionprocessid" : 1256,
          "executionthreadid" : 183168,
          "channel" : "Security",
          "computer" : "MSI",
          "securityuserid" : "0",
          "evtrenderdata" : "<Event xmlns='http://schemas.microsoft.com/win/2004/08/events/event'><System><Provider Name='Microsoft-Windows-Security-Auditing' Guid='{54849625-5478-4994-a5ba-3e3b0328c30d}'/><EventID>5379</EventID><Version>0</Version><Level>0</Level><Task>13824</Task><Opcode>0</Opcode><Keywords>0x8020000000000000</Keywords><TimeCreated SystemTime='2023-10-24T19:37:41.9598443Z'/><EventRecordID>659865</EventRecordID><Correlation ActivityID='{ce29126c-fc40-000a-8312-29ce40fcd901}'/><Execution ProcessID='1256' ThreadID='183168'/><Channel>Security</Channel><Computer>MSI</Computer><Security/></System><EventData><Data Name='SubjectUserSid'>S-1-5-18</Data><Data Name='SubjectUserName'>MSI$</Data><Data Name='SubjectDomainName'>WORKGROUP</Data><Data Name='SubjectLogonId'>0x3e7</Data><Data Name='TargetName'>WindowsLive:(token):name=02beairehiclxtep;serviceuri=*</Data><Data Name='Type'>0</Data><Data Name='CountOfCredentialsReturned'>0</Data><Data Name='ReadOperation'>%%8100</Data><Data Name='ReturnCode'>3221226021</Data><Data Name='ProcessCreationTime'>2023-10-24T19:37:41.9054625Z</Data><Data Name='ClientProcessId'>116260</Data></EventData></Event>",
          "uuid" : "7ab97911-1014-4319-9a66-d31bed36a089",
          "agent" : "3e716e2d61ba910983cb456817116799",
          "agentIP" : "192.168.200.128",
          "agentName" : "MSI",
          "item_main" : "5379",
          "date_main" : 1698176261,
          "type_main" : "usb",
          "etc_main" : "<Event xmlns='http://schemas.microsoft.com/win/2004/08/events/event'><System><Provider Name='Microsoft-Windows-Security-Auditing' Guid='{54849625-5478-4994-a5ba-3e3b0328c30d}'/><EventID>5379</EventID><Version>0</Version><Level>0</Level><Task>13824</Task><Opcode>0</Opcode><Keywords>0x8020000000000000</Keywords><TimeCreated SystemTime='2023-10-24T19:37:41.9598443Z'/><EventRecordID>659865</EventRecordID><Correlation ActivityID='{ce29126c-fc40-000a-8312-29ce40fcd901}'/><Execution ProcessID='1256' ThreadID='183168'/><Channel>Security</Channel><Computer>MSI</Computer><Security/></System><EventData><Data Name='SubjectUserSid'>S-1-5-18</Data><Data Name='SubjectUserName'>MSI$</Data><Data Name='SubjectDomainName'>WORKGROUP</Data><Data Name='SubjectLogonId'>0x3e7</Data><Data Name='TargetName'>WindowsLive:(token):name=02beairehiclxtep;serviceuri=*</Data><Data Name='Type'>0</Data><Data Name='CountOfCredentialsReturned'>0</Data><Data Name='ReadOperation'>%%8100</Data><Data Name='ReturnCode'>3221226021</Data><Data Name='ProcessCreationTime'>2023-10-24T19:37:41.9054625Z</Data><Data Name='ClientProcessId'>116260</Data></EventData></Event>"
        }
      },
      {
        "_index" : "ed_eventsecurity",
        "_type" : "_doc",
        "_id" : "7j44cIsB12YpCLTn9AXq",
        "_score" : 1.0,
        "_source" : {
          "eventrecordid" : 659866,
          "providername" : "Microsoft-Windows-Security-Auditing",
          "providerguid" : "{54849625-5478-4994-A5BA-3E3B0328C30D}",
          "eventid" : 0,
          "version" : 0,
          "level" : "AUDIT",
          "keywords" : "Audit Success",
          "task" : 13824,
          "opcode" : 0,
          "createdsystemtime" : 1698176261,
          "correlationactivityid" : "{CE29126C-FC40-000A-8312-29CE40FCD901}",
          "correlationrelatedactivityid" : "0",
          "executionprocessid" : 1256,
          "executionthreadid" : 1336,
          "channel" : "Security",
          "computer" : "MSI",
          "securityuserid" : "0",
          "evtrenderdata" : "<Event xmlns='http://schemas.microsoft.com/win/2004/08/events/event'><System><Provider Name='Microsoft-Windows-Security-Auditing' Guid='{54849625-5478-4994-a5ba-3e3b0328c30d}'/><EventID>5379</EventID><Version>0</Version><Level>0</Level><Task>13824</Task><Opcode>0</Opcode><Keywords>0x8020000000000000</Keywords><TimeCreated SystemTime='2023-10-24T19:37:41.9600119Z'/><EventRecordID>659866</EventRecordID><Correlation ActivityID='{ce29126c-fc40-000a-8312-29ce40fcd901}'/><Execution ProcessID='1256' ThreadID='1336'/><Channel>Security</Channel><Computer>MSI</Computer><Security/></System><EventData><Data Name='SubjectUserSid'>S-1-5-18</Data><Data Name='SubjectUserName'>MSI$</Data><Data Name='SubjectDomainName'>WORKGROUP</Data><Data Name='SubjectLogonId'>0x3e7</Data><Data Name='TargetName'>WindowsLive:(cert):name=02beairehiclxtep;serviceuri=*</Data><Data Name='Type'>0</Data><Data Name='CountOfCredentialsReturned'>0</Data><Data Name='ReadOperation'>%%8100</Data><Data Name='ReturnCode'>3221226021</Data><Data Name='ProcessCreationTime'>2023-10-24T19:37:41.9054625Z</Data><Data Name='ClientProcessId'>116260</Data></EventData></Event>",
          "uuid" : "cf89394a-5d9b-4a53-a324-4ceb4eaa7d7e",
          "agent" : "3e716e2d61ba910983cb456817116799",
          "agentIP" : "192.168.200.128",
          "agentName" : "MSI",
          "item_main" : "5379",
          "date_main" : 1698176261,
          "type_main" : "usb",
          "etc_main" : "<Event xmlns='http://schemas.microsoft.com/win/2004/08/events/event'><System><Provider Name='Microsoft-Windows-Security-Auditing' Guid='{54849625-5478-4994-a5ba-3e3b0328c30d}'/><EventID>5379</EventID><Version>0</Version><Level>0</Level><Task>13824</Task><Opcode>0</Opcode><Keywords>0x8020000000000000</Keywords><TimeCreated SystemTime='2023-10-24T19:37:41.9600119Z'/><EventRecordID>659866</EventRecordID><Correlation ActivityID='{ce29126c-fc40-000a-8312-29ce40fcd901}'/><Execution ProcessID='1256' ThreadID='1336'/><Channel>Security</Channel><Computer>MSI</Computer><Security/></System><EventData><Data Name='SubjectUserSid'>S-1-5-18</Data><Data Name='SubjectUserName'>MSI$</Data><Data Name='SubjectDomainName'>WORKGROUP</Data><Data Name='SubjectLogonId'>0x3e7</Data><Data Name='TargetName'>WindowsLive:(cert):name=02beairehiclxtep;serviceuri=*</Data><Data Name='Type'>0</Data><Data Name='CountOfCredentialsReturned'>0</Data><Data Name='ReadOperation'>%%8100</Data><Data Name='ReturnCode'>3221226021</Data><Data Name='ProcessCreationTime'>2023-10-24T19:37:41.9054625Z</Data><Data Name='ClientProcessId'>116260</Data></EventData></Event>"
        }
      },
      {
        "_index" : "ed_eventsecurity",
        "_type" : "_doc",
        "_id" : "8D44cIsB12YpCLTn9AXq",
        "_score" : 1.0,
        "_source" : {
          "eventrecordid" : 659867,
          "providername" : "Microsoft-Windows-Security-Auditing",
          "providerguid" : "{54849625-5478-4994-A5BA-3E3B0328C30D}",
          "eventid" : 0,
          "version" : 0,
          "level" : "AUDIT",
          "keywords" : "Audit Success",
          "task" : 13824,
          "opcode" : 0,
          "createdsystemtime" : 1698176261,
          "correlationactivityid" : "{CE29126C-FC40-000A-8312-29CE40FCD901}",
          "correlationrelatedactivityid" : "0",
          "executionprocessid" : 1256,
          "executionthreadid" : 1336,
          "channel" : "Security",
          "computer" : "MSI",
          "securityuserid" : "0",
          "evtrenderdata" : "<Event xmlns='http://schemas.microsoft.com/win/2004/08/events/event'><System><Provider Name='Microsoft-Windows-Security-Auditing' Guid='{54849625-5478-4994-a5ba-3e3b0328c30d}'/><EventID>5379</EventID><Version>0</Version><Level>0</Level><Task>13824</Task><Opcode>0</Opcode><Keywords>0x8020000000000000</Keywords><TimeCreated SystemTime='2023-10-24T19:37:41.9600592Z'/><EventRecordID>659867</EventRecordID><Correlation ActivityID='{ce29126c-fc40-000a-8312-29ce40fcd901}'/><Execution ProcessID='1256' ThreadID='1336'/><Channel>Security</Channel><Computer>MSI</Computer><Security/></System><EventData><Data Name='SubjectUserSid'>S-1-5-18</Data><Data Name='SubjectUserName'>MSI$</Data><Data Name='SubjectDomainName'>WORKGROUP</Data><Data Name='SubjectLogonId'>0x3e7</Data><Data Name='TargetName'>WindowsLive:target=virtualapp/didlogical</Data><Data Name='Type'>0</Data><Data Name='CountOfCredentialsReturned'>1</Data><Data Name='ReadOperation'>%%8100</Data><Data Name='ReturnCode'>0</Data><Data Name='ProcessCreationTime'>2023-10-24T19:37:41.9054625Z</Data><Data Name='ClientProcessId'>116260</Data></EventData></Event>",
          "uuid" : "27e2794f-be38-4ff8-93c2-e442c7256c61",
          "agent" : "3e716e2d61ba910983cb456817116799",
          "agentIP" : "192.168.200.128",
          "agentName" : "MSI",
          "item_main" : "5379",
          "date_main" : 1698176261,
          "type_main" : "usb",
          "etc_main" : "<Event xmlns='http://schemas.microsoft.com/win/2004/08/events/event'><System><Provider Name='Microsoft-Windows-Security-Auditing' Guid='{54849625-5478-4994-a5ba-3e3b0328c30d}'/><EventID>5379</EventID><Version>0</Version><Level>0</Level><Task>13824</Task><Opcode>0</Opcode><Keywords>0x8020000000000000</Keywords><TimeCreated SystemTime='2023-10-24T19:37:41.9600592Z'/><EventRecordID>659867</EventRecordID><Correlation ActivityID='{ce29126c-fc40-000a-8312-29ce40fcd901}'/><Execution ProcessID='1256' ThreadID='1336'/><Channel>Security</Channel><Computer>MSI</Computer><Security/></System><EventData><Data Name='SubjectUserSid'>S-1-5-18</Data><Data Name='SubjectUserName'>MSI$</Data><Data Name='SubjectDomainName'>WORKGROUP</Data><Data Name='SubjectLogonId'>0x3e7</Data><Data Name='TargetName'>WindowsLive:target=virtualapp/didlogical</Data><Data Name='Type'>0</Data><Data Name='CountOfCredentialsReturned'>1</Data><Data Name='ReadOperation'>%%8100</Data><Data Name='ReturnCode'>0</Data><Data Name='ProcessCreationTime'>2023-10-24T19:37:41.9054625Z</Data><Data Name='ClientProcessId'>116260</Data></EventData></Event>"
        }
      },
      {
        "_index" : "ed_eventsecurity",
        "_type" : "_doc",
        "_id" : "8j44cIsB12YpCLTn9AXq",
        "_score" : 1.0,
        "_source" : {
          "eventrecordid" : 659868,
          "providername" : "Microsoft-Windows-Security-Auditing",
          "providerguid" : "{54849625-5478-4994-A5BA-3E3B0328C30D}",
          "eventid" : 0,
          "version" : 0,
          "level" : "AUDIT",
          "keywords" : "Audit Success",
          "task" : 13824,
          "opcode" : 0,
          "createdsystemtime" : 1698176261,
          "correlationactivityid" : "{CE29126C-FC40-000A-8312-29CE40FCD901}",
          "correlationrelatedactivityid" : "0",
          "executionprocessid" : 1256,
          "executionthreadid" : 1336,
          "channel" : "Security",
          "computer" : "MSI",
          "securityuserid" : "0",
          "evtrenderdata" : "<Event xmlns='http://schemas.microsoft.com/win/2004/08/events/event'><System><Provider Name='Microsoft-Windows-Security-Auditing' Guid='{54849625-5478-4994-a5ba-3e3b0328c30d}'/><EventID>5379</EventID><Version>0</Version><Level>0</Level><Task>13824</Task><Opcode>0</Opcode><Keywords>0x8020000000000000</Keywords><TimeCreated SystemTime='2023-10-24T19:37:41.9623445Z'/><EventRecordID>659868</EventRecordID><Correlation ActivityID='{ce29126c-fc40-000a-8312-29ce40fcd901}'/><Execution ProcessID='1256' ThreadID='1336'/><Channel>Security</Channel><Computer>MSI</Computer><Security/></System><EventData><Data Name='SubjectUserSid'>S-1-5-21-3414511439-2402517761-651233876-1001</Data><Data Name='SubjectUserName'>jim10</Data><Data Name='SubjectDomainName'>MSI</Data><Data Name='SubjectLogonId'>0x4d1e4</Data><Data Name='TargetName'>MicrosoftAccount:user=jim1010336@gmail.com</Data><Data Name='Type'>0</Data><Data Name='CountOfCredentialsReturned'>1</Data><Data Name='ReadOperation'>%%8100</Data><Data Name='ReturnCode'>0</Data><Data Name='ProcessCreationTime'>2023-10-24T19:37:41.9054625Z</Data><Data Name='ClientProcessId'>116260</Data></EventData></Event>",
          "uuid" : "fe3aa1a6-804f-4b93-ac23-5336e6ec9a01",
          "agent" : "3e716e2d61ba910983cb456817116799",
          "agentIP" : "192.168.200.128",
          "agentName" : "MSI",
          "item_main" : "5379",
          "date_main" : 1698176261,
          "type_main" : "usb",
          "etc_main" : "<Event xmlns='http://schemas.microsoft.com/win/2004/08/events/event'><System><Provider Name='Microsoft-Windows-Security-Auditing' Guid='{54849625-5478-4994-a5ba-3e3b0328c30d}'/><EventID>5379</EventID><Version>0</Version><Level>0</Level><Task>13824</Task><Opcode>0</Opcode><Keywords>0x8020000000000000</Keywords><TimeCreated SystemTime='2023-10-24T19:37:41.9623445Z'/><EventRecordID>659868</EventRecordID><Correlation ActivityID='{ce29126c-fc40-000a-8312-29ce40fcd901}'/><Execution ProcessID='1256' ThreadID='1336'/><Channel>Security</Channel><Computer>MSI</Computer><Security/></System><EventData><Data Name='SubjectUserSid'>S-1-5-21-3414511439-2402517761-651233876-1001</Data><Data Name='SubjectUserName'>jim10</Data><Data Name='SubjectDomainName'>MSI</Data><Data Name='SubjectLogonId'>0x4d1e4</Data><Data Name='TargetName'>MicrosoftAccount:user=jim1010336@gmail.com</Data><Data Name='Type'>0</Data><Data Name='CountOfCredentialsReturned'>1</Data><Data Name='ReadOperation'>%%8100</Data><Data Name='ReturnCode'>0</Data><Data Name='ProcessCreationTime'>2023-10-24T19:37:41.9054625Z</Data><Data Name='ClientProcessId'>116260</Data></EventData></Event>"
        }
      },
      {
        "_index" : "ed_eventsecurity",
        "_type" : "_doc",
        "_id" : "9D44cIsB12YpCLTn9AXq",
        "_score" : 1.0,
        "_source" : {
          "eventrecordid" : 659869,
          "providername" : "Microsoft-Windows-Security-Auditing",
          "providerguid" : "{54849625-5478-4994-A5BA-3E3B0328C30D}",
          "eventid" : 0,
          "version" : 0,
          "level" : "AUDIT",
          "keywords" : "Audit Success",
          "task" : 13824,
          "opcode" : 0,
          "createdsystemtime" : 1698176261,
          "correlationactivityid" : "{CE29126C-FC40-000A-8312-29CE40FCD901}",
          "correlationrelatedactivityid" : "0",
          "executionprocessid" : 1256,
          "executionthreadid" : 183168,
          "channel" : "Security",
          "computer" : "MSI",
          "securityuserid" : "0",
          "evtrenderdata" : "<Event xmlns='http://schemas.microsoft.com/win/2004/08/events/event'><System><Provider Name='Microsoft-Windows-Security-Auditing' Guid='{54849625-5478-4994-a5ba-3e3b0328c30d}'/><EventID>5379</EventID><Version>0</Version><Level>0</Level><Task>13824</Task><Opcode>0</Opcode><Keywords>0x8020000000000000</Keywords><TimeCreated SystemTime='2023-10-24T19:37:41.9774325Z'/><EventRecordID>659869</EventRecordID><Correlation ActivityID='{ce29126c-fc40-000a-8312-29ce40fcd901}'/><Execution ProcessID='1256' ThreadID='183168'/><Channel>Security</Channel><Computer>MSI</Computer><Security/></System><EventData><Data Name='SubjectUserSid'>S-1-5-21-3414511439-2402517761-651233876-1001</Data><Data Name='SubjectUserName'>jim10</Data><Data Name='SubjectDomainName'>MSI</Data><Data Name='SubjectLogonId'>0x4d1e4</Data><Data Name='TargetName'>WindowsLive:(token):name=02iyjtlirajbhiqx;serviceuri=*</Data><Data Name='Type'>0</Data><Data Name='CountOfCredentialsReturned'>0</Data><Data Name='ReadOperation'>%%8100</Data><Data Name='ReturnCode'>3221226021</Data><Data Name='ProcessCreationTime'>2023-10-24T19:37:41.9054625Z</Data><Data Name='ClientProcessId'>116260</Data></EventData></Event>",
          "uuid" : "1a0bb1d0-61e3-4087-a564-912afe30ba5c",
          "agent" : "3e716e2d61ba910983cb456817116799",
          "agentIP" : "192.168.200.128",
          "agentName" : "MSI",
          "item_main" : "5379",
          "date_main" : 1698176261,
          "type_main" : "usb",
          "etc_main" : "<Event xmlns='http://schemas.microsoft.com/win/2004/08/events/event'><System><Provider Name='Microsoft-Windows-Security-Auditing' Guid='{54849625-5478-4994-a5ba-3e3b0328c30d}'/><EventID>5379</EventID><Version>0</Version><Level>0</Level><Task>13824</Task><Opcode>0</Opcode><Keywords>0x8020000000000000</Keywords><TimeCreated SystemTime='2023-10-24T19:37:41.9774325Z'/><EventRecordID>659869</EventRecordID><Correlation ActivityID='{ce29126c-fc40-000a-8312-29ce40fcd901}'/><Execution ProcessID='1256' ThreadID='183168'/><Channel>Security</Channel><Computer>MSI</Computer><Security/></System><EventData><Data Name='SubjectUserSid'>S-1-5-21-3414511439-2402517761-651233876-1001</Data><Data Name='SubjectUserName'>jim10</Data><Data Name='SubjectDomainName'>MSI</Data><Data Name='SubjectLogonId'>0x4d1e4</Data><Data Name='TargetName'>WindowsLive:(token):name=02iyjtlirajbhiqx;serviceuri=*</Data><Data Name='Type'>0</Data><Data Name='CountOfCredentialsReturned'>0</Data><Data Name='ReadOperation'>%%8100</Data><Data Name='ReturnCode'>3221226021</Data><Data Name='ProcessCreationTime'>2023-10-24T19:37:41.9054625Z</Data><Data Name='ClientProcessId'>116260</Data></EventData></Event>"
        }
      },
      {
        "_index" : "ed_eventsecurity",
        "_type" : "_doc",
        "_id" : "9j44cIsB12YpCLTn9AXq",
        "_score" : 1.0,
        "_source" : {
          "eventrecordid" : 659870,
          "providername" : "Microsoft-Windows-Security-Auditing",
          "providerguid" : "{54849625-5478-4994-A5BA-3E3B0328C30D}",
          "eventid" : 0,
          "version" : 0,
          "level" : "AUDIT",
          "keywords" : "Audit Success",
          "task" : 13824,
          "opcode" : 0,
          "createdsystemtime" : 1698176261,
          "correlationactivityid" : "{CE29126C-FC40-000A-8312-29CE40FCD901}",
          "correlationrelatedactivityid" : "0",
          "executionprocessid" : 1256,
          "executionthreadid" : 183168,
          "channel" : "Security",
          "computer" : "MSI",
          "securityuserid" : "0",
          "evtrenderdata" : "<Event xmlns='http://schemas.microsoft.com/win/2004/08/events/event'><System><Provider Name='Microsoft-Windows-Security-Auditing' Guid='{54849625-5478-4994-a5ba-3e3b0328c30d}'/><EventID>5379</EventID><Version>0</Version><Level>0</Level><Task>13824</Task><Opcode>0</Opcode><Keywords>0x8020000000000000</Keywords><TimeCreated SystemTime='2023-10-24T19:37:41.9775956Z'/><EventRecordID>659870</EventRecordID><Correlation ActivityID='{ce29126c-fc40-000a-8312-29ce40fcd901}'/><Execution ProcessID='1256' ThreadID='183168'/><Channel>Security</Channel><Computer>MSI</Computer><Security/></System><EventData><Data Name='SubjectUserSid'>S-1-5-21-3414511439-2402517761-651233876-1001</Data><Data Name='SubjectUserName'>jim10</Data><Data Name='SubjectDomainName'>MSI</Data><Data Name='SubjectLogonId'>0x4d1e4</Data><Data Name='TargetName'>WindowsLive:(cert):name=02iyjtlirajbhiqx;serviceuri=*</Data><Data Name='Type'>0</Data><Data Name='CountOfCredentialsReturned'>0</Data><Data Name='ReadOperation'>%%8100</Data><Data Name='ReturnCode'>3221226021</Data><Data Name='ProcessCreationTime'>2023-10-24T19:37:41.9054625Z</Data><Data Name='ClientProcessId'>116260</Data></EventData></Event>",
