          "uuid" : "0574a158-c7fa-4625-8cd1-c74ba4bbcdb5",
          "agent" : "254b05d540de4923a41d2be14c686779",
          "agentIP" : "214.180.59.124",
          "agentName" : "DESKTOP",
          "item_main" : "4907",
          "date_main" : 1693304971,
          "type_main" : "usb",
          "etc_main" : "<Event xmlns='http://schemas.microsoft.com/win/2004/08/events/event'><System><Provider Name='Microsoft-Windows-Security-Auditing' Guid='{54849625-5478-4994-a5ba-3e3b0328c30d}'/><EventID>4907</EventID><Version>0</Version><Level>0</Level><Task>13568</Task><Opcode>0</Opcode><Keywords>0x8020000000000000</Keywords><TimeCreated SystemTime='2023-08-29T10:29:31.4677616Z'/><EventRecordID>37312</EventRecordID><Correlation/><Execution ProcessID='4' ThreadID='136952'/><Channel>Security</Channel><Computer>DESKTOP-JAVQUL0</Computer><Security/></System><EventData><Data Name='SubjectUserSid'>S-1-5-18</Data><Data Name='SubjectUserName'>DESKTOP-JAVQUL0$</Data><Data Name='SubjectDomainName'>WORKGROUP</Data><Data Name='SubjectLogonId'>0x3e7</Data><Data Name='ObjectServer'>Security</Data><Data Name='ObjectType'>File</Data><Data Name='ObjectName'>C:\\Windows\\Microsoft.NET\\Framework\\v4.0.30319\\cvtres.exe</Data><Data Name='HandleId'>0xa0</Data><Data Name='OldSd'>S:AINO_ACCESS_CONTROL</Data><Data Name='NewSd'>S:ARAI(AU;SAFA;DCLCRPCRSDWDWO;;;WD)</Data><Data Name='ProcessId'>0x1804c</Data><Data Name='ProcessName'>C:\\Windows\\System32\\poqexec.exe</Data></EventData></Event>"
        }
      },
      {
        "_index" : "ed_eventsecurity",
        "_type" : "_doc",
        "_id" : "chimfosB12YpCLTnzW3A",
        "_score" : 1.0,
        "_source" : {
          "eventrecordid" : 34625,
          "providername" : "Microsoft-Windows-Security-Auditing",
          "providerguid" : "{54849625-5478-4994-A5BA-3E3B0328C30D}",
          "eventid" : 0,
          "version" : 0,
          "level" : "AUDIT",
          "keywords" : "Audit Success",
          "task" : 13824,
          "opcode" : 0,
          "createdsystemtime" : 1693054550,
          "correlationactivityid" : "{0CD6AE6D-CAC0-0002-20AF-D60CC0CAD901}",
          "correlationrelatedactivityid" : "0",
          "executionprocessid" : 780,
          "executionthreadid" : 852,
          "channel" : "Security",
          "computer" : "DESKTOP-JAVQUL0",
          "securityuserid" : "0",
          "evtrenderdata" : "<Event xmlns='http://schemas.microsoft.com/win/2004/08/events/event'><System><Provider Name='Microsoft-Windows-Security-Auditing' Guid='{54849625-5478-4994-a5ba-3e3b0328c30d}'/><EventID>5379</EventID><Version>0</Version><Level>0</Level><Task>13824</Task><Opcode>0</Opcode><Keywords>0x8020000000000000</Keywords><TimeCreated SystemTime='2023-08-26T12:55:50.6439180Z'/><EventRecordID>34625</EventRecordID><Correlation ActivityID='{0cd6ae6d-cac0-0002-20af-d60cc0cad901}'/><Execution ProcessID='780' ThreadID='852'/><Channel>Security</Channel><Computer>DESKTOP-JAVQUL0</Computer><Security/></System><EventData><Data Name='SubjectUserSid'>S-1-5-18</Data><Data Name='SubjectUserName'>DESKTOP-JAVQUL0$</Data><Data Name='SubjectDomainName'>WORKGROUP</Data><Data Name='SubjectLogonId'>0x3e7</Data><Data Name='TargetName'>MicrosoftAccount:user=02ayzdrduvnqbqxk</Data><Data Name='Type'>0</Data><Data Name='CountOfCredentialsReturned'>0</Data><Data Name='ReadOperation'>%%8100</Data><Data Name='ReturnCode'>3221226021</Data><Data Name='ProcessCreationTime'>2023-08-26T12:55:49.5690497Z</Data><Data Name='ClientProcessId'>98472</Data></EventData></Event>",
          "uuid" : "3fc22738-1954-47c6-bb40-f4e7fd2e69f2",
          "agent" : "254b05d540de4923a41d2be14c686779",
          "agentIP" : "214.180.59.124",
          "agentName" : "DESKTOP",
          "item_main" : "5379",
          "date_main" : 1693054550,
          "type_main" : "usb",
          "etc_main" : "<Event xmlns='http://schemas.microsoft.com/win/2004/08/events/event'><System><Provider Name='Microsoft-Windows-Security-Auditing' Guid='{54849625-5478-4994-a5ba-3e3b0328c30d}'/><EventID>5379</EventID><Version>0</Version><Level>0</Level><Task>13824</Task><Opcode>0</Opcode><Keywords>0x8020000000000000</Keywords><TimeCreated SystemTime='2023-08-26T12:55:50.6439180Z'/><EventRecordID>34625</EventRecordID><Correlation ActivityID='{0cd6ae6d-cac0-0002-20af-d60cc0cad901}'/><Execution ProcessID='780' ThreadID='852'/><Channel>Security</Channel><Computer>DESKTOP-JAVQUL0</Computer><Security/></System><EventData><Data Name='SubjectUserSid'>S-1-5-18</Data><Data Name='SubjectUserName'>DESKTOP-JAVQUL0$</Data><Data Name='SubjectDomainName'>WORKGROUP</Data><Data Name='SubjectLogonId'>0x3e7</Data><Data Name='TargetName'>MicrosoftAccount:user=02ayzdrduvnqbqxk</Data><Data Name='Type'>0</Data><Data Name='CountOfCredentialsReturned'>0</Data><Data Name='ReadOperation'>%%8100</Data><Data Name='ReturnCode'>3221226021</Data><Data Name='ProcessCreationTime'>2023-08-26T12:55:49.5690497Z</Data><Data Name='ClientProcessId'>98472</Data></EventData></Event>"
        }
      },
      {
        "_index" : "ed_eventsecurity",
        "_type" : "_doc",
        "_id" : "lhinfosB12YpCLTnEbvE",
        "_score" : 1.0,
        "_source" : {
          "eventrecordid" : 44625,
          "providername" : "Microsoft-Windows-Security-Auditing",
          "providerguid" : "{54849625-5478-4994-A5BA-3E3B0328C30D}",
          "eventid" : 0,
          "version" : 0,
          "level" : "AUDIT",
          "keywords" : "Audit Success",
          "task" : 12548,
          "opcode" : 0,
          "createdsystemtime" : 1694362706,
          "correlationactivityid" : "{BC8A7DD8-DA68-0002-857E-8ABC68DAD901}",
          "correlationrelatedactivityid" : "0",
          "executionprocessid" : 768,
          "executionthreadid" : 5712,
          "channel" : "Security",
          "computer" : "DESKTOP-JAVQUL0",
          "securityuserid" : "0",
          "evtrenderdata" : "<Event xmlns='http://schemas.microsoft.com/win/2004/08/events/event'><System><Provider Name='Microsoft-Windows-Security-Auditing' Guid='{54849625-5478-4994-a5ba-3e3b0328c30d}'/><EventID>4672</EventID><Version>0</Version><Level>0</Level><Task>12548</Task><Opcode>0</Opcode><Keywords>0x8020000000000000</Keywords><TimeCreated SystemTime='2023-09-10T16:18:26.2628314Z'/><EventRecordID>44625</EventRecordID><Correlation ActivityID='{bc8a7dd8-da68-0002-857e-8abc68dad901}'/><Execution ProcessID='768' ThreadID='5712'/><Channel>Security</Channel><Computer>DESKTOP-JAVQUL0</Computer><Security/></System><EventData><Data Name='SubjectUserSid'>S-1-5-18</Data><Data Name='SubjectUserName'>SYSTEM</Data><Data Name='SubjectDomainName'>NT AUTHORITY</Data><Data Name='SubjectLogonId'>0x3e7</Data><Data Name='PrivilegeList'>SeAssignPrimaryTokenPrivilege\r\n\t\t\tSeTcbPrivilege\r\n\t\t\tSeSecurityPrivilege\r\n\t\t\tSeTakeOwnershipPrivilege\r\n\t\t\tSeLoadDriverPrivilege\r\n\t\t\tSeBackupPrivilege\r\n\t\t\tSeRestorePrivilege\r\n\t\t\tSeDebugPrivilege\r\n\t\t\tSeAuditPrivilege\r\n\t\t\tSeSystemEnvironmentPrivilege\r\n\t\t\tSeImpersonatePrivilege\r\n\t\t\tSeDelegateSessionUserImpersonatePrivilege</Data></EventData></Event>",
          "uuid" : "d2fdc92f-12f7-4500-bf9a-3fdc6f80eb2e",
          "agent" : "254b05d540de4923a41d2be14c686779",
          "agentIP" : "214.180.59.124",
          "agentName" : "DESKTOP",
          "item_main" : "4672",
          "date_main" : 1694362706,
          "type_main" : "usb",
          "etc_main" : "<Event xmlns='http://schemas.microsoft.com/win/2004/08/events/event'><System><Provider Name='Microsoft-Windows-Security-Auditing' Guid='{54849625-5478-4994-a5ba-3e3b0328c30d}'/><EventID>4672</EventID><Version>0</Version><Level>0</Level><Task>12548</Task><Opcode>0</Opcode><Keywords>0x8020000000000000</Keywords><TimeCreated SystemTime='2023-09-10T16:18:26.2628314Z'/><EventRecordID>44625</EventRecordID><Correlation ActivityID='{bc8a7dd8-da68-0002-857e-8abc68dad901}'/><Execution ProcessID='768' ThreadID='5712'/><Channel>Security</Channel><Computer>DESKTOP-JAVQUL0</Computer><Security/></System><EventData><Data Name='SubjectUserSid'>S-1-5-18</Data><Data Name='SubjectUserName'>SYSTEM</Data><Data Name='SubjectDomainName'>NT AUTHORITY</Data><Data Name='SubjectLogonId'>0x3e7</Data><Data Name='PrivilegeList'>SeAssignPrimaryTokenPrivilege\r\n\t\t\tSeTcbPrivilege\r\n\t\t\tSeSecurityPrivilege\r\n\t\t\tSeTakeOwnershipPrivilege\r\n\t\t\tSeLoadDriverPrivilege\r\n\t\t\tSeBackupPrivilege\r\n\t\t\tSeRestorePrivilege\r\n\t\t\tSeDebugPrivilege\r\n\t\t\tSeAuditPrivilege\r\n\t\t\tSeSystemEnvironmentPrivilege\r\n\t\t\tSeImpersonatePrivilege\r\n\t\t\tSeDelegateSessionUserImpersonatePrivilege</Data></EventData></Event>"
        }
      },
      {
        "_index" : "ed_eventsecurity",
        "_type" : "_doc",
        "_id" : "oBinfosB12YpCLTnEfPN",
        "_score" : 1.0,
        "_source" : {
          "eventrecordid" : 51798,
          "providername" : "Microsoft-Windows-Security-Auditing",
          "providerguid" : "{54849625-5478-4994-A5BA-3E3B0328C30D}",
          "eventid" : 0,
          "version" : 0,
          "level" : "AUDIT",
          "keywords" : "Audit Success",
          "task" : 13568,
          "opcode" : 0,
          "createdsystemtime" : 1694601479,
          "correlationactivityid" : "0",
          "correlationrelatedactivityid" : "0",
          "executionprocessid" : 4,
          "executionthreadid" : 6888,
          "channel" : "Security",
          "computer" : "DESKTOP-JAVQUL0",
          "securityuserid" : "0",
          "evtrenderdata" : "<Event xmlns='http://schemas.microsoft.com/win/2004/08/events/event'><System><Provider Name='Microsoft-Windows-Security-Auditing' Guid='{54849625-5478-4994-a5ba-3e3b0328c30d}'/><EventID>4907</EventID><Version>0</Version><Level>0</Level><Task>13568</Task><Opcode>0</Opcode><Keywords>0x8020000000000000</Keywords><TimeCreated SystemTime='2023-09-13T10:37:59.8600294Z'/><EventRecordID>51798</EventRecordID><Correlation/><Execution ProcessID='4' ThreadID='6888'/><Channel>Security</Channel><Computer>DESKTOP-JAVQUL0</Computer><Security/></System><EventData><Data Name='SubjectUserSid'>S-1-5-18</Data><Data Name='SubjectUserName'>DESKTOP-JAVQUL0$</Data><Data Name='SubjectDomainName'>WORKGROUP</Data><Data Name='SubjectLogonId'>0x3e7</Data><Data Name='ObjectServer'>Security</Data><Data Name='ObjectType'>File</Data><Data Name='ObjectName'>C:\\Windows\\SystemApps\\MicrosoftWindows.Client.CBS_cw5n1h2txyewy\\WindowsBackup\\Assets\\AppList.targetsize-56_altform-unplated.png</Data><Data Name='HandleId'>0xe0</Data><Data Name='OldSd'>S:AINO_ACCESS_CONTROL</Data><Data Name='NewSd'>S:ARAI(AU;SAFA;DCLCRPCRSDWDWO;;;WD)</Data><Data Name='ProcessId'>0x2528</Data><Data Name='ProcessName'>C:\\Windows\\System32\\poqexec.exe</Data></EventData></Event>",
          "uuid" : "3b40084e-23e1-445e-94d6-d5fd565f4625",
          "agent" : "254b05d540de4923a41d2be14c686779",
          "agentIP" : "214.180.59.124",
          "agentName" : "DESKTOP",
          "item_main" : "4907",
          "date_main" : 1694601479,
          "type_main" : "usb",
          "etc_main" : "<Event xmlns='http://schemas.microsoft.com/win/2004/08/events/event'><System><Provider Name='Microsoft-Windows-Security-Auditing' Guid='{54849625-5478-4994-a5ba-3e3b0328c30d}'/><EventID>4907</EventID><Version>0</Version><Level>0</Level><Task>13568</Task><Opcode>0</Opcode><Keywords>0x8020000000000000</Keywords><TimeCreated SystemTime='2023-09-13T10:37:59.8600294Z'/><EventRecordID>51798</EventRecordID><Correlation/><Execution ProcessID='4' ThreadID='6888'/><Channel>Security</Channel><Computer>DESKTOP-JAVQUL0</Computer><Security/></System><EventData><Data Name='SubjectUserSid'>S-1-5-18</Data><Data Name='SubjectUserName'>DESKTOP-JAVQUL0$</Data><Data Name='SubjectDomainName'>WORKGROUP</Data><Data Name='SubjectLogonId'>0x3e7</Data><Data Name='ObjectServer'>Security</Data><Data Name='ObjectType'>File</Data><Data Name='ObjectName'>C:\\Windows\\SystemApps\\MicrosoftWindows.Client.CBS_cw5n1h2txyewy\\WindowsBackup\\Assets\\AppList.targetsize-56_altform-unplated.png</Data><Data Name='HandleId'>0xe0</Data><Data Name='OldSd'>S:AINO_ACCESS_CONTROL</Data><Data Name='NewSd'>S:ARAI(AU;SAFA;DCLCRPCRSDWDWO;;;WD)</Data><Data Name='ProcessId'>0x2528</Data><Data Name='ProcessName'>C:\\Windows\\System32\\poqexec.exe</Data></EventData></Event>"
        }
      },
      {
        "_index" : "ed_eventsecurity",
        "_type" : "_doc",
        "_id" : "YRinfosB12YpCLTnVvpi",
        "_score" : 1.0,
        "_source" : {
          "eventrecordid" : 52655,
          "providername" : "Microsoft-Windows-Security-Auditing",
          "providerguid" : "{54849625-5478-4994-A5BA-3E3B0328C30D}",
          "eventid" : 0,
          "version" : 0,
          "level" : "AUDIT",
          "keywords" : "Audit Success",
          "task" : 12548,
          "opcode" : 0,
          "createdsystemtime" : 1694630434,
          "correlationactivityid" : "{C53F663B-E671-0002-9D66-3FC571E6D901}",
          "correlationrelatedactivityid" : "0",
          "executionprocessid" : 792,
          "executionthreadid" : 888,
          "channel" : "Security",
          "computer" : "DESKTOP-JAVQUL0",
          "securityuserid" : "0",
          "evtrenderdata" : "<Event xmlns='http://schemas.microsoft.com/win/2004/08/events/event'><System><Provider Name='Microsoft-Windows-Security-Auditing' Guid='{54849625-5478-4994-a5ba-3e3b0328c30d}'/><EventID>4672</EventID><Version>0</Version><Level>0</Level><Task>12548</Task><Opcode>0</Opcode><Keywords>0x8020000000000000</Keywords><TimeCreated SystemTime='2023-09-13T18:40:34.4862418Z'/><EventRecordID>52655</EventRecordID><Correlation ActivityID='{c53f663b-e671-0002-9d66-3fc571e6d901}'/><Execution ProcessID='792' ThreadID='888'/><Channel>Security</Channel><Computer>DESKTOP-JAVQUL0</Computer><Security/></System><EventData><Data Name='SubjectUserSid'>S-1-5-18</Data><Data Name='SubjectUserName'>SYSTEM</Data><Data Name='SubjectDomainName'>NT AUTHORITY</Data><Data Name='SubjectLogonId'>0x3e7</Data><Data Name='PrivilegeList'>SeAssignPrimaryTokenPrivilege\r\n\t\t\tSeTcbPrivilege\r\n\t\t\tSeSecurityPrivilege\r\n\t\t\tSeTakeOwnershipPrivilege\r\n\t\t\tSeLoadDriverPrivilege\r\n\t\t\tSeBackupPrivilege\r\n\t\t\tSeRestorePrivilege\r\n\t\t\tSeDebugPrivilege\r\n\t\t\tSeAuditPrivilege\r\n\t\t\tSeSystemEnvironmentPrivilege\r\n\t\t\tSeImpersonatePrivilege\r\n\t\t\tSeDelegateSessionUserImpersonatePrivilege</Data></EventData></Event>",
          "uuid" : "8b12917c-df02-435a-9ef4-f8635946257d",
          "agent" : "254b05d540de4923a41d2be14c686779",
          "agentIP" : "214.180.59.124",
          "agentName" : "DESKTOP",
          "item_main" : "4672",
          "date_main" : 1694630434,
          "type_main" : "usb",
          "etc_main" : "<Event xmlns='http://schemas.microsoft.com/win/2004/08/events/event'><System><Provider Name='Microsoft-Windows-Security-Auditing' Guid='{54849625-5478-4994-a5ba-3e3b0328c30d}'/><EventID>4672</EventID><Version>0</Version><Level>0</Level><Task>12548</Task><Opcode>0</Opcode><Keywords>0x8020000000000000</Keywords><TimeCreated SystemTime='2023-09-13T18:40:34.4862418Z'/><EventRecordID>52655</EventRecordID><Correlation ActivityID='{c53f663b-e671-0002-9d66-3fc571e6d901}'/><Execution ProcessID='792' ThreadID='888'/><Channel>Security</Channel><Computer>DESKTOP-JAVQUL0</Computer><Security/></System><EventData><Data Name='SubjectUserSid'>S-1-5-18</Data><Data Name='SubjectUserName'>SYSTEM</Data><Data Name='SubjectDomainName'>NT AUTHORITY</Data><Data Name='SubjectLogonId'>0x3e7</Data><Data Name='PrivilegeList'>SeAssignPrimaryTokenPrivilege\r\n\t\t\tSeTcbPrivilege\r\n\t\t\tSeSecurityPrivilege\r\n\t\t\tSeTakeOwnershipPrivilege\r\n\t\t\tSeLoadDriverPrivilege\r\n\t\t\tSeBackupPrivilege\r\n\t\t\tSeRestorePrivilege\r\n\t\t\tSeDebugPrivilege\r\n\t\t\tSeAuditPrivilege\r\n\t\t\tSeSystemEnvironmentPrivilege\r\n\t\t\tSeImpersonatePrivilege\r\n\t\t\tSeDelegateSessionUserImpersonatePrivilege</Data></EventData></Event>"
        }
      },
      {
        "_index" : "ed_eventsecurity",
        "_type" : "_doc",
        "_id" : "fuqeb4sB12YpCLTn9NW3",
        "_score" : 1.0,
        "_source" : {
          "eventrecordid" : 553933,
          "providername" : "Microsoft-Windows-Security-Auditing",
          "providerguid" : "{54849625-5478-4994-A5BA-3E3B0328C30D}",
          "eventid" : 0,
          "version" : 0,
          "level" : "AUDIT",
          "keywords" : "Audit Success",
          "task" : 13824,
          "opcode" : 0,
          "createdsystemtime" : 1696409509,
          "correlationactivityid" : "{2F9B351B-E891-0002-AC35-9B2F91E8D901}",
          "correlationrelatedactivityid" : "0",
          "executionprocessid" : 1336,
          "executionthreadid" : 22560,
          "channel" : "Security",
          "computer" : "MSI",
          "securityuserid" : "0",
          "evtrenderdata" : "<Event xmlns='http://schemas.microsoft.com/win/2004/08/events/event'><System><Provider Name='Microsoft-Windows-Security-Auditing' Guid='{54849625-5478-4994-a5ba-3e3b0328c30d}'/><EventID>5379</EventID><Version>0</Version><Level>0</Level><Task>13824</Task><Opcode>0</Opcode><Keywords>0x8020000000000000</Keywords><TimeCreated SystemTime='2023-10-04T08:51:49.4494191Z'/><EventRecordID>553933</EventRecordID><Correlation ActivityID='{2f9b351b-e891-0002-ac35-9b2f91e8d901}'/><Execution ProcessID='1336' ThreadID='22560'/><Channel>Security</Channel><Computer>MSI</Computer><Security/></System><EventData><Data Name='SubjectUserSid'>S-1-5-18</Data><Data Name='SubjectUserName'>MSI$</Data><Data Name='SubjectDomainName'>WORKGROUP</Data><Data Name='SubjectLogonId'>0x3e7</Data><Data Name='TargetName'>WindowsLive:target=virtualapp/didlogical</Data><Data Name='Type'>0</Data><Data Name='CountOfCredentialsReturned'>1</Data><Data Name='ReadOperation'>%%8100</Data><Data Name='ReturnCode'>0</Data><Data Name='ProcessCreationTime'>2023-10-04T08:51:49.4250904Z</Data><Data Name='ClientProcessId'>1516</Data></EventData></Event>",
          "uuid" : "27d6bdee-ab94-4625-898b-cfd3cf4adee2",
          "agent" : "68c0bd78e4f84ff0afc5b76957dc9563",
          "agentIP" : "33.136.42.21",
          "agentName" : "DESKTOP",
          "item_main" : "5379",
          "date_main" : 1696409509,
          "type_main" : "usb",
          "etc_main" : "<Event xmlns='http://schemas.microsoft.com/win/2004/08/events/event'><System><Provider Name='Microsoft-Windows-Security-Auditing' Guid='{54849625-5478-4994-a5ba-3e3b0328c30d}'/><EventID>5379</EventID><Version>0</Version><Level>0</Level><Task>13824</Task><Opcode>0</Opcode><Keywords>0x8020000000000000</Keywords><TimeCreated SystemTime='2023-10-04T08:51:49.4494191Z'/><EventRecordID>553933</EventRecordID><Correlation ActivityID='{2f9b351b-e891-0002-ac35-9b2f91e8d901}'/><Execution ProcessID='1336' ThreadID='22560'/><Channel>Security</Channel><Computer>MSI</Computer><Security/></System><EventData><Data Name='SubjectUserSid'>S-1-5-18</Data><Data Name='SubjectUserName'>MSI$</Data><Data Name='SubjectDomainName'>WORKGROUP</Data><Data Name='SubjectLogonId'>0x3e7</Data><Data Name='TargetName'>WindowsLive:target=virtualapp/didlogical</Data><Data Name='Type'>0</Data><Data Name='CountOfCredentialsReturned'>1</Data><Data Name='ReadOperation'>%%8100</Data><Data Name='ReturnCode'>0</Data><Data Name='ProcessCreationTime'>2023-10-04T08:51:49.4250904Z</Data><Data Name='ClientProcessId'>1516</Data></EventData></Event>"
        }
      },
      {
        "_index" : "ed_eventsecurity",
        "_type" : "_doc",
        "_id" : "_eufb4sB12YpCLTnf-AP",
        "_score" : 1.0,
        "_source" : {
          "eventrecordid" : 555914,
          "providername" : "Microsoft-Windows-Security-Auditing",
          "providerguid" : "{54849625-5478-4994-A5BA-3E3B0328C30D}",
          "eventid" : 0,
          "version" : 0,
          "level" : "AUDIT",
          "keywords" : "Audit Success",
          "task" : 13824,
          "opcode" : 0,
          "createdsystemtime" : 1696471122,
          "correlationactivityid" : "{2F9B351B-E891-0002-AC35-9B2F91E8D901}",
          "correlationrelatedactivityid" : "0",
          "executionprocessid" : 1336,
          "executionthreadid" : 23696,
          "channel" : "Security",
          "computer" : "MSI",
          "securityuserid" : "0",
          "evtrenderdata" : "<Event xmlns='http://schemas.microsoft.com/win/2004/08/events/event'><System><Provider Name='Microsoft-Windows-Security-Auditing' Guid='{54849625-5478-4994-a5ba-3e3b0328c30d}'/><EventID>5379</EventID><Version>0</Version><Level>0</Level><Task>13824</Task><Opcode>0</Opcode><Keywords>0x8020000000000000</Keywords><TimeCreated SystemTime='2023-10-05T01:58:42.7607144Z'/><EventRecordID>555914</EventRecordID><Correlation ActivityID='{2f9b351b-e891-0002-ac35-9b2f91e8d901}'/><Execution ProcessID='1336' ThreadID='23696'/><Channel>Security</Channel><Computer>MSI</Computer><Security/></System><EventData><Data Name='SubjectUserSid'>S-1-5-21-3414511439-2402517761-651233876-1001</Data><Data Name='SubjectUserName'>jim10</Data><Data Name='SubjectDomainName'>MSI</Data><Data Name='SubjectLogonId'>0x390d7</Data><Data Name='TargetName'>WindowsLive:(cert):name=02iyjtlirajbhiqx;serviceuri=*</Data><Data Name='Type'>0</Data><Data Name='CountOfCredentialsReturned'>0</Data><Data Name='ReadOperation'>%%8100</Data><Data Name='ReturnCode'>3221226021</Data><Data Name='ProcessCreationTime'>2023-10-05T01:58:42.7137306Z</Data><Data Name='ClientProcessId'>24496</Data></EventData></Event>",
          "uuid" : "3bc3bcd9-cf73-4625-ac19-aac66fc41cbb",
          "agent" : "68c0bd78e4f84ff0afc5b76957dc9563",
          "agentIP" : "33.136.42.21",
          "agentName" : "DESKTOP",
          "item_main" : "5379",
          "date_main" : 1696471122,
          "type_main" : "usb",
          "etc_main" : "<Event xmlns='http://schemas.microsoft.com/win/2004/08/events/event'><System><Provider Name='Microsoft-Windows-Security-Auditing' Guid='{54849625-5478-4994-a5ba-3e3b0328c30d}'/><EventID>5379</EventID><Version>0</Version><Level>0</Level><Task>13824</Task><Opcode>0</Opcode><Keywords>0x8020000000000000</Keywords><TimeCreated SystemTime='2023-10-05T01:58:42.7607144Z'/><EventRecordID>555914</EventRecordID><Correlation ActivityID='{2f9b351b-e891-0002-ac35-9b2f91e8d901}'/><Execution ProcessID='1336' ThreadID='23696'/><Channel>Security</Channel><Computer>MSI</Computer><Security/></System><EventData><Data Name='SubjectUserSid'>S-1-5-21-3414511439-2402517761-651233876-1001</Data><Data Name='SubjectUserName'>jim10</Data><Data Name='SubjectDomainName'>MSI</Data><Data Name='SubjectLogonId'>0x390d7</Data><Data Name='TargetName'>WindowsLive:(cert):name=02iyjtlirajbhiqx;serviceuri=*</Data><Data Name='Type'>0</Data><Data Name='CountOfCredentialsReturned'>0</Data><Data Name='ReadOperation'>%%8100</Data><Data Name='ReturnCode'>3221226021</Data><Data Name='ProcessCreationTime'>2023-10-05T01:58:42.7137306Z</Data><Data Name='ClientProcessId'>24496</Data></EventData></Event>"
        }
      },
      {
        "_index" : "ed_eventsecurity",
        "_type" : "_doc",
        "_id" : "feqeb4sB12YpCLTnyVwq",
        "_score" : 1.0,
        "_source" : {
          "eventrecordid" : 552687,
          "providername" : "Microsoft-Windows-Security-Auditing",
          "providerguid" : "{54849625-5478-4994-A5BA-3E3B0328C30D}",
          "eventid" : 0,
          "version" : 0,
          "level" : "AUDIT",
          "keywords" : "Audit Success",
          "task" : 13824,
          "opcode" : 0,
          "createdsystemtime" : 1696366553,
          "correlationactivityid" : "{2F9B351B-E891-0002-AC35-9B2F91E8D901}",
          "correlationrelatedactivityid" : "0",
          "executionprocessid" : 1336,
          "executionthreadid" : 18784,
          "channel" : "Security",
          "computer" : "MSI",
          "securityuserid" : "0",
          "evtrenderdata" : "<Event xmlns='http://schemas.microsoft.com/win/2004/08/events/event'><System><Provider Name='Microsoft-Windows-Security-Auditing' Guid='{54849625-5478-4994-a5ba-3e3b0328c30d}'/><EventID>5379</EventID><Version>0</Version><Level>0</Level><Task>13824</Task><Opcode>0</Opcode><Keywords>0x8020000000000000</Keywords><TimeCreated SystemTime='2023-10-03T20:55:53.2462520Z'/><EventRecordID>552687</EventRecordID><Correlation ActivityID='{2f9b351b-e891-0002-ac35-9b2f91e8d901}'/><Execution ProcessID='1336' ThreadID='18784'/><Channel>Security</Channel><Computer>MSI</Computer><Security/></System><EventData><Data Name='SubjectUserSid'>S-1-5-21-3414511439-2402517761-651233876-1001</Data><Data Name='SubjectUserName'>jim10</Data><Data Name='SubjectDomainName'>MSI</Data><Data Name='SubjectLogonId'>0x390d7</Data><Data Name='TargetName'>WindowsLive:(token):name=jim1010336@gmail.com;serviceuri=*</Data><Data Name='Type'>0</Data><Data Name='CountOfCredentialsReturned'>0</Data><Data Name='ReadOperation'>%%8100</Data><Data Name='ReturnCode'>3221226021</Data><Data Name='ProcessCreationTime'>2023-10-03T20:55:53.1956258Z</Data><Data Name='ClientProcessId'>23712</Data></EventData></Event>",
          "uuid" : "41a439f3-ba9f-4442-bceb-7f824cff3f48",
          "agent" : "68c0bd78e4f84ff0afc5b76957dc9563",
          "agentIP" : "33.136.42.21",
          "agentName" : "DESKTOP",
          "item_main" : "5379",
          "date_main" : 1696366553,
          "type_main" : "usb",
          "etc_main" : "<Event xmlns='http://schemas.microsoft.com/win/2004/08/events/event'><System><Provider Name='Microsoft-Windows-Security-Auditing' Guid='{54849625-5478-4994-a5ba-3e3b0328c30d}'/><EventID>5379</EventID><Version>0</Version><Level>0</Level><Task>13824</Task><Opcode>0</Opcode><Keywords>0x8020000000000000</Keywords><TimeCreated SystemTime='2023-10-03T20:55:53.2462520Z'/><EventRecordID>552687</EventRecordID><Correlation ActivityID='{2f9b351b-e891-0002-ac35-9b2f91e8d901}'/><Execution ProcessID='1336' ThreadID='18784'/><Channel>Security</Channel><Computer>MSI</Computer><Security/></System><EventData><Data Name='SubjectUserSid'>S-1-5-21-3414511439-2402517761-651233876-1001</Data><Data Name='SubjectUserName'>jim10</Data><Data Name='SubjectDomainName'>MSI</Data><Data Name='SubjectLogonId'>0x390d7</Data><Data Name='TargetName'>WindowsLive:(token):name=jim1010336@gmail.com;serviceuri=*</Data><Data Name='Type'>0</Data><Data Name='CountOfCredentialsReturned'>0</Data><Data Name='ReadOperation'>%%8100</Data><Data Name='ReturnCode'>3221226021</Data><Data Name='ProcessCreationTime'>2023-10-03T20:55:53.1956258Z</Data><Data Name='ClientProcessId'>23712</Data></EventData></Event>"
        }
      },
      {
        "_index" : "ed_eventsecurity",
        "_type" : "_doc",
        "_id" : "IOufb4sB12YpCLTnIF6S",
        "_score" : 1.0,
        "_source" : {
          "eventrecordid" : 554965,
          "providername" : "Microsoft-Windows-Security-Auditing",
          "providerguid" : "{54849625-5478-4994-A5BA-3E3B0328C30D}",
          "eventid" : 0,
          "version" : 0,
          "level" : "AUDIT",
          "keywords" : "Audit Success",
          "task" : 13824,
          "opcode" : 0,
          "createdsystemtime" : 1696429655,
          "correlationactivityid" : "{2F9B351B-E891-0002-AC35-9B2F91E8D901}",
          "correlationrelatedactivityid" : "0",
          "executionprocessid" : 1336,
          "executionthreadid" : 4580,
          "channel" : "Security",
          "computer" : "MSI",
          "securityuserid" : "0",
          "evtrenderdata" : "<Event xmlns='http://schemas.microsoft.com/win/2004/08/events/event'><System><Provider Name='Microsoft-Windows-Security-Auditing' Guid='{54849625-5478-4994-a5ba-3e3b0328c30d}'/><EventID>4798</EventID><Version>0</Version><Level>0</Level><Task>13824</Task><Opcode>0</Opcode><Keywords>0x8020000000000000</Keywords><TimeCreated SystemTime='2023-10-04T14:27:35.0146252Z'/><EventRecordID>554965</EventRecordID><Correlation ActivityID='{2f9b351b-e891-0002-ac35-9b2f91e8d901}'/><Execution ProcessID='1336' ThreadID='4580'/><Channel>Security</Channel><Computer>MSI</Computer><Security/></System><EventData><Data Name='TargetUserName'>DefaultAccount</Data><Data Name='TargetDomainName'>MSI</Data><Data Name='TargetSid'>S-1-5-21-3414511439-2402517761-651233876-503</Data><Data Name='SubjectUserSid'>S-1-5-18</Data><Data Name='SubjectUserName'>MSI$</Data><Data Name='SubjectDomainName'>WORKGROUP</Data><Data Name='SubjectLogonId'>0x3e7</Data><Data Name='CallerProcessId'>0x3488</Data><Data Name='CallerProcessName'>C:\\Windows\\System32\\svchost.exe</Data></EventData></Event>",
          "uuid" : "fc6a5dae-1833-4fdc-98c1-85eb9d26acc2",
          "agent" : "68c0bd78e4f84ff0afc5b76957dc9563",
          "agentIP" : "33.136.42.21",
          "agentName" : "DESKTOP",
          "item_main" : "4798",
          "date_main" : 1696429655,
          "type_main" : "usb",
          "etc_main" : "<Event xmlns='http://schemas.microsoft.com/win/2004/08/events/event'><System><Provider Name='Microsoft-Windows-Security-Auditing' Guid='{54849625-5478-4994-a5ba-3e3b0328c30d}'/><EventID>4798</EventID><Version>0</Version><Level>0</Level><Task>13824</Task><Opcode>0</Opcode><Keywords>0x8020000000000000</Keywords><TimeCreated SystemTime='2023-10-04T14:27:35.0146252Z'/><EventRecordID>554965</EventRecordID><Correlation ActivityID='{2f9b351b-e891-0002-ac35-9b2f91e8d901}'/><Execution ProcessID='1336' ThreadID='4580'/><Channel>Security</Channel><Computer>MSI</Computer><Security/></System><EventData><Data Name='TargetUserName'>DefaultAccount</Data><Data Name='TargetDomainName'>MSI</Data><Data Name='TargetSid'>S-1-5-21-3414511439-2402517761-651233876-503</Data><Data Name='SubjectUserSid'>S-1-5-18</Data><Data Name='SubjectUserName'>MSI$</Data><Data Name='SubjectDomainName'>WORKGROUP</Data><Data Name='SubjectLogonId'>0x3e7</Data><Data Name='CallerProcessId'>0x3488</Data><Data Name='CallerProcessName'>C:\\Windows\\System32\\svchost.exe</Data></EventData></Event>"
        }
      },
      {
        "_index" : "ed_eventsecurity",
        "_type" : "_doc",
        "_id" : "qeufb4sB12YpCLTnESHj",
        "_score" : 1.0,
        "_source" : {
          "eventrecordid" : 554625,
          "providername" : "Microsoft-Windows-Security-Auditing",
          "providerguid" : "{54849625-5478-4994-A5BA-3E3B0328C30D}",
          "eventid" : 0,
          "version" : 3,
          "level" : "AUDIT",
          "keywords" : "Audit Success",
          "task" : 12544,
          "opcode" : 0,
          "createdsystemtime" : 1696419693,
          "correlationactivityid" : "{2F9B351B-E891-0002-AC35-9B2F91E8D901}",
          "correlationrelatedactivityid" : "0",
          "executionprocessid" : 1336,
          "executionthreadid" : 21640,
          "channel" : "Security",
          "computer" : "MSI",
          "securityuserid" : "0",
          "evtrenderdata" : "<Event xmlns='http://schemas.microsoft.com/win/2004/08/events/event'><System><Provider Name='Microsoft-Windows-Security-Auditing' Guid='{54849625-5478-4994-a5ba-3e3b0328c30d}'/><EventID>4624</EventID><Version>3</Version><Level>0</Level><Task>12544</Task><Opcode>0</Opcode><Keywords>0x8020000000000000</Keywords><TimeCreated SystemTime='2023-10-04T11:41:33.5768350Z'/><EventRecordID>554625</EventRecordID><Correlation ActivityID='{2f9b351b-e891-0002-ac35-9b2f91e8d901}'/><Execution ProcessID='1336' ThreadID='21640'/><Channel>Security</Channel><Computer>MSI</Computer><Security/></System><EventData><Data Name='SubjectUserSid'>S-1-5-18</Data><Data Name='SubjectUserName'>MSI$</Data><Data Name='SubjectDomainName'>WORKGROUP</Data><Data Name='SubjectLogonId'>0x3e7</Data><Data Name='TargetUserSid'>S-1-5-18</Data><Data Name='TargetUserName'>SYSTEM</Data><Data Name='TargetDomainName'>NT AUTHORITY</Data><Data Name='TargetLogonId'>0x3e7</Data><Data Name='LogonType'>5</Data><Data Name='LogonProcessName'>Advapi  </Data><Data Name='AuthenticationPackageName'>Negotiate</Data><Data Name='WorkstationName'>-</Data><Data Name='LogonGuid'>{00000000-0000-0000-0000-000000000000}</Data><Data Name='TransmittedServices'>-</Data><Data Name='LmPackageName'>-</Data><Data Name='KeyLength'>0</Data><Data Name='ProcessId'>0x4fc</Data><Data Name='ProcessName'>C:\\Windows\\System32\\services.exe</Data><Data Name='IpAddress'>-</Data><Data Name='IpPort'>-</Data><Data Name='ImpersonationLevel'>%%1833</Data><Data Name='RestrictedAdminMode'>-</Data><Data Name='RemoteCredentialGuard'>-</Data><Data Name='TargetOutboundUserName'>-</Data><Data Name='TargetOutboundDomainName'>-</Data><Data Name='VirtualAccount'>%%1843</Data><Data Name='TargetLinkedLogonId'>0x0</Data><Data Name='ElevatedToken'>%%1842</Data></EventData></Event>",
          "uuid" : "f4963265-6215-41bf-8444-4a269fcdc4a2",
          "agent" : "68c0bd78e4f84ff0afc5b76957dc9563",
          "agentIP" : "33.136.42.21",
          "agentName" : "DESKTOP",
          "item_main" : "4624",
          "date_main" : 1696419693,
          "type_main" : "usb",
          "etc_main" : "<Event xmlns='http://schemas.microsoft.com/win/2004/08/events/event'><System><Provider Name='Microsoft-Windows-Security-Auditing' Guid='{54849625-5478-4994-a5ba-3e3b0328c30d}'/><EventID>4624</EventID><Version>3</Version><Level>0</Level><Task>12544</Task><Opcode>0</Opcode><Keywords>0x8020000000000000</Keywords><TimeCreated SystemTime='2023-10-04T11:41:33.5768350Z'/><EventRecordID>554625</EventRecordID><Correlation ActivityID='{2f9b351b-e891-0002-ac35-9b2f91e8d901}'/><Execution ProcessID='1336' ThreadID='21640'/><Channel>Security</Channel><Computer>MSI</Computer><Security/></System><EventData><Data Name='SubjectUserSid'>S-1-5-18</Data><Data Name='SubjectUserName'>MSI$</Data><Data Name='SubjectDomainName'>WORKGROUP</Data><Data Name='SubjectLogonId'>0x3e7</Data><Data Name='TargetUserSid'>S-1-5-18</Data><Data Name='TargetUserName'>SYSTEM</Data><Data Name='TargetDomainName'>NT AUTHORITY</Data><Data Name='TargetLogonId'>0x3e7</Data><Data Name='LogonType'>5</Data><Data Name='LogonProcessName'>Advapi  </Data><Data Name='AuthenticationPackageName'>Negotiate</Data><Data Name='WorkstationName'>-</Data><Data Name='LogonGuid'>{00000000-0000-0000-0000-000000000000}</Data><Data Name='TransmittedServices'>-</Data><Data Name='LmPackageName'>-</Data><Data Name='KeyLength'>0</Data><Data Name='ProcessId'>0x4fc</Data><Data Name='ProcessName'>C:\\Windows\\System32\\services.exe</Data><Data Name='IpAddress'>-</Data><Data Name='IpPort'>-</Data><Data Name='ImpersonationLevel'>%%1833</Data><Data Name='RestrictedAdminMode'>-</Data><Data Name='RemoteCredentialGuard'>-</Data><Data Name='TargetOutboundUserName'>-</Data><Data Name='TargetOutboundDomainName'>-</Data><Data Name='VirtualAccount'>%%1843</Data><Data Name='TargetLinkedLogonId'>0x0</Data><Data Name='ElevatedToken'>%%1842</Data></EventData></Event>"
        }
      },
      {
        "_index" : "ed_eventsecurity",
        "_type" : "_doc",
        "_id" : "ieufb4sB12YpCLTnESLj",
        "_score" : 1.0,
        "_source" : {
          "eventrecordid" : 554737,
          "providername" : "Microsoft-Windows-Security-Auditing",
          "providerguid" : "{54849625-5478-4994-A5BA-3E3B0328C30D}",
          "eventid" : 0,
          "version" : 0,
          "level" : "AUDIT",
          "keywords" : "Audit Success",
          "task" : 13824,
          "opcode" : 0,
          "createdsystemtime" : 1696420639,
          "correlationactivityid" : "{2F9B351B-E891-0002-AC35-9B2F91E8D901}",
          "correlationrelatedactivityid" : "0",
          "executionprocessid" : 1336,
          "executionthreadid" : 4580,
          "channel" : "Security",
          "computer" : "MSI",
          "securityuserid" : "0",
          "evtrenderdata" : "<Event xmlns='http://schemas.microsoft.com/win/2004/08/events/event'><System><Provider Name='Microsoft-Windows-Security-Auditing' Guid='{54849625-5478-4994-a5ba-3e3b0328c30d}'/><EventID>5379</EventID><Version>0</Version><Level>0</Level><Task>13824</Task><Opcode>0</Opcode><Keywords>0x8020000000000000</Keywords><TimeCreated SystemTime='2023-10-04T11:57:19.7946258Z'/><EventRecordID>554737</EventRecordID><Correlation ActivityID='{2f9b351b-e891-0002-ac35-9b2f91e8d901}'/><Execution ProcessID='1336' ThreadID='4580'/><Channel>Security</Channel><Computer>MSI</Computer><Security/></System><EventData><Data Name='SubjectUserSid'>S-1-5-21-3414511439-2402517761-651233876-1001</Data><Data Name='SubjectUserName'>jim10</Data><Data Name='SubjectDomainName'>MSI</Data><Data Name='SubjectLogonId'>0x390d7</Data><Data Name='TargetName'>WindowsLive:(token):name=02iyjtlirajbhiqx;serviceuri=*</Data><Data Name='Type'>0</Data><Data Name='CountOfCredentialsReturned'>0</Data><Data Name='ReadOperation'>%%8100</Data><Data Name='ReturnCode'>3221226021</Data><Data Name='ProcessCreationTime'>2023-10-04T11:57:19.7485647Z</Data><Data Name='ClientProcessId'>1796</Data></EventData></Event>",
          "uuid" : "c282f34a-d838-4cf6-8460-91612809d1a4",
          "agent" : "68c0bd78e4f84ff0afc5b76957dc9563",
          "agentIP" : "33.136.42.21",
          "agentName" : "DESKTOP",
          "item_main" : "5379",
          "date_main" : 1696420639,
          "type_main" : "usb",
          "etc_main" : "<Event xmlns='http://schemas.microsoft.com/win/2004/08/events/event'><System><Provider Name='Microsoft-Windows-Security-Auditing' Guid='{54849625-5478-4994-a5ba-3e3b0328c30d}'/><EventID>5379</EventID><Version>0</Version><Level>0</Level><Task>13824</Task><Opcode>0</Opcode><Keywords>0x8020000000000000</Keywords><TimeCreated SystemTime='2023-10-04T11:57:19.7946258Z'/><EventRecordID>554737</EventRecordID><Correlation ActivityID='{2f9b351b-e891-0002-ac35-9b2f91e8d901}'/><Execution ProcessID='1336' ThreadID='4580'/><Channel>Security</Channel><Computer>MSI</Computer><Security/></System><EventData><Data Name='SubjectUserSid'>S-1-5-21-3414511439-2402517761-651233876-1001</Data><Data Name='SubjectUserName'>jim10</Data><Data Name='SubjectDomainName'>MSI</Data><Data Name='SubjectLogonId'>0x390d7</Data><Data Name='TargetName'>WindowsLive:(token):name=02iyjtlirajbhiqx;serviceuri=*</Data><Data Name='Type'>0</Data><Data Name='CountOfCredentialsReturned'>0</Data><Data Name='ReadOperation'>%%8100</Data><Data Name='ReturnCode'>3221226021</Data><Data Name='ProcessCreationTime'>2023-10-04T11:57:19.7485647Z</Data><Data Name='ClientProcessId'>1796</Data></EventData></Event>"
        }
      },
      {
        "_index" : "ed_eventsecurity",
        "_type" : "_doc",
        "_id" : "UvChb4sB12YpCLTnodBv",
        "_score" : 1.0,
        "_source" : {
          "eventrecordid" : 563594,
          "providername" : "Microsoft-Windows-Security-Auditing",
          "providerguid" : "{54849625-5478-4994-A5BA-3E3B0328C30D}",
          "eventid" : 0,
          "version" : 0,
          "level" : "AUDIT",
          "keywords" : "Audit Success",
          "task" : 12548,
          "opcode" : 0,
          "createdsystemtime" : 1696680561,
          "correlationactivityid" : "{2F9B351B-E891-0002-AC35-9B2F91E8D901}",
          "correlationrelatedactivityid" : "0",
          "executionprocessid" : 1336,
          "executionthreadid" : 5356,
          "channel" : "Security",
          "computer" : "MSI",
          "securityuserid" : "0",
          "evtrenderdata" : "<Event xmlns='http://schemas.microsoft.com/win/2004/08/events/event'><System><Provider Name='Microsoft-Windows-Security-Auditing' Guid='{54849625-5478-4994-a5ba-3e3b0328c30d}'/><EventID>4672</EventID><Version>0</Version><Level>0</Level><Task>12548</Task><Opcode>0</Opcode><Keywords>0x8020000000000000</Keywords><TimeCreated SystemTime='2023-10-07T12:09:21.0390495Z'/><EventRecordID>563594</EventRecordID><Correlation ActivityID='{2f9b351b-e891-0002-ac35-9b2f91e8d901}'/><Execution ProcessID='1336' ThreadID='5356'/><Channel>Security</Channel><Computer>MSI</Computer><Security/></System><EventData><Data Name='SubjectUserSid'>S-1-5-18</Data><Data Name='SubjectUserName'>SYSTEM</Data><Data Name='SubjectDomainName'>NT AUTHORITY</Data><Data Name='SubjectLogonId'>0x3e7</Data><Data Name='PrivilegeList'>SeAssignPrimaryTokenPrivilege\r\n\t\t\tSeTcbPrivilege\r\n\t\t\tSeSecurityPrivilege\r\n\t\t\tSeTakeOwnershipPrivilege\r\n\t\t\tSeLoadDriverPrivilege\r\n\t\t\tSeBackupPrivilege\r\n\t\t\tSeRestorePrivilege\r\n\t\t\tSeDebugPrivilege\r\n\t\t\tSeAuditPrivilege\r\n\t\t\tSeSystemEnvironmentPrivilege\r\n\t\t\tSeImpersonatePrivilege\r\n\t\t\tSeDelegateSessionUserImpersonatePrivilege</Data></EventData></Event>",
          "uuid" : "1e35acbc-7611-4625-820e-0649524a946d",
          "agent" : "68c0bd78e4f84ff0afc5b76957dc9563",
          "agentIP" : "33.136.42.21",
          "agentName" : "DESKTOP",
          "item_main" : "4672",
          "date_main" : 1696680561,
          "type_main" : "usb",
          "etc_main" : "<Event xmlns='http://schemas.microsoft.com/win/2004/08/events/event'><System><Provider Name='Microsoft-Windows-Security-Auditing' Guid='{54849625-5478-4994-a5ba-3e3b0328c30d}'/><EventID>4672</EventID><Version>0</Version><Level>0</Level><Task>12548</Task><Opcode>0</Opcode><Keywords>0x8020000000000000</Keywords><TimeCreated SystemTime='2023-10-07T12:09:21.0390495Z'/><EventRecordID>563594</EventRecordID><Correlation ActivityID='{2f9b351b-e891-0002-ac35-9b2f91e8d901}'/><Execution ProcessID='1336' ThreadID='5356'/><Channel>Security</Channel><Computer>MSI</Computer><Security/></System><EventData><Data Name='SubjectUserSid'>S-1-5-18</Data><Data Name='SubjectUserName'>SYSTEM</Data><Data Name='SubjectDomainName'>NT AUTHORITY</Data><Data Name='SubjectLogonId'>0x3e7</Data><Data Name='PrivilegeList'>SeAssignPrimaryTokenPrivilege\r\n\t\t\tSeTcbPrivilege\r\n\t\t\tSeSecurityPrivilege\r\n\t\t\tSeTakeOwnershipPrivilege\r\n\t\t\tSeLoadDriverPrivilege\r\n\t\t\tSeBackupPrivilege\r\n\t\t\tSeRestorePrivilege\r\n\t\t\tSeDebugPrivilege\r\n\t\t\tSeAuditPrivilege\r\n\t\t\tSeSystemEnvironmentPrivilege\r\n\t\t\tSeImpersonatePrivilege\r\n\t\t\tSeDelegateSessionUserImpersonatePrivilege</Data></EventData></Event>"
        }
      },
      {
        "_index" : "ed_eventsecurity",
        "_type" : "_doc",
        "_id" : "KfChb4sB12YpCLTnoeNx",
        "_score" : 1.0,
        "_source" : {
          "eventrecordid" : 563922,
          "providername" : "Microsoft-Windows-Security-Auditing",
          "providerguid" : "{54849625-5478-4994-A5BA-3E3B0328C30D}",
          "eventid" : 0,
          "version" : 0,
          "level" : "AUDIT",
          "keywords" : "Audit Success",
          "task" : 13824,
          "opcode" : 0,
          "createdsystemtime" : 1696693034,
          "correlationactivityid" : "{2F9B351B-E891-0002-AC35-9B2F91E8D901}",
          "correlationrelatedactivityid" : "0",
          "executionprocessid" : 1336,
          "executionthreadid" : 21088,
          "channel" : "Security",
          "computer" : "MSI",
          "securityuserid" : "0",
          "evtrenderdata" : "<Event xmlns='http://schemas.microsoft.com/win/2004/08/events/event'><System><Provider Name='Microsoft-Windows-Security-Auditing' Guid='{54849625-5478-4994-a5ba-3e3b0328c30d}'/><EventID>4798</EventID><Version>0</Version><Level>0</Level><Task>13824</Task><Opcode>0</Opcode><Keywords>0x8020000000000000</Keywords><TimeCreated SystemTime='2023-10-07T15:37:14.6146258Z'/><EventRecordID>563922</EventRecordID><Correlation ActivityID='{2f9b351b-e891-0002-ac35-9b2f91e8d901}'/><Execution ProcessID='1336' ThreadID='21088'/><Channel>Security</Channel><Computer>MSI</Computer><Security/></System><EventData><Data Name='TargetUserName'>Guest</Data><Data Name='TargetDomainName'>MSI</Data><Data Name='TargetSid'>S-1-5-21-3414511439-2402517761-651233876-501</Data><Data Name='SubjectUserSid'>S-1-5-18</Data><Data Name='SubjectUserName'>MSI$</Data><Data Name='SubjectDomainName'>WORKGROUP</Data><Data Name='SubjectLogonId'>0x3e7</Data><Data Name='CallerProcessId'>0x3488</Data><Data Name='CallerProcessName'>C:\\Windows\\System32\\svchost.exe</Data></EventData></Event>",
          "uuid" : "3169a399-4cff-4e8c-b4c7-33468bf7cc98",
          "agent" : "68c0bd78e4f84ff0afc5b76957dc9563",
          "agentIP" : "33.136.42.21",
          "agentName" : "DESKTOP",
          "item_main" : "4798",
          "date_main" : 1696693034,
          "type_main" : "usb",
          "etc_main" : "<Event xmlns='http://schemas.microsoft.com/win/2004/08/events/event'><System><Provider Name='Microsoft-Windows-Security-Auditing' Guid='{54849625-5478-4994-a5ba-3e3b0328c30d}'/><EventID>4798</EventID><Version>0</Version><Level>0</Level><Task>13824</Task><Opcode>0</Opcode><Keywords>0x8020000000000000</Keywords><TimeCreated SystemTime='2023-10-07T15:37:14.6146258Z'/><EventRecordID>563922</EventRecordID><Correlation ActivityID='{2f9b351b-e891-0002-ac35-9b2f91e8d901}'/><Execution ProcessID='1336' ThreadID='21088'/><Channel>Security</Channel><Computer>MSI</Computer><Security/></System><EventData><Data Name='TargetUserName'>Guest</Data><Data Name='TargetDomainName'>MSI</Data><Data Name='TargetSid'>S-1-5-21-3414511439-2402517761-651233876-501</Data><Data Name='SubjectUserSid'>S-1-5-18</Data><Data Name='SubjectUserName'>MSI$</Data><Data Name='SubjectDomainName'>WORKGROUP</Data><Data Name='SubjectLogonId'>0x3e7</Data><Data Name='CallerProcessId'>0x3488</Data><Data Name='CallerProcessName'>C:\\Windows\\System32\\svchost.exe</Data></EventData></Event>"
        }
      },
      {
        "_index" : "ed_eventsecurity",
        "_type" : "_doc",
        "_id" : "V_Chb4sB12YpCLTnoeNx",
        "_score" : 1.0,
        "_source" : {
          "eventrecordid" : 563945,
          "providername" : "Microsoft-Windows-Security-Auditing",
          "providerguid" : "{54849625-5478-4994-A5BA-3E3B0328C30D}",
          "eventid" : 0,
          "version" : 0,
          "level" : "AUDIT",
          "keywords" : "Audit Success",
          "task" : 13824,
          "opcode" : 0,
          "createdsystemtime" : 1696694834,
          "correlationactivityid" : "{2F9B351B-E891-0002-AC35-9B2F91E8D901}",
          "correlationrelatedactivityid" : "0",
          "executionprocessid" : 1336,
          "executionthreadid" : 25224,
          "channel" : "Security",
          "computer" : "MSI",
          "securityuserid" : "0",
          "evtrenderdata" : "<Event xmlns='http://schemas.microsoft.com/win/2004/08/events/event'><System><Provider Name='Microsoft-Windows-Security-Auditing' Guid='{54849625-5478-4994-a5ba-3e3b0328c30d}'/><EventID>5379</EventID><Version>0</Version><Level>0</Level><Task>13824</Task><Opcode>0</Opcode><Keywords>0x8020000000000000</Keywords><TimeCreated SystemTime='2023-10-07T16:07:14.7206230Z'/><EventRecordID>563945</EventRecordID><Correlation ActivityID='{2f9b351b-e891-0002-ac35-9b2f91e8d901}'/><Execution ProcessID='1336' ThreadID='25224'/><Channel>Security</Channel><Computer>MSI</Computer><Security/></System><EventData><Data Name='SubjectUserSid'>S-1-5-21-3414511439-2402517761-651233876-1001</Data><Data Name='SubjectUserName'>jim10</Data><Data Name='SubjectDomainName'>MSI</Data><Data Name='SubjectLogonId'>0x390d7</Data><Data Name='TargetName'>WindowsLive:(token):name=jim1010336@gmail.com;serviceuri=*</Data><Data Name='Type'>0</Data><Data Name='CountOfCredentialsReturned'>0</Data><Data Name='ReadOperation'>%%8100</Data><Data Name='ReturnCode'>3221226021</Data><Data Name='ProcessCreationTime'>2023-10-07T16:07:14.6701149Z</Data><Data Name='ClientProcessId'>13692</Data></EventData></Event>",
