          "uuid" : "ce6145ca-b494-4700-95df-d592134b9f6c",
          "agent" : "18debaad31da4e90b66bcd6420e4cee8",
          "agentIP" : "192.168.200.219",
          "agentName" : "DESKTOP-T8T4QLM",
          "item_main" : "4907",
          "date_main" : 1689760416,
          "type_main" : "usb",
          "etc_main" : "<Event xmlns='http://schemas.microsoft.com/win/2004/08/events/event'><System><Provider Name='Microsoft-Windows-Security-Auditing' Guid='{54849625-5478-4994-a5ba-3e3b0328c30d}'/><EventID>4907</EventID><Version>0</Version><Level>0</Level><Task>13568</Task><Opcode>0</Opcode><Keywords>0x8020000000000000</Keywords><TimeCreated SystemTime='2023-07-19T09:53:36.3856554Z'/><EventRecordID>6393</EventRecordID><Correlation/><Execution ProcessID='4' ThreadID='4832'/><Channel>Security</Channel><Computer>DESKTOP-T8T4QLM</Computer><Security/></System><EventData><Data Name='SubjectUserSid'>S-1-5-18</Data><Data Name='SubjectUserName'>DESKTOP-T8T4QLM$</Data><Data Name='SubjectDomainName'>WORKGROUP</Data><Data Name='SubjectLogonId'>0x3e7</Data><Data Name='ObjectServer'>Security</Data><Data Name='ObjectType'>File</Data><Data Name='ObjectName'>C:\\$WinREAgent\\Scratch\\Mount\\Windows\\WinSxS\\amd64_microsoft-windows-p..i-printui.resources_31bf3856ad364e35_10.0.19041.1_zh-tw_7df579d46259f28c\\printui.dll.mui</Data><Data Name='HandleId'>0x71c</Data><Data Name='OldSd'></Data><Data Name='NewSd'>S:ARAI(AU;SAFA;DCLCRPCRSDWDWO;;;WD)</Data><Data Name='ProcessId'>0x2860</Data><Data Name='ProcessName'>C:\\Windows\\System32\\wuauclt.exe</Data></EventData></Event>"
        }
      },
      {
        "_index" : "ed_eventsecurity",
        "_type" : "_doc",
        "_id" : "pSiqfosB12YpCLTnvD81",
        "_score" : 1.0,
        "_source" : {
          "eventrecordid" : 1637,
          "providername" : "Microsoft-Windows-Security-Auditing",
          "providerguid" : "{54849625-5478-4994-A5BA-3E3B0328C30D}",
          "eventid" : 0,
          "version" : 0,
          "level" : "AUDIT",
          "keywords" : "Audit Success",
          "task" : 13824,
          "opcode" : 0,
          "createdsystemtime" : 1689672189,
          "correlationactivityid" : "{4273061A-6C49-0002-AE06-7342496CD901}",
          "correlationrelatedactivityid" : "0",
          "executionprocessid" : 708,
          "executionthreadid" : 7800,
          "channel" : "Security",
          "computer" : "DESKTOP-T8T4QLM",
          "securityuserid" : "0",
          "evtrenderdata" : "<Event xmlns='http://schemas.microsoft.com/win/2004/08/events/event'><System><Provider Name='Microsoft-Windows-Security-Auditing' Guid='{54849625-5478-4994-a5ba-3e3b0328c30d}'/><EventID>5379</EventID><Version>0</Version><Level>0</Level><Task>13824</Task><Opcode>0</Opcode><Keywords>0x8020000000000000</Keywords><TimeCreated SystemTime='2023-07-18T09:23:09.4625248Z'/><EventRecordID>1637</EventRecordID><Correlation ActivityID='{4273061a-6c49-0002-ae06-7342496cd901}'/><Execution ProcessID='708' ThreadID='7800'/><Channel>Security</Channel><Computer>DESKTOP-T8T4QLM</Computer><Security/></System><EventData><Data Name='SubjectUserSid'>S-1-5-18</Data><Data Name='SubjectUserName'>DESKTOP-T8T4QLM$</Data><Data Name='SubjectDomainName'>WORKGROUP</Data><Data Name='SubjectLogonId'>0x3e7</Data><Data Name='TargetName'>MicrosoftAccount:user=02qujngzqfdiuxgc</Data><Data Name='Type'>1</Data><Data Name='CountOfCredentialsReturned'>1</Data><Data Name='ReadOperation'>%%8099</Data><Data Name='ReturnCode'>3221226021</Data><Data Name='ProcessCreationTime'>2023-07-18T08:35:52.1872016Z</Data><Data Name='ClientProcessId'>7696</Data></EventData></Event>",
          "uuid" : "ce6f432c-226c-4fba-9811-f4fae75775df",
          "agent" : "18debaad31da4e90b66bcd6420e4cee8",
          "agentIP" : "192.168.200.219",
          "agentName" : "DESKTOP-T8T4QLM",
          "item_main" : "5379",
          "date_main" : 1689672189,
          "type_main" : "usb",
          "etc_main" : "<Event xmlns='http://schemas.microsoft.com/win/2004/08/events/event'><System><Provider Name='Microsoft-Windows-Security-Auditing' Guid='{54849625-5478-4994-a5ba-3e3b0328c30d}'/><EventID>5379</EventID><Version>0</Version><Level>0</Level><Task>13824</Task><Opcode>0</Opcode><Keywords>0x8020000000000000</Keywords><TimeCreated SystemTime='2023-07-18T09:23:09.4625248Z'/><EventRecordID>1637</EventRecordID><Correlation ActivityID='{4273061a-6c49-0002-ae06-7342496cd901}'/><Execution ProcessID='708' ThreadID='7800'/><Channel>Security</Channel><Computer>DESKTOP-T8T4QLM</Computer><Security/></System><EventData><Data Name='SubjectUserSid'>S-1-5-18</Data><Data Name='SubjectUserName'>DESKTOP-T8T4QLM$</Data><Data Name='SubjectDomainName'>WORKGROUP</Data><Data Name='SubjectLogonId'>0x3e7</Data><Data Name='TargetName'>MicrosoftAccount:user=02qujngzqfdiuxgc</Data><Data Name='Type'>1</Data><Data Name='CountOfCredentialsReturned'>1</Data><Data Name='ReadOperation'>%%8099</Data><Data Name='ReturnCode'>3221226021</Data><Data Name='ProcessCreationTime'>2023-07-18T08:35:52.1872016Z</Data><Data Name='ClientProcessId'>7696</Data></EventData></Event>"
        }
      },
      {
        "_index" : "ed_eventsecurity",
        "_type" : "_doc",
        "_id" : "1SiqfosB12YpCLTnvEo2",
        "_score" : 1.0,
        "_source" : {
          "eventrecordid" : 3069,
          "providername" : "Microsoft-Windows-Security-Auditing",
          "providerguid" : "{54849625-5478-4994-A5BA-3E3B0328C30D}",
          "eventid" : 0,
          "version" : 0,
          "level" : "AUDIT",
          "keywords" : "Audit Success",
          "task" : 13568,
          "opcode" : 0,
          "createdsystemtime" : 1689760400,
          "correlationactivityid" : "0",
          "correlationrelatedactivityid" : "0",
          "executionprocessid" : 4,
          "executionthreadid" : 6060,
          "channel" : "Security",
          "computer" : "DESKTOP-T8T4QLM",
          "securityuserid" : "0",
          "evtrenderdata" : "<Event xmlns='http://schemas.microsoft.com/win/2004/08/events/event'><System><Provider Name='Microsoft-Windows-Security-Auditing' Guid='{54849625-5478-4994-a5ba-3e3b0328c30d}'/><EventID>4907</EventID><Version>0</Version><Level>0</Level><Task>13568</Task><Opcode>0</Opcode><Keywords>0x8020000000000000</Keywords><TimeCreated SystemTime='2023-07-19T09:53:20.7669381Z'/><EventRecordID>3069</EventRecordID><Correlation/><Execution ProcessID='4' ThreadID='6060'/><Channel>Security</Channel><Computer>DESKTOP-T8T4QLM</Computer><Security/></System><EventData><Data Name='SubjectUserSid'>S-1-5-18</Data><Data Name='SubjectUserName'>DESKTOP-T8T4QLM$</Data><Data Name='SubjectDomainName'>WORKGROUP</Data><Data Name='SubjectLogonId'>0x3e7</Data><Data Name='ObjectServer'>Security</Data><Data Name='ObjectType'>File</Data><Data Name='ObjectName'>C:\\$WinREAgent\\Scratch\\Mount\\Windows\\Boot</Data><Data Name='HandleId'>0x604</Data><Data Name='OldSd'></Data><Data Name='NewSd'>S:ARAI(AU;SAFA;0x1f0116;;;WD)</Data><Data Name='ProcessId'>0x2860</Data><Data Name='ProcessName'>C:\\Windows\\System32\\wuauclt.exe</Data></EventData></Event>",
          "uuid" : "c8d80f60-19cc-4625-acd8-b77e3c5fe424",
          "agent" : "18debaad31da4e90b66bcd6420e4cee8",
          "agentIP" : "192.168.200.219",
          "agentName" : "DESKTOP-T8T4QLM",
          "item_main" : "4907",
          "date_main" : 1689760400,
          "type_main" : "usb",
          "etc_main" : "<Event xmlns='http://schemas.microsoft.com/win/2004/08/events/event'><System><Provider Name='Microsoft-Windows-Security-Auditing' Guid='{54849625-5478-4994-a5ba-3e3b0328c30d}'/><EventID>4907</EventID><Version>0</Version><Level>0</Level><Task>13568</Task><Opcode>0</Opcode><Keywords>0x8020000000000000</Keywords><TimeCreated SystemTime='2023-07-19T09:53:20.7669381Z'/><EventRecordID>3069</EventRecordID><Correlation/><Execution ProcessID='4' ThreadID='6060'/><Channel>Security</Channel><Computer>DESKTOP-T8T4QLM</Computer><Security/></System><EventData><Data Name='SubjectUserSid'>S-1-5-18</Data><Data Name='SubjectUserName'>DESKTOP-T8T4QLM$</Data><Data Name='SubjectDomainName'>WORKGROUP</Data><Data Name='SubjectLogonId'>0x3e7</Data><Data Name='ObjectServer'>Security</Data><Data Name='ObjectType'>File</Data><Data Name='ObjectName'>C:\\$WinREAgent\\Scratch\\Mount\\Windows\\Boot</Data><Data Name='HandleId'>0x604</Data><Data Name='OldSd'></Data><Data Name='NewSd'>S:ARAI(AU;SAFA;0x1f0116;;;WD)</Data><Data Name='ProcessId'>0x2860</Data><Data Name='ProcessName'>C:\\Windows\\System32\\wuauclt.exe</Data></EventData></Event>"
        }
      },
      {
        "_index" : "ed_eventsecurity",
        "_type" : "_doc",
        "_id" : "xRmnfosB12YpCLTnVglk",
        "_score" : 1.0,
        "_source" : {
          "eventrecordid" : 54625,
          "providername" : "Microsoft-Windows-Security-Auditing",
          "providerguid" : "{54849625-5478-4994-A5BA-3E3B0328C30D}",
          "eventid" : 0,
          "version" : 2,
          "level" : "AUDIT",
          "keywords" : "Audit Success",
          "task" : 12544,
          "opcode" : 0,
          "createdsystemtime" : 1694950075,
          "correlationactivityid" : "{C53F663B-E671-0002-9D66-3FC571E6D901}",
          "correlationrelatedactivityid" : "0",
          "executionprocessid" : 792,
          "executionthreadid" : 5352,
          "channel" : "Security",
          "computer" : "DESKTOP-JAVQUL0",
          "securityuserid" : "0",
          "evtrenderdata" : "<Event xmlns='http://schemas.microsoft.com/win/2004/08/events/event'><System><Provider Name='Microsoft-Windows-Security-Auditing' Guid='{54849625-5478-4994-a5ba-3e3b0328c30d}'/><EventID>4624</EventID><Version>2</Version><Level>0</Level><Task>12544</Task><Opcode>0</Opcode><Keywords>0x8020000000000000</Keywords><TimeCreated SystemTime='2023-09-17T11:27:55.5559835Z'/><EventRecordID>54625</EventRecordID><Correlation ActivityID='{c53f663b-e671-0002-9d66-3fc571e6d901}'/><Execution ProcessID='792' ThreadID='5352'/><Channel>Security</Channel><Computer>DESKTOP-JAVQUL0</Computer><Security/></System><EventData><Data Name='SubjectUserSid'>S-1-5-18</Data><Data Name='SubjectUserName'>DESKTOP-JAVQUL0$</Data><Data Name='SubjectDomainName'>WORKGROUP</Data><Data Name='SubjectLogonId'>0x3e7</Data><Data Name='TargetUserSid'>S-1-5-18</Data><Data Name='TargetUserName'>SYSTEM</Data><Data Name='TargetDomainName'>NT AUTHORITY</Data><Data Name='TargetLogonId'>0x3e7</Data><Data Name='LogonType'>5</Data><Data Name='LogonProcessName'>Advapi  </Data><Data Name='AuthenticationPackageName'>Negotiate</Data><Data Name='WorkstationName'>-</Data><Data Name='LogonGuid'>{00000000-0000-0000-0000-000000000000}</Data><Data Name='TransmittedServices'>-</Data><Data Name='LmPackageName'>-</Data><Data Name='KeyLength'>0</Data><Data Name='ProcessId'>0x2cc</Data><Data Name='ProcessName'>C:\\Windows\\System32\\services.exe</Data><Data Name='IpAddress'>-</Data><Data Name='IpPort'>-</Data><Data Name='ImpersonationLevel'>%%1833</Data><Data Name='RestrictedAdminMode'>-</Data><Data Name='TargetOutboundUserName'>-</Data><Data Name='TargetOutboundDomainName'>-</Data><Data Name='VirtualAccount'>%%1843</Data><Data Name='TargetLinkedLogonId'>0x0</Data><Data Name='ElevatedToken'>%%1842</Data></EventData></Event>",
          "uuid" : "0f5f229c-736a-4f87-9d22-c6befa1aaf0c",
          "agent" : "254b05d540de4923a41d2be14c686779",
          "agentIP" : "214.180.59.124",
          "agentName" : "DESKTOP",
          "item_main" : "4624",
          "date_main" : 1694950075,
          "type_main" : "usb",
          "etc_main" : "<Event xmlns='http://schemas.microsoft.com/win/2004/08/events/event'><System><Provider Name='Microsoft-Windows-Security-Auditing' Guid='{54849625-5478-4994-a5ba-3e3b0328c30d}'/><EventID>4624</EventID><Version>2</Version><Level>0</Level><Task>12544</Task><Opcode>0</Opcode><Keywords>0x8020000000000000</Keywords><TimeCreated SystemTime='2023-09-17T11:27:55.5559835Z'/><EventRecordID>54625</EventRecordID><Correlation ActivityID='{c53f663b-e671-0002-9d66-3fc571e6d901}'/><Execution ProcessID='792' ThreadID='5352'/><Channel>Security</Channel><Computer>DESKTOP-JAVQUL0</Computer><Security/></System><EventData><Data Name='SubjectUserSid'>S-1-5-18</Data><Data Name='SubjectUserName'>DESKTOP-JAVQUL0$</Data><Data Name='SubjectDomainName'>WORKGROUP</Data><Data Name='SubjectLogonId'>0x3e7</Data><Data Name='TargetUserSid'>S-1-5-18</Data><Data Name='TargetUserName'>SYSTEM</Data><Data Name='TargetDomainName'>NT AUTHORITY</Data><Data Name='TargetLogonId'>0x3e7</Data><Data Name='LogonType'>5</Data><Data Name='LogonProcessName'>Advapi  </Data><Data Name='AuthenticationPackageName'>Negotiate</Data><Data Name='WorkstationName'>-</Data><Data Name='LogonGuid'>{00000000-0000-0000-0000-000000000000}</Data><Data Name='TransmittedServices'>-</Data><Data Name='LmPackageName'>-</Data><Data Name='KeyLength'>0</Data><Data Name='ProcessId'>0x2cc</Data><Data Name='ProcessName'>C:\\Windows\\System32\\services.exe</Data><Data Name='IpAddress'>-</Data><Data Name='IpPort'>-</Data><Data Name='ImpersonationLevel'>%%1833</Data><Data Name='RestrictedAdminMode'>-</Data><Data Name='TargetOutboundUserName'>-</Data><Data Name='TargetOutboundDomainName'>-</Data><Data Name='VirtualAccount'>%%1843</Data><Data Name='TargetLinkedLogonId'>0x0</Data><Data Name='ElevatedToken'>%%1842</Data></EventData></Event>"
        }
      },
      {
        "_index" : "ed_eventsecurity",
        "_type" : "_doc",
        "_id" : "kSiqfosB12YpCLTnvDQz",
        "_score" : 1.0,
        "_source" : {
          "eventrecordid" : 219,
          "providername" : "Microsoft-Windows-Security-Auditing",
          "providerguid" : "{54849625-5478-4994-A5BA-3E3B0328C30D}",
          "eventid" : 0,
          "version" : 0,
          "level" : "AUDIT",
          "keywords" : "Audit Success",
          "task" : 12548,
          "opcode" : 0,
          "createdsystemtime" : 1681198563,
          "correlationactivityid" : "{405C77FC-6C48-0002-5878-5C40486CD901}",
          "correlationrelatedactivityid" : "0",
          "executionprocessid" : 720,
          "executionthreadid" : 752,
          "channel" : "Security",
          "computer" : "DESKTOP-T8T4QLM",
          "securityuserid" : "0",
          "evtrenderdata" : "<Event xmlns='http://schemas.microsoft.com/win/2004/08/events/event'><System><Provider Name='Microsoft-Windows-Security-Auditing' Guid='{54849625-5478-4994-a5ba-3e3b0328c30d}'/><EventID>4672</EventID><Version>0</Version><Level>0</Level><Task>12548</Task><Opcode>0</Opcode><Keywords>0x8020000000000000</Keywords><TimeCreated SystemTime='2023-04-11T07:36:03.2462582Z'/><EventRecordID>219</EventRecordID><Correlation ActivityID='{405c77fc-6c48-0002-5878-5c40486cd901}'/><Execution ProcessID='720' ThreadID='752'/><Channel>Security</Channel><Computer>DESKTOP-T8T4QLM</Computer><Security/></System><EventData><Data Name='SubjectUserSid'>S-1-5-90-0-1</Data><Data Name='SubjectUserName'>DWM-1</Data><Data Name='SubjectDomainName'>Window Manager</Data><Data Name='SubjectLogonId'>0xe9ab</Data><Data Name='PrivilegeList'>SeAssignPrimaryTokenPrivilege\r\n\t\t\tSeAuditPrivilege\r\n\t\t\tSeImpersonatePrivilege</Data></EventData></Event>",
          "uuid" : "929176fd-6ffe-4798-a4c1-43aad9d636a0",
          "agent" : "18debaad31da4e90b66bcd6420e4cee8",
          "agentIP" : "192.168.200.219",
          "agentName" : "DESKTOP-T8T4QLM",
          "item_main" : "4672",
          "date_main" : 1681198563,
          "type_main" : "usb",
          "etc_main" : "<Event xmlns='http://schemas.microsoft.com/win/2004/08/events/event'><System><Provider Name='Microsoft-Windows-Security-Auditing' Guid='{54849625-5478-4994-a5ba-3e3b0328c30d}'/><EventID>4672</EventID><Version>0</Version><Level>0</Level><Task>12548</Task><Opcode>0</Opcode><Keywords>0x8020000000000000</Keywords><TimeCreated SystemTime='2023-04-11T07:36:03.2462582Z'/><EventRecordID>219</EventRecordID><Correlation ActivityID='{405c77fc-6c48-0002-5878-5c40486cd901}'/><Execution ProcessID='720' ThreadID='752'/><Channel>Security</Channel><Computer>DESKTOP-T8T4QLM</Computer><Security/></System><EventData><Data Name='SubjectUserSid'>S-1-5-90-0-1</Data><Data Name='SubjectUserName'>DWM-1</Data><Data Name='SubjectDomainName'>Window Manager</Data><Data Name='SubjectLogonId'>0xe9ab</Data><Data Name='PrivilegeList'>SeAssignPrimaryTokenPrivilege\r\n\t\t\tSeAuditPrivilege\r\n\t\t\tSeImpersonatePrivilege</Data></EventData></Event>"
        }
      },
      {
        "_index" : "ed_eventsecurity",
        "_type" : "_doc",
        "_id" : "AyiqfosB12YpCLTnvDYz",
        "_score" : 1.0,
        "_source" : {
          "eventrecordid" : 404,
          "providername" : "Microsoft-Windows-Security-Auditing",
          "providerguid" : "{54849625-5478-4994-A5BA-3E3B0328C30D}",
          "eventid" : 0,
          "version" : 0,
          "level" : "AUDIT",
          "keywords" : "Audit Failure",
          "task" : 12290,
          "opcode" : 0,
          "createdsystemtime" : 1681198586,
          "correlationactivityid" : "{405C77FC-6C48-0002-5878-5C40486CD901}",
          "correlationrelatedactivityid" : "0",
          "executionprocessid" : 720,
          "executionthreadid" : 772,
          "channel" : "Security",
          "computer" : "DESKTOP-T8T4QLM",
          "securityuserid" : "0",
          "evtrenderdata" : "<Event xmlns='http://schemas.microsoft.com/win/2004/08/events/event'><System><Provider Name='Microsoft-Windows-Security-Auditing' Guid='{54849625-5478-4994-a5ba-3e3b0328c30d}'/><EventID>5061</EventID><Version>0</Version><Level>0</Level><Task>12290</Task><Opcode>0</Opcode><Keywords>0x8010000000000000</Keywords><TimeCreated SystemTime='2023-04-11T07:36:26.1313359Z'/><EventRecordID>404</EventRecordID><Correlation ActivityID='{405c77fc-6c48-0002-5878-5c40486cd901}'/><Execution ProcessID='720' ThreadID='772'/><Channel>Security</Channel><Computer>DESKTOP-T8T4QLM</Computer><Security/></System><EventData><Data Name='SubjectUserSid'>S-1-5-21-1860877820-1842992240-1713192141-1000</Data><Data Name='SubjectUserName'>defaultuser0</Data><Data Name='SubjectDomainName'>DESKTOP-T8T4QLM</Data><Data Name='SubjectLogonId'>0x4e301</Data><Data Name='ProviderName'>Microsoft Software Key Storage Provider</Data><Data Name='AlgorithmName'>UNKNOWN</Data><Data Name='KeyName'>Microsoft Connected Devices Platform device certificate</Data><Data Name='KeyType'>%%2500</Data><Data Name='Operation'>%%2480</Data><Data Name='ReturnCode'>0x80090016</Data></EventData></Event>",
          "uuid" : "02175871-c37f-4625-8ffd-c8e484ba0527",
          "agent" : "18debaad31da4e90b66bcd6420e4cee8",
          "agentIP" : "192.168.200.219",
          "agentName" : "DESKTOP-T8T4QLM",
          "item_main" : "5061",
          "date_main" : 1681198586,
          "type_main" : "usb",
          "etc_main" : "<Event xmlns='http://schemas.microsoft.com/win/2004/08/events/event'><System><Provider Name='Microsoft-Windows-Security-Auditing' Guid='{54849625-5478-4994-a5ba-3e3b0328c30d}'/><EventID>5061</EventID><Version>0</Version><Level>0</Level><Task>12290</Task><Opcode>0</Opcode><Keywords>0x8010000000000000</Keywords><TimeCreated SystemTime='2023-04-11T07:36:26.1313359Z'/><EventRecordID>404</EventRecordID><Correlation ActivityID='{405c77fc-6c48-0002-5878-5c40486cd901}'/><Execution ProcessID='720' ThreadID='772'/><Channel>Security</Channel><Computer>DESKTOP-T8T4QLM</Computer><Security/></System><EventData><Data Name='SubjectUserSid'>S-1-5-21-1860877820-1842992240-1713192141-1000</Data><Data Name='SubjectUserName'>defaultuser0</Data><Data Name='SubjectDomainName'>DESKTOP-T8T4QLM</Data><Data Name='SubjectLogonId'>0x4e301</Data><Data Name='ProviderName'>Microsoft Software Key Storage Provider</Data><Data Name='AlgorithmName'>UNKNOWN</Data><Data Name='KeyName'>Microsoft Connected Devices Platform device certificate</Data><Data Name='KeyType'>%%2500</Data><Data Name='Operation'>%%2480</Data><Data Name='ReturnCode'>0x80090016</Data></EventData></Event>"
        }
      },
      {
        "_index" : "ed_eventsecurity",
        "_type" : "_doc",
        "_id" : "QSiqfosB12YpCLTn3FKg",
        "_score" : 1.0,
        "_source" : {
          "eventrecordid" : 4019,
          "providername" : "Microsoft-Windows-Security-Auditing",
          "providerguid" : "{54849625-5478-4994-A5BA-3E3B0328C30D}",
          "eventid" : 0,
          "version" : 0,
          "level" : "AUDIT",
          "keywords" : "Audit Success",
          "task" : 13568,
          "opcode" : 0,
          "createdsystemtime" : 1689760407,
          "correlationactivityid" : "0",
          "correlationrelatedactivityid" : "0",
          "executionprocessid" : 4,
          "executionthreadid" : 1744,
          "channel" : "Security",
          "computer" : "DESKTOP-T8T4QLM",
          "securityuserid" : "0",
          "evtrenderdata" : "<Event xmlns='http://schemas.microsoft.com/win/2004/08/events/event'><System><Provider Name='Microsoft-Windows-Security-Auditing' Guid='{54849625-5478-4994-a5ba-3e3b0328c30d}'/><EventID>4907</EventID><Version>0</Version><Level>0</Level><Task>13568</Task><Opcode>0</Opcode><Keywords>0x8020000000000000</Keywords><TimeCreated SystemTime='2023-07-19T09:53:27.0462589Z'/><EventRecordID>4019</EventRecordID><Correlation/><Execution ProcessID='4' ThreadID='1744'/><Channel>Security</Channel><Computer>DESKTOP-T8T4QLM</Computer><Security/></System><EventData><Data Name='SubjectUserSid'>S-1-5-18</Data><Data Name='SubjectUserName'>DESKTOP-T8T4QLM$</Data><Data Name='SubjectDomainName'>WORKGROUP</Data><Data Name='SubjectLogonId'>0x3e7</Data><Data Name='ObjectServer'>Security</Data><Data Name='ObjectType'>File</Data><Data Name='ObjectName'>C:\\$WinREAgent\\Scratch\\Mount\\Windows\\WinSxS\\amd64_microsoft-windows-i..l-keyboard-0001042f_31bf3856ad364e35_10.0.19041.1_none_57d244cde70a8073\\KBDMACST.DLL</Data><Data Name='HandleId'>0x618</Data><Data Name='OldSd'></Data><Data Name='NewSd'>S:ARAI(AU;SAFA;DCLCRPCRSDWDWO;;;WD)</Data><Data Name='ProcessId'>0x2860</Data><Data Name='ProcessName'>C:\\Windows\\System32\\wuauclt.exe</Data></EventData></Event>",
          "uuid" : "3ee4cb42-6e17-4885-b7e4-2ab36451c8b5",
          "agent" : "18debaad31da4e90b66bcd6420e4cee8",
          "agentIP" : "192.168.200.219",
          "agentName" : "DESKTOP-T8T4QLM",
          "item_main" : "4907",
          "date_main" : 1689760407,
          "type_main" : "usb",
          "etc_main" : "<Event xmlns='http://schemas.microsoft.com/win/2004/08/events/event'><System><Provider Name='Microsoft-Windows-Security-Auditing' Guid='{54849625-5478-4994-a5ba-3e3b0328c30d}'/><EventID>4907</EventID><Version>0</Version><Level>0</Level><Task>13568</Task><Opcode>0</Opcode><Keywords>0x8020000000000000</Keywords><TimeCreated SystemTime='2023-07-19T09:53:27.0462589Z'/><EventRecordID>4019</EventRecordID><Correlation/><Execution ProcessID='4' ThreadID='1744'/><Channel>Security</Channel><Computer>DESKTOP-T8T4QLM</Computer><Security/></System><EventData><Data Name='SubjectUserSid'>S-1-5-18</Data><Data Name='SubjectUserName'>DESKTOP-T8T4QLM$</Data><Data Name='SubjectDomainName'>WORKGROUP</Data><Data Name='SubjectLogonId'>0x3e7</Data><Data Name='ObjectServer'>Security</Data><Data Name='ObjectType'>File</Data><Data Name='ObjectName'>C:\\$WinREAgent\\Scratch\\Mount\\Windows\\WinSxS\\amd64_microsoft-windows-i..l-keyboard-0001042f_31bf3856ad364e35_10.0.19041.1_none_57d244cde70a8073\\KBDMACST.DLL</Data><Data Name='HandleId'>0x618</Data><Data Name='OldSd'></Data><Data Name='NewSd'>S:ARAI(AU;SAFA;DCLCRPCRSDWDWO;;;WD)</Data><Data Name='ProcessId'>0x2860</Data><Data Name='ProcessName'>C:\\Windows\\System32\\wuauclt.exe</Data></EventData></Event>"
        }
      },
      {
        "_index" : "ed_eventsecurity",
        "_type" : "_doc",
        "_id" : "PyiqfosB12YpCLTn3FSg",
        "_score" : 1.0,
        "_source" : {
          "eventrecordid" : 4274,
          "providername" : "Microsoft-Windows-Security-Auditing",
          "providerguid" : "{54849625-5478-4994-A5BA-3E3B0328C30D}",
          "eventid" : 0,
          "version" : 0,
          "level" : "AUDIT",
          "keywords" : "Audit Success",
          "task" : 13568,
          "opcode" : 0,
          "createdsystemtime" : 1689760407,
          "correlationactivityid" : "0",
          "correlationrelatedactivityid" : "0",
          "executionprocessid" : 4,
          "executionthreadid" : 1744,
          "channel" : "Security",
          "computer" : "DESKTOP-T8T4QLM",
          "securityuserid" : "0",
          "evtrenderdata" : "<Event xmlns='http://schemas.microsoft.com/win/2004/08/events/event'><System><Provider Name='Microsoft-Windows-Security-Auditing' Guid='{54849625-5478-4994-a5ba-3e3b0328c30d}'/><EventID>4907</EventID><Version>0</Version><Level>0</Level><Task>13568</Task><Opcode>0</Opcode><Keywords>0x8020000000000000</Keywords><TimeCreated SystemTime='2023-07-19T09:53:27.3033704Z'/><EventRecordID>4274</EventRecordID><Correlation/><Execution ProcessID='4' ThreadID='1744'/><Channel>Security</Channel><Computer>DESKTOP-T8T4QLM</Computer><Security/></System><EventData><Data Name='SubjectUserSid'>S-1-5-18</Data><Data Name='SubjectUserName'>DESKTOP-T8T4QLM$</Data><Data Name='SubjectDomainName'>WORKGROUP</Data><Data Name='SubjectLogonId'>0x3e7</Data><Data Name='ObjectServer'>Security</Data><Data Name='ObjectType'>File</Data><Data Name='ObjectName'>C:\\$WinREAgent\\Scratch\\Mount\\Windows\\WinSxS\\amd64_microsoft-windows-d..allationgrouppolicy_31bf3856ad364e35_10.0.19041.1_none_2d90812cae0d32b2\\pnppolicy.dll</Data><Data Name='HandleId'>0x678</Data><Data Name='OldSd'></Data><Data Name='NewSd'>S:ARAI(AU;SAFA;DCLCRPCRSDWDWO;;;WD)</Data><Data Name='ProcessId'>0x2860</Data><Data Name='ProcessName'>C:\\Windows\\System32\\wuauclt.exe</Data></EventData></Event>",
          "uuid" : "f83ad15b-cd58-4625-a3aa-5272d168793c",
          "agent" : "18debaad31da4e90b66bcd6420e4cee8",
          "agentIP" : "192.168.200.219",
          "agentName" : "DESKTOP-T8T4QLM",
          "item_main" : "4907",
          "date_main" : 1689760407,
          "type_main" : "usb",
          "etc_main" : "<Event xmlns='http://schemas.microsoft.com/win/2004/08/events/event'><System><Provider Name='Microsoft-Windows-Security-Auditing' Guid='{54849625-5478-4994-a5ba-3e3b0328c30d}'/><EventID>4907</EventID><Version>0</Version><Level>0</Level><Task>13568</Task><Opcode>0</Opcode><Keywords>0x8020000000000000</Keywords><TimeCreated SystemTime='2023-07-19T09:53:27.3033704Z'/><EventRecordID>4274</EventRecordID><Correlation/><Execution ProcessID='4' ThreadID='1744'/><Channel>Security</Channel><Computer>DESKTOP-T8T4QLM</Computer><Security/></System><EventData><Data Name='SubjectUserSid'>S-1-5-18</Data><Data Name='SubjectUserName'>DESKTOP-T8T4QLM$</Data><Data Name='SubjectDomainName'>WORKGROUP</Data><Data Name='SubjectLogonId'>0x3e7</Data><Data Name='ObjectServer'>Security</Data><Data Name='ObjectType'>File</Data><Data Name='ObjectName'>C:\\$WinREAgent\\Scratch\\Mount\\Windows\\WinSxS\\amd64_microsoft-windows-d..allationgrouppolicy_31bf3856ad364e35_10.0.19041.1_none_2d90812cae0d32b2\\pnppolicy.dll</Data><Data Name='HandleId'>0x678</Data><Data Name='OldSd'></Data><Data Name='NewSd'>S:ARAI(AU;SAFA;DCLCRPCRSDWDWO;;;WD)</Data><Data Name='ProcessId'>0x2860</Data><Data Name='ProcessName'>C:\\Windows\\System32\\wuauclt.exe</Data></EventData></Event>"
        }
      },
      {
        "_index" : "ed_eventsecurity",
        "_type" : "_doc",
        "_id" : "wyiqfosB12YpCLTn3FWg",
        "_score" : 1.0,
        "_source" : {
          "eventrecordid" : 4468,
          "providername" : "Microsoft-Windows-Security-Auditing",
          "providerguid" : "{54849625-5478-4994-A5BA-3E3B0328C30D}",
          "eventid" : 0,
          "version" : 0,
          "level" : "AUDIT",
          "keywords" : "Audit Success",
          "task" : 13568,
          "opcode" : 0,
          "createdsystemtime" : 1689760408,
          "correlationactivityid" : "0",
          "correlationrelatedactivityid" : "0",
          "executionprocessid" : 4,
          "executionthreadid" : 4600,
          "channel" : "Security",
          "computer" : "DESKTOP-T8T4QLM",
          "securityuserid" : "0",
          "evtrenderdata" : "<Event xmlns='http://schemas.microsoft.com/win/2004/08/events/event'><System><Provider Name='Microsoft-Windows-Security-Auditing' Guid='{54849625-5478-4994-a5ba-3e3b0328c30d}'/><EventID>4907</EventID><Version>0</Version><Level>0</Level><Task>13568</Task><Opcode>0</Opcode><Keywords>0x8020000000000000</Keywords><TimeCreated SystemTime='2023-07-19T09:53:28.6230968Z'/><EventRecordID>4468</EventRecordID><Correlation/><Execution ProcessID='4' ThreadID='4600'/><Channel>Security</Channel><Computer>DESKTOP-T8T4QLM</Computer><Security/></System><EventData><Data Name='SubjectUserSid'>S-1-5-18</Data><Data Name='SubjectUserName'>DESKTOP-T8T4QLM$</Data><Data Name='SubjectDomainName'>WORKGROUP</Data><Data Name='SubjectLogonId'>0x3e7</Data><Data Name='ObjectServer'>Security</Data><Data Name='ObjectType'>File</Data><Data Name='ObjectName'>C:\\$WinREAgent\\Scratch\\Mount\\Windows\\WinSxS\\amd64_microsoft-windows-time-service_31bf3856ad364e35_10.0.19041.1_none_3e9871330ca82baa\\w32time.dll</Data><Data Name='HandleId'>0x794</Data><Data Name='OldSd'></Data><Data Name='NewSd'>S:ARAI(AU;SAFA;DCLCRPCRSDWDWO;;;WD)</Data><Data Name='ProcessId'>0x2860</Data><Data Name='ProcessName'>C:\\Windows\\System32\\wuauclt.exe</Data></EventData></Event>",
          "uuid" : "4e4c8505-bf31-4625-8313-040600294bb9",
          "agent" : "18debaad31da4e90b66bcd6420e4cee8",
          "agentIP" : "192.168.200.219",
          "agentName" : "DESKTOP-T8T4QLM",
          "item_main" : "4907",
          "date_main" : 1689760408,
          "type_main" : "usb",
          "etc_main" : "<Event xmlns='http://schemas.microsoft.com/win/2004/08/events/event'><System><Provider Name='Microsoft-Windows-Security-Auditing' Guid='{54849625-5478-4994-a5ba-3e3b0328c30d}'/><EventID>4907</EventID><Version>0</Version><Level>0</Level><Task>13568</Task><Opcode>0</Opcode><Keywords>0x8020000000000000</Keywords><TimeCreated SystemTime='2023-07-19T09:53:28.6230968Z'/><EventRecordID>4468</EventRecordID><Correlation/><Execution ProcessID='4' ThreadID='4600'/><Channel>Security</Channel><Computer>DESKTOP-T8T4QLM</Computer><Security/></System><EventData><Data Name='SubjectUserSid'>S-1-5-18</Data><Data Name='SubjectUserName'>DESKTOP-T8T4QLM$</Data><Data Name='SubjectDomainName'>WORKGROUP</Data><Data Name='SubjectLogonId'>0x3e7</Data><Data Name='ObjectServer'>Security</Data><Data Name='ObjectType'>File</Data><Data Name='ObjectName'>C:\\$WinREAgent\\Scratch\\Mount\\Windows\\WinSxS\\amd64_microsoft-windows-time-service_31bf3856ad364e35_10.0.19041.1_none_3e9871330ca82baa\\w32time.dll</Data><Data Name='HandleId'>0x794</Data><Data Name='OldSd'></Data><Data Name='NewSd'>S:ARAI(AU;SAFA;DCLCRPCRSDWDWO;;;WD)</Data><Data Name='ProcessId'>0x2860</Data><Data Name='ProcessName'>C:\\Windows\\System32\\wuauclt.exe</Data></EventData></Event>"
        }
      },
      {
        "_index" : "ed_eventsecurity",
        "_type" : "_doc",
        "_id" : "_SiqfosB12YpCLTn3Fah",
        "_score" : 1.0,
        "_source" : {
          "eventrecordid" : 4625,
          "providername" : "Microsoft-Windows-Security-Auditing",
          "providerguid" : "{54849625-5478-4994-A5BA-3E3B0328C30D}",
          "eventid" : 0,
          "version" : 0,
          "level" : "AUDIT",
          "keywords" : "Audit Success",
          "task" : 13568,
          "opcode" : 0,
          "createdsystemtime" : 1689760408,
          "correlationactivityid" : "0",
          "correlationrelatedactivityid" : "0",
          "executionprocessid" : 4,
          "executionthreadid" : 4600,
          "channel" : "Security",
          "computer" : "DESKTOP-T8T4QLM",
          "securityuserid" : "0",
          "evtrenderdata" : "<Event xmlns='http://schemas.microsoft.com/win/2004/08/events/event'><System><Provider Name='Microsoft-Windows-Security-Auditing' Guid='{54849625-5478-4994-a5ba-3e3b0328c30d}'/><EventID>4907</EventID><Version>0</Version><Level>0</Level><Task>13568</Task><Opcode>0</Opcode><Keywords>0x8020000000000000</Keywords><TimeCreated SystemTime='2023-07-19T09:53:28.8410385Z'/><EventRecordID>4625</EventRecordID><Correlation/><Execution ProcessID='4' ThreadID='4600'/><Channel>Security</Channel><Computer>DESKTOP-T8T4QLM</Computer><Security/></System><EventData><Data Name='SubjectUserSid'>S-1-5-18</Data><Data Name='SubjectUserName'>DESKTOP-T8T4QLM$</Data><Data Name='SubjectDomainName'>WORKGROUP</Data><Data Name='SubjectLogonId'>0x3e7</Data><Data Name='ObjectServer'>Security</Data><Data Name='ObjectType'>File</Data><Data Name='ObjectName'>C:\\$WinREAgent\\Scratch\\Mount\\Windows\\WinSxS\\amd64_microsoft-windows-m..namespace-downlevel_31bf3856ad364e35_10.0.19041.1_none_7d55e8342077d456\\api-ms-win-core-datetime-l1-1-1.dll</Data><Data Name='HandleId'>0x520</Data><Data Name='OldSd'></Data><Data Name='NewSd'>S:ARAI(AU;SAFA;DCLCRPCRSDWDWO;;;WD)</Data><Data Name='ProcessId'>0x2860</Data><Data Name='ProcessName'>C:\\Windows\\System32\\wuauclt.exe</Data></EventData></Event>",
          "uuid" : "818879b1-b6e4-4bcd-8547-84b83847aa0e",
          "agent" : "18debaad31da4e90b66bcd6420e4cee8",
          "agentIP" : "192.168.200.219",
          "agentName" : "DESKTOP-T8T4QLM",
          "item_main" : "4907",
          "date_main" : 1689760408,
          "type_main" : "usb",
          "etc_main" : "<Event xmlns='http://schemas.microsoft.com/win/2004/08/events/event'><System><Provider Name='Microsoft-Windows-Security-Auditing' Guid='{54849625-5478-4994-a5ba-3e3b0328c30d}'/><EventID>4907</EventID><Version>0</Version><Level>0</Level><Task>13568</Task><Opcode>0</Opcode><Keywords>0x8020000000000000</Keywords><TimeCreated SystemTime='2023-07-19T09:53:28.8410385Z'/><EventRecordID>4625</EventRecordID><Correlation/><Execution ProcessID='4' ThreadID='4600'/><Channel>Security</Channel><Computer>DESKTOP-T8T4QLM</Computer><Security/></System><EventData><Data Name='SubjectUserSid'>S-1-5-18</Data><Data Name='SubjectUserName'>DESKTOP-T8T4QLM$</Data><Data Name='SubjectDomainName'>WORKGROUP</Data><Data Name='SubjectLogonId'>0x3e7</Data><Data Name='ObjectServer'>Security</Data><Data Name='ObjectType'>File</Data><Data Name='ObjectName'>C:\\$WinREAgent\\Scratch\\Mount\\Windows\\WinSxS\\amd64_microsoft-windows-m..namespace-downlevel_31bf3856ad364e35_10.0.19041.1_none_7d55e8342077d456\\api-ms-win-core-datetime-l1-1-1.dll</Data><Data Name='HandleId'>0x520</Data><Data Name='OldSd'></Data><Data Name='NewSd'>S:ARAI(AU;SAFA;DCLCRPCRSDWDWO;;;WD)</Data><Data Name='ProcessId'>0x2860</Data><Data Name='ProcessName'>C:\\Windows\\System32\\wuauclt.exe</Data></EventData></Event>"
        }
      },
      {
        "_index" : "ed_eventsecurity",
        "_type" : "_doc",
        "_id" : "r4S9fosB12YpCLTnxpmx",
        "_score" : 1.0,
        "_source" : {
          "eventrecordid" : 49110,
          "providername" : "Microsoft-Windows-Security-Auditing",
          "providerguid" : "{54849625-5478-4994-A5BA-3E3B0328C30D}",
          "eventid" : 0,
          "version" : 0,
          "level" : "AUDIT",
          "keywords" : "Audit Success",
          "task" : 13568,
          "opcode" : 0,
          "createdsystemtime" : 1694584395,
          "correlationactivityid" : "0",
          "correlationrelatedactivityid" : "0",
          "executionprocessid" : 4,
          "executionthreadid" : 4940,
          "channel" : "Security",
          "computer" : "DESKTOP-JAVQUL0",
          "securityuserid" : "0",
          "evtrenderdata" : "<Event xmlns='http://schemas.microsoft.com/win/2004/08/events/event'><System><Provider Name='Microsoft-Windows-Security-Auditing' Guid='{54849625-5478-4994-a5ba-3e3b0328c30d}'/><EventID>4907</EventID><Version>0</Version><Level>0</Level><Task>13568</Task><Opcode>0</Opcode><Keywords>0x8020000000000000</Keywords><TimeCreated SystemTime='2023-09-13T05:53:15.7270565Z'/><EventRecordID>49110</EventRecordID><Correlation/><Execution ProcessID='4' ThreadID='4940'/><Channel>Security</Channel><Computer>DESKTOP-JAVQUL0</Computer><Security/></System><EventData><Data Name='SubjectUserSid'>S-1-5-18</Data><Data Name='SubjectUserName'>DESKTOP-JAVQUL0$</Data><Data Name='SubjectDomainName'>WORKGROUP</Data><Data Name='SubjectLogonId'>0x3e7</Data><Data Name='ObjectServer'>Security</Data><Data Name='ObjectType'>File</Data><Data Name='ObjectName'>C:\\$WinREAgent\\Scratch\\Mount\\Windows\\WinSxS\\amd64_microsoft-windows-c..t-library.resources_31bf3856ad364e35_10.0.19041.1_zh-tw_7e091a9a1b24f5e5\\credprovhost.dll.mui</Data><Data Name='HandleId'>0x9a8</Data><Data Name='OldSd'></Data><Data Name='NewSd'>S:ARAI(AU;SAFA;DCLCRPCRSDWDWO;;;WD)</Data><Data Name='ProcessId'>0x1cf0</Data><Data Name='ProcessName'>C:\\Windows\\System32\\wuauclt.exe</Data></EventData></Event>",
          "uuid" : "7b9c4811-5e83-440d-9907-46257b887b8a",
          "agent" : "01c7888fbab04194a49ac71fdf8112ac",
          "agentIP" : "80.28.56.78",
          "agentName" : "DESKTOP",
          "item_main" : "4907",
          "date_main" : 1694584395,
          "type_main" : "usb",
          "etc_main" : "<Event xmlns='http://schemas.microsoft.com/win/2004/08/events/event'><System><Provider Name='Microsoft-Windows-Security-Auditing' Guid='{54849625-5478-4994-a5ba-3e3b0328c30d}'/><EventID>4907</EventID><Version>0</Version><Level>0</Level><Task>13568</Task><Opcode>0</Opcode><Keywords>0x8020000000000000</Keywords><TimeCreated SystemTime='2023-09-13T05:53:15.7270565Z'/><EventRecordID>49110</EventRecordID><Correlation/><Execution ProcessID='4' ThreadID='4940'/><Channel>Security</Channel><Computer>DESKTOP-JAVQUL0</Computer><Security/></System><EventData><Data Name='SubjectUserSid'>S-1-5-18</Data><Data Name='SubjectUserName'>DESKTOP-JAVQUL0$</Data><Data Name='SubjectDomainName'>WORKGROUP</Data><Data Name='SubjectLogonId'>0x3e7</Data><Data Name='ObjectServer'>Security</Data><Data Name='ObjectType'>File</Data><Data Name='ObjectName'>C:\\$WinREAgent\\Scratch\\Mount\\Windows\\WinSxS\\amd64_microsoft-windows-c..t-library.resources_31bf3856ad364e35_10.0.19041.1_zh-tw_7e091a9a1b24f5e5\\credprovhost.dll.mui</Data><Data Name='HandleId'>0x9a8</Data><Data Name='OldSd'></Data><Data Name='NewSd'>S:ARAI(AU;SAFA;DCLCRPCRSDWDWO;;;WD)</Data><Data Name='ProcessId'>0x1cf0</Data><Data Name='ProcessName'>C:\\Windows\\System32\\wuauclt.exe</Data></EventData></Event>"
        }
      },
      {
        "_index" : "ed_eventsecurity",
        "_type" : "_doc",
        "_id" : "O4S9fosB12YpCLTnxpux",
        "_score" : 1.0,
        "_source" : {
          "eventrecordid" : 49308,
          "providername" : "Microsoft-Windows-Security-Auditing",
          "providerguid" : "{54849625-5478-4994-A5BA-3E3B0328C30D}",
          "eventid" : 0,
          "version" : 0,
          "level" : "AUDIT",
          "keywords" : "Audit Success",
          "task" : 13568,
          "opcode" : 0,
          "createdsystemtime" : 1694584395,
          "correlationactivityid" : "0",
          "correlationrelatedactivityid" : "0",
          "executionprocessid" : 4,
          "executionthreadid" : 4940,
          "channel" : "Security",
          "computer" : "DESKTOP-JAVQUL0",
          "securityuserid" : "0",
          "evtrenderdata" : "<Event xmlns='http://schemas.microsoft.com/win/2004/08/events/event'><System><Provider Name='Microsoft-Windows-Security-Auditing' Guid='{54849625-5478-4994-a5ba-3e3b0328c30d}'/><EventID>4907</EventID><Version>0</Version><Level>0</Level><Task>13568</Task><Opcode>0</Opcode><Keywords>0x8020000000000000</Keywords><TimeCreated SystemTime='2023-09-13T05:53:15.8948371Z'/><EventRecordID>49308</EventRecordID><Correlation/><Execution ProcessID='4' ThreadID='4940'/><Channel>Security</Channel><Computer>DESKTOP-JAVQUL0</Computer><Security/></System><EventData><Data Name='SubjectUserSid'>S-1-5-18</Data><Data Name='SubjectUserName'>DESKTOP-JAVQUL0$</Data><Data Name='SubjectDomainName'>WORKGROUP</Data><Data Name='SubjectLogonId'>0x3e7</Data><Data Name='ObjectServer'>Security</Data><Data Name='ObjectType'>File</Data><Data Name='ObjectName'>C:\\$WinREAgent\\Scratch\\Mount\\Windows\\WinSxS\\amd64_microsoft-windows-p..i-printui.resources_31bf3856ad364e35_10.0.19041.1_zh-tw_7df579d46259f28c\\printui.dll.mui</Data><Data Name='HandleId'>0x758</Data><Data Name='OldSd'></Data><Data Name='NewSd'>S:ARAI(AU;SAFA;DCLCRPCRSDWDWO;;;WD)</Data><Data Name='ProcessId'>0x1cf0</Data><Data Name='ProcessName'>C:\\Windows\\System32\\wuauclt.exe</Data></EventData></Event>",
          "uuid" : "c29653df-34a2-4d52-b111-75ece144b9ab",
          "agent" : "01c7888fbab04194a49ac71fdf8112ac",
          "agentIP" : "80.28.56.78",
          "agentName" : "DESKTOP",
          "item_main" : "4907",
          "date_main" : 1694584395,
          "type_main" : "usb",
          "etc_main" : "<Event xmlns='http://schemas.microsoft.com/win/2004/08/events/event'><System><Provider Name='Microsoft-Windows-Security-Auditing' Guid='{54849625-5478-4994-a5ba-3e3b0328c30d}'/><EventID>4907</EventID><Version>0</Version><Level>0</Level><Task>13568</Task><Opcode>0</Opcode><Keywords>0x8020000000000000</Keywords><TimeCreated SystemTime='2023-09-13T05:53:15.8948371Z'/><EventRecordID>49308</EventRecordID><Correlation/><Execution ProcessID='4' ThreadID='4940'/><Channel>Security</Channel><Computer>DESKTOP-JAVQUL0</Computer><Security/></System><EventData><Data Name='SubjectUserSid'>S-1-5-18</Data><Data Name='SubjectUserName'>DESKTOP-JAVQUL0$</Data><Data Name='SubjectDomainName'>WORKGROUP</Data><Data Name='SubjectLogonId'>0x3e7</Data><Data Name='ObjectServer'>Security</Data><Data Name='ObjectType'>File</Data><Data Name='ObjectName'>C:\\$WinREAgent\\Scratch\\Mount\\Windows\\WinSxS\\amd64_microsoft-windows-p..i-printui.resources_31bf3856ad364e35_10.0.19041.1_zh-tw_7df579d46259f28c\\printui.dll.mui</Data><Data Name='HandleId'>0x758</Data><Data Name='OldSd'></Data><Data Name='NewSd'>S:ARAI(AU;SAFA;DCLCRPCRSDWDWO;;;WD)</Data><Data Name='ProcessId'>0x1cf0</Data><Data Name='ProcessName'>C:\\Windows\\System32\\wuauclt.exe</Data></EventData></Event>"
        }
      },
      {
        "_index" : "ed_eventsecurity",
        "_type" : "_doc",
        "_id" : "HYS9fosB12YpCLTnxqiy",
        "_score" : 1.0,
        "_source" : {
          "eventrecordid" : 50957,
          "providername" : "Microsoft-Windows-Security-Auditing",
          "providerguid" : "{54849625-5478-4994-A5BA-3E3B0328C30D}",
          "eventid" : 0,
          "version" : 0,
          "level" : "AUDIT",
          "keywords" : "Audit Success",
          "task" : 13568,
          "opcode" : 0,
          "createdsystemtime" : 1694601478,
          "correlationactivityid" : "0",
          "correlationrelatedactivityid" : "0",
          "executionprocessid" : 4,
          "executionthreadid" : 6368,
          "channel" : "Security",
          "computer" : "DESKTOP-JAVQUL0",
          "securityuserid" : "0",
          "evtrenderdata" : "<Event xmlns='http://schemas.microsoft.com/win/2004/08/events/event'><System><Provider Name='Microsoft-Windows-Security-Auditing' Guid='{54849625-5478-4994-a5ba-3e3b0328c30d}'/><EventID>4907</EventID><Version>0</Version><Level>0</Level><Task>13568</Task><Opcode>0</Opcode><Keywords>0x8020000000000000</Keywords><TimeCreated SystemTime='2023-09-13T10:37:58.7543754Z'/><EventRecordID>50957</EventRecordID><Correlation/><Execution ProcessID='4' ThreadID='6368'/><Channel>Security</Channel><Computer>DESKTOP-JAVQUL0</Computer><Security/></System><EventData><Data Name='SubjectUserSid'>S-1-5-18</Data><Data Name='SubjectUserName'>DESKTOP-JAVQUL0$</Data><Data Name='SubjectDomainName'>WORKGROUP</Data><Data Name='SubjectLogonId'>0x3e7</Data><Data Name='ObjectServer'>Security</Data><Data Name='ObjectType'>File</Data><Data Name='ObjectName'>C:\\Windows\\WinSxS\\FileMaps\\$$_system32_driverstore_zh-tw_1e9c83009e38deb3.cdf-ms</Data><Data Name='HandleId'>0x98</Data><Data Name='OldSd'></Data><Data Name='NewSd'>S:ARAI(AU;SAFA;0x1f0116;;;WD)</Data><Data Name='ProcessId'>0x2528</Data><Data Name='ProcessName'>C:\\Windows\\System32\\poqexec.exe</Data></EventData></Event>",
          "uuid" : "2ff8a2c6-4625-4830-ba8c-d9ea227d2efc",
          "agent" : "01c7888fbab04194a49ac71fdf8112ac",
          "agentIP" : "80.28.56.78",
          "agentName" : "DESKTOP",
          "item_main" : "4907",
          "date_main" : 1694601478,
          "type_main" : "usb",
          "etc_main" : "<Event xmlns='http://schemas.microsoft.com/win/2004/08/events/event'><System><Provider Name='Microsoft-Windows-Security-Auditing' Guid='{54849625-5478-4994-a5ba-3e3b0328c30d}'/><EventID>4907</EventID><Version>0</Version><Level>0</Level><Task>13568</Task><Opcode>0</Opcode><Keywords>0x8020000000000000</Keywords><TimeCreated SystemTime='2023-09-13T10:37:58.7543754Z'/><EventRecordID>50957</EventRecordID><Correlation/><Execution ProcessID='4' ThreadID='6368'/><Channel>Security</Channel><Computer>DESKTOP-JAVQUL0</Computer><Security/></System><EventData><Data Name='SubjectUserSid'>S-1-5-18</Data><Data Name='SubjectUserName'>DESKTOP-JAVQUL0$</Data><Data Name='SubjectDomainName'>WORKGROUP</Data><Data Name='SubjectLogonId'>0x3e7</Data><Data Name='ObjectServer'>Security</Data><Data Name='ObjectType'>File</Data><Data Name='ObjectName'>C:\\Windows\\WinSxS\\FileMaps\\$$_system32_driverstore_zh-tw_1e9c83009e38deb3.cdf-ms</Data><Data Name='HandleId'>0x98</Data><Data Name='OldSd'></Data><Data Name='NewSd'>S:ARAI(AU;SAFA;0x1f0116;;;WD)</Data><Data Name='ProcessId'>0x2528</Data><Data Name='ProcessName'>C:\\Windows\\System32\\poqexec.exe</Data></EventData></Event>"
        }
      },
      {
        "_index" : "ed_eventsecurity",
        "_type" : "_doc",
        "_id" : "JYS9fosB12YpCLTnxqmz",
        "_score" : 1.0,
        "_source" : {
          "eventrecordid" : 51089,
          "providername" : "Microsoft-Windows-Security-Auditing",
          "providerguid" : "{54849625-5478-4994-A5BA-3E3B0328C30D}",
          "eventid" : 0,
          "version" : 0,
          "level" : "AUDIT",
          "keywords" : "Audit Success",
          "task" : 13568,
          "opcode" : 0,
          "createdsystemtime" : 1694601478,
          "correlationactivityid" : "0",
          "correlationrelatedactivityid" : "0",
          "executionprocessid" : 4,
          "executionthreadid" : 2980,
          "channel" : "Security",
          "computer" : "DESKTOP-JAVQUL0",
          "securityuserid" : "0",
          "evtrenderdata" : "<Event xmlns='http://schemas.microsoft.com/win/2004/08/events/event'><System><Provider Name='Microsoft-Windows-Security-Auditing' Guid='{54849625-5478-4994-a5ba-3e3b0328c30d}'/><EventID>4907</EventID><Version>0</Version><Level>0</Level><Task>13568</Task><Opcode>0</Opcode><Keywords>0x8020000000000000</Keywords><TimeCreated SystemTime='2023-09-13T10:37:58.9083924Z'/><EventRecordID>51089</EventRecordID><Correlation/><Execution ProcessID='4' ThreadID='2980'/><Channel>Security</Channel><Computer>DESKTOP-JAVQUL0</Computer><Security/></System><EventData><Data Name='SubjectUserSid'>S-1-5-18</Data><Data Name='SubjectUserName'>DESKTOP-JAVQUL0$</Data><Data Name='SubjectDomainName'>WORKGROUP</Data><Data Name='SubjectLogonId'>0x3e7</Data><Data Name='ObjectServer'>Security</Data><Data Name='ObjectType'>File</Data><Data Name='ObjectName'>C:\\Windows\\WinSxS\\FileMaps\\programdata_microsoft_windows_retaildemo_offlinecontent_packages_bfcdebcc9ac9ef74.cdf-ms</Data><Data Name='HandleId'>0xa8</Data><Data Name='OldSd'></Data><Data Name='NewSd'>S:ARAI(AU;SAFA;0x1f0116;;;WD)</Data><Data Name='ProcessId'>0x2528</Data><Data Name='ProcessName'>C:\\Windows\\System32\\poqexec.exe</Data></EventData></Event>",
