          "uuid" : "4fddd702-c2d7-4625-9969-7dcca36fff52",
          "agent" : "989e20833f4047c28201b865ad08a86a",
          "agentIP" : "175.146.195.68",
          "agentName" : "DESKTOP",
          "item_main" : "4907",
          "date_main" : 1694601478,
          "type_main" : "usb",
          "etc_main" : "<Event xmlns='http://schemas.microsoft.com/win/2004/08/events/event'><System><Provider Name='Microsoft-Windows-Security-Auditing' Guid='{54849625-5478-4994-a5ba-3e3b0328c30d}'/><EventID>4907</EventID><Version>0</Version><Level>0</Level><Task>13568</Task><Opcode>0</Opcode><Keywords>0x8020000000000000</Keywords><TimeCreated SystemTime='2023-09-13T10:37:58.6340427Z'/><EventRecordID>50853</EventRecordID><Correlation/><Execution ProcessID='4' ThreadID='2980'/><Channel>Security</Channel><Computer>DESKTOP-JAVQUL0</Computer><Security/></System><EventData><Data Name='SubjectUserSid'>S-1-5-18</Data><Data Name='SubjectUserName'>DESKTOP-JAVQUL0$</Data><Data Name='SubjectDomainName'>WORKGROUP</Data><Data Name='SubjectLogonId'>0x3e7</Data><Data Name='ObjectServer'>Security</Data><Data Name='ObjectType'>File</Data><Data Name='ObjectName'>C:\\Windows\\WinSxS\\FileMaps\\$$_systemapps_microsoft.windows.cloudexperiencehost_cw5n1h2txyewy_webapps_inclusivesspr_js_04768872769d851d.cdf-ms</Data><Data Name='HandleId'>0x90</Data><Data Name='OldSd'></Data><Data Name='NewSd'>S:ARAI(AU;SAFA;0x1f0116;;;WD)</Data><Data Name='ProcessId'>0x2528</Data><Data Name='ProcessName'>C:\\Windows\\System32\\poqexec.exe</Data></EventData></Event>"
        }
      },
      {
        "_index" : "ed_eventsecurity",
        "_type" : "_doc",
        "_id" : "ZPWBfosB12YpCLTn4uQs",
        "_score" : 1.0,
        "_source" : {
          "eventrecordid" : 48122,
          "providername" : "Microsoft-Windows-Security-Auditing",
          "providerguid" : "{54849625-5478-4994-A5BA-3E3B0328C30D}",
          "eventid" : 0,
          "version" : 0,
          "level" : "AUDIT",
          "keywords" : "Audit Success",
          "task" : 13568,
          "opcode" : 0,
          "createdsystemtime" : 1694584392,
          "correlationactivityid" : "0",
          "correlationrelatedactivityid" : "0",
          "executionprocessid" : 4,
          "executionthreadid" : 4048,
          "channel" : "Security",
          "computer" : "DESKTOP-JAVQUL0",
          "securityuserid" : "0",
          "evtrenderdata" : "<Event xmlns='http://schemas.microsoft.com/win/2004/08/events/event'><System><Provider Name='Microsoft-Windows-Security-Auditing' Guid='{54849625-5478-4994-a5ba-3e3b0328c30d}'/><EventID>4907</EventID><Version>0</Version><Level>0</Level><Task>13568</Task><Opcode>0</Opcode><Keywords>0x8020000000000000</Keywords><TimeCreated SystemTime='2023-09-13T05:53:12.4625024Z'/><EventRecordID>48122</EventRecordID><Correlation/><Execution ProcessID='4' ThreadID='4048'/><Channel>Security</Channel><Computer>DESKTOP-JAVQUL0</Computer><Security/></System><EventData><Data Name='SubjectUserSid'>S-1-5-18</Data><Data Name='SubjectUserName'>DESKTOP-JAVQUL0$</Data><Data Name='SubjectDomainName'>WORKGROUP</Data><Data Name='SubjectLogonId'>0x3e7</Data><Data Name='ObjectServer'>Security</Data><Data Name='ObjectType'>File</Data><Data Name='ObjectName'>C:\\$WinREAgent\\Scratch\\Mount\\Windows\\WinSxS\\wow64_microsoft-windows-security-ntlmshared_31bf3856ad364e35_10.0.19041.1_none_7d9dab4e456449b1\\NtlmShared.dll</Data><Data Name='HandleId'>0xb74</Data><Data Name='OldSd'></Data><Data Name='NewSd'>S:ARAI(AU;SAFA;DCLCRPCRSDWDWO;;;WD)</Data><Data Name='ProcessId'>0x1cf0</Data><Data Name='ProcessName'>C:\\Windows\\System32\\wuauclt.exe</Data></EventData></Event>",
          "uuid" : "c483392a-571a-42e3-bb19-cc9c581c93c3",
          "agent" : "989e20833f4047c28201b865ad08a86a",
          "agentIP" : "175.146.195.68",
          "agentName" : "DESKTOP",
          "item_main" : "4907",
          "date_main" : 1694584392,
          "type_main" : "usb",
          "etc_main" : "<Event xmlns='http://schemas.microsoft.com/win/2004/08/events/event'><System><Provider Name='Microsoft-Windows-Security-Auditing' Guid='{54849625-5478-4994-a5ba-3e3b0328c30d}'/><EventID>4907</EventID><Version>0</Version><Level>0</Level><Task>13568</Task><Opcode>0</Opcode><Keywords>0x8020000000000000</Keywords><TimeCreated SystemTime='2023-09-13T05:53:12.4625024Z'/><EventRecordID>48122</EventRecordID><Correlation/><Execution ProcessID='4' ThreadID='4048'/><Channel>Security</Channel><Computer>DESKTOP-JAVQUL0</Computer><Security/></System><EventData><Data Name='SubjectUserSid'>S-1-5-18</Data><Data Name='SubjectUserName'>DESKTOP-JAVQUL0$</Data><Data Name='SubjectDomainName'>WORKGROUP</Data><Data Name='SubjectLogonId'>0x3e7</Data><Data Name='ObjectServer'>Security</Data><Data Name='ObjectType'>File</Data><Data Name='ObjectName'>C:\\$WinREAgent\\Scratch\\Mount\\Windows\\WinSxS\\wow64_microsoft-windows-security-ntlmshared_31bf3856ad364e35_10.0.19041.1_none_7d9dab4e456449b1\\NtlmShared.dll</Data><Data Name='HandleId'>0xb74</Data><Data Name='OldSd'></Data><Data Name='NewSd'>S:ARAI(AU;SAFA;DCLCRPCRSDWDWO;;;WD)</Data><Data Name='ProcessId'>0x1cf0</Data><Data Name='ProcessName'>C:\\Windows\\System32\\wuauclt.exe</Data></EventData></Event>"
        }
      },
      {
        "_index" : "ed_eventsecurity",
        "_type" : "_doc",
        "_id" : "tPWBfosB12YpCLTn4ucs",
        "_score" : 1.0,
        "_source" : {
          "eventrecordid" : 48546,
          "providername" : "Microsoft-Windows-Security-Auditing",
          "providerguid" : "{54849625-5478-4994-A5BA-3E3B0328C30D}",
          "eventid" : 0,
          "version" : 0,
          "level" : "AUDIT",
          "keywords" : "Audit Success",
          "task" : 13568,
          "opcode" : 0,
          "createdsystemtime" : 1694584393,
          "correlationactivityid" : "0",
          "correlationrelatedactivityid" : "0",
          "executionprocessid" : 4,
          "executionthreadid" : 1964,
          "channel" : "Security",
          "computer" : "DESKTOP-JAVQUL0",
          "securityuserid" : "0",
          "evtrenderdata" : "<Event xmlns='http://schemas.microsoft.com/win/2004/08/events/event'><System><Provider Name='Microsoft-Windows-Security-Auditing' Guid='{54849625-5478-4994-a5ba-3e3b0328c30d}'/><EventID>4907</EventID><Version>0</Version><Level>0</Level><Task>13568</Task><Opcode>0</Opcode><Keywords>0x8020000000000000</Keywords><TimeCreated SystemTime='2023-09-13T05:53:13.2003083Z'/><EventRecordID>48546</EventRecordID><Correlation/><Execution ProcessID='4' ThreadID='1964'/><Channel>Security</Channel><Computer>DESKTOP-JAVQUL0</Computer><Security/></System><EventData><Data Name='SubjectUserSid'>S-1-5-18</Data><Data Name='SubjectUserName'>DESKTOP-JAVQUL0$</Data><Data Name='SubjectDomainName'>WORKGROUP</Data><Data Name='SubjectLogonId'>0x3e7</Data><Data Name='ObjectServer'>Security</Data><Data Name='ObjectType'>File</Data><Data Name='ObjectName'>C:\\$WinREAgent\\Scratch\\Mount\\Windows\\WinSxS\\FileMaps\\users_default_appdata_local_temp_3274946c96022019.cdf-ms</Data><Data Name='HandleId'>0xa38</Data><Data Name='OldSd'></Data><Data Name='NewSd'>S:ARAI(AU;SAFA;0x1f0116;;;WD)</Data><Data Name='ProcessId'>0x1cf0</Data><Data Name='ProcessName'>C:\\Windows\\System32\\wuauclt.exe</Data></EventData></Event>",
          "uuid" : "c7446252-87c0-4ca9-b0af-1820f441c0ea",
          "agent" : "989e20833f4047c28201b865ad08a86a",
          "agentIP" : "175.146.195.68",
          "agentName" : "DESKTOP",
          "item_main" : "4907",
          "date_main" : 1694584393,
          "type_main" : "usb",
          "etc_main" : "<Event xmlns='http://schemas.microsoft.com/win/2004/08/events/event'><System><Provider Name='Microsoft-Windows-Security-Auditing' Guid='{54849625-5478-4994-a5ba-3e3b0328c30d}'/><EventID>4907</EventID><Version>0</Version><Level>0</Level><Task>13568</Task><Opcode>0</Opcode><Keywords>0x8020000000000000</Keywords><TimeCreated SystemTime='2023-09-13T05:53:13.2003083Z'/><EventRecordID>48546</EventRecordID><Correlation/><Execution ProcessID='4' ThreadID='1964'/><Channel>Security</Channel><Computer>DESKTOP-JAVQUL0</Computer><Security/></System><EventData><Data Name='SubjectUserSid'>S-1-5-18</Data><Data Name='SubjectUserName'>DESKTOP-JAVQUL0$</Data><Data Name='SubjectDomainName'>WORKGROUP</Data><Data Name='SubjectLogonId'>0x3e7</Data><Data Name='ObjectServer'>Security</Data><Data Name='ObjectType'>File</Data><Data Name='ObjectName'>C:\\$WinREAgent\\Scratch\\Mount\\Windows\\WinSxS\\FileMaps\\users_default_appdata_local_temp_3274946c96022019.cdf-ms</Data><Data Name='HandleId'>0xa38</Data><Data Name='OldSd'></Data><Data Name='NewSd'>S:ARAI(AU;SAFA;0x1f0116;;;WD)</Data><Data Name='ProcessId'>0x1cf0</Data><Data Name='ProcessName'>C:\\Windows\\System32\\wuauclt.exe</Data></EventData></Event>"
        }
      },
      {
        "_index" : "ed_eventsecurity",
        "_type" : "_doc",
        "_id" : "qPWBfosB12YpCLTn4u0t",
        "_score" : 1.0,
        "_source" : {
          "eventrecordid" : 49308,
          "providername" : "Microsoft-Windows-Security-Auditing",
          "providerguid" : "{54849625-5478-4994-A5BA-3E3B0328C30D}",
          "eventid" : 0,
          "version" : 0,
          "level" : "AUDIT",
          "keywords" : "Audit Success",
          "task" : 13568,
          "opcode" : 0,
          "createdsystemtime" : 1694584395,
          "correlationactivityid" : "0",
          "correlationrelatedactivityid" : "0",
          "executionprocessid" : 4,
          "executionthreadid" : 4940,
          "channel" : "Security",
          "computer" : "DESKTOP-JAVQUL0",
          "securityuserid" : "0",
          "evtrenderdata" : "<Event xmlns='http://schemas.microsoft.com/win/2004/08/events/event'><System><Provider Name='Microsoft-Windows-Security-Auditing' Guid='{54849625-5478-4994-a5ba-3e3b0328c30d}'/><EventID>4907</EventID><Version>0</Version><Level>0</Level><Task>13568</Task><Opcode>0</Opcode><Keywords>0x8020000000000000</Keywords><TimeCreated SystemTime='2023-09-13T05:53:15.8948371Z'/><EventRecordID>49308</EventRecordID><Correlation/><Execution ProcessID='4' ThreadID='4940'/><Channel>Security</Channel><Computer>DESKTOP-JAVQUL0</Computer><Security/></System><EventData><Data Name='SubjectUserSid'>S-1-5-18</Data><Data Name='SubjectUserName'>DESKTOP-JAVQUL0$</Data><Data Name='SubjectDomainName'>WORKGROUP</Data><Data Name='SubjectLogonId'>0x3e7</Data><Data Name='ObjectServer'>Security</Data><Data Name='ObjectType'>File</Data><Data Name='ObjectName'>C:\\$WinREAgent\\Scratch\\Mount\\Windows\\WinSxS\\amd64_microsoft-windows-p..i-printui.resources_31bf3856ad364e35_10.0.19041.1_zh-tw_7df579d46259f28c\\printui.dll.mui</Data><Data Name='HandleId'>0x758</Data><Data Name='OldSd'></Data><Data Name='NewSd'>S:ARAI(AU;SAFA;DCLCRPCRSDWDWO;;;WD)</Data><Data Name='ProcessId'>0x1cf0</Data><Data Name='ProcessName'>C:\\Windows\\System32\\wuauclt.exe</Data></EventData></Event>",
          "uuid" : "e1726b23-978e-4a72-807f-30ff60e3fe10",
          "agent" : "989e20833f4047c28201b865ad08a86a",
          "agentIP" : "175.146.195.68",
          "agentName" : "DESKTOP",
          "item_main" : "4907",
          "date_main" : 1694584395,
          "type_main" : "usb",
          "etc_main" : "<Event xmlns='http://schemas.microsoft.com/win/2004/08/events/event'><System><Provider Name='Microsoft-Windows-Security-Auditing' Guid='{54849625-5478-4994-a5ba-3e3b0328c30d}'/><EventID>4907</EventID><Version>0</Version><Level>0</Level><Task>13568</Task><Opcode>0</Opcode><Keywords>0x8020000000000000</Keywords><TimeCreated SystemTime='2023-09-13T05:53:15.8948371Z'/><EventRecordID>49308</EventRecordID><Correlation/><Execution ProcessID='4' ThreadID='4940'/><Channel>Security</Channel><Computer>DESKTOP-JAVQUL0</Computer><Security/></System><EventData><Data Name='SubjectUserSid'>S-1-5-18</Data><Data Name='SubjectUserName'>DESKTOP-JAVQUL0$</Data><Data Name='SubjectDomainName'>WORKGROUP</Data><Data Name='SubjectLogonId'>0x3e7</Data><Data Name='ObjectServer'>Security</Data><Data Name='ObjectType'>File</Data><Data Name='ObjectName'>C:\\$WinREAgent\\Scratch\\Mount\\Windows\\WinSxS\\amd64_microsoft-windows-p..i-printui.resources_31bf3856ad364e35_10.0.19041.1_zh-tw_7df579d46259f28c\\printui.dll.mui</Data><Data Name='HandleId'>0x758</Data><Data Name='OldSd'></Data><Data Name='NewSd'>S:ARAI(AU;SAFA;DCLCRPCRSDWDWO;;;WD)</Data><Data Name='ProcessId'>0x1cf0</Data><Data Name='ProcessName'>C:\\Windows\\System32\\wuauclt.exe</Data></EventData></Event>"
        }
      },
      {
        "_index" : "ed_eventsecurity",
        "_type" : "_doc",
        "_id" : "MvWBfosB12YpCLTn4vAu",
        "_score" : 1.0,
        "_source" : {
          "eventrecordid" : 49633,
          "providername" : "Microsoft-Windows-Security-Auditing",
          "providerguid" : "{54849625-5478-4994-A5BA-3E3B0328C30D}",
          "eventid" : 0,
          "version" : 0,
          "level" : "AUDIT",
          "keywords" : "Audit Success",
          "task" : 13568,
          "opcode" : 0,
          "createdsystemtime" : 1694584397,
          "correlationactivityid" : "0",
          "correlationrelatedactivityid" : "0",
          "executionprocessid" : 4,
          "executionthreadid" : 8744,
          "channel" : "Security",
          "computer" : "DESKTOP-JAVQUL0",
          "securityuserid" : "0",
          "evtrenderdata" : "<Event xmlns='http://schemas.microsoft.com/win/2004/08/events/event'><System><Provider Name='Microsoft-Windows-Security-Auditing' Guid='{54849625-5478-4994-a5ba-3e3b0328c30d}'/><EventID>4907</EventID><Version>0</Version><Level>0</Level><Task>13568</Task><Opcode>0</Opcode><Keywords>0x8020000000000000</Keywords><TimeCreated SystemTime='2023-09-13T05:53:17.3269608Z'/><EventRecordID>49633</EventRecordID><Correlation/><Execution ProcessID='4' ThreadID='8744'/><Channel>Security</Channel><Computer>DESKTOP-JAVQUL0</Computer><Security/></System><EventData><Data Name='SubjectUserSid'>S-1-5-18</Data><Data Name='SubjectUserName'>DESKTOP-JAVQUL0$</Data><Data Name='SubjectDomainName'>WORKGROUP</Data><Data Name='SubjectLogonId'>0x3e7</Data><Data Name='ObjectServer'>Security</Data><Data Name='ObjectType'>File</Data><Data Name='ObjectName'>C:\\$WinREAgent\\Scratch\\Mount\\Windows\\WinSxS\\amd64_microsoft-windows-srh_31bf3856ad364e35_10.0.19041.1_none_5f5d6355fa237622\\tier2punctuations.dll</Data><Data Name='HandleId'>0x858</Data><Data Name='OldSd'></Data><Data Name='NewSd'>S:ARAI(AU;SAFA;DCLCRPCRSDWDWO;;;WD)</Data><Data Name='ProcessId'>0x1cf0</Data><Data Name='ProcessName'>C:\\Windows\\System32\\wuauclt.exe</Data></EventData></Event>",
          "uuid" : "b5979775-5abf-471f-b988-5d646254ea05",
          "agent" : "989e20833f4047c28201b865ad08a86a",
          "agentIP" : "175.146.195.68",
          "agentName" : "DESKTOP",
          "item_main" : "4907",
          "date_main" : 1694584397,
          "type_main" : "usb",
          "etc_main" : "<Event xmlns='http://schemas.microsoft.com/win/2004/08/events/event'><System><Provider Name='Microsoft-Windows-Security-Auditing' Guid='{54849625-5478-4994-a5ba-3e3b0328c30d}'/><EventID>4907</EventID><Version>0</Version><Level>0</Level><Task>13568</Task><Opcode>0</Opcode><Keywords>0x8020000000000000</Keywords><TimeCreated SystemTime='2023-09-13T05:53:17.3269608Z'/><EventRecordID>49633</EventRecordID><Correlation/><Execution ProcessID='4' ThreadID='8744'/><Channel>Security</Channel><Computer>DESKTOP-JAVQUL0</Computer><Security/></System><EventData><Data Name='SubjectUserSid'>S-1-5-18</Data><Data Name='SubjectUserName'>DESKTOP-JAVQUL0$</Data><Data Name='SubjectDomainName'>WORKGROUP</Data><Data Name='SubjectLogonId'>0x3e7</Data><Data Name='ObjectServer'>Security</Data><Data Name='ObjectType'>File</Data><Data Name='ObjectName'>C:\\$WinREAgent\\Scratch\\Mount\\Windows\\WinSxS\\amd64_microsoft-windows-srh_31bf3856ad364e35_10.0.19041.1_none_5f5d6355fa237622\\tier2punctuations.dll</Data><Data Name='HandleId'>0x858</Data><Data Name='OldSd'></Data><Data Name='NewSd'>S:ARAI(AU;SAFA;DCLCRPCRSDWDWO;;;WD)</Data><Data Name='ProcessId'>0x1cf0</Data><Data Name='ProcessName'>C:\\Windows\\System32\\wuauclt.exe</Data></EventData></Event>"
        }
      },
      {
        "_index" : "ed_eventsecurity",
        "_type" : "_doc",
        "_id" : "7PiGfosB12YpCLTnkkcH",
        "_score" : 1.0,
        "_source" : {
          "eventrecordid" : 34625,
          "providername" : "Microsoft-Windows-Security-Auditing",
          "providerguid" : "{54849625-5478-4994-A5BA-3E3B0328C30D}",
          "eventid" : 0,
          "version" : 0,
          "level" : "AUDIT",
          "keywords" : "Audit Success",
          "task" : 13824,
          "opcode" : 0,
          "createdsystemtime" : 1693054550,
          "correlationactivityid" : "{0CD6AE6D-CAC0-0002-20AF-D60CC0CAD901}",
          "correlationrelatedactivityid" : "0",
          "executionprocessid" : 780,
          "executionthreadid" : 852,
          "channel" : "Security",
          "computer" : "DESKTOP-JAVQUL0",
          "securityuserid" : "0",
          "evtrenderdata" : "<Event xmlns='http://schemas.microsoft.com/win/2004/08/events/event'><System><Provider Name='Microsoft-Windows-Security-Auditing' Guid='{54849625-5478-4994-a5ba-3e3b0328c30d}'/><EventID>5379</EventID><Version>0</Version><Level>0</Level><Task>13824</Task><Opcode>0</Opcode><Keywords>0x8020000000000000</Keywords><TimeCreated SystemTime='2023-08-26T12:55:50.6439180Z'/><EventRecordID>34625</EventRecordID><Correlation ActivityID='{0cd6ae6d-cac0-0002-20af-d60cc0cad901}'/><Execution ProcessID='780' ThreadID='852'/><Channel>Security</Channel><Computer>DESKTOP-JAVQUL0</Computer><Security/></System><EventData><Data Name='SubjectUserSid'>S-1-5-18</Data><Data Name='SubjectUserName'>DESKTOP-JAVQUL0$</Data><Data Name='SubjectDomainName'>WORKGROUP</Data><Data Name='SubjectLogonId'>0x3e7</Data><Data Name='TargetName'>MicrosoftAccount:user=02ayzdrduvnqbqxk</Data><Data Name='Type'>0</Data><Data Name='CountOfCredentialsReturned'>0</Data><Data Name='ReadOperation'>%%8100</Data><Data Name='ReturnCode'>3221226021</Data><Data Name='ProcessCreationTime'>2023-08-26T12:55:49.5690497Z</Data><Data Name='ClientProcessId'>98472</Data></EventData></Event>",
          "uuid" : "d8f2ae85-6bc9-4bc5-946e-ed97467a83a6",
          "agent" : "0a741ef4fe8747178b7076e1e0161e04",
          "agentIP" : "7.251.118.14",
          "agentName" : "DESKTOP",
          "item_main" : "5379",
          "date_main" : 1693054550,
          "type_main" : "usb",
          "etc_main" : "<Event xmlns='http://schemas.microsoft.com/win/2004/08/events/event'><System><Provider Name='Microsoft-Windows-Security-Auditing' Guid='{54849625-5478-4994-a5ba-3e3b0328c30d}'/><EventID>5379</EventID><Version>0</Version><Level>0</Level><Task>13824</Task><Opcode>0</Opcode><Keywords>0x8020000000000000</Keywords><TimeCreated SystemTime='2023-08-26T12:55:50.6439180Z'/><EventRecordID>34625</EventRecordID><Correlation ActivityID='{0cd6ae6d-cac0-0002-20af-d60cc0cad901}'/><Execution ProcessID='780' ThreadID='852'/><Channel>Security</Channel><Computer>DESKTOP-JAVQUL0</Computer><Security/></System><EventData><Data Name='SubjectUserSid'>S-1-5-18</Data><Data Name='SubjectUserName'>DESKTOP-JAVQUL0$</Data><Data Name='SubjectDomainName'>WORKGROUP</Data><Data Name='SubjectLogonId'>0x3e7</Data><Data Name='TargetName'>MicrosoftAccount:user=02ayzdrduvnqbqxk</Data><Data Name='Type'>0</Data><Data Name='CountOfCredentialsReturned'>0</Data><Data Name='ReadOperation'>%%8100</Data><Data Name='ReturnCode'>3221226021</Data><Data Name='ProcessCreationTime'>2023-08-26T12:55:49.5690497Z</Data><Data Name='ClientProcessId'>98472</Data></EventData></Event>"
        }
      },
      {
        "_index" : "ed_eventsecurity",
        "_type" : "_doc",
        "_id" : "xPWBfosB12YpCLTn4tUq",
        "_score" : 1.0,
        "_source" : {
          "eventrecordid" : 46250,
          "providername" : "Microsoft-Windows-Security-Auditing",
          "providerguid" : "{54849625-5478-4994-A5BA-3E3B0328C30D}",
          "eventid" : 0,
          "version" : 0,
          "level" : "AUDIT",
          "keywords" : "Audit Success",
          "task" : 13568,
          "opcode" : 0,
          "createdsystemtime" : 1694584389,
          "correlationactivityid" : "0",
          "correlationrelatedactivityid" : "0",
          "executionprocessid" : 4,
          "executionthreadid" : 2720,
          "channel" : "Security",
          "computer" : "DESKTOP-JAVQUL0",
          "securityuserid" : "0",
          "evtrenderdata" : "<Event xmlns='http://schemas.microsoft.com/win/2004/08/events/event'><System><Provider Name='Microsoft-Windows-Security-Auditing' Guid='{54849625-5478-4994-a5ba-3e3b0328c30d}'/><EventID>4907</EventID><Version>0</Version><Level>0</Level><Task>13568</Task><Opcode>0</Opcode><Keywords>0x8020000000000000</Keywords><TimeCreated SystemTime='2023-09-13T05:53:09.3204449Z'/><EventRecordID>46250</EventRecordID><Correlation/><Execution ProcessID='4' ThreadID='2720'/><Channel>Security</Channel><Computer>DESKTOP-JAVQUL0</Computer><Security/></System><EventData><Data Name='SubjectUserSid'>S-1-5-18</Data><Data Name='SubjectUserName'>DESKTOP-JAVQUL0$</Data><Data Name='SubjectDomainName'>WORKGROUP</Data><Data Name='SubjectLogonId'>0x3e7</Data><Data Name='ObjectServer'>Security</Data><Data Name='ObjectType'>File</Data><Data Name='ObjectName'>C:\\$WinREAgent\\Scratch\\Mount\\Windows\\WinSxS\\amd64_microsoft-windows-b..-pxe-base.resources_31bf3856ad364e35_10.0.19041.1_zh-cn_aecd150db0c1546f\\wdsmgfw.efi.mui</Data><Data Name='HandleId'>0x67c</Data><Data Name='OldSd'></Data><Data Name='NewSd'>S:ARAI(AU;SAFA;DCLCRPCRSDWDWO;;;WD)</Data><Data Name='ProcessId'>0x1cf0</Data><Data Name='ProcessName'>C:\\Windows\\System32\\wuauclt.exe</Data></EventData></Event>",
          "uuid" : "09a7a12c-d067-4817-ac92-40a496d6b880",
          "agent" : "989e20833f4047c28201b865ad08a86a",
          "agentIP" : "175.146.195.68",
          "agentName" : "DESKTOP",
          "item_main" : "4907",
          "date_main" : 1694584389,
          "type_main" : "usb",
          "etc_main" : "<Event xmlns='http://schemas.microsoft.com/win/2004/08/events/event'><System><Provider Name='Microsoft-Windows-Security-Auditing' Guid='{54849625-5478-4994-a5ba-3e3b0328c30d}'/><EventID>4907</EventID><Version>0</Version><Level>0</Level><Task>13568</Task><Opcode>0</Opcode><Keywords>0x8020000000000000</Keywords><TimeCreated SystemTime='2023-09-13T05:53:09.3204449Z'/><EventRecordID>46250</EventRecordID><Correlation/><Execution ProcessID='4' ThreadID='2720'/><Channel>Security</Channel><Computer>DESKTOP-JAVQUL0</Computer><Security/></System><EventData><Data Name='SubjectUserSid'>S-1-5-18</Data><Data Name='SubjectUserName'>DESKTOP-JAVQUL0$</Data><Data Name='SubjectDomainName'>WORKGROUP</Data><Data Name='SubjectLogonId'>0x3e7</Data><Data Name='ObjectServer'>Security</Data><Data Name='ObjectType'>File</Data><Data Name='ObjectName'>C:\\$WinREAgent\\Scratch\\Mount\\Windows\\WinSxS\\amd64_microsoft-windows-b..-pxe-base.resources_31bf3856ad364e35_10.0.19041.1_zh-cn_aecd150db0c1546f\\wdsmgfw.efi.mui</Data><Data Name='HandleId'>0x67c</Data><Data Name='OldSd'></Data><Data Name='NewSd'>S:ARAI(AU;SAFA;DCLCRPCRSDWDWO;;;WD)</Data><Data Name='ProcessId'>0x1cf0</Data><Data Name='ProcessName'>C:\\Windows\\System32\\wuauclt.exe</Data></EventData></Event>"
        }
      },
      {
        "_index" : "ed_eventsecurity",
        "_type" : "_doc",
        "_id" : "xvWBfosB12YpCLTn4tUq",
        "_score" : 1.0,
        "_source" : {
          "eventrecordid" : 46251,
          "providername" : "Microsoft-Windows-Security-Auditing",
          "providerguid" : "{54849625-5478-4994-A5BA-3E3B0328C30D}",
          "eventid" : 0,
          "version" : 0,
          "level" : "AUDIT",
          "keywords" : "Audit Success",
          "task" : 13568,
          "opcode" : 0,
          "createdsystemtime" : 1694584389,
          "correlationactivityid" : "0",
          "correlationrelatedactivityid" : "0",
          "executionprocessid" : 4,
          "executionthreadid" : 2720,
          "channel" : "Security",
          "computer" : "DESKTOP-JAVQUL0",
          "securityuserid" : "0",
          "evtrenderdata" : "<Event xmlns='http://schemas.microsoft.com/win/2004/08/events/event'><System><Provider Name='Microsoft-Windows-Security-Auditing' Guid='{54849625-5478-4994-a5ba-3e3b0328c30d}'/><EventID>4907</EventID><Version>0</Version><Level>0</Level><Task>13568</Task><Opcode>0</Opcode><Keywords>0x8020000000000000</Keywords><TimeCreated SystemTime='2023-09-13T05:53:09.3216114Z'/><EventRecordID>46251</EventRecordID><Correlation/><Execution ProcessID='4' ThreadID='2720'/><Channel>Security</Channel><Computer>DESKTOP-JAVQUL0</Computer><Security/></System><EventData><Data Name='SubjectUserSid'>S-1-5-18</Data><Data Name='SubjectUserName'>DESKTOP-JAVQUL0$</Data><Data Name='SubjectDomainName'>WORKGROUP</Data><Data Name='SubjectLogonId'>0x3e7</Data><Data Name='ObjectServer'>Security</Data><Data Name='ObjectType'>File</Data><Data Name='ObjectName'>C:\\$WinREAgent\\Scratch\\Mount\\Windows\\WinSxS\\x86_microsoft-windows-b..nment-pxe.resources_31bf3856ad364e35_10.0.19041.1_tr-tr_a111a87365f8d456\\bootmgr.exe.mui</Data><Data Name='HandleId'>0x67c</Data><Data Name='OldSd'></Data><Data Name='NewSd'>S:ARAI(AU;SAFA;DCLCRPCRSDWDWO;;;WD)</Data><Data Name='ProcessId'>0x1cf0</Data><Data Name='ProcessName'>C:\\Windows\\System32\\wuauclt.exe</Data></EventData></Event>",
          "uuid" : "d506c019-2e5e-4d32-bdbf-138fd6df5cfc",
          "agent" : "989e20833f4047c28201b865ad08a86a",
          "agentIP" : "175.146.195.68",
          "agentName" : "DESKTOP",
          "item_main" : "4907",
          "date_main" : 1694584389,
          "type_main" : "usb",
          "etc_main" : "<Event xmlns='http://schemas.microsoft.com/win/2004/08/events/event'><System><Provider Name='Microsoft-Windows-Security-Auditing' Guid='{54849625-5478-4994-a5ba-3e3b0328c30d}'/><EventID>4907</EventID><Version>0</Version><Level>0</Level><Task>13568</Task><Opcode>0</Opcode><Keywords>0x8020000000000000</Keywords><TimeCreated SystemTime='2023-09-13T05:53:09.3216114Z'/><EventRecordID>46251</EventRecordID><Correlation/><Execution ProcessID='4' ThreadID='2720'/><Channel>Security</Channel><Computer>DESKTOP-JAVQUL0</Computer><Security/></System><EventData><Data Name='SubjectUserSid'>S-1-5-18</Data><Data Name='SubjectUserName'>DESKTOP-JAVQUL0$</Data><Data Name='SubjectDomainName'>WORKGROUP</Data><Data Name='SubjectLogonId'>0x3e7</Data><Data Name='ObjectServer'>Security</Data><Data Name='ObjectType'>File</Data><Data Name='ObjectName'>C:\\$WinREAgent\\Scratch\\Mount\\Windows\\WinSxS\\x86_microsoft-windows-b..nment-pxe.resources_31bf3856ad364e35_10.0.19041.1_tr-tr_a111a87365f8d456\\bootmgr.exe.mui</Data><Data Name='HandleId'>0x67c</Data><Data Name='OldSd'></Data><Data Name='NewSd'>S:ARAI(AU;SAFA;DCLCRPCRSDWDWO;;;WD)</Data><Data Name='ProcessId'>0x1cf0</Data><Data Name='ProcessName'>C:\\Windows\\System32\\wuauclt.exe</Data></EventData></Event>"
        }
      },
      {
        "_index" : "ed_eventsecurity",
        "_type" : "_doc",
        "_id" : "yPWBfosB12YpCLTn4tUq",
        "_score" : 1.0,
        "_source" : {
          "eventrecordid" : 46252,
          "providername" : "Microsoft-Windows-Security-Auditing",
          "providerguid" : "{54849625-5478-4994-A5BA-3E3B0328C30D}",
          "eventid" : 0,
          "version" : 0,
          "level" : "AUDIT",
          "keywords" : "Audit Success",
          "task" : 13568,
          "opcode" : 0,
          "createdsystemtime" : 1694584389,
          "correlationactivityid" : "0",
          "correlationrelatedactivityid" : "0",
          "executionprocessid" : 4,
          "executionthreadid" : 2720,
          "channel" : "Security",
          "computer" : "DESKTOP-JAVQUL0",
          "securityuserid" : "0",
          "evtrenderdata" : "<Event xmlns='http://schemas.microsoft.com/win/2004/08/events/event'><System><Provider Name='Microsoft-Windows-Security-Auditing' Guid='{54849625-5478-4994-a5ba-3e3b0328c30d}'/><EventID>4907</EventID><Version>0</Version><Level>0</Level><Task>13568</Task><Opcode>0</Opcode><Keywords>0x8020000000000000</Keywords><TimeCreated SystemTime='2023-09-13T05:53:09.3224360Z'/><EventRecordID>46252</EventRecordID><Correlation/><Execution ProcessID='4' ThreadID='2720'/><Channel>Security</Channel><Computer>DESKTOP-JAVQUL0</Computer><Security/></System><EventData><Data Name='SubjectUserSid'>S-1-5-18</Data><Data Name='SubjectUserName'>DESKTOP-JAVQUL0$</Data><Data Name='SubjectDomainName'>WORKGROUP</Data><Data Name='SubjectLogonId'>0x3e7</Data><Data Name='ObjectServer'>Security</Data><Data Name='ObjectType'>File</Data><Data Name='ObjectName'>C:\\$WinREAgent\\Scratch\\Mount\\Windows\\WinSxS\\amd64_microsoft-windows-b..-pxe-base.resources_31bf3856ad364e35_10.0.19041.1_zh-tw_b2c95263ae3230df\\wdsmgfw.efi.mui</Data><Data Name='HandleId'>0x638</Data><Data Name='OldSd'></Data><Data Name='NewSd'>S:ARAI(AU;SAFA;DCLCRPCRSDWDWO;;;WD)</Data><Data Name='ProcessId'>0x1cf0</Data><Data Name='ProcessName'>C:\\Windows\\System32\\wuauclt.exe</Data></EventData></Event>",
          "uuid" : "59e507cd-2561-4e5a-93cc-830d0c35e3c6",
          "agent" : "989e20833f4047c28201b865ad08a86a",
          "agentIP" : "175.146.195.68",
          "agentName" : "DESKTOP",
          "item_main" : "4907",
          "date_main" : 1694584389,
          "type_main" : "usb",
          "etc_main" : "<Event xmlns='http://schemas.microsoft.com/win/2004/08/events/event'><System><Provider Name='Microsoft-Windows-Security-Auditing' Guid='{54849625-5478-4994-a5ba-3e3b0328c30d}'/><EventID>4907</EventID><Version>0</Version><Level>0</Level><Task>13568</Task><Opcode>0</Opcode><Keywords>0x8020000000000000</Keywords><TimeCreated SystemTime='2023-09-13T05:53:09.3224360Z'/><EventRecordID>46252</EventRecordID><Correlation/><Execution ProcessID='4' ThreadID='2720'/><Channel>Security</Channel><Computer>DESKTOP-JAVQUL0</Computer><Security/></System><EventData><Data Name='SubjectUserSid'>S-1-5-18</Data><Data Name='SubjectUserName'>DESKTOP-JAVQUL0$</Data><Data Name='SubjectDomainName'>WORKGROUP</Data><Data Name='SubjectLogonId'>0x3e7</Data><Data Name='ObjectServer'>Security</Data><Data Name='ObjectType'>File</Data><Data Name='ObjectName'>C:\\$WinREAgent\\Scratch\\Mount\\Windows\\WinSxS\\amd64_microsoft-windows-b..-pxe-base.resources_31bf3856ad364e35_10.0.19041.1_zh-tw_b2c95263ae3230df\\wdsmgfw.efi.mui</Data><Data Name='HandleId'>0x638</Data><Data Name='OldSd'></Data><Data Name='NewSd'>S:ARAI(AU;SAFA;DCLCRPCRSDWDWO;;;WD)</Data><Data Name='ProcessId'>0x1cf0</Data><Data Name='ProcessName'>C:\\Windows\\System32\\wuauclt.exe</Data></EventData></Event>"
        }
      },
      {
        "_index" : "ed_eventsecurity",
        "_type" : "_doc",
        "_id" : "yvWBfosB12YpCLTn4tUq",
        "_score" : 1.0,
        "_source" : {
          "eventrecordid" : 46253,
          "providername" : "Microsoft-Windows-Security-Auditing",
          "providerguid" : "{54849625-5478-4994-A5BA-3E3B0328C30D}",
          "eventid" : 0,
          "version" : 0,
          "level" : "AUDIT",
          "keywords" : "Audit Success",
          "task" : 13568,
          "opcode" : 0,
          "createdsystemtime" : 1694584389,
          "correlationactivityid" : "0",
          "correlationrelatedactivityid" : "0",
          "executionprocessid" : 4,
          "executionthreadid" : 2720,
          "channel" : "Security",
          "computer" : "DESKTOP-JAVQUL0",
          "securityuserid" : "0",
          "evtrenderdata" : "<Event xmlns='http://schemas.microsoft.com/win/2004/08/events/event'><System><Provider Name='Microsoft-Windows-Security-Auditing' Guid='{54849625-5478-4994-a5ba-3e3b0328c30d}'/><EventID>4907</EventID><Version>0</Version><Level>0</Level><Task>13568</Task><Opcode>0</Opcode><Keywords>0x8020000000000000</Keywords><TimeCreated SystemTime='2023-09-13T05:53:09.3232256Z'/><EventRecordID>46253</EventRecordID><Correlation/><Execution ProcessID='4' ThreadID='2720'/><Channel>Security</Channel><Computer>DESKTOP-JAVQUL0</Computer><Security/></System><EventData><Data Name='SubjectUserSid'>S-1-5-18</Data><Data Name='SubjectUserName'>DESKTOP-JAVQUL0$</Data><Data Name='SubjectDomainName'>WORKGROUP</Data><Data Name='SubjectLogonId'>0x3e7</Data><Data Name='ObjectServer'>Security</Data><Data Name='ObjectType'>File</Data><Data Name='ObjectName'>C:\\$WinREAgent\\Scratch\\Mount\\Windows\\WinSxS\\amd64_microsoft-windows-bootres_31bf3856ad364e35_10.0.19041.1_none_f50dcea7214e5b1f\\bootres.dll</Data><Data Name='HandleId'>0x67c</Data><Data Name='OldSd'></Data><Data Name='NewSd'>S:ARAI(AU;SAFA;DCLCRPCRSDWDWO;;;WD)</Data><Data Name='ProcessId'>0x1cf0</Data><Data Name='ProcessName'>C:\\Windows\\System32\\wuauclt.exe</Data></EventData></Event>",
          "uuid" : "db9faa1c-506e-4bb9-b0b6-505371c58e2d",
          "agent" : "989e20833f4047c28201b865ad08a86a",
          "agentIP" : "175.146.195.68",
          "agentName" : "DESKTOP",
          "item_main" : "4907",
          "date_main" : 1694584389,
          "type_main" : "usb",
          "etc_main" : "<Event xmlns='http://schemas.microsoft.com/win/2004/08/events/event'><System><Provider Name='Microsoft-Windows-Security-Auditing' Guid='{54849625-5478-4994-a5ba-3e3b0328c30d}'/><EventID>4907</EventID><Version>0</Version><Level>0</Level><Task>13568</Task><Opcode>0</Opcode><Keywords>0x8020000000000000</Keywords><TimeCreated SystemTime='2023-09-13T05:53:09.3232256Z'/><EventRecordID>46253</EventRecordID><Correlation/><Execution ProcessID='4' ThreadID='2720'/><Channel>Security</Channel><Computer>DESKTOP-JAVQUL0</Computer><Security/></System><EventData><Data Name='SubjectUserSid'>S-1-5-18</Data><Data Name='SubjectUserName'>DESKTOP-JAVQUL0$</Data><Data Name='SubjectDomainName'>WORKGROUP</Data><Data Name='SubjectLogonId'>0x3e7</Data><Data Name='ObjectServer'>Security</Data><Data Name='ObjectType'>File</Data><Data Name='ObjectName'>C:\\$WinREAgent\\Scratch\\Mount\\Windows\\WinSxS\\amd64_microsoft-windows-bootres_31bf3856ad364e35_10.0.19041.1_none_f50dcea7214e5b1f\\bootres.dll</Data><Data Name='HandleId'>0x67c</Data><Data Name='OldSd'></Data><Data Name='NewSd'>S:ARAI(AU;SAFA;DCLCRPCRSDWDWO;;;WD)</Data><Data Name='ProcessId'>0x1cf0</Data><Data Name='ProcessName'>C:\\Windows\\System32\\wuauclt.exe</Data></EventData></Event>"
        }
      },
      {
        "_index" : "ed_eventsecurity",
        "_type" : "_doc",
        "_id" : "zPWBfosB12YpCLTn4tUq",
        "_score" : 1.0,
        "_source" : {
          "eventrecordid" : 46254,
          "providername" : "Microsoft-Windows-Security-Auditing",
          "providerguid" : "{54849625-5478-4994-A5BA-3E3B0328C30D}",
          "eventid" : 0,
          "version" : 0,
          "level" : "AUDIT",
          "keywords" : "Audit Success",
          "task" : 13568,
          "opcode" : 0,
          "createdsystemtime" : 1694584389,
          "correlationactivityid" : "0",
          "correlationrelatedactivityid" : "0",
          "executionprocessid" : 4,
          "executionthreadid" : 2720,
          "channel" : "Security",
          "computer" : "DESKTOP-JAVQUL0",
          "securityuserid" : "0",
          "evtrenderdata" : "<Event xmlns='http://schemas.microsoft.com/win/2004/08/events/event'><System><Provider Name='Microsoft-Windows-Security-Auditing' Guid='{54849625-5478-4994-a5ba-3e3b0328c30d}'/><EventID>4907</EventID><Version>0</Version><Level>0</Level><Task>13568</Task><Opcode>0</Opcode><Keywords>0x8020000000000000</Keywords><TimeCreated SystemTime='2023-09-13T05:53:09.3239643Z'/><EventRecordID>46254</EventRecordID><Correlation/><Execution ProcessID='4' ThreadID='2720'/><Channel>Security</Channel><Computer>DESKTOP-JAVQUL0</Computer><Security/></System><EventData><Data Name='SubjectUserSid'>S-1-5-18</Data><Data Name='SubjectUserName'>DESKTOP-JAVQUL0$</Data><Data Name='SubjectDomainName'>WORKGROUP</Data><Data Name='SubjectLogonId'>0x3e7</Data><Data Name='ObjectServer'>Security</Data><Data Name='ObjectType'>File</Data><Data Name='ObjectName'>C:\\$WinREAgent\\Scratch\\Mount\\Windows\\WinSxS\\x86_microsoft-windows-b..nment-pxe.resources_31bf3856ad364e35_10.0.19041.1_uk-ua_3cf18b1a5d29faa2\\bootmgr.efi.mui</Data><Data Name='HandleId'>0x638</Data><Data Name='OldSd'></Data><Data Name='NewSd'>S:ARAI(AU;SAFA;DCLCRPCRSDWDWO;;;WD)</Data><Data Name='ProcessId'>0x1cf0</Data><Data Name='ProcessName'>C:\\Windows\\System32\\wuauclt.exe</Data></EventData></Event>",
          "uuid" : "a78e17cb-3d14-461e-8b86-438c4aef2bd3",
          "agent" : "989e20833f4047c28201b865ad08a86a",
          "agentIP" : "175.146.195.68",
          "agentName" : "DESKTOP",
          "item_main" : "4907",
          "date_main" : 1694584389,
          "type_main" : "usb",
          "etc_main" : "<Event xmlns='http://schemas.microsoft.com/win/2004/08/events/event'><System><Provider Name='Microsoft-Windows-Security-Auditing' Guid='{54849625-5478-4994-a5ba-3e3b0328c30d}'/><EventID>4907</EventID><Version>0</Version><Level>0</Level><Task>13568</Task><Opcode>0</Opcode><Keywords>0x8020000000000000</Keywords><TimeCreated SystemTime='2023-09-13T05:53:09.3239643Z'/><EventRecordID>46254</EventRecordID><Correlation/><Execution ProcessID='4' ThreadID='2720'/><Channel>Security</Channel><Computer>DESKTOP-JAVQUL0</Computer><Security/></System><EventData><Data Name='SubjectUserSid'>S-1-5-18</Data><Data Name='SubjectUserName'>DESKTOP-JAVQUL0$</Data><Data Name='SubjectDomainName'>WORKGROUP</Data><Data Name='SubjectLogonId'>0x3e7</Data><Data Name='ObjectServer'>Security</Data><Data Name='ObjectType'>File</Data><Data Name='ObjectName'>C:\\$WinREAgent\\Scratch\\Mount\\Windows\\WinSxS\\x86_microsoft-windows-b..nment-pxe.resources_31bf3856ad364e35_10.0.19041.1_uk-ua_3cf18b1a5d29faa2\\bootmgr.efi.mui</Data><Data Name='HandleId'>0x638</Data><Data Name='OldSd'></Data><Data Name='NewSd'>S:ARAI(AU;SAFA;DCLCRPCRSDWDWO;;;WD)</Data><Data Name='ProcessId'>0x1cf0</Data><Data Name='ProcessName'>C:\\Windows\\System32\\wuauclt.exe</Data></EventData></Event>"
        }
      },
      {
        "_index" : "ed_eventsecurity",
        "_type" : "_doc",
        "_id" : "zvWBfosB12YpCLTn4tUq",
        "_score" : 1.0,
        "_source" : {
          "eventrecordid" : 46255,
          "providername" : "Microsoft-Windows-Security-Auditing",
          "providerguid" : "{54849625-5478-4994-A5BA-3E3B0328C30D}",
          "eventid" : 0,
          "version" : 0,
          "level" : "AUDIT",
          "keywords" : "Audit Success",
          "task" : 13568,
          "opcode" : 0,
          "createdsystemtime" : 1694584389,
          "correlationactivityid" : "0",
          "correlationrelatedactivityid" : "0",
          "executionprocessid" : 4,
          "executionthreadid" : 2720,
          "channel" : "Security",
          "computer" : "DESKTOP-JAVQUL0",
          "securityuserid" : "0",
          "evtrenderdata" : "<Event xmlns='http://schemas.microsoft.com/win/2004/08/events/event'><System><Provider Name='Microsoft-Windows-Security-Auditing' Guid='{54849625-5478-4994-a5ba-3e3b0328c30d}'/><EventID>4907</EventID><Version>0</Version><Level>0</Level><Task>13568</Task><Opcode>0</Opcode><Keywords>0x8020000000000000</Keywords><TimeCreated SystemTime='2023-09-13T05:53:09.3246761Z'/><EventRecordID>46255</EventRecordID><Correlation/><Execution ProcessID='4' ThreadID='2720'/><Channel>Security</Channel><Computer>DESKTOP-JAVQUL0</Computer><Security/></System><EventData><Data Name='SubjectUserSid'>S-1-5-18</Data><Data Name='SubjectUserName'>DESKTOP-JAVQUL0$</Data><Data Name='SubjectDomainName'>WORKGROUP</Data><Data Name='SubjectLogonId'>0x3e7</Data><Data Name='ObjectServer'>Security</Data><Data Name='ObjectType'>File</Data><Data Name='ObjectName'>C:\\$WinREAgent\\Scratch\\Mount\\Windows\\WinSxS\\amd64_microsoft-windows-u..tings-windowsclient_31bf3856ad364e35_10.0.19041.1_none_303c934463211164\\analyticsevents.dat</Data><Data Name='HandleId'>0x67c</Data><Data Name='OldSd'></Data><Data Name='NewSd'>S:ARAI(AU;SAFA;DCLCRPCRSDWDWO;;;WD)</Data><Data Name='ProcessId'>0x1cf0</Data><Data Name='ProcessName'>C:\\Windows\\System32\\wuauclt.exe</Data></EventData></Event>",
          "uuid" : "1ffd60bb-4dc5-42dd-937d-a03555ffe9a5",
          "agent" : "989e20833f4047c28201b865ad08a86a",
          "agentIP" : "175.146.195.68",
          "agentName" : "DESKTOP",
          "item_main" : "4907",
          "date_main" : 1694584389,
          "type_main" : "usb",
          "etc_main" : "<Event xmlns='http://schemas.microsoft.com/win/2004/08/events/event'><System><Provider Name='Microsoft-Windows-Security-Auditing' Guid='{54849625-5478-4994-a5ba-3e3b0328c30d}'/><EventID>4907</EventID><Version>0</Version><Level>0</Level><Task>13568</Task><Opcode>0</Opcode><Keywords>0x8020000000000000</Keywords><TimeCreated SystemTime='2023-09-13T05:53:09.3246761Z'/><EventRecordID>46255</EventRecordID><Correlation/><Execution ProcessID='4' ThreadID='2720'/><Channel>Security</Channel><Computer>DESKTOP-JAVQUL0</Computer><Security/></System><EventData><Data Name='SubjectUserSid'>S-1-5-18</Data><Data Name='SubjectUserName'>DESKTOP-JAVQUL0$</Data><Data Name='SubjectDomainName'>WORKGROUP</Data><Data Name='SubjectLogonId'>0x3e7</Data><Data Name='ObjectServer'>Security</Data><Data Name='ObjectType'>File</Data><Data Name='ObjectName'>C:\\$WinREAgent\\Scratch\\Mount\\Windows\\WinSxS\\amd64_microsoft-windows-u..tings-windowsclient_31bf3856ad364e35_10.0.19041.1_none_303c934463211164\\analyticsevents.dat</Data><Data Name='HandleId'>0x67c</Data><Data Name='OldSd'></Data><Data Name='NewSd'>S:ARAI(AU;SAFA;DCLCRPCRSDWDWO;;;WD)</Data><Data Name='ProcessId'>0x1cf0</Data><Data Name='ProcessName'>C:\\Windows\\System32\\wuauclt.exe</Data></EventData></Event>"
        }
      },
      {
        "_index" : "ed_eventsecurity",
        "_type" : "_doc",
        "_id" : "0PWBfosB12YpCLTn4tUq",
        "_score" : 1.0,
        "_source" : {
          "eventrecordid" : 46256,
          "providername" : "Microsoft-Windows-Security-Auditing",
          "providerguid" : "{54849625-5478-4994-A5BA-3E3B0328C30D}",
          "eventid" : 0,
          "version" : 0,
          "level" : "AUDIT",
          "keywords" : "Audit Success",
          "task" : 13568,
          "opcode" : 0,
          "createdsystemtime" : 1694584389,
          "correlationactivityid" : "0",
          "correlationrelatedactivityid" : "0",
          "executionprocessid" : 4,
          "executionthreadid" : 2720,
          "channel" : "Security",
          "computer" : "DESKTOP-JAVQUL0",
          "securityuserid" : "0",
          "evtrenderdata" : "<Event xmlns='http://schemas.microsoft.com/win/2004/08/events/event'><System><Provider Name='Microsoft-Windows-Security-Auditing' Guid='{54849625-5478-4994-a5ba-3e3b0328c30d}'/><EventID>4907</EventID><Version>0</Version><Level>0</Level><Task>13568</Task><Opcode>0</Opcode><Keywords>0x8020000000000000</Keywords><TimeCreated SystemTime='2023-09-13T05:53:09.3253066Z'/><EventRecordID>46256</EventRecordID><Correlation/><Execution ProcessID='4' ThreadID='2720'/><Channel>Security</Channel><Computer>DESKTOP-JAVQUL0</Computer><Security/></System><EventData><Data Name='SubjectUserSid'>S-1-5-18</Data><Data Name='SubjectUserName'>DESKTOP-JAVQUL0$</Data><Data Name='SubjectDomainName'>WORKGROUP</Data><Data Name='SubjectLogonId'>0x3e7</Data><Data Name='ObjectServer'>Security</Data><Data Name='ObjectType'>File</Data><Data Name='ObjectName'>C:\\$WinREAgent\\Scratch\\Mount\\Windows\\WinSxS\\x86_microsoft-windows-b..nment-pxe.resources_31bf3856ad364e35_10.0.19041.1_zh-cn_726ec6711630a675\\bootmgr.efi.mui</Data><Data Name='HandleId'>0x638</Data><Data Name='OldSd'></Data><Data Name='NewSd'>S:ARAI(AU;SAFA;DCLCRPCRSDWDWO;;;WD)</Data><Data Name='ProcessId'>0x1cf0</Data><Data Name='ProcessName'>C:\\Windows\\System32\\wuauclt.exe</Data></EventData></Event>",
          "uuid" : "999090c3-180c-4137-ab98-f2db3d0db2b1",
          "agent" : "989e20833f4047c28201b865ad08a86a",
          "agentIP" : "175.146.195.68",
          "agentName" : "DESKTOP",
          "item_main" : "4907",
          "date_main" : 1694584389,
          "type_main" : "usb",
          "etc_main" : "<Event xmlns='http://schemas.microsoft.com/win/2004/08/events/event'><System><Provider Name='Microsoft-Windows-Security-Auditing' Guid='{54849625-5478-4994-a5ba-3e3b0328c30d}'/><EventID>4907</EventID><Version>0</Version><Level>0</Level><Task>13568</Task><Opcode>0</Opcode><Keywords>0x8020000000000000</Keywords><TimeCreated SystemTime='2023-09-13T05:53:09.3253066Z'/><EventRecordID>46256</EventRecordID><Correlation/><Execution ProcessID='4' ThreadID='2720'/><Channel>Security</Channel><Computer>DESKTOP-JAVQUL0</Computer><Security/></System><EventData><Data Name='SubjectUserSid'>S-1-5-18</Data><Data Name='SubjectUserName'>DESKTOP-JAVQUL0$</Data><Data Name='SubjectDomainName'>WORKGROUP</Data><Data Name='SubjectLogonId'>0x3e7</Data><Data Name='ObjectServer'>Security</Data><Data Name='ObjectType'>File</Data><Data Name='ObjectName'>C:\\$WinREAgent\\Scratch\\Mount\\Windows\\WinSxS\\x86_microsoft-windows-b..nment-pxe.resources_31bf3856ad364e35_10.0.19041.1_zh-cn_726ec6711630a675\\bootmgr.efi.mui</Data><Data Name='HandleId'>0x638</Data><Data Name='OldSd'></Data><Data Name='NewSd'>S:ARAI(AU;SAFA;DCLCRPCRSDWDWO;;;WD)</Data><Data Name='ProcessId'>0x1cf0</Data><Data Name='ProcessName'>C:\\Windows\\System32\\wuauclt.exe</Data></EventData></Event>"
        }
      },
      {
        "_index" : "ed_eventsecurity",
        "_type" : "_doc",
        "_id" : "0vWBfosB12YpCLTn4tUq",
        "_score" : 1.0,
        "_source" : {
          "eventrecordid" : 46257,
          "providername" : "Microsoft-Windows-Security-Auditing",
          "providerguid" : "{54849625-5478-4994-A5BA-3E3B0328C30D}",
          "eventid" : 0,
          "version" : 0,
          "level" : "AUDIT",
          "keywords" : "Audit Success",
          "task" : 13568,
          "opcode" : 0,
          "createdsystemtime" : 1694584389,
          "correlationactivityid" : "0",
          "correlationrelatedactivityid" : "0",
          "executionprocessid" : 4,
          "executionthreadid" : 1964,
          "channel" : "Security",
          "computer" : "DESKTOP-JAVQUL0",
          "securityuserid" : "0",
          "evtrenderdata" : "<Event xmlns='http://schemas.microsoft.com/win/2004/08/events/event'><System><Provider Name='Microsoft-Windows-Security-Auditing' Guid='{54849625-5478-4994-a5ba-3e3b0328c30d}'/><EventID>4907</EventID><Version>0</Version><Level>0</Level><Task>13568</Task><Opcode>0</Opcode><Keywords>0x8020000000000000</Keywords><TimeCreated SystemTime='2023-09-13T05:53:09.3261371Z'/><EventRecordID>46257</EventRecordID><Correlation/><Execution ProcessID='4' ThreadID='1964'/><Channel>Security</Channel><Computer>DESKTOP-JAVQUL0</Computer><Security/></System><EventData><Data Name='SubjectUserSid'>S-1-5-18</Data><Data Name='SubjectUserName'>DESKTOP-JAVQUL0$</Data><Data Name='SubjectDomainName'>WORKGROUP</Data><Data Name='SubjectLogonId'>0x3e7</Data><Data Name='ObjectServer'>Security</Data><Data Name='ObjectType'>File</Data><Data Name='ObjectName'>C:\\$WinREAgent\\Scratch\\Mount\\Windows\\WinSxS\\x86_microsoft-windows-b..nment-pxe.resources_31bf3856ad364e35_10.0.19041.1_uk-ua_3cf18b1a5d29faa2\\bootmgr.exe.mui</Data><Data Name='HandleId'>0x638</Data><Data Name='OldSd'></Data><Data Name='NewSd'>S:ARAI(AU;SAFA;DCLCRPCRSDWDWO;;;WD)</Data><Data Name='ProcessId'>0x1cf0</Data><Data Name='ProcessName'>C:\\Windows\\System32\\wuauclt.exe</Data></EventData></Event>",
