          "uuid" : "baa82168-30c6-49d4-8e45-cd4aeacd8662",
          "agent" : "3e716e2d61ba910983cb456817116799",
          "agentIP" : "192.168.200.128",
          "agentName" : "MSI",
          "item_main" : "5379",
          "date_main" : 1697988249,
          "type_main" : "usb",
          "etc_main" : "<Event xmlns='http://schemas.microsoft.com/win/2004/08/events/event'><System><Provider Name='Microsoft-Windows-Security-Auditing' Guid='{54849625-5478-4994-a5ba-3e3b0328c30d}'/><EventID>5379</EventID><Version>0</Version><Level>0</Level><Task>13824</Task><Opcode>0</Opcode><Keywords>0x8020000000000000</Keywords><TimeCreated SystemTime='2023-10-22T15:24:09.6960875Z'/><EventRecordID>646433</EventRecordID><Correlation ActivityID='{ce29126c-fc40-000a-8312-29ce40fcd901}'/><Execution ProcessID='1256' ThreadID='105820'/><Channel>Security</Channel><Computer>MSI</Computer><Security/></System><EventData><Data Name='SubjectUserSid'>S-1-5-21-3414511439-2402517761-651233876-1001</Data><Data Name='SubjectUserName'>jim10</Data><Data Name='SubjectDomainName'>MSI</Data><Data Name='SubjectLogonId'>0x4d1e4</Data><Data Name='TargetName'>MicrosoftAccount:user=jim1010336@gmail.com</Data><Data Name='Type'>0</Data><Data Name='CountOfCredentialsReturned'>1</Data><Data Name='ReadOperation'>%%8100</Data><Data Name='ReturnCode'>0</Data><Data Name='ProcessCreationTime'>2023-10-22T15:23:47.1724625Z</Data><Data Name='ClientProcessId'>87976</Data></EventData></Event>"
        }
      },
      {
        "_index" : "ed_eventsecurity",
        "_type" : "_doc",
        "_id" : "-j04cIsB12YpCLTnl5yk",
        "_score" : 1.0,
        "_source" : {
          "eventrecordid" : 646434,
          "providername" : "Microsoft-Windows-Security-Auditing",
          "providerguid" : "{54849625-5478-4994-A5BA-3E3B0328C30D}",
          "eventid" : 0,
          "version" : 0,
          "level" : "AUDIT",
          "keywords" : "Audit Success",
          "task" : 13824,
          "opcode" : 0,
          "createdsystemtime" : 1697988249,
          "correlationactivityid" : "{CE29126C-FC40-000A-8312-29CE40FCD901}",
          "correlationrelatedactivityid" : "0",
          "executionprocessid" : 1256,
          "executionthreadid" : 105820,
          "channel" : "Security",
          "computer" : "MSI",
          "securityuserid" : "0",
          "evtrenderdata" : "<Event xmlns='http://schemas.microsoft.com/win/2004/08/events/event'><System><Provider Name='Microsoft-Windows-Security-Auditing' Guid='{54849625-5478-4994-a5ba-3e3b0328c30d}'/><EventID>5379</EventID><Version>0</Version><Level>0</Level><Task>13824</Task><Opcode>0</Opcode><Keywords>0x8020000000000000</Keywords><TimeCreated SystemTime='2023-10-22T15:24:09.7401445Z'/><EventRecordID>646434</EventRecordID><Correlation ActivityID='{ce29126c-fc40-000a-8312-29ce40fcd901}'/><Execution ProcessID='1256' ThreadID='105820'/><Channel>Security</Channel><Computer>MSI</Computer><Security/></System><EventData><Data Name='SubjectUserSid'>S-1-5-21-3414511439-2402517761-651233876-1001</Data><Data Name='SubjectUserName'>jim10</Data><Data Name='SubjectDomainName'>MSI</Data><Data Name='SubjectLogonId'>0x4d1e4</Data><Data Name='TargetName'>MicrosoftAccount:user=jim1010336@gmail.com</Data><Data Name='Type'>0</Data><Data Name='CountOfCredentialsReturned'>1</Data><Data Name='ReadOperation'>%%8100</Data><Data Name='ReturnCode'>0</Data><Data Name='ProcessCreationTime'>2023-10-22T15:23:47.1724625Z</Data><Data Name='ClientProcessId'>87976</Data></EventData></Event>",
          "uuid" : "397fe790-2ff2-48ba-9c8c-eaa2aac038f5",
          "agent" : "3e716e2d61ba910983cb456817116799",
          "agentIP" : "192.168.200.128",
          "agentName" : "MSI",
          "item_main" : "5379",
          "date_main" : 1697988249,
          "type_main" : "usb",
          "etc_main" : "<Event xmlns='http://schemas.microsoft.com/win/2004/08/events/event'><System><Provider Name='Microsoft-Windows-Security-Auditing' Guid='{54849625-5478-4994-a5ba-3e3b0328c30d}'/><EventID>5379</EventID><Version>0</Version><Level>0</Level><Task>13824</Task><Opcode>0</Opcode><Keywords>0x8020000000000000</Keywords><TimeCreated SystemTime='2023-10-22T15:24:09.7401445Z'/><EventRecordID>646434</EventRecordID><Correlation ActivityID='{ce29126c-fc40-000a-8312-29ce40fcd901}'/><Execution ProcessID='1256' ThreadID='105820'/><Channel>Security</Channel><Computer>MSI</Computer><Security/></System><EventData><Data Name='SubjectUserSid'>S-1-5-21-3414511439-2402517761-651233876-1001</Data><Data Name='SubjectUserName'>jim10</Data><Data Name='SubjectDomainName'>MSI</Data><Data Name='SubjectLogonId'>0x4d1e4</Data><Data Name='TargetName'>MicrosoftAccount:user=jim1010336@gmail.com</Data><Data Name='Type'>0</Data><Data Name='CountOfCredentialsReturned'>1</Data><Data Name='ReadOperation'>%%8100</Data><Data Name='ReturnCode'>0</Data><Data Name='ProcessCreationTime'>2023-10-22T15:23:47.1724625Z</Data><Data Name='ClientProcessId'>87976</Data></EventData></Event>"
        }
      },
      {
        "_index" : "ed_eventsecurity",
        "_type" : "_doc",
        "_id" : "_D04cIsB12YpCLTnl5yk",
        "_score" : 1.0,
        "_source" : {
          "eventrecordid" : 646435,
          "providername" : "Microsoft-Windows-Security-Auditing",
          "providerguid" : "{54849625-5478-4994-A5BA-3E3B0328C30D}",
          "eventid" : 0,
          "version" : 0,
          "level" : "AUDIT",
          "keywords" : "Audit Success",
          "task" : 13824,
          "opcode" : 0,
          "createdsystemtime" : 1697988249,
          "correlationactivityid" : "{CE29126C-FC40-000A-8312-29CE40FCD901}",
          "correlationrelatedactivityid" : "0",
          "executionprocessid" : 1256,
          "executionthreadid" : 105820,
          "channel" : "Security",
          "computer" : "MSI",
          "securityuserid" : "0",
          "evtrenderdata" : "<Event xmlns='http://schemas.microsoft.com/win/2004/08/events/event'><System><Provider Name='Microsoft-Windows-Security-Auditing' Guid='{54849625-5478-4994-a5ba-3e3b0328c30d}'/><EventID>5379</EventID><Version>0</Version><Level>0</Level><Task>13824</Task><Opcode>0</Opcode><Keywords>0x8020000000000000</Keywords><TimeCreated SystemTime='2023-10-22T15:24:09.7424652Z'/><EventRecordID>646435</EventRecordID><Correlation ActivityID='{ce29126c-fc40-000a-8312-29ce40fcd901}'/><Execution ProcessID='1256' ThreadID='105820'/><Channel>Security</Channel><Computer>MSI</Computer><Security/></System><EventData><Data Name='SubjectUserSid'>S-1-5-21-3414511439-2402517761-651233876-1001</Data><Data Name='SubjectUserName'>jim10</Data><Data Name='SubjectDomainName'>MSI</Data><Data Name='SubjectLogonId'>0x4d1e4</Data><Data Name='TargetName'>WindowsLive:(token):name=jim1010336@gmail.com;serviceuri=*</Data><Data Name='Type'>0</Data><Data Name='CountOfCredentialsReturned'>0</Data><Data Name='ReadOperation'>%%8100</Data><Data Name='ReturnCode'>3221226021</Data><Data Name='ProcessCreationTime'>2023-10-22T15:23:47.1724625Z</Data><Data Name='ClientProcessId'>87976</Data></EventData></Event>",
          "uuid" : "73257e0c-1ab1-4e6c-a788-d84ceb07fdfa",
          "agent" : "3e716e2d61ba910983cb456817116799",
          "agentIP" : "192.168.200.128",
          "agentName" : "MSI",
          "item_main" : "5379",
          "date_main" : 1697988249,
          "type_main" : "usb",
          "etc_main" : "<Event xmlns='http://schemas.microsoft.com/win/2004/08/events/event'><System><Provider Name='Microsoft-Windows-Security-Auditing' Guid='{54849625-5478-4994-a5ba-3e3b0328c30d}'/><EventID>5379</EventID><Version>0</Version><Level>0</Level><Task>13824</Task><Opcode>0</Opcode><Keywords>0x8020000000000000</Keywords><TimeCreated SystemTime='2023-10-22T15:24:09.7424652Z'/><EventRecordID>646435</EventRecordID><Correlation ActivityID='{ce29126c-fc40-000a-8312-29ce40fcd901}'/><Execution ProcessID='1256' ThreadID='105820'/><Channel>Security</Channel><Computer>MSI</Computer><Security/></System><EventData><Data Name='SubjectUserSid'>S-1-5-21-3414511439-2402517761-651233876-1001</Data><Data Name='SubjectUserName'>jim10</Data><Data Name='SubjectDomainName'>MSI</Data><Data Name='SubjectLogonId'>0x4d1e4</Data><Data Name='TargetName'>WindowsLive:(token):name=jim1010336@gmail.com;serviceuri=*</Data><Data Name='Type'>0</Data><Data Name='CountOfCredentialsReturned'>0</Data><Data Name='ReadOperation'>%%8100</Data><Data Name='ReturnCode'>3221226021</Data><Data Name='ProcessCreationTime'>2023-10-22T15:23:47.1724625Z</Data><Data Name='ClientProcessId'>87976</Data></EventData></Event>"
        }
      },
      {
        "_index" : "ed_eventsecurity",
        "_type" : "_doc",
        "_id" : "_j04cIsB12YpCLTnl5yk",
        "_score" : 1.0,
        "_source" : {
          "eventrecordid" : 646436,
          "providername" : "Microsoft-Windows-Security-Auditing",
          "providerguid" : "{54849625-5478-4994-A5BA-3E3B0328C30D}",
          "eventid" : 0,
          "version" : 0,
          "level" : "AUDIT",
          "keywords" : "Audit Success",
          "task" : 13824,
          "opcode" : 0,
          "createdsystemtime" : 1697988249,
          "correlationactivityid" : "{CE29126C-FC40-000A-8312-29CE40FCD901}",
          "correlationrelatedactivityid" : "0",
          "executionprocessid" : 1256,
          "executionthreadid" : 105820,
          "channel" : "Security",
          "computer" : "MSI",
          "securityuserid" : "0",
          "evtrenderdata" : "<Event xmlns='http://schemas.microsoft.com/win/2004/08/events/event'><System><Provider Name='Microsoft-Windows-Security-Auditing' Guid='{54849625-5478-4994-a5ba-3e3b0328c30d}'/><EventID>5379</EventID><Version>0</Version><Level>0</Level><Task>13824</Task><Opcode>0</Opcode><Keywords>0x8020000000000000</Keywords><TimeCreated SystemTime='2023-10-22T15:24:09.7425923Z'/><EventRecordID>646436</EventRecordID><Correlation ActivityID='{ce29126c-fc40-000a-8312-29ce40fcd901}'/><Execution ProcessID='1256' ThreadID='105820'/><Channel>Security</Channel><Computer>MSI</Computer><Security/></System><EventData><Data Name='SubjectUserSid'>S-1-5-21-3414511439-2402517761-651233876-1001</Data><Data Name='SubjectUserName'>jim10</Data><Data Name='SubjectDomainName'>MSI</Data><Data Name='SubjectLogonId'>0x4d1e4</Data><Data Name='TargetName'>WindowsLive:(cert):name=jim1010336@gmail.com;serviceuri=*</Data><Data Name='Type'>0</Data><Data Name='CountOfCredentialsReturned'>0</Data><Data Name='ReadOperation'>%%8100</Data><Data Name='ReturnCode'>3221226021</Data><Data Name='ProcessCreationTime'>2023-10-22T15:23:47.1724625Z</Data><Data Name='ClientProcessId'>87976</Data></EventData></Event>",
          "uuid" : "625d4e77-4cf6-4f9d-80dc-bb2a7eb823f0",
          "agent" : "3e716e2d61ba910983cb456817116799",
          "agentIP" : "192.168.200.128",
          "agentName" : "MSI",
          "item_main" : "5379",
          "date_main" : 1697988249,
          "type_main" : "usb",
          "etc_main" : "<Event xmlns='http://schemas.microsoft.com/win/2004/08/events/event'><System><Provider Name='Microsoft-Windows-Security-Auditing' Guid='{54849625-5478-4994-a5ba-3e3b0328c30d}'/><EventID>5379</EventID><Version>0</Version><Level>0</Level><Task>13824</Task><Opcode>0</Opcode><Keywords>0x8020000000000000</Keywords><TimeCreated SystemTime='2023-10-22T15:24:09.7425923Z'/><EventRecordID>646436</EventRecordID><Correlation ActivityID='{ce29126c-fc40-000a-8312-29ce40fcd901}'/><Execution ProcessID='1256' ThreadID='105820'/><Channel>Security</Channel><Computer>MSI</Computer><Security/></System><EventData><Data Name='SubjectUserSid'>S-1-5-21-3414511439-2402517761-651233876-1001</Data><Data Name='SubjectUserName'>jim10</Data><Data Name='SubjectDomainName'>MSI</Data><Data Name='SubjectLogonId'>0x4d1e4</Data><Data Name='TargetName'>WindowsLive:(cert):name=jim1010336@gmail.com;serviceuri=*</Data><Data Name='Type'>0</Data><Data Name='CountOfCredentialsReturned'>0</Data><Data Name='ReadOperation'>%%8100</Data><Data Name='ReturnCode'>3221226021</Data><Data Name='ProcessCreationTime'>2023-10-22T15:23:47.1724625Z</Data><Data Name='ClientProcessId'>87976</Data></EventData></Event>"
        }
      },
      {
        "_index" : "ed_eventsecurity",
        "_type" : "_doc",
        "_id" : "AD04cIsB12YpCLTnl52k",
        "_score" : 1.0,
        "_source" : {
          "eventrecordid" : 646437,
          "providername" : "Microsoft-Windows-Security-Auditing",
          "providerguid" : "{54849625-5478-4994-A5BA-3E3B0328C30D}",
          "eventid" : 0,
          "version" : 0,
          "level" : "AUDIT",
          "keywords" : "Audit Success",
          "task" : 13824,
          "opcode" : 0,
          "createdsystemtime" : 1697988249,
          "correlationactivityid" : "{CE29126C-FC40-000A-8312-29CE40FCD901}",
          "correlationrelatedactivityid" : "0",
          "executionprocessid" : 1256,
          "executionthreadid" : 132384,
          "channel" : "Security",
          "computer" : "MSI",
          "securityuserid" : "0",
          "evtrenderdata" : "<Event xmlns='http://schemas.microsoft.com/win/2004/08/events/event'><System><Provider Name='Microsoft-Windows-Security-Auditing' Guid='{54849625-5478-4994-a5ba-3e3b0328c30d}'/><EventID>5379</EventID><Version>0</Version><Level>0</Level><Task>13824</Task><Opcode>0</Opcode><Keywords>0x8020000000000000</Keywords><TimeCreated SystemTime='2023-10-22T15:24:09.7437799Z'/><EventRecordID>646437</EventRecordID><Correlation ActivityID='{ce29126c-fc40-000a-8312-29ce40fcd901}'/><Execution ProcessID='1256' ThreadID='132384'/><Channel>Security</Channel><Computer>MSI</Computer><Security/></System><EventData><Data Name='SubjectUserSid'>S-1-5-21-3414511439-2402517761-651233876-1001</Data><Data Name='SubjectUserName'>jim10</Data><Data Name='SubjectDomainName'>MSI</Data><Data Name='SubjectLogonId'>0x4d1e4</Data><Data Name='TargetName'>MicrosoftAccount:user=jim1010336@gmail.com</Data><Data Name='Type'>0</Data><Data Name='CountOfCredentialsReturned'>1</Data><Data Name='ReadOperation'>%%8100</Data><Data Name='ReturnCode'>0</Data><Data Name='ProcessCreationTime'>2023-10-22T15:23:47.1724625Z</Data><Data Name='ClientProcessId'>87976</Data></EventData></Event>",
          "uuid" : "abb619e6-c73d-465e-867d-fa6edb0f8e4b",
          "agent" : "3e716e2d61ba910983cb456817116799",
          "agentIP" : "192.168.200.128",
          "agentName" : "MSI",
          "item_main" : "5379",
          "date_main" : 1697988249,
          "type_main" : "usb",
          "etc_main" : "<Event xmlns='http://schemas.microsoft.com/win/2004/08/events/event'><System><Provider Name='Microsoft-Windows-Security-Auditing' Guid='{54849625-5478-4994-a5ba-3e3b0328c30d}'/><EventID>5379</EventID><Version>0</Version><Level>0</Level><Task>13824</Task><Opcode>0</Opcode><Keywords>0x8020000000000000</Keywords><TimeCreated SystemTime='2023-10-22T15:24:09.7437799Z'/><EventRecordID>646437</EventRecordID><Correlation ActivityID='{ce29126c-fc40-000a-8312-29ce40fcd901}'/><Execution ProcessID='1256' ThreadID='132384'/><Channel>Security</Channel><Computer>MSI</Computer><Security/></System><EventData><Data Name='SubjectUserSid'>S-1-5-21-3414511439-2402517761-651233876-1001</Data><Data Name='SubjectUserName'>jim10</Data><Data Name='SubjectDomainName'>MSI</Data><Data Name='SubjectLogonId'>0x4d1e4</Data><Data Name='TargetName'>MicrosoftAccount:user=jim1010336@gmail.com</Data><Data Name='Type'>0</Data><Data Name='CountOfCredentialsReturned'>1</Data><Data Name='ReadOperation'>%%8100</Data><Data Name='ReturnCode'>0</Data><Data Name='ProcessCreationTime'>2023-10-22T15:23:47.1724625Z</Data><Data Name='ClientProcessId'>87976</Data></EventData></Event>"
        }
      },
      {
        "_index" : "ed_eventsecurity",
        "_type" : "_doc",
        "_id" : "Aj04cIsB12YpCLTnl52k",
        "_score" : 1.0,
        "_source" : {
          "eventrecordid" : 646438,
          "providername" : "Microsoft-Windows-Security-Auditing",
          "providerguid" : "{54849625-5478-4994-A5BA-3E3B0328C30D}",
          "eventid" : 0,
          "version" : 0,
          "level" : "AUDIT",
          "keywords" : "Audit Success",
          "task" : 13824,
          "opcode" : 0,
          "createdsystemtime" : 1697988249,
          "correlationactivityid" : "{CE29126C-FC40-000A-8312-29CE40FCD901}",
          "correlationrelatedactivityid" : "0",
          "executionprocessid" : 1256,
          "executionthreadid" : 132384,
          "channel" : "Security",
          "computer" : "MSI",
          "securityuserid" : "0",
          "evtrenderdata" : "<Event xmlns='http://schemas.microsoft.com/win/2004/08/events/event'><System><Provider Name='Microsoft-Windows-Security-Auditing' Guid='{54849625-5478-4994-a5ba-3e3b0328c30d}'/><EventID>5379</EventID><Version>0</Version><Level>0</Level><Task>13824</Task><Opcode>0</Opcode><Keywords>0x8020000000000000</Keywords><TimeCreated SystemTime='2023-10-22T15:24:09.7468554Z'/><EventRecordID>646438</EventRecordID><Correlation ActivityID='{ce29126c-fc40-000a-8312-29ce40fcd901}'/><Execution ProcessID='1256' ThreadID='132384'/><Channel>Security</Channel><Computer>MSI</Computer><Security/></System><EventData><Data Name='SubjectUserSid'>S-1-5-21-3414511439-2402517761-651233876-1001</Data><Data Name='SubjectUserName'>jim10</Data><Data Name='SubjectDomainName'>MSI</Data><Data Name='SubjectLogonId'>0x4d1e4</Data><Data Name='TargetName'>MicrosoftAccount:user=jim1010336@gmail.com</Data><Data Name='Type'>0</Data><Data Name='CountOfCredentialsReturned'>1</Data><Data Name='ReadOperation'>%%8100</Data><Data Name='ReturnCode'>0</Data><Data Name='ProcessCreationTime'>2023-10-22T15:23:47.1724625Z</Data><Data Name='ClientProcessId'>87976</Data></EventData></Event>",
          "uuid" : "24157e2c-5f42-4142-ba9a-5328582d36de",
          "agent" : "3e716e2d61ba910983cb456817116799",
          "agentIP" : "192.168.200.128",
          "agentName" : "MSI",
          "item_main" : "5379",
          "date_main" : 1697988249,
          "type_main" : "usb",
          "etc_main" : "<Event xmlns='http://schemas.microsoft.com/win/2004/08/events/event'><System><Provider Name='Microsoft-Windows-Security-Auditing' Guid='{54849625-5478-4994-a5ba-3e3b0328c30d}'/><EventID>5379</EventID><Version>0</Version><Level>0</Level><Task>13824</Task><Opcode>0</Opcode><Keywords>0x8020000000000000</Keywords><TimeCreated SystemTime='2023-10-22T15:24:09.7468554Z'/><EventRecordID>646438</EventRecordID><Correlation ActivityID='{ce29126c-fc40-000a-8312-29ce40fcd901}'/><Execution ProcessID='1256' ThreadID='132384'/><Channel>Security</Channel><Computer>MSI</Computer><Security/></System><EventData><Data Name='SubjectUserSid'>S-1-5-21-3414511439-2402517761-651233876-1001</Data><Data Name='SubjectUserName'>jim10</Data><Data Name='SubjectDomainName'>MSI</Data><Data Name='SubjectLogonId'>0x4d1e4</Data><Data Name='TargetName'>MicrosoftAccount:user=jim1010336@gmail.com</Data><Data Name='Type'>0</Data><Data Name='CountOfCredentialsReturned'>1</Data><Data Name='ReadOperation'>%%8100</Data><Data Name='ReturnCode'>0</Data><Data Name='ProcessCreationTime'>2023-10-22T15:23:47.1724625Z</Data><Data Name='ClientProcessId'>87976</Data></EventData></Event>"
        }
      },
      {
        "_index" : "ed_eventsecurity",
        "_type" : "_doc",
        "_id" : "BD04cIsB12YpCLTnl52k",
        "_score" : 1.0,
        "_source" : {
          "eventrecordid" : 646439,
          "providername" : "Microsoft-Windows-Security-Auditing",
          "providerguid" : "{54849625-5478-4994-A5BA-3E3B0328C30D}",
          "eventid" : 0,
          "version" : 0,
          "level" : "AUDIT",
          "keywords" : "Audit Success",
          "task" : 13824,
          "opcode" : 0,
          "createdsystemtime" : 1697988250,
          "correlationactivityid" : "{CE29126C-FC40-000A-8312-29CE40FCD901}",
          "correlationrelatedactivityid" : "0",
          "executionprocessid" : 1256,
          "executionthreadid" : 132384,
          "channel" : "Security",
          "computer" : "MSI",
          "securityuserid" : "0",
          "evtrenderdata" : "<Event xmlns='http://schemas.microsoft.com/win/2004/08/events/event'><System><Provider Name='Microsoft-Windows-Security-Auditing' Guid='{54849625-5478-4994-a5ba-3e3b0328c30d}'/><EventID>5379</EventID><Version>0</Version><Level>0</Level><Task>13824</Task><Opcode>0</Opcode><Keywords>0x8020000000000000</Keywords><TimeCreated SystemTime='2023-10-22T15:24:10.1950625Z'/><EventRecordID>646439</EventRecordID><Correlation ActivityID='{ce29126c-fc40-000a-8312-29ce40fcd901}'/><Execution ProcessID='1256' ThreadID='132384'/><Channel>Security</Channel><Computer>MSI</Computer><Security/></System><EventData><Data Name='SubjectUserSid'>S-1-5-21-3414511439-2402517761-651233876-1001</Data><Data Name='SubjectUserName'>jim10</Data><Data Name='SubjectDomainName'>MSI</Data><Data Name='SubjectLogonId'>0x4d1e4</Data><Data Name='TargetName'>MicrosoftAccount:user=jim1010336@gmail.com</Data><Data Name='Type'>0</Data><Data Name='CountOfCredentialsReturned'>1</Data><Data Name='ReadOperation'>%%8100</Data><Data Name='ReturnCode'>0</Data><Data Name='ProcessCreationTime'>2023-10-22T15:23:47.1724625Z</Data><Data Name='ClientProcessId'>87976</Data></EventData></Event>",
          "uuid" : "7b685bba-4b0a-47fe-8fe4-dc4c077eafbd",
          "agent" : "3e716e2d61ba910983cb456817116799",
          "agentIP" : "192.168.200.128",
          "agentName" : "MSI",
          "item_main" : "5379",
          "date_main" : 1697988250,
          "type_main" : "usb",
          "etc_main" : "<Event xmlns='http://schemas.microsoft.com/win/2004/08/events/event'><System><Provider Name='Microsoft-Windows-Security-Auditing' Guid='{54849625-5478-4994-a5ba-3e3b0328c30d}'/><EventID>5379</EventID><Version>0</Version><Level>0</Level><Task>13824</Task><Opcode>0</Opcode><Keywords>0x8020000000000000</Keywords><TimeCreated SystemTime='2023-10-22T15:24:10.1950625Z'/><EventRecordID>646439</EventRecordID><Correlation ActivityID='{ce29126c-fc40-000a-8312-29ce40fcd901}'/><Execution ProcessID='1256' ThreadID='132384'/><Channel>Security</Channel><Computer>MSI</Computer><Security/></System><EventData><Data Name='SubjectUserSid'>S-1-5-21-3414511439-2402517761-651233876-1001</Data><Data Name='SubjectUserName'>jim10</Data><Data Name='SubjectDomainName'>MSI</Data><Data Name='SubjectLogonId'>0x4d1e4</Data><Data Name='TargetName'>MicrosoftAccount:user=jim1010336@gmail.com</Data><Data Name='Type'>0</Data><Data Name='CountOfCredentialsReturned'>1</Data><Data Name='ReadOperation'>%%8100</Data><Data Name='ReturnCode'>0</Data><Data Name='ProcessCreationTime'>2023-10-22T15:23:47.1724625Z</Data><Data Name='ClientProcessId'>87976</Data></EventData></Event>"
        }
      },
      {
        "_index" : "ed_eventsecurity",
        "_type" : "_doc",
        "_id" : "Bj04cIsB12YpCLTnl52k",
        "_score" : 1.0,
        "_source" : {
          "eventrecordid" : 646440,
          "providername" : "Microsoft-Windows-Security-Auditing",
          "providerguid" : "{54849625-5478-4994-A5BA-3E3B0328C30D}",
          "eventid" : 0,
          "version" : 0,
          "level" : "AUDIT",
          "keywords" : "Audit Success",
          "task" : 13824,
          "opcode" : 0,
          "createdsystemtime" : 1697988250,
          "correlationactivityid" : "{CE29126C-FC40-000A-8312-29CE40FCD901}",
          "correlationrelatedactivityid" : "0",
          "executionprocessid" : 1256,
          "executionthreadid" : 132384,
          "channel" : "Security",
          "computer" : "MSI",
          "securityuserid" : "0",
          "evtrenderdata" : "<Event xmlns='http://schemas.microsoft.com/win/2004/08/events/event'><System><Provider Name='Microsoft-Windows-Security-Auditing' Guid='{54849625-5478-4994-a5ba-3e3b0328c30d}'/><EventID>5379</EventID><Version>0</Version><Level>0</Level><Task>13824</Task><Opcode>0</Opcode><Keywords>0x8020000000000000</Keywords><TimeCreated SystemTime='2023-10-22T15:24:10.2239315Z'/><EventRecordID>646440</EventRecordID><Correlation ActivityID='{ce29126c-fc40-000a-8312-29ce40fcd901}'/><Execution ProcessID='1256' ThreadID='132384'/><Channel>Security</Channel><Computer>MSI</Computer><Security/></System><EventData><Data Name='SubjectUserSid'>S-1-5-21-3414511439-2402517761-651233876-1001</Data><Data Name='SubjectUserName'>jim10</Data><Data Name='SubjectDomainName'>MSI</Data><Data Name='SubjectLogonId'>0x4d1e4</Data><Data Name='TargetName'>MicrosoftAccount:user=jim1010336@gmail.com</Data><Data Name='Type'>0</Data><Data Name='CountOfCredentialsReturned'>1</Data><Data Name='ReadOperation'>%%8100</Data><Data Name='ReturnCode'>0</Data><Data Name='ProcessCreationTime'>2023-10-22T15:23:47.1724625Z</Data><Data Name='ClientProcessId'>87976</Data></EventData></Event>",
          "uuid" : "fc384a3d-681a-41d4-a7a2-177ab7e5529b",
          "agent" : "3e716e2d61ba910983cb456817116799",
          "agentIP" : "192.168.200.128",
          "agentName" : "MSI",
          "item_main" : "5379",
          "date_main" : 1697988250,
          "type_main" : "usb",
          "etc_main" : "<Event xmlns='http://schemas.microsoft.com/win/2004/08/events/event'><System><Provider Name='Microsoft-Windows-Security-Auditing' Guid='{54849625-5478-4994-a5ba-3e3b0328c30d}'/><EventID>5379</EventID><Version>0</Version><Level>0</Level><Task>13824</Task><Opcode>0</Opcode><Keywords>0x8020000000000000</Keywords><TimeCreated SystemTime='2023-10-22T15:24:10.2239315Z'/><EventRecordID>646440</EventRecordID><Correlation ActivityID='{ce29126c-fc40-000a-8312-29ce40fcd901}'/><Execution ProcessID='1256' ThreadID='132384'/><Channel>Security</Channel><Computer>MSI</Computer><Security/></System><EventData><Data Name='SubjectUserSid'>S-1-5-21-3414511439-2402517761-651233876-1001</Data><Data Name='SubjectUserName'>jim10</Data><Data Name='SubjectDomainName'>MSI</Data><Data Name='SubjectLogonId'>0x4d1e4</Data><Data Name='TargetName'>MicrosoftAccount:user=jim1010336@gmail.com</Data><Data Name='Type'>0</Data><Data Name='CountOfCredentialsReturned'>1</Data><Data Name='ReadOperation'>%%8100</Data><Data Name='ReturnCode'>0</Data><Data Name='ProcessCreationTime'>2023-10-22T15:23:47.1724625Z</Data><Data Name='ClientProcessId'>87976</Data></EventData></Event>"
        }
      },
      {
        "_index" : "ed_eventsecurity",
        "_type" : "_doc",
        "_id" : "CD04cIsB12YpCLTnl52k",
        "_score" : 1.0,
        "_source" : {
          "eventrecordid" : 646441,
          "providername" : "Microsoft-Windows-Security-Auditing",
          "providerguid" : "{54849625-5478-4994-A5BA-3E3B0328C30D}",
          "eventid" : 0,
          "version" : 0,
          "level" : "AUDIT",
          "keywords" : "Audit Success",
          "task" : 13824,
          "opcode" : 0,
          "createdsystemtime" : 1697988250,
          "correlationactivityid" : "{CE29126C-FC40-000A-8312-29CE40FCD901}",
          "correlationrelatedactivityid" : "0",
          "executionprocessid" : 1256,
          "executionthreadid" : 132384,
          "channel" : "Security",
          "computer" : "MSI",
          "securityuserid" : "0",
          "evtrenderdata" : "<Event xmlns='http://schemas.microsoft.com/win/2004/08/events/event'><System><Provider Name='Microsoft-Windows-Security-Auditing' Guid='{54849625-5478-4994-a5ba-3e3b0328c30d}'/><EventID>5379</EventID><Version>0</Version><Level>0</Level><Task>13824</Task><Opcode>0</Opcode><Keywords>0x8020000000000000</Keywords><TimeCreated SystemTime='2023-10-22T15:24:10.3221455Z'/><EventRecordID>646441</EventRecordID><Correlation ActivityID='{ce29126c-fc40-000a-8312-29ce40fcd901}'/><Execution ProcessID='1256' ThreadID='132384'/><Channel>Security</Channel><Computer>MSI</Computer><Security/></System><EventData><Data Name='SubjectUserSid'>S-1-5-21-3414511439-2402517761-651233876-1001</Data><Data Name='SubjectUserName'>jim10</Data><Data Name='SubjectDomainName'>MSI</Data><Data Name='SubjectLogonId'>0x4d1e4</Data><Data Name='TargetName'>MicrosoftAccount:user=jim1010336@gmail.com</Data><Data Name='Type'>0</Data><Data Name='CountOfCredentialsReturned'>1</Data><Data Name='ReadOperation'>%%8100</Data><Data Name='ReturnCode'>0</Data><Data Name='ProcessCreationTime'>2023-10-22T15:23:47.1724625Z</Data><Data Name='ClientProcessId'>87976</Data></EventData></Event>",
          "uuid" : "12db0cb4-d267-4f6d-abff-acda0b28931c",
          "agent" : "3e716e2d61ba910983cb456817116799",
          "agentIP" : "192.168.200.128",
          "agentName" : "MSI",
          "item_main" : "5379",
          "date_main" : 1697988250,
          "type_main" : "usb",
          "etc_main" : "<Event xmlns='http://schemas.microsoft.com/win/2004/08/events/event'><System><Provider Name='Microsoft-Windows-Security-Auditing' Guid='{54849625-5478-4994-a5ba-3e3b0328c30d}'/><EventID>5379</EventID><Version>0</Version><Level>0</Level><Task>13824</Task><Opcode>0</Opcode><Keywords>0x8020000000000000</Keywords><TimeCreated SystemTime='2023-10-22T15:24:10.3221455Z'/><EventRecordID>646441</EventRecordID><Correlation ActivityID='{ce29126c-fc40-000a-8312-29ce40fcd901}'/><Execution ProcessID='1256' ThreadID='132384'/><Channel>Security</Channel><Computer>MSI</Computer><Security/></System><EventData><Data Name='SubjectUserSid'>S-1-5-21-3414511439-2402517761-651233876-1001</Data><Data Name='SubjectUserName'>jim10</Data><Data Name='SubjectDomainName'>MSI</Data><Data Name='SubjectLogonId'>0x4d1e4</Data><Data Name='TargetName'>MicrosoftAccount:user=jim1010336@gmail.com</Data><Data Name='Type'>0</Data><Data Name='CountOfCredentialsReturned'>1</Data><Data Name='ReadOperation'>%%8100</Data><Data Name='ReturnCode'>0</Data><Data Name='ProcessCreationTime'>2023-10-22T15:23:47.1724625Z</Data><Data Name='ClientProcessId'>87976</Data></EventData></Event>"
        }
      },
      {
        "_index" : "ed_eventsecurity",
        "_type" : "_doc",
        "_id" : "Cj04cIsB12YpCLTnl52k",
        "_score" : 1.0,
        "_source" : {
          "eventrecordid" : 646442,
          "providername" : "Microsoft-Windows-Security-Auditing",
          "providerguid" : "{54849625-5478-4994-A5BA-3E3B0328C30D}",
          "eventid" : 0,
          "version" : 0,
          "level" : "AUDIT",
          "keywords" : "Audit Success",
          "task" : 13824,
          "opcode" : 0,
          "createdsystemtime" : 1697988250,
          "correlationactivityid" : "{CE29126C-FC40-000A-8312-29CE40FCD901}",
          "correlationrelatedactivityid" : "0",
          "executionprocessid" : 1256,
          "executionthreadid" : 132384,
          "channel" : "Security",
          "computer" : "MSI",
          "securityuserid" : "0",
          "evtrenderdata" : "<Event xmlns='http://schemas.microsoft.com/win/2004/08/events/event'><System><Provider Name='Microsoft-Windows-Security-Auditing' Guid='{54849625-5478-4994-a5ba-3e3b0328c30d}'/><EventID>5379</EventID><Version>0</Version><Level>0</Level><Task>13824</Task><Opcode>0</Opcode><Keywords>0x8020000000000000</Keywords><TimeCreated SystemTime='2023-10-22T15:24:10.3239269Z'/><EventRecordID>646442</EventRecordID><Correlation ActivityID='{ce29126c-fc40-000a-8312-29ce40fcd901}'/><Execution ProcessID='1256' ThreadID='132384'/><Channel>Security</Channel><Computer>MSI</Computer><Security/></System><EventData><Data Name='SubjectUserSid'>S-1-5-21-3414511439-2402517761-651233876-1001</Data><Data Name='SubjectUserName'>jim10</Data><Data Name='SubjectDomainName'>MSI</Data><Data Name='SubjectLogonId'>0x4d1e4</Data><Data Name='TargetName'>WindowsLive:(token):name=jim1010336@gmail.com;serviceuri=*</Data><Data Name='Type'>0</Data><Data Name='CountOfCredentialsReturned'>0</Data><Data Name='ReadOperation'>%%8100</Data><Data Name='ReturnCode'>3221226021</Data><Data Name='ProcessCreationTime'>2023-10-22T15:23:47.1724625Z</Data><Data Name='ClientProcessId'>87976</Data></EventData></Event>",
          "uuid" : "e5975855-a467-45be-abfc-6ad25820e8bb",
          "agent" : "3e716e2d61ba910983cb456817116799",
          "agentIP" : "192.168.200.128",
          "agentName" : "MSI",
          "item_main" : "5379",
          "date_main" : 1697988250,
          "type_main" : "usb",
          "etc_main" : "<Event xmlns='http://schemas.microsoft.com/win/2004/08/events/event'><System><Provider Name='Microsoft-Windows-Security-Auditing' Guid='{54849625-5478-4994-a5ba-3e3b0328c30d}'/><EventID>5379</EventID><Version>0</Version><Level>0</Level><Task>13824</Task><Opcode>0</Opcode><Keywords>0x8020000000000000</Keywords><TimeCreated SystemTime='2023-10-22T15:24:10.3239269Z'/><EventRecordID>646442</EventRecordID><Correlation ActivityID='{ce29126c-fc40-000a-8312-29ce40fcd901}'/><Execution ProcessID='1256' ThreadID='132384'/><Channel>Security</Channel><Computer>MSI</Computer><Security/></System><EventData><Data Name='SubjectUserSid'>S-1-5-21-3414511439-2402517761-651233876-1001</Data><Data Name='SubjectUserName'>jim10</Data><Data Name='SubjectDomainName'>MSI</Data><Data Name='SubjectLogonId'>0x4d1e4</Data><Data Name='TargetName'>WindowsLive:(token):name=jim1010336@gmail.com;serviceuri=*</Data><Data Name='Type'>0</Data><Data Name='CountOfCredentialsReturned'>0</Data><Data Name='ReadOperation'>%%8100</Data><Data Name='ReturnCode'>3221226021</Data><Data Name='ProcessCreationTime'>2023-10-22T15:23:47.1724625Z</Data><Data Name='ClientProcessId'>87976</Data></EventData></Event>"
        }
      },
      {
        "_index" : "ed_eventsecurity",
        "_type" : "_doc",
        "_id" : "DD04cIsB12YpCLTnl52k",
        "_score" : 1.0,
        "_source" : {
          "eventrecordid" : 646443,
          "providername" : "Microsoft-Windows-Security-Auditing",
          "providerguid" : "{54849625-5478-4994-A5BA-3E3B0328C30D}",
          "eventid" : 0,
          "version" : 0,
          "level" : "AUDIT",
          "keywords" : "Audit Success",
          "task" : 13824,
          "opcode" : 0,
          "createdsystemtime" : 1697988250,
          "correlationactivityid" : "{CE29126C-FC40-000A-8312-29CE40FCD901}",
          "correlationrelatedactivityid" : "0",
          "executionprocessid" : 1256,
          "executionthreadid" : 132384,
          "channel" : "Security",
          "computer" : "MSI",
          "securityuserid" : "0",
          "evtrenderdata" : "<Event xmlns='http://schemas.microsoft.com/win/2004/08/events/event'><System><Provider Name='Microsoft-Windows-Security-Auditing' Guid='{54849625-5478-4994-a5ba-3e3b0328c30d}'/><EventID>5379</EventID><Version>0</Version><Level>0</Level><Task>13824</Task><Opcode>0</Opcode><Keywords>0x8020000000000000</Keywords><TimeCreated SystemTime='2023-10-22T15:24:10.3239657Z'/><EventRecordID>646443</EventRecordID><Correlation ActivityID='{ce29126c-fc40-000a-8312-29ce40fcd901}'/><Execution ProcessID='1256' ThreadID='132384'/><Channel>Security</Channel><Computer>MSI</Computer><Security/></System><EventData><Data Name='SubjectUserSid'>S-1-5-21-3414511439-2402517761-651233876-1001</Data><Data Name='SubjectUserName'>jim10</Data><Data Name='SubjectDomainName'>MSI</Data><Data Name='SubjectLogonId'>0x4d1e4</Data><Data Name='TargetName'>WindowsLive:(cert):name=jim1010336@gmail.com;serviceuri=*</Data><Data Name='Type'>0</Data><Data Name='CountOfCredentialsReturned'>0</Data><Data Name='ReadOperation'>%%8100</Data><Data Name='ReturnCode'>3221226021</Data><Data Name='ProcessCreationTime'>2023-10-22T15:23:47.1724625Z</Data><Data Name='ClientProcessId'>87976</Data></EventData></Event>",
          "uuid" : "f2e963f6-ee0c-4024-81c6-ce00c74fe237",
          "agent" : "3e716e2d61ba910983cb456817116799",
          "agentIP" : "192.168.200.128",
          "agentName" : "MSI",
          "item_main" : "5379",
          "date_main" : 1697988250,
          "type_main" : "usb",
          "etc_main" : "<Event xmlns='http://schemas.microsoft.com/win/2004/08/events/event'><System><Provider Name='Microsoft-Windows-Security-Auditing' Guid='{54849625-5478-4994-a5ba-3e3b0328c30d}'/><EventID>5379</EventID><Version>0</Version><Level>0</Level><Task>13824</Task><Opcode>0</Opcode><Keywords>0x8020000000000000</Keywords><TimeCreated SystemTime='2023-10-22T15:24:10.3239657Z'/><EventRecordID>646443</EventRecordID><Correlation ActivityID='{ce29126c-fc40-000a-8312-29ce40fcd901}'/><Execution ProcessID='1256' ThreadID='132384'/><Channel>Security</Channel><Computer>MSI</Computer><Security/></System><EventData><Data Name='SubjectUserSid'>S-1-5-21-3414511439-2402517761-651233876-1001</Data><Data Name='SubjectUserName'>jim10</Data><Data Name='SubjectDomainName'>MSI</Data><Data Name='SubjectLogonId'>0x4d1e4</Data><Data Name='TargetName'>WindowsLive:(cert):name=jim1010336@gmail.com;serviceuri=*</Data><Data Name='Type'>0</Data><Data Name='CountOfCredentialsReturned'>0</Data><Data Name='ReadOperation'>%%8100</Data><Data Name='ReturnCode'>3221226021</Data><Data Name='ProcessCreationTime'>2023-10-22T15:23:47.1724625Z</Data><Data Name='ClientProcessId'>87976</Data></EventData></Event>"
        }
      },
      {
        "_index" : "ed_eventsecurity",
        "_type" : "_doc",
        "_id" : "Dj04cIsB12YpCLTnl52k",
        "_score" : 1.0,
        "_source" : {
          "eventrecordid" : 646444,
          "providername" : "Microsoft-Windows-Security-Auditing",
          "providerguid" : "{54849625-5478-4994-A5BA-3E3B0328C30D}",
          "eventid" : 0,
          "version" : 0,
          "level" : "AUDIT",
          "keywords" : "Audit Success",
          "task" : 13824,
          "opcode" : 0,
          "createdsystemtime" : 1697988250,
          "correlationactivityid" : "{CE29126C-FC40-000A-8312-29CE40FCD901}",
          "correlationrelatedactivityid" : "0",
          "executionprocessid" : 1256,
          "executionthreadid" : 132384,
          "channel" : "Security",
          "computer" : "MSI",
          "securityuserid" : "0",
          "evtrenderdata" : "<Event xmlns='http://schemas.microsoft.com/win/2004/08/events/event'><System><Provider Name='Microsoft-Windows-Security-Auditing' Guid='{54849625-5478-4994-a5ba-3e3b0328c30d}'/><EventID>5379</EventID><Version>0</Version><Level>0</Level><Task>13824</Task><Opcode>0</Opcode><Keywords>0x8020000000000000</Keywords><TimeCreated SystemTime='2023-10-22T15:24:10.3241323Z'/><EventRecordID>646444</EventRecordID><Correlation ActivityID='{ce29126c-fc40-000a-8312-29ce40fcd901}'/><Execution ProcessID='1256' ThreadID='132384'/><Channel>Security</Channel><Computer>MSI</Computer><Security/></System><EventData><Data Name='SubjectUserSid'>S-1-5-21-3414511439-2402517761-651233876-1001</Data><Data Name='SubjectUserName'>jim10</Data><Data Name='SubjectDomainName'>MSI</Data><Data Name='SubjectLogonId'>0x4d1e4</Data><Data Name='TargetName'>MicrosoftAccount:user=jim1010336@gmail.com</Data><Data Name='Type'>0</Data><Data Name='CountOfCredentialsReturned'>1</Data><Data Name='ReadOperation'>%%8100</Data><Data Name='ReturnCode'>0</Data><Data Name='ProcessCreationTime'>2023-10-22T15:23:47.1724625Z</Data><Data Name='ClientProcessId'>87976</Data></EventData></Event>",
          "uuid" : "6c07aad7-04d2-4187-9a7f-825c3b955626",
          "agent" : "3e716e2d61ba910983cb456817116799",
          "agentIP" : "192.168.200.128",
          "agentName" : "MSI",
          "item_main" : "5379",
          "date_main" : 1697988250,
          "type_main" : "usb",
          "etc_main" : "<Event xmlns='http://schemas.microsoft.com/win/2004/08/events/event'><System><Provider Name='Microsoft-Windows-Security-Auditing' Guid='{54849625-5478-4994-a5ba-3e3b0328c30d}'/><EventID>5379</EventID><Version>0</Version><Level>0</Level><Task>13824</Task><Opcode>0</Opcode><Keywords>0x8020000000000000</Keywords><TimeCreated SystemTime='2023-10-22T15:24:10.3241323Z'/><EventRecordID>646444</EventRecordID><Correlation ActivityID='{ce29126c-fc40-000a-8312-29ce40fcd901}'/><Execution ProcessID='1256' ThreadID='132384'/><Channel>Security</Channel><Computer>MSI</Computer><Security/></System><EventData><Data Name='SubjectUserSid'>S-1-5-21-3414511439-2402517761-651233876-1001</Data><Data Name='SubjectUserName'>jim10</Data><Data Name='SubjectDomainName'>MSI</Data><Data Name='SubjectLogonId'>0x4d1e4</Data><Data Name='TargetName'>MicrosoftAccount:user=jim1010336@gmail.com</Data><Data Name='Type'>0</Data><Data Name='CountOfCredentialsReturned'>1</Data><Data Name='ReadOperation'>%%8100</Data><Data Name='ReturnCode'>0</Data><Data Name='ProcessCreationTime'>2023-10-22T15:23:47.1724625Z</Data><Data Name='ClientProcessId'>87976</Data></EventData></Event>"
        }
      },
      {
        "_index" : "ed_eventsecurity",
        "_type" : "_doc",
        "_id" : "ED04cIsB12YpCLTnl52k",
        "_score" : 1.0,
        "_source" : {
          "eventrecordid" : 646445,
          "providername" : "Microsoft-Windows-Security-Auditing",
          "providerguid" : "{54849625-5478-4994-A5BA-3E3B0328C30D}",
          "eventid" : 0,
          "version" : 0,
          "level" : "AUDIT",
          "keywords" : "Audit Success",
          "task" : 13824,
          "opcode" : 0,
          "createdsystemtime" : 1697988250,
          "correlationactivityid" : "{CE29126C-FC40-000A-8312-29CE40FCD901}",
          "correlationrelatedactivityid" : "0",
          "executionprocessid" : 1256,
          "executionthreadid" : 132384,
          "channel" : "Security",
          "computer" : "MSI",
          "securityuserid" : "0",
          "evtrenderdata" : "<Event xmlns='http://schemas.microsoft.com/win/2004/08/events/event'><System><Provider Name='Microsoft-Windows-Security-Auditing' Guid='{54849625-5478-4994-a5ba-3e3b0328c30d}'/><EventID>5379</EventID><Version>0</Version><Level>0</Level><Task>13824</Task><Opcode>0</Opcode><Keywords>0x8020000000000000</Keywords><TimeCreated SystemTime='2023-10-22T15:24:10.3252567Z'/><EventRecordID>646445</EventRecordID><Correlation ActivityID='{ce29126c-fc40-000a-8312-29ce40fcd901}'/><Execution ProcessID='1256' ThreadID='132384'/><Channel>Security</Channel><Computer>MSI</Computer><Security/></System><EventData><Data Name='SubjectUserSid'>S-1-5-21-3414511439-2402517761-651233876-1001</Data><Data Name='SubjectUserName'>jim10</Data><Data Name='SubjectDomainName'>MSI</Data><Data Name='SubjectLogonId'>0x4d1e4</Data><Data Name='TargetName'>MicrosoftAccount:user=jim1010336@gmail.com</Data><Data Name='Type'>0</Data><Data Name='CountOfCredentialsReturned'>1</Data><Data Name='ReadOperation'>%%8100</Data><Data Name='ReturnCode'>0</Data><Data Name='ProcessCreationTime'>2023-10-22T15:23:47.1724625Z</Data><Data Name='ClientProcessId'>87976</Data></EventData></Event>",
          "uuid" : "5b912716-2ba3-49e8-8d36-dd5f28068b06",
          "agent" : "3e716e2d61ba910983cb456817116799",
          "agentIP" : "192.168.200.128",
          "agentName" : "MSI",
          "item_main" : "5379",
          "date_main" : 1697988250,
          "type_main" : "usb",
          "etc_main" : "<Event xmlns='http://schemas.microsoft.com/win/2004/08/events/event'><System><Provider Name='Microsoft-Windows-Security-Auditing' Guid='{54849625-5478-4994-a5ba-3e3b0328c30d}'/><EventID>5379</EventID><Version>0</Version><Level>0</Level><Task>13824</Task><Opcode>0</Opcode><Keywords>0x8020000000000000</Keywords><TimeCreated SystemTime='2023-10-22T15:24:10.3252567Z'/><EventRecordID>646445</EventRecordID><Correlation ActivityID='{ce29126c-fc40-000a-8312-29ce40fcd901}'/><Execution ProcessID='1256' ThreadID='132384'/><Channel>Security</Channel><Computer>MSI</Computer><Security/></System><EventData><Data Name='SubjectUserSid'>S-1-5-21-3414511439-2402517761-651233876-1001</Data><Data Name='SubjectUserName'>jim10</Data><Data Name='SubjectDomainName'>MSI</Data><Data Name='SubjectLogonId'>0x4d1e4</Data><Data Name='TargetName'>MicrosoftAccount:user=jim1010336@gmail.com</Data><Data Name='Type'>0</Data><Data Name='CountOfCredentialsReturned'>1</Data><Data Name='ReadOperation'>%%8100</Data><Data Name='ReturnCode'>0</Data><Data Name='ProcessCreationTime'>2023-10-22T15:23:47.1724625Z</Data><Data Name='ClientProcessId'>87976</Data></EventData></Event>"
        }
      },
      {
        "_index" : "ed_eventsecurity",
        "_type" : "_doc",
        "_id" : "Ej04cIsB12YpCLTnl52k",
        "_score" : 1.0,
        "_source" : {
          "eventrecordid" : 646446,
          "providername" : "Microsoft-Windows-Security-Auditing",
          "providerguid" : "{54849625-5478-4994-A5BA-3E3B0328C30D}",
          "eventid" : 0,
          "version" : 0,
          "level" : "AUDIT",
          "keywords" : "Audit Success",
          "task" : 13824,
          "opcode" : 0,
          "createdsystemtime" : 1697988250,
          "correlationactivityid" : "{CE29126C-FC40-000A-8312-29CE40FCD901}",
          "correlationrelatedactivityid" : "0",
          "executionprocessid" : 1256,
          "executionthreadid" : 105820,
          "channel" : "Security",
          "computer" : "MSI",
          "securityuserid" : "0",
          "evtrenderdata" : "<Event xmlns='http://schemas.microsoft.com/win/2004/08/events/event'><System><Provider Name='Microsoft-Windows-Security-Auditing' Guid='{54849625-5478-4994-a5ba-3e3b0328c30d}'/><EventID>5379</EventID><Version>0</Version><Level>0</Level><Task>13824</Task><Opcode>0</Opcode><Keywords>0x8020000000000000</Keywords><TimeCreated SystemTime='2023-10-22T15:24:10.3255602Z'/><EventRecordID>646446</EventRecordID><Correlation ActivityID='{ce29126c-fc40-000a-8312-29ce40fcd901}'/><Execution ProcessID='1256' ThreadID='105820'/><Channel>Security</Channel><Computer>MSI</Computer><Security/></System><EventData><Data Name='SubjectUserSid'>S-1-5-21-3414511439-2402517761-651233876-1001</Data><Data Name='SubjectUserName'>jim10</Data><Data Name='SubjectDomainName'>MSI</Data><Data Name='SubjectLogonId'>0x4d1e4</Data><Data Name='TargetName'>MicrosoftAccount:user=jim1010336@gmail.com</Data><Data Name='Type'>0</Data><Data Name='CountOfCredentialsReturned'>1</Data><Data Name='ReadOperation'>%%8100</Data><Data Name='ReturnCode'>0</Data><Data Name='ProcessCreationTime'>2023-10-22T15:23:47.1724625Z</Data><Data Name='ClientProcessId'>87976</Data></EventData></Event>",
          "uuid" : "2f8f2948-921a-492c-947f-490fe803c421",
          "agent" : "3e716e2d61ba910983cb456817116799",
          "agentIP" : "192.168.200.128",
          "agentName" : "MSI",
          "item_main" : "5379",
          "date_main" : 1697988250,
          "type_main" : "usb",
          "etc_main" : "<Event xmlns='http://schemas.microsoft.com/win/2004/08/events/event'><System><Provider Name='Microsoft-Windows-Security-Auditing' Guid='{54849625-5478-4994-a5ba-3e3b0328c30d}'/><EventID>5379</EventID><Version>0</Version><Level>0</Level><Task>13824</Task><Opcode>0</Opcode><Keywords>0x8020000000000000</Keywords><TimeCreated SystemTime='2023-10-22T15:24:10.3255602Z'/><EventRecordID>646446</EventRecordID><Correlation ActivityID='{ce29126c-fc40-000a-8312-29ce40fcd901}'/><Execution ProcessID='1256' ThreadID='105820'/><Channel>Security</Channel><Computer>MSI</Computer><Security/></System><EventData><Data Name='SubjectUserSid'>S-1-5-21-3414511439-2402517761-651233876-1001</Data><Data Name='SubjectUserName'>jim10</Data><Data Name='SubjectDomainName'>MSI</Data><Data Name='SubjectLogonId'>0x4d1e4</Data><Data Name='TargetName'>MicrosoftAccount:user=jim1010336@gmail.com</Data><Data Name='Type'>0</Data><Data Name='CountOfCredentialsReturned'>1</Data><Data Name='ReadOperation'>%%8100</Data><Data Name='ReturnCode'>0</Data><Data Name='ProcessCreationTime'>2023-10-22T15:23:47.1724625Z</Data><Data Name='ClientProcessId'>87976</Data></EventData></Event>"
        }
      },
      {
        "_index" : "ed_eventsecurity",
        "_type" : "_doc",
        "_id" : "FD04cIsB12YpCLTnl52k",
        "_score" : 1.0,
        "_source" : {
          "eventrecordid" : 646447,
          "providername" : "Microsoft-Windows-Security-Auditing",
          "providerguid" : "{54849625-5478-4994-A5BA-3E3B0328C30D}",
          "eventid" : 0,
          "version" : 0,
          "level" : "AUDIT",
          "keywords" : "Audit Success",
          "task" : 13824,
          "opcode" : 0,
          "createdsystemtime" : 1697988250,
          "correlationactivityid" : "{CE29126C-FC40-000A-8312-29CE40FCD901}",
          "correlationrelatedactivityid" : "0",
          "executionprocessid" : 1256,
          "executionthreadid" : 132384,
          "channel" : "Security",
          "computer" : "MSI",
          "securityuserid" : "0",
          "evtrenderdata" : "<Event xmlns='http://schemas.microsoft.com/win/2004/08/events/event'><System><Provider Name='Microsoft-Windows-Security-Auditing' Guid='{54849625-5478-4994-a5ba-3e3b0328c30d}'/><EventID>5379</EventID><Version>0</Version><Level>0</Level><Task>13824</Task><Opcode>0</Opcode><Keywords>0x8020000000000000</Keywords><TimeCreated SystemTime='2023-10-22T15:24:10.3257213Z'/><EventRecordID>646447</EventRecordID><Correlation ActivityID='{ce29126c-fc40-000a-8312-29ce40fcd901}'/><Execution ProcessID='1256' ThreadID='132384'/><Channel>Security</Channel><Computer>MSI</Computer><Security/></System><EventData><Data Name='SubjectUserSid'>S-1-5-21-3414511439-2402517761-651233876-1001</Data><Data Name='SubjectUserName'>jim10</Data><Data Name='SubjectDomainName'>MSI</Data><Data Name='SubjectLogonId'>0x4d1e4</Data><Data Name='TargetName'>WindowsLive:(token):name=jim1010336@gmail.com;serviceuri=*</Data><Data Name='Type'>0</Data><Data Name='CountOfCredentialsReturned'>0</Data><Data Name='ReadOperation'>%%8100</Data><Data Name='ReturnCode'>3221226021</Data><Data Name='ProcessCreationTime'>2023-10-22T15:23:47.1724625Z</Data><Data Name='ClientProcessId'>87976</Data></EventData></Event>",
