          "uuid" : "58e92e82-12ed-471b-8fd1-efbec8594625",
          "agent" : "3ccb56d127f04816bffd83aab1ea9c45",
          "agentIP" : "72.118.253.199",
          "agentName" : "DESKTOP",
          "item_main" : "4672",
          "date_main" : 1694864459,
          "type_main" : "usb",
          "etc_main" : "<Event xmlns='http://schemas.microsoft.com/win/2004/08/events/event'><System><Provider Name='Microsoft-Windows-Security-Auditing' Guid='{54849625-5478-4994-a5ba-3e3b0328c30d}'/><EventID>4672</EventID><Version>0</Version><Level>0</Level><Task>12548</Task><Opcode>0</Opcode><Keywords>0x8020000000000000</Keywords><TimeCreated SystemTime='2023-09-16T11:40:59.0506423Z'/><EventRecordID>54124</EventRecordID><Correlation ActivityID='{c53f663b-e671-0002-9d66-3fc571e6d901}'/><Execution ProcessID='792' ThreadID='9964'/><Channel>Security</Channel><Computer>DESKTOP-JAVQUL0</Computer><Security/></System><EventData><Data Name='SubjectUserSid'>S-1-5-18</Data><Data Name='SubjectUserName'>SYSTEM</Data><Data Name='SubjectDomainName'>NT AUTHORITY</Data><Data Name='SubjectLogonId'>0x3e7</Data><Data Name='PrivilegeList'>SeAssignPrimaryTokenPrivilege\r\n\t\t\tSeTcbPrivilege\r\n\t\t\tSeSecurityPrivilege\r\n\t\t\tSeTakeOwnershipPrivilege\r\n\t\t\tSeLoadDriverPrivilege\r\n\t\t\tSeBackupPrivilege\r\n\t\t\tSeRestorePrivilege\r\n\t\t\tSeDebugPrivilege\r\n\t\t\tSeAuditPrivilege\r\n\t\t\tSeSystemEnvironmentPrivilege\r\n\t\t\tSeImpersonatePrivilege\r\n\t\t\tSeDelegateSessionUserImpersonatePrivilege</Data></EventData></Event>"
        }
      },
      {
        "_index" : "ed_eventsecurity",
        "_type" : "_doc",
        "_id" : "ouZwfosB12YpCLTnvjw1",
        "_score" : 1.0,
        "_source" : {
          "eventrecordid" : 54625,
          "providername" : "Microsoft-Windows-Security-Auditing",
          "providerguid" : "{54849625-5478-4994-A5BA-3E3B0328C30D}",
          "eventid" : 0,
          "version" : 2,
          "level" : "AUDIT",
          "keywords" : "Audit Success",
          "task" : 12544,
          "opcode" : 0,
          "createdsystemtime" : 1694950075,
          "correlationactivityid" : "{C53F663B-E671-0002-9D66-3FC571E6D901}",
          "correlationrelatedactivityid" : "0",
          "executionprocessid" : 792,
          "executionthreadid" : 5352,
          "channel" : "Security",
          "computer" : "DESKTOP-JAVQUL0",
          "securityuserid" : "0",
          "evtrenderdata" : "<Event xmlns='http://schemas.microsoft.com/win/2004/08/events/event'><System><Provider Name='Microsoft-Windows-Security-Auditing' Guid='{54849625-5478-4994-a5ba-3e3b0328c30d}'/><EventID>4624</EventID><Version>2</Version><Level>0</Level><Task>12544</Task><Opcode>0</Opcode><Keywords>0x8020000000000000</Keywords><TimeCreated SystemTime='2023-09-17T11:27:55.5559835Z'/><EventRecordID>54625</EventRecordID><Correlation ActivityID='{c53f663b-e671-0002-9d66-3fc571e6d901}'/><Execution ProcessID='792' ThreadID='5352'/><Channel>Security</Channel><Computer>DESKTOP-JAVQUL0</Computer><Security/></System><EventData><Data Name='SubjectUserSid'>S-1-5-18</Data><Data Name='SubjectUserName'>DESKTOP-JAVQUL0$</Data><Data Name='SubjectDomainName'>WORKGROUP</Data><Data Name='SubjectLogonId'>0x3e7</Data><Data Name='TargetUserSid'>S-1-5-18</Data><Data Name='TargetUserName'>SYSTEM</Data><Data Name='TargetDomainName'>NT AUTHORITY</Data><Data Name='TargetLogonId'>0x3e7</Data><Data Name='LogonType'>5</Data><Data Name='LogonProcessName'>Advapi  </Data><Data Name='AuthenticationPackageName'>Negotiate</Data><Data Name='WorkstationName'>-</Data><Data Name='LogonGuid'>{00000000-0000-0000-0000-000000000000}</Data><Data Name='TransmittedServices'>-</Data><Data Name='LmPackageName'>-</Data><Data Name='KeyLength'>0</Data><Data Name='ProcessId'>0x2cc</Data><Data Name='ProcessName'>C:\\Windows\\System32\\services.exe</Data><Data Name='IpAddress'>-</Data><Data Name='IpPort'>-</Data><Data Name='ImpersonationLevel'>%%1833</Data><Data Name='RestrictedAdminMode'>-</Data><Data Name='TargetOutboundUserName'>-</Data><Data Name='TargetOutboundDomainName'>-</Data><Data Name='VirtualAccount'>%%1843</Data><Data Name='TargetLinkedLogonId'>0x0</Data><Data Name='ElevatedToken'>%%1842</Data></EventData></Event>",
          "uuid" : "adf60e5e-28b0-4aa3-aff2-87e9638051a3",
          "agent" : "3ccb56d127f04816bffd83aab1ea9c45",
          "agentIP" : "72.118.253.199",
          "agentName" : "DESKTOP",
          "item_main" : "4624",
          "date_main" : 1694950075,
          "type_main" : "usb",
          "etc_main" : "<Event xmlns='http://schemas.microsoft.com/win/2004/08/events/event'><System><Provider Name='Microsoft-Windows-Security-Auditing' Guid='{54849625-5478-4994-a5ba-3e3b0328c30d}'/><EventID>4624</EventID><Version>2</Version><Level>0</Level><Task>12544</Task><Opcode>0</Opcode><Keywords>0x8020000000000000</Keywords><TimeCreated SystemTime='2023-09-17T11:27:55.5559835Z'/><EventRecordID>54625</EventRecordID><Correlation ActivityID='{c53f663b-e671-0002-9d66-3fc571e6d901}'/><Execution ProcessID='792' ThreadID='5352'/><Channel>Security</Channel><Computer>DESKTOP-JAVQUL0</Computer><Security/></System><EventData><Data Name='SubjectUserSid'>S-1-5-18</Data><Data Name='SubjectUserName'>DESKTOP-JAVQUL0$</Data><Data Name='SubjectDomainName'>WORKGROUP</Data><Data Name='SubjectLogonId'>0x3e7</Data><Data Name='TargetUserSid'>S-1-5-18</Data><Data Name='TargetUserName'>SYSTEM</Data><Data Name='TargetDomainName'>NT AUTHORITY</Data><Data Name='TargetLogonId'>0x3e7</Data><Data Name='LogonType'>5</Data><Data Name='LogonProcessName'>Advapi  </Data><Data Name='AuthenticationPackageName'>Negotiate</Data><Data Name='WorkstationName'>-</Data><Data Name='LogonGuid'>{00000000-0000-0000-0000-000000000000}</Data><Data Name='TransmittedServices'>-</Data><Data Name='LmPackageName'>-</Data><Data Name='KeyLength'>0</Data><Data Name='ProcessId'>0x2cc</Data><Data Name='ProcessName'>C:\\Windows\\System32\\services.exe</Data><Data Name='IpAddress'>-</Data><Data Name='IpPort'>-</Data><Data Name='ImpersonationLevel'>%%1833</Data><Data Name='RestrictedAdminMode'>-</Data><Data Name='TargetOutboundUserName'>-</Data><Data Name='TargetOutboundDomainName'>-</Data><Data Name='VirtualAccount'>%%1843</Data><Data Name='TargetLinkedLogonId'>0x0</Data><Data Name='ElevatedToken'>%%1842</Data></EventData></Event>"
        }
      },
      {
        "_index" : "ed_eventsecurity",
        "_type" : "_doc",
        "_id" : "uOVvfosB12YpCLTn8ar3",
        "_score" : 1.0,
        "_source" : {
          "eventrecordid" : 35948,
          "providername" : "Microsoft-Windows-Security-Auditing",
          "providerguid" : "{54849625-5478-4994-A5BA-3E3B0328C30D}",
          "eventid" : 0,
          "version" : 0,
          "level" : "AUDIT",
          "keywords" : "Audit Success",
          "task" : 13568,
          "opcode" : 0,
          "createdsystemtime" : 1693288333,
          "correlationactivityid" : "0",
          "correlationrelatedactivityid" : "0",
          "executionprocessid" : 4,
          "executionthreadid" : 112528,
          "channel" : "Security",
          "computer" : "DESKTOP-JAVQUL0",
          "securityuserid" : "0",
          "evtrenderdata" : "<Event xmlns='http://schemas.microsoft.com/win/2004/08/events/event'><System><Provider Name='Microsoft-Windows-Security-Auditing' Guid='{54849625-5478-4994-a5ba-3e3b0328c30d}'/><EventID>4907</EventID><Version>0</Version><Level>0</Level><Task>13568</Task><Opcode>0</Opcode><Keywords>0x8020000000000000</Keywords><TimeCreated SystemTime='2023-08-29T05:52:13.7224625Z'/><EventRecordID>35948</EventRecordID><Correlation/><Execution ProcessID='4' ThreadID='112528'/><Channel>Security</Channel><Computer>DESKTOP-JAVQUL0</Computer><Security/></System><EventData><Data Name='SubjectUserSid'>S-1-5-18</Data><Data Name='SubjectUserName'>DESKTOP-JAVQUL0$</Data><Data Name='SubjectDomainName'>WORKGROUP</Data><Data Name='SubjectLogonId'>0x3e7</Data><Data Name='ObjectServer'>Security</Data><Data Name='ObjectType'>File</Data><Data Name='ObjectName'>C:\\Windows\\WinSxS\\FileMaps\\$$_microsoft.net_assembly_gac_msil_system.servicemodel.nettcp_v4.0_4.0.0.0_b03f5f7f11d50a3a_616459d0deb47f9b.cdf-ms</Data><Data Name='HandleId'>0x475c</Data><Data Name='OldSd'></Data><Data Name='NewSd'>S:ARAI(AU;SAFA;0x1f0116;;;WD)</Data><Data Name='ProcessId'>0x16c3c</Data><Data Name='ProcessName'>C:\\Windows\\WinSxS\\amd64_microsoft-windows-servicingstack_31bf3856ad364e35_10.0.19041.3266_none_7e25389a7c7bcadb\\TiWorker.exe</Data></EventData></Event>",
          "uuid" : "9ccde955-c3c4-4ce8-b416-4a0c42d02373",
          "agent" : "3ccb56d127f04816bffd83aab1ea9c45",
          "agentIP" : "72.118.253.199",
          "agentName" : "DESKTOP",
          "item_main" : "4907",
          "date_main" : 1693288333,
          "type_main" : "usb",
          "etc_main" : "<Event xmlns='http://schemas.microsoft.com/win/2004/08/events/event'><System><Provider Name='Microsoft-Windows-Security-Auditing' Guid='{54849625-5478-4994-a5ba-3e3b0328c30d}'/><EventID>4907</EventID><Version>0</Version><Level>0</Level><Task>13568</Task><Opcode>0</Opcode><Keywords>0x8020000000000000</Keywords><TimeCreated SystemTime='2023-08-29T05:52:13.7224625Z'/><EventRecordID>35948</EventRecordID><Correlation/><Execution ProcessID='4' ThreadID='112528'/><Channel>Security</Channel><Computer>DESKTOP-JAVQUL0</Computer><Security/></System><EventData><Data Name='SubjectUserSid'>S-1-5-18</Data><Data Name='SubjectUserName'>DESKTOP-JAVQUL0$</Data><Data Name='SubjectDomainName'>WORKGROUP</Data><Data Name='SubjectLogonId'>0x3e7</Data><Data Name='ObjectServer'>Security</Data><Data Name='ObjectType'>File</Data><Data Name='ObjectName'>C:\\Windows\\WinSxS\\FileMaps\\$$_microsoft.net_assembly_gac_msil_system.servicemodel.nettcp_v4.0_4.0.0.0_b03f5f7f11d50a3a_616459d0deb47f9b.cdf-ms</Data><Data Name='HandleId'>0x475c</Data><Data Name='OldSd'></Data><Data Name='NewSd'>S:ARAI(AU;SAFA;0x1f0116;;;WD)</Data><Data Name='ProcessId'>0x16c3c</Data><Data Name='ProcessName'>C:\\Windows\\WinSxS\\amd64_microsoft-windows-servicingstack_31bf3856ad364e35_10.0.19041.3266_none_7e25389a7c7bcadb\\TiWorker.exe</Data></EventData></Event>"
        }
      },
      {
        "_index" : "ed_eventsecurity",
        "_type" : "_doc",
        "_id" : "ZOVvfosB12YpCLTn8bD3",
        "_score" : 1.0,
        "_source" : {
          "eventrecordid" : 36674,
          "providername" : "Microsoft-Windows-Security-Auditing",
          "providerguid" : "{54849625-5478-4994-A5BA-3E3B0328C30D}",
          "eventid" : 0,
          "version" : 0,
          "level" : "AUDIT",
          "keywords" : "Audit Success",
          "task" : 13568,
          "opcode" : 0,
          "createdsystemtime" : 1693304968,
          "correlationactivityid" : "0",
          "correlationrelatedactivityid" : "0",
          "executionprocessid" : 4,
          "executionthreadid" : 72856,
          "channel" : "Security",
          "computer" : "DESKTOP-JAVQUL0",
          "securityuserid" : "0",
          "evtrenderdata" : "<Event xmlns='http://schemas.microsoft.com/win/2004/08/events/event'><System><Provider Name='Microsoft-Windows-Security-Auditing' Guid='{54849625-5478-4994-a5ba-3e3b0328c30d}'/><EventID>4907</EventID><Version>0</Version><Level>0</Level><Task>13568</Task><Opcode>0</Opcode><Keywords>0x8020000000000000</Keywords><TimeCreated SystemTime='2023-08-29T10:29:28.6662875Z'/><EventRecordID>36674</EventRecordID><Correlation/><Execution ProcessID='4' ThreadID='72856'/><Channel>Security</Channel><Computer>DESKTOP-JAVQUL0</Computer><Security/></System><EventData><Data Name='SubjectUserSid'>S-1-5-18</Data><Data Name='SubjectUserName'>DESKTOP-JAVQUL0$</Data><Data Name='SubjectDomainName'>WORKGROUP</Data><Data Name='SubjectLogonId'>0x3e7</Data><Data Name='ObjectServer'>Security</Data><Data Name='ObjectType'>File</Data><Data Name='ObjectName'>C:\\Windows\\Microsoft.NET\\Framework\\v4.0.30319\\RegAsm.exe</Data><Data Name='HandleId'>0x1e64</Data><Data Name='OldSd'>S:AINO_ACCESS_CONTROL</Data><Data Name='NewSd'>S:ARAI(AU;SAFA;DCLCRPCRSDWDWO;;;WD)</Data><Data Name='ProcessId'>0x3864</Data><Data Name='ProcessName'>C:\\Windows\\WinSxS\\amd64_microsoft-windows-servicingstack_31bf3856ad364e35_10.0.19041.3266_none_7e25389a7c7bcadb\\TiWorker.exe</Data></EventData></Event>",
          "uuid" : "fb467bee-eda8-4625-8986-90092b5eb0fa",
          "agent" : "3ccb56d127f04816bffd83aab1ea9c45",
          "agentIP" : "72.118.253.199",
          "agentName" : "DESKTOP",
          "item_main" : "4907",
          "date_main" : 1693304968,
          "type_main" : "usb",
          "etc_main" : "<Event xmlns='http://schemas.microsoft.com/win/2004/08/events/event'><System><Provider Name='Microsoft-Windows-Security-Auditing' Guid='{54849625-5478-4994-a5ba-3e3b0328c30d}'/><EventID>4907</EventID><Version>0</Version><Level>0</Level><Task>13568</Task><Opcode>0</Opcode><Keywords>0x8020000000000000</Keywords><TimeCreated SystemTime='2023-08-29T10:29:28.6662875Z'/><EventRecordID>36674</EventRecordID><Correlation/><Execution ProcessID='4' ThreadID='72856'/><Channel>Security</Channel><Computer>DESKTOP-JAVQUL0</Computer><Security/></System><EventData><Data Name='SubjectUserSid'>S-1-5-18</Data><Data Name='SubjectUserName'>DESKTOP-JAVQUL0$</Data><Data Name='SubjectDomainName'>WORKGROUP</Data><Data Name='SubjectLogonId'>0x3e7</Data><Data Name='ObjectServer'>Security</Data><Data Name='ObjectType'>File</Data><Data Name='ObjectName'>C:\\Windows\\Microsoft.NET\\Framework\\v4.0.30319\\RegAsm.exe</Data><Data Name='HandleId'>0x1e64</Data><Data Name='OldSd'>S:AINO_ACCESS_CONTROL</Data><Data Name='NewSd'>S:ARAI(AU;SAFA;DCLCRPCRSDWDWO;;;WD)</Data><Data Name='ProcessId'>0x3864</Data><Data Name='ProcessName'>C:\\Windows\\WinSxS\\amd64_microsoft-windows-servicingstack_31bf3856ad364e35_10.0.19041.3266_none_7e25389a7c7bcadb\\TiWorker.exe</Data></EventData></Event>"
        }
      },
      {
        "_index" : "ed_eventsecurity",
        "_type" : "_doc",
        "_id" : "1OZwfosB12YpCLTnvgkv",
        "_score" : 1.0,
        "_source" : {
          "eventrecordid" : 48122,
          "providername" : "Microsoft-Windows-Security-Auditing",
          "providerguid" : "{54849625-5478-4994-A5BA-3E3B0328C30D}",
          "eventid" : 0,
          "version" : 0,
          "level" : "AUDIT",
          "keywords" : "Audit Success",
          "task" : 13568,
          "opcode" : 0,
          "createdsystemtime" : 1694584392,
          "correlationactivityid" : "0",
          "correlationrelatedactivityid" : "0",
          "executionprocessid" : 4,
          "executionthreadid" : 4048,
          "channel" : "Security",
          "computer" : "DESKTOP-JAVQUL0",
          "securityuserid" : "0",
          "evtrenderdata" : "<Event xmlns='http://schemas.microsoft.com/win/2004/08/events/event'><System><Provider Name='Microsoft-Windows-Security-Auditing' Guid='{54849625-5478-4994-a5ba-3e3b0328c30d}'/><EventID>4907</EventID><Version>0</Version><Level>0</Level><Task>13568</Task><Opcode>0</Opcode><Keywords>0x8020000000000000</Keywords><TimeCreated SystemTime='2023-09-13T05:53:12.4625024Z'/><EventRecordID>48122</EventRecordID><Correlation/><Execution ProcessID='4' ThreadID='4048'/><Channel>Security</Channel><Computer>DESKTOP-JAVQUL0</Computer><Security/></System><EventData><Data Name='SubjectUserSid'>S-1-5-18</Data><Data Name='SubjectUserName'>DESKTOP-JAVQUL0$</Data><Data Name='SubjectDomainName'>WORKGROUP</Data><Data Name='SubjectLogonId'>0x3e7</Data><Data Name='ObjectServer'>Security</Data><Data Name='ObjectType'>File</Data><Data Name='ObjectName'>C:\\$WinREAgent\\Scratch\\Mount\\Windows\\WinSxS\\wow64_microsoft-windows-security-ntlmshared_31bf3856ad364e35_10.0.19041.1_none_7d9dab4e456449b1\\NtlmShared.dll</Data><Data Name='HandleId'>0xb74</Data><Data Name='OldSd'></Data><Data Name='NewSd'>S:ARAI(AU;SAFA;DCLCRPCRSDWDWO;;;WD)</Data><Data Name='ProcessId'>0x1cf0</Data><Data Name='ProcessName'>C:\\Windows\\System32\\wuauclt.exe</Data></EventData></Event>",
          "uuid" : "0778277c-453d-4451-8039-36e910ac7968",
          "agent" : "3ccb56d127f04816bffd83aab1ea9c45",
          "agentIP" : "72.118.253.199",
          "agentName" : "DESKTOP",
          "item_main" : "4907",
          "date_main" : 1694584392,
          "type_main" : "usb",
          "etc_main" : "<Event xmlns='http://schemas.microsoft.com/win/2004/08/events/event'><System><Provider Name='Microsoft-Windows-Security-Auditing' Guid='{54849625-5478-4994-a5ba-3e3b0328c30d}'/><EventID>4907</EventID><Version>0</Version><Level>0</Level><Task>13568</Task><Opcode>0</Opcode><Keywords>0x8020000000000000</Keywords><TimeCreated SystemTime='2023-09-13T05:53:12.4625024Z'/><EventRecordID>48122</EventRecordID><Correlation/><Execution ProcessID='4' ThreadID='4048'/><Channel>Security</Channel><Computer>DESKTOP-JAVQUL0</Computer><Security/></System><EventData><Data Name='SubjectUserSid'>S-1-5-18</Data><Data Name='SubjectUserName'>DESKTOP-JAVQUL0$</Data><Data Name='SubjectDomainName'>WORKGROUP</Data><Data Name='SubjectLogonId'>0x3e7</Data><Data Name='ObjectServer'>Security</Data><Data Name='ObjectType'>File</Data><Data Name='ObjectName'>C:\\$WinREAgent\\Scratch\\Mount\\Windows\\WinSxS\\wow64_microsoft-windows-security-ntlmshared_31bf3856ad364e35_10.0.19041.1_none_7d9dab4e456449b1\\NtlmShared.dll</Data><Data Name='HandleId'>0xb74</Data><Data Name='OldSd'></Data><Data Name='NewSd'>S:ARAI(AU;SAFA;DCLCRPCRSDWDWO;;;WD)</Data><Data Name='ProcessId'>0x1cf0</Data><Data Name='ProcessName'>C:\\Windows\\System32\\wuauclt.exe</Data></EventData></Event>"
        }
      },
      {
        "_index" : "ed_eventsecurity",
        "_type" : "_doc",
        "_id" : "GOZwfosB12YpCLTnvhMw",
        "_score" : 1.0,
        "_source" : {
          "eventrecordid" : 49308,
          "providername" : "Microsoft-Windows-Security-Auditing",
          "providerguid" : "{54849625-5478-4994-A5BA-3E3B0328C30D}",
          "eventid" : 0,
          "version" : 0,
          "level" : "AUDIT",
          "keywords" : "Audit Success",
          "task" : 13568,
          "opcode" : 0,
          "createdsystemtime" : 1694584395,
          "correlationactivityid" : "0",
          "correlationrelatedactivityid" : "0",
          "executionprocessid" : 4,
          "executionthreadid" : 4940,
          "channel" : "Security",
          "computer" : "DESKTOP-JAVQUL0",
          "securityuserid" : "0",
          "evtrenderdata" : "<Event xmlns='http://schemas.microsoft.com/win/2004/08/events/event'><System><Provider Name='Microsoft-Windows-Security-Auditing' Guid='{54849625-5478-4994-a5ba-3e3b0328c30d}'/><EventID>4907</EventID><Version>0</Version><Level>0</Level><Task>13568</Task><Opcode>0</Opcode><Keywords>0x8020000000000000</Keywords><TimeCreated SystemTime='2023-09-13T05:53:15.8948371Z'/><EventRecordID>49308</EventRecordID><Correlation/><Execution ProcessID='4' ThreadID='4940'/><Channel>Security</Channel><Computer>DESKTOP-JAVQUL0</Computer><Security/></System><EventData><Data Name='SubjectUserSid'>S-1-5-18</Data><Data Name='SubjectUserName'>DESKTOP-JAVQUL0$</Data><Data Name='SubjectDomainName'>WORKGROUP</Data><Data Name='SubjectLogonId'>0x3e7</Data><Data Name='ObjectServer'>Security</Data><Data Name='ObjectType'>File</Data><Data Name='ObjectName'>C:\\$WinREAgent\\Scratch\\Mount\\Windows\\WinSxS\\amd64_microsoft-windows-p..i-printui.resources_31bf3856ad364e35_10.0.19041.1_zh-tw_7df579d46259f28c\\printui.dll.mui</Data><Data Name='HandleId'>0x758</Data><Data Name='OldSd'></Data><Data Name='NewSd'>S:ARAI(AU;SAFA;DCLCRPCRSDWDWO;;;WD)</Data><Data Name='ProcessId'>0x1cf0</Data><Data Name='ProcessName'>C:\\Windows\\System32\\wuauclt.exe</Data></EventData></Event>",
          "uuid" : "fdacd34b-8c0d-4c46-bac0-13666784d246",
          "agent" : "3ccb56d127f04816bffd83aab1ea9c45",
          "agentIP" : "72.118.253.199",
          "agentName" : "DESKTOP",
          "item_main" : "4907",
          "date_main" : 1694584395,
          "type_main" : "usb",
          "etc_main" : "<Event xmlns='http://schemas.microsoft.com/win/2004/08/events/event'><System><Provider Name='Microsoft-Windows-Security-Auditing' Guid='{54849625-5478-4994-a5ba-3e3b0328c30d}'/><EventID>4907</EventID><Version>0</Version><Level>0</Level><Task>13568</Task><Opcode>0</Opcode><Keywords>0x8020000000000000</Keywords><TimeCreated SystemTime='2023-09-13T05:53:15.8948371Z'/><EventRecordID>49308</EventRecordID><Correlation/><Execution ProcessID='4' ThreadID='4940'/><Channel>Security</Channel><Computer>DESKTOP-JAVQUL0</Computer><Security/></System><EventData><Data Name='SubjectUserSid'>S-1-5-18</Data><Data Name='SubjectUserName'>DESKTOP-JAVQUL0$</Data><Data Name='SubjectDomainName'>WORKGROUP</Data><Data Name='SubjectLogonId'>0x3e7</Data><Data Name='ObjectServer'>Security</Data><Data Name='ObjectType'>File</Data><Data Name='ObjectName'>C:\\$WinREAgent\\Scratch\\Mount\\Windows\\WinSxS\\amd64_microsoft-windows-p..i-printui.resources_31bf3856ad364e35_10.0.19041.1_zh-tw_7df579d46259f28c\\printui.dll.mui</Data><Data Name='HandleId'>0x758</Data><Data Name='OldSd'></Data><Data Name='NewSd'>S:ARAI(AU;SAFA;DCLCRPCRSDWDWO;;;WD)</Data><Data Name='ProcessId'>0x1cf0</Data><Data Name='ProcessName'>C:\\Windows\\System32\\wuauclt.exe</Data></EventData></Event>"
        }
      },
      {
        "_index" : "ed_eventsecurity",
        "_type" : "_doc",
        "_id" : "iOhxfosB12YpCLTnemkt",
        "_score" : 1.0,
        "_source" : {
          "eventrecordid" : 34625,
          "providername" : "Microsoft-Windows-Security-Auditing",
          "providerguid" : "{54849625-5478-4994-A5BA-3E3B0328C30D}",
          "eventid" : 0,
          "version" : 0,
          "level" : "AUDIT",
          "keywords" : "Audit Success",
          "task" : 13824,
          "opcode" : 0,
          "createdsystemtime" : 1693054550,
          "correlationactivityid" : "{0CD6AE6D-CAC0-0002-20AF-D60CC0CAD901}",
          "correlationrelatedactivityid" : "0",
          "executionprocessid" : 780,
          "executionthreadid" : 852,
          "channel" : "Security",
          "computer" : "DESKTOP-JAVQUL0",
          "securityuserid" : "0",
          "evtrenderdata" : "<Event xmlns='http://schemas.microsoft.com/win/2004/08/events/event'><System><Provider Name='Microsoft-Windows-Security-Auditing' Guid='{54849625-5478-4994-a5ba-3e3b0328c30d}'/><EventID>5379</EventID><Version>0</Version><Level>0</Level><Task>13824</Task><Opcode>0</Opcode><Keywords>0x8020000000000000</Keywords><TimeCreated SystemTime='2023-08-26T12:55:50.6439180Z'/><EventRecordID>34625</EventRecordID><Correlation ActivityID='{0cd6ae6d-cac0-0002-20af-d60cc0cad901}'/><Execution ProcessID='780' ThreadID='852'/><Channel>Security</Channel><Computer>DESKTOP-JAVQUL0</Computer><Security/></System><EventData><Data Name='SubjectUserSid'>S-1-5-18</Data><Data Name='SubjectUserName'>DESKTOP-JAVQUL0$</Data><Data Name='SubjectDomainName'>WORKGROUP</Data><Data Name='SubjectLogonId'>0x3e7</Data><Data Name='TargetName'>MicrosoftAccount:user=02ayzdrduvnqbqxk</Data><Data Name='Type'>0</Data><Data Name='CountOfCredentialsReturned'>0</Data><Data Name='ReadOperation'>%%8100</Data><Data Name='ReturnCode'>3221226021</Data><Data Name='ProcessCreationTime'>2023-08-26T12:55:49.5690497Z</Data><Data Name='ClientProcessId'>98472</Data></EventData></Event>",
          "uuid" : "4453d76b-2eb6-4a94-a0b2-8634bd2f6582",
          "agent" : "2eb922be77bb4baaa47677c79bcea4c3",
          "agentIP" : "122.76.45.72",
          "agentName" : "DESKTOP",
          "item_main" : "5379",
          "date_main" : 1693054550,
          "type_main" : "usb",
          "etc_main" : "<Event xmlns='http://schemas.microsoft.com/win/2004/08/events/event'><System><Provider Name='Microsoft-Windows-Security-Auditing' Guid='{54849625-5478-4994-a5ba-3e3b0328c30d}'/><EventID>5379</EventID><Version>0</Version><Level>0</Level><Task>13824</Task><Opcode>0</Opcode><Keywords>0x8020000000000000</Keywords><TimeCreated SystemTime='2023-08-26T12:55:50.6439180Z'/><EventRecordID>34625</EventRecordID><Correlation ActivityID='{0cd6ae6d-cac0-0002-20af-d60cc0cad901}'/><Execution ProcessID='780' ThreadID='852'/><Channel>Security</Channel><Computer>DESKTOP-JAVQUL0</Computer><Security/></System><EventData><Data Name='SubjectUserSid'>S-1-5-18</Data><Data Name='SubjectUserName'>DESKTOP-JAVQUL0$</Data><Data Name='SubjectDomainName'>WORKGROUP</Data><Data Name='SubjectLogonId'>0x3e7</Data><Data Name='TargetName'>MicrosoftAccount:user=02ayzdrduvnqbqxk</Data><Data Name='Type'>0</Data><Data Name='CountOfCredentialsReturned'>0</Data><Data Name='ReadOperation'>%%8100</Data><Data Name='ReturnCode'>3221226021</Data><Data Name='ProcessCreationTime'>2023-08-26T12:55:49.5690497Z</Data><Data Name='ClientProcessId'>98472</Data></EventData></Event>"
        }
      },
      {
        "_index" : "ed_eventsecurity",
        "_type" : "_doc",
        "_id" : "LuhxfosB12YpCLTnem4t",
        "_score" : 1.0,
        "_source" : {
          "eventrecordid" : 35220,
          "providername" : "Microsoft-Windows-Security-Auditing",
          "providerguid" : "{54849625-5478-4994-A5BA-3E3B0328C30D}",
          "eventid" : 0,
          "version" : 0,
          "level" : "AUDIT",
          "keywords" : "Audit Success",
          "task" : 13826,
          "opcode" : 0,
          "createdsystemtime" : 1693174459,
          "correlationactivityid" : "{0CD6AE6D-CAC0-0002-20AF-D60CC0CAD901}",
          "correlationrelatedactivityid" : "0",
          "executionprocessid" : 780,
          "executionthreadid" : 122768,
          "channel" : "Security",
          "computer" : "DESKTOP-JAVQUL0",
          "securityuserid" : "0",
          "evtrenderdata" : "<Event xmlns='http://schemas.microsoft.com/win/2004/08/events/event'><System><Provider Name='Microsoft-Windows-Security-Auditing' Guid='{54849625-5478-4994-a5ba-3e3b0328c30d}'/><EventID>4799</EventID><Version>0</Version><Level>0</Level><Task>13826</Task><Opcode>0</Opcode><Keywords>0x8020000000000000</Keywords><TimeCreated SystemTime='2023-08-27T22:14:19.2097921Z'/><EventRecordID>35220</EventRecordID><Correlation ActivityID='{0cd6ae6d-cac0-0002-20af-d60cc0cad901}'/><Execution ProcessID='780' ThreadID='122768'/><Channel>Security</Channel><Computer>DESKTOP-JAVQUL0</Computer><Security/></System><EventData><Data Name='TargetUserName'>Administrators</Data><Data Name='TargetDomainName'>Builtin</Data><Data Name='TargetSid'>S-1-5-32-544</Data><Data Name='SubjectUserSid'>S-1-5-18</Data><Data Name='SubjectUserName'>DESKTOP-JAVQUL0$</Data><Data Name='SubjectDomainName'>WORKGROUP</Data><Data Name='SubjectLogonId'>0x3e7</Data><Data Name='CallerProcessId'>0x1fa6c</Data><Data Name='CallerProcessName'>C:\\Windows\\System32\\svchost.exe</Data></EventData></Event>",
          "uuid" : "4f98555f-6e3e-4625-a0e5-375f7ed677da",
          "agent" : "2eb922be77bb4baaa47677c79bcea4c3",
          "agentIP" : "122.76.45.72",
          "agentName" : "DESKTOP",
          "item_main" : "4799",
          "date_main" : 1693174459,
          "type_main" : "usb",
          "etc_main" : "<Event xmlns='http://schemas.microsoft.com/win/2004/08/events/event'><System><Provider Name='Microsoft-Windows-Security-Auditing' Guid='{54849625-5478-4994-a5ba-3e3b0328c30d}'/><EventID>4799</EventID><Version>0</Version><Level>0</Level><Task>13826</Task><Opcode>0</Opcode><Keywords>0x8020000000000000</Keywords><TimeCreated SystemTime='2023-08-27T22:14:19.2097921Z'/><EventRecordID>35220</EventRecordID><Correlation ActivityID='{0cd6ae6d-cac0-0002-20af-d60cc0cad901}'/><Execution ProcessID='780' ThreadID='122768'/><Channel>Security</Channel><Computer>DESKTOP-JAVQUL0</Computer><Security/></System><EventData><Data Name='TargetUserName'>Administrators</Data><Data Name='TargetDomainName'>Builtin</Data><Data Name='TargetSid'>S-1-5-32-544</Data><Data Name='SubjectUserSid'>S-1-5-18</Data><Data Name='SubjectUserName'>DESKTOP-JAVQUL0$</Data><Data Name='SubjectDomainName'>WORKGROUP</Data><Data Name='SubjectLogonId'>0x3e7</Data><Data Name='CallerProcessId'>0x1fa6c</Data><Data Name='CallerProcessName'>C:\\Windows\\System32\\svchost.exe</Data></EventData></Event>"
        }
      },
      {
        "_index" : "ed_eventsecurity",
        "_type" : "_doc",
        "_id" : "3uhxfosB12YpCLTnenMu",
        "_score" : 1.0,
        "_source" : {
          "eventrecordid" : 35948,
          "providername" : "Microsoft-Windows-Security-Auditing",
          "providerguid" : "{54849625-5478-4994-A5BA-3E3B0328C30D}",
          "eventid" : 0,
          "version" : 0,
          "level" : "AUDIT",
          "keywords" : "Audit Success",
          "task" : 13568,
          "opcode" : 0,
          "createdsystemtime" : 1693288333,
          "correlationactivityid" : "0",
          "correlationrelatedactivityid" : "0",
          "executionprocessid" : 4,
          "executionthreadid" : 112528,
          "channel" : "Security",
          "computer" : "DESKTOP-JAVQUL0",
          "securityuserid" : "0",
          "evtrenderdata" : "<Event xmlns='http://schemas.microsoft.com/win/2004/08/events/event'><System><Provider Name='Microsoft-Windows-Security-Auditing' Guid='{54849625-5478-4994-a5ba-3e3b0328c30d}'/><EventID>4907</EventID><Version>0</Version><Level>0</Level><Task>13568</Task><Opcode>0</Opcode><Keywords>0x8020000000000000</Keywords><TimeCreated SystemTime='2023-08-29T05:52:13.7224625Z'/><EventRecordID>35948</EventRecordID><Correlation/><Execution ProcessID='4' ThreadID='112528'/><Channel>Security</Channel><Computer>DESKTOP-JAVQUL0</Computer><Security/></System><EventData><Data Name='SubjectUserSid'>S-1-5-18</Data><Data Name='SubjectUserName'>DESKTOP-JAVQUL0$</Data><Data Name='SubjectDomainName'>WORKGROUP</Data><Data Name='SubjectLogonId'>0x3e7</Data><Data Name='ObjectServer'>Security</Data><Data Name='ObjectType'>File</Data><Data Name='ObjectName'>C:\\Windows\\WinSxS\\FileMaps\\$$_microsoft.net_assembly_gac_msil_system.servicemodel.nettcp_v4.0_4.0.0.0_b03f5f7f11d50a3a_616459d0deb47f9b.cdf-ms</Data><Data Name='HandleId'>0x475c</Data><Data Name='OldSd'></Data><Data Name='NewSd'>S:ARAI(AU;SAFA;0x1f0116;;;WD)</Data><Data Name='ProcessId'>0x16c3c</Data><Data Name='ProcessName'>C:\\Windows\\WinSxS\\amd64_microsoft-windows-servicingstack_31bf3856ad364e35_10.0.19041.3266_none_7e25389a7c7bcadb\\TiWorker.exe</Data></EventData></Event>",
          "uuid" : "41bbbc20-ff36-494c-b6cc-5e56b2884b5c",
          "agent" : "2eb922be77bb4baaa47677c79bcea4c3",
          "agentIP" : "122.76.45.72",
          "agentName" : "DESKTOP",
          "item_main" : "4907",
          "date_main" : 1693288333,
          "type_main" : "usb",
          "etc_main" : "<Event xmlns='http://schemas.microsoft.com/win/2004/08/events/event'><System><Provider Name='Microsoft-Windows-Security-Auditing' Guid='{54849625-5478-4994-a5ba-3e3b0328c30d}'/><EventID>4907</EventID><Version>0</Version><Level>0</Level><Task>13568</Task><Opcode>0</Opcode><Keywords>0x8020000000000000</Keywords><TimeCreated SystemTime='2023-08-29T05:52:13.7224625Z'/><EventRecordID>35948</EventRecordID><Correlation/><Execution ProcessID='4' ThreadID='112528'/><Channel>Security</Channel><Computer>DESKTOP-JAVQUL0</Computer><Security/></System><EventData><Data Name='SubjectUserSid'>S-1-5-18</Data><Data Name='SubjectUserName'>DESKTOP-JAVQUL0$</Data><Data Name='SubjectDomainName'>WORKGROUP</Data><Data Name='SubjectLogonId'>0x3e7</Data><Data Name='ObjectServer'>Security</Data><Data Name='ObjectType'>File</Data><Data Name='ObjectName'>C:\\Windows\\WinSxS\\FileMaps\\$$_microsoft.net_assembly_gac_msil_system.servicemodel.nettcp_v4.0_4.0.0.0_b03f5f7f11d50a3a_616459d0deb47f9b.cdf-ms</Data><Data Name='HandleId'>0x475c</Data><Data Name='OldSd'></Data><Data Name='NewSd'>S:ARAI(AU;SAFA;0x1f0116;;;WD)</Data><Data Name='ProcessId'>0x16c3c</Data><Data Name='ProcessName'>C:\\Windows\\WinSxS\\amd64_microsoft-windows-servicingstack_31bf3856ad364e35_10.0.19041.3266_none_7e25389a7c7bcadb\\TiWorker.exe</Data></EventData></Event>"
        }
      },
      {
        "_index" : "ed_eventsecurity",
        "_type" : "_doc",
        "_id" : "OOhxfosB12YpCLTnenYu",
        "_score" : 1.0,
        "_source" : {
          "eventrecordid" : 36249,
          "providername" : "Microsoft-Windows-Security-Auditing",
          "providerguid" : "{54849625-5478-4994-A5BA-3E3B0328C30D}",
          "eventid" : 0,
          "version" : 2,
          "level" : "AUDIT",
          "keywords" : "Audit Success",
          "task" : 12544,
          "opcode" : 0,
          "createdsystemtime" : 1693302120,
          "correlationactivityid" : "{0CD6AE6D-CAC0-0002-20AF-D60CC0CAD901}",
          "correlationrelatedactivityid" : "0",
          "executionprocessid" : 780,
          "executionthreadid" : 135076,
          "channel" : "Security",
          "computer" : "DESKTOP-JAVQUL0",
          "securityuserid" : "0",
          "evtrenderdata" : "<Event xmlns='http://schemas.microsoft.com/win/2004/08/events/event'><System><Provider Name='Microsoft-Windows-Security-Auditing' Guid='{54849625-5478-4994-a5ba-3e3b0328c30d}'/><EventID>4624</EventID><Version>2</Version><Level>0</Level><Task>12544</Task><Opcode>0</Opcode><Keywords>0x8020000000000000</Keywords><TimeCreated SystemTime='2023-08-29T09:42:00.0837918Z'/><EventRecordID>36249</EventRecordID><Correlation ActivityID='{0cd6ae6d-cac0-0002-20af-d60cc0cad901}'/><Execution ProcessID='780' ThreadID='135076'/><Channel>Security</Channel><Computer>DESKTOP-JAVQUL0</Computer><Security/></System><EventData><Data Name='SubjectUserSid'>S-1-5-18</Data><Data Name='SubjectUserName'>DESKTOP-JAVQUL0$</Data><Data Name='SubjectDomainName'>WORKGROUP</Data><Data Name='SubjectLogonId'>0x3e7</Data><Data Name='TargetUserSid'>S-1-5-18</Data><Data Name='TargetUserName'>SYSTEM</Data><Data Name='TargetDomainName'>NT AUTHORITY</Data><Data Name='TargetLogonId'>0x3e7</Data><Data Name='LogonType'>5</Data><Data Name='LogonProcessName'>Advapi  </Data><Data Name='AuthenticationPackageName'>Negotiate</Data><Data Name='WorkstationName'>-</Data><Data Name='LogonGuid'>{00000000-0000-0000-0000-000000000000}</Data><Data Name='TransmittedServices'>-</Data><Data Name='LmPackageName'>-</Data><Data Name='KeyLength'>0</Data><Data Name='ProcessId'>0x2c4</Data><Data Name='ProcessName'>C:\\Windows\\System32\\services.exe</Data><Data Name='IpAddress'>-</Data><Data Name='IpPort'>-</Data><Data Name='ImpersonationLevel'>%%1833</Data><Data Name='RestrictedAdminMode'>-</Data><Data Name='TargetOutboundUserName'>-</Data><Data Name='TargetOutboundDomainName'>-</Data><Data Name='VirtualAccount'>%%1843</Data><Data Name='TargetLinkedLogonId'>0x0</Data><Data Name='ElevatedToken'>%%1842</Data></EventData></Event>",
          "uuid" : "745d8a0a-bd55-4bf0-93ef-46255983b7a0",
          "agent" : "2eb922be77bb4baaa47677c79bcea4c3",
          "agentIP" : "122.76.45.72",
          "agentName" : "DESKTOP",
          "item_main" : "4624",
          "date_main" : 1693302120,
          "type_main" : "usb",
          "etc_main" : "<Event xmlns='http://schemas.microsoft.com/win/2004/08/events/event'><System><Provider Name='Microsoft-Windows-Security-Auditing' Guid='{54849625-5478-4994-a5ba-3e3b0328c30d}'/><EventID>4624</EventID><Version>2</Version><Level>0</Level><Task>12544</Task><Opcode>0</Opcode><Keywords>0x8020000000000000</Keywords><TimeCreated SystemTime='2023-08-29T09:42:00.0837918Z'/><EventRecordID>36249</EventRecordID><Correlation ActivityID='{0cd6ae6d-cac0-0002-20af-d60cc0cad901}'/><Execution ProcessID='780' ThreadID='135076'/><Channel>Security</Channel><Computer>DESKTOP-JAVQUL0</Computer><Security/></System><EventData><Data Name='SubjectUserSid'>S-1-5-18</Data><Data Name='SubjectUserName'>DESKTOP-JAVQUL0$</Data><Data Name='SubjectDomainName'>WORKGROUP</Data><Data Name='SubjectLogonId'>0x3e7</Data><Data Name='TargetUserSid'>S-1-5-18</Data><Data Name='TargetUserName'>SYSTEM</Data><Data Name='TargetDomainName'>NT AUTHORITY</Data><Data Name='TargetLogonId'>0x3e7</Data><Data Name='LogonType'>5</Data><Data Name='LogonProcessName'>Advapi  </Data><Data Name='AuthenticationPackageName'>Negotiate</Data><Data Name='WorkstationName'>-</Data><Data Name='LogonGuid'>{00000000-0000-0000-0000-000000000000}</Data><Data Name='TransmittedServices'>-</Data><Data Name='LmPackageName'>-</Data><Data Name='KeyLength'>0</Data><Data Name='ProcessId'>0x2c4</Data><Data Name='ProcessName'>C:\\Windows\\System32\\services.exe</Data><Data Name='IpAddress'>-</Data><Data Name='IpPort'>-</Data><Data Name='ImpersonationLevel'>%%1833</Data><Data Name='RestrictedAdminMode'>-</Data><Data Name='TargetOutboundUserName'>-</Data><Data Name='TargetOutboundDomainName'>-</Data><Data Name='VirtualAccount'>%%1843</Data><Data Name='TargetLinkedLogonId'>0x0</Data><Data Name='ElevatedToken'>%%1842</Data></EventData></Event>"
        }
      },
      {
        "_index" : "ed_eventsecurity",
        "_type" : "_doc",
        "_id" : "YuVvfosB12YpCLTn8aD2",
        "_score" : 1.0,
        "_source" : {
          "eventrecordid" : 34625,
          "providername" : "Microsoft-Windows-Security-Auditing",
          "providerguid" : "{54849625-5478-4994-A5BA-3E3B0328C30D}",
          "eventid" : 0,
          "version" : 0,
          "level" : "AUDIT",
          "keywords" : "Audit Success",
          "task" : 13824,
          "opcode" : 0,
          "createdsystemtime" : 1693054550,
          "correlationactivityid" : "{0CD6AE6D-CAC0-0002-20AF-D60CC0CAD901}",
          "correlationrelatedactivityid" : "0",
          "executionprocessid" : 780,
          "executionthreadid" : 852,
          "channel" : "Security",
          "computer" : "DESKTOP-JAVQUL0",
          "securityuserid" : "0",
          "evtrenderdata" : "<Event xmlns='http://schemas.microsoft.com/win/2004/08/events/event'><System><Provider Name='Microsoft-Windows-Security-Auditing' Guid='{54849625-5478-4994-a5ba-3e3b0328c30d}'/><EventID>5379</EventID><Version>0</Version><Level>0</Level><Task>13824</Task><Opcode>0</Opcode><Keywords>0x8020000000000000</Keywords><TimeCreated SystemTime='2023-08-26T12:55:50.6439180Z'/><EventRecordID>34625</EventRecordID><Correlation ActivityID='{0cd6ae6d-cac0-0002-20af-d60cc0cad901}'/><Execution ProcessID='780' ThreadID='852'/><Channel>Security</Channel><Computer>DESKTOP-JAVQUL0</Computer><Security/></System><EventData><Data Name='SubjectUserSid'>S-1-5-18</Data><Data Name='SubjectUserName'>DESKTOP-JAVQUL0$</Data><Data Name='SubjectDomainName'>WORKGROUP</Data><Data Name='SubjectLogonId'>0x3e7</Data><Data Name='TargetName'>MicrosoftAccount:user=02ayzdrduvnqbqxk</Data><Data Name='Type'>0</Data><Data Name='CountOfCredentialsReturned'>0</Data><Data Name='ReadOperation'>%%8100</Data><Data Name='ReturnCode'>3221226021</Data><Data Name='ProcessCreationTime'>2023-08-26T12:55:49.5690497Z</Data><Data Name='ClientProcessId'>98472</Data></EventData></Event>",
          "uuid" : "33b8955b-ab62-401c-85c2-80fc34c847b3",
          "agent" : "3ccb56d127f04816bffd83aab1ea9c45",
          "agentIP" : "72.118.253.199",
          "agentName" : "DESKTOP",
          "item_main" : "5379",
          "date_main" : 1693054550,
          "type_main" : "usb",
          "etc_main" : "<Event xmlns='http://schemas.microsoft.com/win/2004/08/events/event'><System><Provider Name='Microsoft-Windows-Security-Auditing' Guid='{54849625-5478-4994-a5ba-3e3b0328c30d}'/><EventID>5379</EventID><Version>0</Version><Level>0</Level><Task>13824</Task><Opcode>0</Opcode><Keywords>0x8020000000000000</Keywords><TimeCreated SystemTime='2023-08-26T12:55:50.6439180Z'/><EventRecordID>34625</EventRecordID><Correlation ActivityID='{0cd6ae6d-cac0-0002-20af-d60cc0cad901}'/><Execution ProcessID='780' ThreadID='852'/><Channel>Security</Channel><Computer>DESKTOP-JAVQUL0</Computer><Security/></System><EventData><Data Name='SubjectUserSid'>S-1-5-18</Data><Data Name='SubjectUserName'>DESKTOP-JAVQUL0$</Data><Data Name='SubjectDomainName'>WORKGROUP</Data><Data Name='SubjectLogonId'>0x3e7</Data><Data Name='TargetName'>MicrosoftAccount:user=02ayzdrduvnqbqxk</Data><Data Name='Type'>0</Data><Data Name='CountOfCredentialsReturned'>0</Data><Data Name='ReadOperation'>%%8100</Data><Data Name='ReturnCode'>3221226021</Data><Data Name='ProcessCreationTime'>2023-08-26T12:55:49.5690497Z</Data><Data Name='ClientProcessId'>98472</Data></EventData></Event>"
        }
      },
      {
        "_index" : "ed_eventsecurity",
        "_type" : "_doc",
        "_id" : "KNFrfosB12YpCLTnku4f",
        "_score" : 1.0,
        "_source" : {
          "eventrecordid" : 46547,
          "providername" : "Microsoft-Windows-Security-Auditing",
          "providerguid" : "{54849625-5478-4994-A5BA-3E3B0328C30D}",
          "eventid" : 0,
          "version" : 0,
          "level" : "AUDIT",
          "keywords" : "Audit Success",
          "task" : 13568,
          "opcode" : 0,
          "createdsystemtime" : 1694584390,
          "correlationactivityid" : "0",
          "correlationrelatedactivityid" : "0",
          "executionprocessid" : 4,
          "executionthreadid" : 1964,
          "channel" : "Security",
          "computer" : "DESKTOP-JAVQUL0",
          "securityuserid" : "0",
          "evtrenderdata" : "<Event xmlns='http://schemas.microsoft.com/win/2004/08/events/event'><System><Provider Name='Microsoft-Windows-Security-Auditing' Guid='{54849625-5478-4994-a5ba-3e3b0328c30d}'/><EventID>4907</EventID><Version>0</Version><Level>0</Level><Task>13568</Task><Opcode>0</Opcode><Keywords>0x8020000000000000</Keywords><TimeCreated SystemTime='2023-09-13T05:53:10.4947625Z'/><EventRecordID>46547</EventRecordID><Correlation/><Execution ProcessID='4' ThreadID='1964'/><Channel>Security</Channel><Computer>DESKTOP-JAVQUL0</Computer><Security/></System><EventData><Data Name='SubjectUserSid'>S-1-5-18</Data><Data Name='SubjectUserName'>DESKTOP-JAVQUL0$</Data><Data Name='SubjectDomainName'>WORKGROUP</Data><Data Name='SubjectLogonId'>0x3e7</Data><Data Name='ObjectServer'>Security</Data><Data Name='ObjectType'>File</Data><Data Name='ObjectName'>C:\\$WinREAgent\\Scratch\\Mount\\Windows\\WinSxS\\amd64_microsoft-windows-i..codepage-additional_31bf3856ad364e35_10.0.19041.1_none_0b4e711bdf4c1580\\C_037.NLS</Data><Data Name='HandleId'>0x894</Data><Data Name='OldSd'></Data><Data Name='NewSd'>S:ARAI(AU;SAFA;DCLCRPCRSDWDWO;;;WD)</Data><Data Name='ProcessId'>0x1cf0</Data><Data Name='ProcessName'>C:\\Windows\\System32\\wuauclt.exe</Data></EventData></Event>",
          "uuid" : "c4e99f7d-48fb-4625-8359-fe053e3092d6",
          "agent" : "a6f0ceed671e47149591b6263ef34368",
          "agentIP" : "2.83.184.208",
          "agentName" : "DESKTOP",
          "item_main" : "4907",
          "date_main" : 1694584390,
          "type_main" : "usb",
          "etc_main" : "<Event xmlns='http://schemas.microsoft.com/win/2004/08/events/event'><System><Provider Name='Microsoft-Windows-Security-Auditing' Guid='{54849625-5478-4994-a5ba-3e3b0328c30d}'/><EventID>4907</EventID><Version>0</Version><Level>0</Level><Task>13568</Task><Opcode>0</Opcode><Keywords>0x8020000000000000</Keywords><TimeCreated SystemTime='2023-09-13T05:53:10.4947625Z'/><EventRecordID>46547</EventRecordID><Correlation/><Execution ProcessID='4' ThreadID='1964'/><Channel>Security</Channel><Computer>DESKTOP-JAVQUL0</Computer><Security/></System><EventData><Data Name='SubjectUserSid'>S-1-5-18</Data><Data Name='SubjectUserName'>DESKTOP-JAVQUL0$</Data><Data Name='SubjectDomainName'>WORKGROUP</Data><Data Name='SubjectLogonId'>0x3e7</Data><Data Name='ObjectServer'>Security</Data><Data Name='ObjectType'>File</Data><Data Name='ObjectName'>C:\\$WinREAgent\\Scratch\\Mount\\Windows\\WinSxS\\amd64_microsoft-windows-i..codepage-additional_31bf3856ad364e35_10.0.19041.1_none_0b4e711bdf4c1580\\C_037.NLS</Data><Data Name='HandleId'>0x894</Data><Data Name='OldSd'></Data><Data Name='NewSd'>S:ARAI(AU;SAFA;DCLCRPCRSDWDWO;;;WD)</Data><Data Name='ProcessId'>0x1cf0</Data><Data Name='ProcessName'>C:\\Windows\\System32\\wuauclt.exe</Data></EventData></Event>"
        }
      },
      {
        "_index" : "ed_eventsecurity",
        "_type" : "_doc",
        "_id" : "qNJrfosB12YpCLTnkgEi",
        "_score" : 1.0,
        "_source" : {
          "eventrecordid" : 47243,
          "providername" : "Microsoft-Windows-Security-Auditing",
          "providerguid" : "{54849625-5478-4994-A5BA-3E3B0328C30D}",
          "eventid" : 0,
          "version" : 0,
          "level" : "AUDIT",
          "keywords" : "Audit Success",
          "task" : 13568,
          "opcode" : 0,
          "createdsystemtime" : 1694584391,
          "correlationactivityid" : "0",
          "correlationrelatedactivityid" : "0",
          "executionprocessid" : 4,
          "executionthreadid" : 1964,
          "channel" : "Security",
          "computer" : "DESKTOP-JAVQUL0",
          "securityuserid" : "0",
          "evtrenderdata" : "<Event xmlns='http://schemas.microsoft.com/win/2004/08/events/event'><System><Provider Name='Microsoft-Windows-Security-Auditing' Guid='{54849625-5478-4994-a5ba-3e3b0328c30d}'/><EventID>4907</EventID><Version>0</Version><Level>0</Level><Task>13568</Task><Opcode>0</Opcode><Keywords>0x8020000000000000</Keywords><TimeCreated SystemTime='2023-09-13T05:53:11.0462529Z'/><EventRecordID>47243</EventRecordID><Correlation/><Execution ProcessID='4' ThreadID='1964'/><Channel>Security</Channel><Computer>DESKTOP-JAVQUL0</Computer><Security/></System><EventData><Data Name='SubjectUserSid'>S-1-5-18</Data><Data Name='SubjectUserName'>DESKTOP-JAVQUL0$</Data><Data Name='SubjectDomainName'>WORKGROUP</Data><Data Name='SubjectLogonId'>0x3e7</Data><Data Name='ObjectServer'>Security</Data><Data Name='ObjectType'>File</Data><Data Name='ObjectName'>C:\\$WinREAgent\\Scratch\\Mount\\Windows\\WinSxS\\amd64_microsoft-windows-e..ymanagementservices_31bf3856ad364e35_10.0.19041.1_none_a965d346967271f3\\sacsess.exe</Data><Data Name='HandleId'>0x74c</Data><Data Name='OldSd'></Data><Data Name='NewSd'>S:ARAI(AU;SAFA;DCLCRPCRSDWDWO;;;WD)</Data><Data Name='ProcessId'>0x1cf0</Data><Data Name='ProcessName'>C:\\Windows\\System32\\wuauclt.exe</Data></EventData></Event>",
          "uuid" : "170ba1d0-a446-42a1-b8cb-3836c9651ead",
          "agent" : "a6f0ceed671e47149591b6263ef34368",
          "agentIP" : "2.83.184.208",
          "agentName" : "DESKTOP",
          "item_main" : "4907",
          "date_main" : 1694584391,
          "type_main" : "usb",
          "etc_main" : "<Event xmlns='http://schemas.microsoft.com/win/2004/08/events/event'><System><Provider Name='Microsoft-Windows-Security-Auditing' Guid='{54849625-5478-4994-a5ba-3e3b0328c30d}'/><EventID>4907</EventID><Version>0</Version><Level>0</Level><Task>13568</Task><Opcode>0</Opcode><Keywords>0x8020000000000000</Keywords><TimeCreated SystemTime='2023-09-13T05:53:11.0462529Z'/><EventRecordID>47243</EventRecordID><Correlation/><Execution ProcessID='4' ThreadID='1964'/><Channel>Security</Channel><Computer>DESKTOP-JAVQUL0</Computer><Security/></System><EventData><Data Name='SubjectUserSid'>S-1-5-18</Data><Data Name='SubjectUserName'>DESKTOP-JAVQUL0$</Data><Data Name='SubjectDomainName'>WORKGROUP</Data><Data Name='SubjectLogonId'>0x3e7</Data><Data Name='ObjectServer'>Security</Data><Data Name='ObjectType'>File</Data><Data Name='ObjectName'>C:\\$WinREAgent\\Scratch\\Mount\\Windows\\WinSxS\\amd64_microsoft-windows-e..ymanagementservices_31bf3856ad364e35_10.0.19041.1_none_a965d346967271f3\\sacsess.exe</Data><Data Name='HandleId'>0x74c</Data><Data Name='OldSd'></Data><Data Name='NewSd'>S:ARAI(AU;SAFA;DCLCRPCRSDWDWO;;;WD)</Data><Data Name='ProcessId'>0x1cf0</Data><Data Name='ProcessName'>C:\\Windows\\System32\\wuauclt.exe</Data></EventData></Event>"
        }
      },
      {
        "_index" : "ed_eventsecurity",
        "_type" : "_doc",
        "_id" : "uvWBfosB12YpCLTn4vkv",
        "_score" : 1.0,
        "_source" : {
          "eventrecordid" : 50853,
          "providername" : "Microsoft-Windows-Security-Auditing",
          "providerguid" : "{54849625-5478-4994-A5BA-3E3B0328C30D}",
          "eventid" : 0,
          "version" : 0,
          "level" : "AUDIT",
          "keywords" : "Audit Success",
          "task" : 13568,
          "opcode" : 0,
          "createdsystemtime" : 1694601478,
          "correlationactivityid" : "0",
          "correlationrelatedactivityid" : "0",
          "executionprocessid" : 4,
          "executionthreadid" : 2980,
          "channel" : "Security",
          "computer" : "DESKTOP-JAVQUL0",
          "securityuserid" : "0",
          "evtrenderdata" : "<Event xmlns='http://schemas.microsoft.com/win/2004/08/events/event'><System><Provider Name='Microsoft-Windows-Security-Auditing' Guid='{54849625-5478-4994-a5ba-3e3b0328c30d}'/><EventID>4907</EventID><Version>0</Version><Level>0</Level><Task>13568</Task><Opcode>0</Opcode><Keywords>0x8020000000000000</Keywords><TimeCreated SystemTime='2023-09-13T10:37:58.6340427Z'/><EventRecordID>50853</EventRecordID><Correlation/><Execution ProcessID='4' ThreadID='2980'/><Channel>Security</Channel><Computer>DESKTOP-JAVQUL0</Computer><Security/></System><EventData><Data Name='SubjectUserSid'>S-1-5-18</Data><Data Name='SubjectUserName'>DESKTOP-JAVQUL0$</Data><Data Name='SubjectDomainName'>WORKGROUP</Data><Data Name='SubjectLogonId'>0x3e7</Data><Data Name='ObjectServer'>Security</Data><Data Name='ObjectType'>File</Data><Data Name='ObjectName'>C:\\Windows\\WinSxS\\FileMaps\\$$_systemapps_microsoft.windows.cloudexperiencehost_cw5n1h2txyewy_webapps_inclusivesspr_js_04768872769d851d.cdf-ms</Data><Data Name='HandleId'>0x90</Data><Data Name='OldSd'></Data><Data Name='NewSd'>S:ARAI(AU;SAFA;0x1f0116;;;WD)</Data><Data Name='ProcessId'>0x2528</Data><Data Name='ProcessName'>C:\\Windows\\System32\\poqexec.exe</Data></EventData></Event>",
