          "uuid" : "f4796845-e893-4a1a-8b1f-747719f38fbb",
          "agent" : "2eb922be77bb4baaa47677c79bcea4c3",
          "agentIP" : "122.76.45.72",
          "agentName" : "DESKTOP",
          "item_main" : "4624",
          "date_main" : 1694545569,
          "type_main" : "usb",
          "etc_main" : "<Event xmlns='http://schemas.microsoft.com/win/2004/08/events/event'><System><Provider Name='Microsoft-Windows-Security-Auditing' Guid='{54849625-5478-4994-a5ba-3e3b0328c30d}'/><EventID>4624</EventID><Version>2</Version><Level>0</Level><Task>12544</Task><Opcode>0</Opcode><Keywords>0x8020000000000000</Keywords><TimeCreated SystemTime='2023-09-12T19:06:09.7462516Z'/><EventRecordID>45838</EventRecordID><Correlation ActivityID='{bc8a7dd8-da68-0002-857e-8abc68dad901}'/><Execution ProcessID='768' ThreadID='836'/><Channel>Security</Channel><Computer>DESKTOP-JAVQUL0</Computer><Security/></System><EventData><Data Name='SubjectUserSid'>S-1-5-18</Data><Data Name='SubjectUserName'>DESKTOP-JAVQUL0$</Data><Data Name='SubjectDomainName'>WORKGROUP</Data><Data Name='SubjectLogonId'>0x3e7</Data><Data Name='TargetUserSid'>S-1-5-18</Data><Data Name='TargetUserName'>SYSTEM</Data><Data Name='TargetDomainName'>NT AUTHORITY</Data><Data Name='TargetLogonId'>0x3e7</Data><Data Name='LogonType'>5</Data><Data Name='LogonProcessName'>Advapi  </Data><Data Name='AuthenticationPackageName'>Negotiate</Data><Data Name='WorkstationName'>-</Data><Data Name='LogonGuid'>{00000000-0000-0000-0000-000000000000}</Data><Data Name='TransmittedServices'>-</Data><Data Name='LmPackageName'>-</Data><Data Name='KeyLength'>0</Data><Data Name='ProcessId'>0x2b8</Data><Data Name='ProcessName'>C:\\Windows\\System32\\services.exe</Data><Data Name='IpAddress'>-</Data><Data Name='IpPort'>-</Data><Data Name='ImpersonationLevel'>%%1833</Data><Data Name='RestrictedAdminMode'>-</Data><Data Name='TargetOutboundUserName'>-</Data><Data Name='TargetOutboundDomainName'>-</Data><Data Name='VirtualAccount'>%%1843</Data><Data Name='TargetLinkedLogonId'>0x0</Data><Data Name='ElevatedToken'>%%1842</Data></EventData></Event>"
        }
      },
      {
        "_index" : "ed_eventsecurity",
        "_type" : "_doc",
        "_id" : "uuhxfosB12YpCLTnncOr",
        "_score" : 1.0,
        "_source" : {
          "eventrecordid" : 46170,
          "providername" : "Microsoft-Windows-Security-Auditing",
          "providerguid" : "{54849625-5478-4994-A5BA-3E3B0328C30D}",
          "eventid" : 0,
          "version" : 0,
          "level" : "AUDIT",
          "keywords" : "Audit Success",
          "task" : 13568,
          "opcode" : 0,
          "createdsystemtime" : 1694584389,
          "correlationactivityid" : "0",
          "correlationrelatedactivityid" : "0",
          "executionprocessid" : 4,
          "executionthreadid" : 2720,
          "channel" : "Security",
          "computer" : "DESKTOP-JAVQUL0",
          "securityuserid" : "0",
          "evtrenderdata" : "<Event xmlns='http://schemas.microsoft.com/win/2004/08/events/event'><System><Provider Name='Microsoft-Windows-Security-Auditing' Guid='{54849625-5478-4994-a5ba-3e3b0328c30d}'/><EventID>4907</EventID><Version>0</Version><Level>0</Level><Task>13568</Task><Opcode>0</Opcode><Keywords>0x8020000000000000</Keywords><TimeCreated SystemTime='2023-09-13T05:53:09.2446254Z'/><EventRecordID>46170</EventRecordID><Correlation/><Execution ProcessID='4' ThreadID='2720'/><Channel>Security</Channel><Computer>DESKTOP-JAVQUL0</Computer><Security/></System><EventData><Data Name='SubjectUserSid'>S-1-5-18</Data><Data Name='SubjectUserName'>DESKTOP-JAVQUL0$</Data><Data Name='SubjectDomainName'>WORKGROUP</Data><Data Name='SubjectLogonId'>0x3e7</Data><Data Name='ObjectServer'>Security</Data><Data Name='ObjectType'>File</Data><Data Name='ObjectName'>C:\\$WinREAgent\\Scratch\\Mount\\Windows\\WinSxS\\amd64_microsoft-windows-b..-pxe-base.resources_31bf3856ad364e35_10.0.19041.1_de-de_a655d4a6dac16e98\\wdsmgfw.efi.mui</Data><Data Name='HandleId'>0x5c0</Data><Data Name='OldSd'></Data><Data Name='NewSd'>S:ARAI(AU;SAFA;DCLCRPCRSDWDWO;;;WD)</Data><Data Name='ProcessId'>0x1cf0</Data><Data Name='ProcessName'>C:\\Windows\\System32\\wuauclt.exe</Data></EventData></Event>",
          "uuid" : "d6b7f8ec-2518-4876-899d-12d339634880",
          "agent" : "2eb922be77bb4baaa47677c79bcea4c3",
          "agentIP" : "122.76.45.72",
          "agentName" : "DESKTOP",
          "item_main" : "4907",
          "date_main" : 1694584389,
          "type_main" : "usb",
          "etc_main" : "<Event xmlns='http://schemas.microsoft.com/win/2004/08/events/event'><System><Provider Name='Microsoft-Windows-Security-Auditing' Guid='{54849625-5478-4994-a5ba-3e3b0328c30d}'/><EventID>4907</EventID><Version>0</Version><Level>0</Level><Task>13568</Task><Opcode>0</Opcode><Keywords>0x8020000000000000</Keywords><TimeCreated SystemTime='2023-09-13T05:53:09.2446254Z'/><EventRecordID>46170</EventRecordID><Correlation/><Execution ProcessID='4' ThreadID='2720'/><Channel>Security</Channel><Computer>DESKTOP-JAVQUL0</Computer><Security/></System><EventData><Data Name='SubjectUserSid'>S-1-5-18</Data><Data Name='SubjectUserName'>DESKTOP-JAVQUL0$</Data><Data Name='SubjectDomainName'>WORKGROUP</Data><Data Name='SubjectLogonId'>0x3e7</Data><Data Name='ObjectServer'>Security</Data><Data Name='ObjectType'>File</Data><Data Name='ObjectName'>C:\\$WinREAgent\\Scratch\\Mount\\Windows\\WinSxS\\amd64_microsoft-windows-b..-pxe-base.resources_31bf3856ad364e35_10.0.19041.1_de-de_a655d4a6dac16e98\\wdsmgfw.efi.mui</Data><Data Name='HandleId'>0x5c0</Data><Data Name='OldSd'></Data><Data Name='NewSd'>S:ARAI(AU;SAFA;DCLCRPCRSDWDWO;;;WD)</Data><Data Name='ProcessId'>0x1cf0</Data><Data Name='ProcessName'>C:\\Windows\\System32\\wuauclt.exe</Data></EventData></Event>"
        }
      },
      {
        "_index" : "ed_eventsecurity",
        "_type" : "_doc",
        "_id" : "WuhxfosB12YpCLTnncSr",
        "_score" : 1.0,
        "_source" : {
          "eventrecordid" : 46250,
          "providername" : "Microsoft-Windows-Security-Auditing",
          "providerguid" : "{54849625-5478-4994-A5BA-3E3B0328C30D}",
          "eventid" : 0,
          "version" : 0,
          "level" : "AUDIT",
          "keywords" : "Audit Success",
          "task" : 13568,
          "opcode" : 0,
          "createdsystemtime" : 1694584389,
          "correlationactivityid" : "0",
          "correlationrelatedactivityid" : "0",
          "executionprocessid" : 4,
          "executionthreadid" : 2720,
          "channel" : "Security",
          "computer" : "DESKTOP-JAVQUL0",
          "securityuserid" : "0",
          "evtrenderdata" : "<Event xmlns='http://schemas.microsoft.com/win/2004/08/events/event'><System><Provider Name='Microsoft-Windows-Security-Auditing' Guid='{54849625-5478-4994-a5ba-3e3b0328c30d}'/><EventID>4907</EventID><Version>0</Version><Level>0</Level><Task>13568</Task><Opcode>0</Opcode><Keywords>0x8020000000000000</Keywords><TimeCreated SystemTime='2023-09-13T05:53:09.3204449Z'/><EventRecordID>46250</EventRecordID><Correlation/><Execution ProcessID='4' ThreadID='2720'/><Channel>Security</Channel><Computer>DESKTOP-JAVQUL0</Computer><Security/></System><EventData><Data Name='SubjectUserSid'>S-1-5-18</Data><Data Name='SubjectUserName'>DESKTOP-JAVQUL0$</Data><Data Name='SubjectDomainName'>WORKGROUP</Data><Data Name='SubjectLogonId'>0x3e7</Data><Data Name='ObjectServer'>Security</Data><Data Name='ObjectType'>File</Data><Data Name='ObjectName'>C:\\$WinREAgent\\Scratch\\Mount\\Windows\\WinSxS\\amd64_microsoft-windows-b..-pxe-base.resources_31bf3856ad364e35_10.0.19041.1_zh-cn_aecd150db0c1546f\\wdsmgfw.efi.mui</Data><Data Name='HandleId'>0x67c</Data><Data Name='OldSd'></Data><Data Name='NewSd'>S:ARAI(AU;SAFA;DCLCRPCRSDWDWO;;;WD)</Data><Data Name='ProcessId'>0x1cf0</Data><Data Name='ProcessName'>C:\\Windows\\System32\\wuauclt.exe</Data></EventData></Event>",
          "uuid" : "9a26e499-23ba-483c-a4b1-0ed6d6d137b4",
          "agent" : "2eb922be77bb4baaa47677c79bcea4c3",
          "agentIP" : "122.76.45.72",
          "agentName" : "DESKTOP",
          "item_main" : "4907",
          "date_main" : 1694584389,
          "type_main" : "usb",
          "etc_main" : "<Event xmlns='http://schemas.microsoft.com/win/2004/08/events/event'><System><Provider Name='Microsoft-Windows-Security-Auditing' Guid='{54849625-5478-4994-a5ba-3e3b0328c30d}'/><EventID>4907</EventID><Version>0</Version><Level>0</Level><Task>13568</Task><Opcode>0</Opcode><Keywords>0x8020000000000000</Keywords><TimeCreated SystemTime='2023-09-13T05:53:09.3204449Z'/><EventRecordID>46250</EventRecordID><Correlation/><Execution ProcessID='4' ThreadID='2720'/><Channel>Security</Channel><Computer>DESKTOP-JAVQUL0</Computer><Security/></System><EventData><Data Name='SubjectUserSid'>S-1-5-18</Data><Data Name='SubjectUserName'>DESKTOP-JAVQUL0$</Data><Data Name='SubjectDomainName'>WORKGROUP</Data><Data Name='SubjectLogonId'>0x3e7</Data><Data Name='ObjectServer'>Security</Data><Data Name='ObjectType'>File</Data><Data Name='ObjectName'>C:\\$WinREAgent\\Scratch\\Mount\\Windows\\WinSxS\\amd64_microsoft-windows-b..-pxe-base.resources_31bf3856ad364e35_10.0.19041.1_zh-cn_aecd150db0c1546f\\wdsmgfw.efi.mui</Data><Data Name='HandleId'>0x67c</Data><Data Name='OldSd'></Data><Data Name='NewSd'>S:ARAI(AU;SAFA;DCLCRPCRSDWDWO;;;WD)</Data><Data Name='ProcessId'>0x1cf0</Data><Data Name='ProcessName'>C:\\Windows\\System32\\wuauclt.exe</Data></EventData></Event>"
        }
      },
      {
        "_index" : "ed_eventsecurity",
        "_type" : "_doc",
        "_id" : "XOhxfosB12YpCLTnncSr",
        "_score" : 1.0,
        "_source" : {
          "eventrecordid" : 46251,
          "providername" : "Microsoft-Windows-Security-Auditing",
          "providerguid" : "{54849625-5478-4994-A5BA-3E3B0328C30D}",
          "eventid" : 0,
          "version" : 0,
          "level" : "AUDIT",
          "keywords" : "Audit Success",
          "task" : 13568,
          "opcode" : 0,
          "createdsystemtime" : 1694584389,
          "correlationactivityid" : "0",
          "correlationrelatedactivityid" : "0",
          "executionprocessid" : 4,
          "executionthreadid" : 2720,
          "channel" : "Security",
          "computer" : "DESKTOP-JAVQUL0",
          "securityuserid" : "0",
          "evtrenderdata" : "<Event xmlns='http://schemas.microsoft.com/win/2004/08/events/event'><System><Provider Name='Microsoft-Windows-Security-Auditing' Guid='{54849625-5478-4994-a5ba-3e3b0328c30d}'/><EventID>4907</EventID><Version>0</Version><Level>0</Level><Task>13568</Task><Opcode>0</Opcode><Keywords>0x8020000000000000</Keywords><TimeCreated SystemTime='2023-09-13T05:53:09.3216114Z'/><EventRecordID>46251</EventRecordID><Correlation/><Execution ProcessID='4' ThreadID='2720'/><Channel>Security</Channel><Computer>DESKTOP-JAVQUL0</Computer><Security/></System><EventData><Data Name='SubjectUserSid'>S-1-5-18</Data><Data Name='SubjectUserName'>DESKTOP-JAVQUL0$</Data><Data Name='SubjectDomainName'>WORKGROUP</Data><Data Name='SubjectLogonId'>0x3e7</Data><Data Name='ObjectServer'>Security</Data><Data Name='ObjectType'>File</Data><Data Name='ObjectName'>C:\\$WinREAgent\\Scratch\\Mount\\Windows\\WinSxS\\x86_microsoft-windows-b..nment-pxe.resources_31bf3856ad364e35_10.0.19041.1_tr-tr_a111a87365f8d456\\bootmgr.exe.mui</Data><Data Name='HandleId'>0x67c</Data><Data Name='OldSd'></Data><Data Name='NewSd'>S:ARAI(AU;SAFA;DCLCRPCRSDWDWO;;;WD)</Data><Data Name='ProcessId'>0x1cf0</Data><Data Name='ProcessName'>C:\\Windows\\System32\\wuauclt.exe</Data></EventData></Event>",
          "uuid" : "bf9886b3-15c1-417c-9230-912ab725e462",
          "agent" : "2eb922be77bb4baaa47677c79bcea4c3",
          "agentIP" : "122.76.45.72",
          "agentName" : "DESKTOP",
          "item_main" : "4907",
          "date_main" : 1694584389,
          "type_main" : "usb",
          "etc_main" : "<Event xmlns='http://schemas.microsoft.com/win/2004/08/events/event'><System><Provider Name='Microsoft-Windows-Security-Auditing' Guid='{54849625-5478-4994-a5ba-3e3b0328c30d}'/><EventID>4907</EventID><Version>0</Version><Level>0</Level><Task>13568</Task><Opcode>0</Opcode><Keywords>0x8020000000000000</Keywords><TimeCreated SystemTime='2023-09-13T05:53:09.3216114Z'/><EventRecordID>46251</EventRecordID><Correlation/><Execution ProcessID='4' ThreadID='2720'/><Channel>Security</Channel><Computer>DESKTOP-JAVQUL0</Computer><Security/></System><EventData><Data Name='SubjectUserSid'>S-1-5-18</Data><Data Name='SubjectUserName'>DESKTOP-JAVQUL0$</Data><Data Name='SubjectDomainName'>WORKGROUP</Data><Data Name='SubjectLogonId'>0x3e7</Data><Data Name='ObjectServer'>Security</Data><Data Name='ObjectType'>File</Data><Data Name='ObjectName'>C:\\$WinREAgent\\Scratch\\Mount\\Windows\\WinSxS\\x86_microsoft-windows-b..nment-pxe.resources_31bf3856ad364e35_10.0.19041.1_tr-tr_a111a87365f8d456\\bootmgr.exe.mui</Data><Data Name='HandleId'>0x67c</Data><Data Name='OldSd'></Data><Data Name='NewSd'>S:ARAI(AU;SAFA;DCLCRPCRSDWDWO;;;WD)</Data><Data Name='ProcessId'>0x1cf0</Data><Data Name='ProcessName'>C:\\Windows\\System32\\wuauclt.exe</Data></EventData></Event>"
        }
      },
      {
        "_index" : "ed_eventsecurity",
        "_type" : "_doc",
        "_id" : "XuhxfosB12YpCLTnncSr",
        "_score" : 1.0,
        "_source" : {
          "eventrecordid" : 46252,
          "providername" : "Microsoft-Windows-Security-Auditing",
          "providerguid" : "{54849625-5478-4994-A5BA-3E3B0328C30D}",
          "eventid" : 0,
          "version" : 0,
          "level" : "AUDIT",
          "keywords" : "Audit Success",
          "task" : 13568,
          "opcode" : 0,
          "createdsystemtime" : 1694584389,
          "correlationactivityid" : "0",
          "correlationrelatedactivityid" : "0",
          "executionprocessid" : 4,
          "executionthreadid" : 2720,
          "channel" : "Security",
          "computer" : "DESKTOP-JAVQUL0",
          "securityuserid" : "0",
          "evtrenderdata" : "<Event xmlns='http://schemas.microsoft.com/win/2004/08/events/event'><System><Provider Name='Microsoft-Windows-Security-Auditing' Guid='{54849625-5478-4994-a5ba-3e3b0328c30d}'/><EventID>4907</EventID><Version>0</Version><Level>0</Level><Task>13568</Task><Opcode>0</Opcode><Keywords>0x8020000000000000</Keywords><TimeCreated SystemTime='2023-09-13T05:53:09.3224360Z'/><EventRecordID>46252</EventRecordID><Correlation/><Execution ProcessID='4' ThreadID='2720'/><Channel>Security</Channel><Computer>DESKTOP-JAVQUL0</Computer><Security/></System><EventData><Data Name='SubjectUserSid'>S-1-5-18</Data><Data Name='SubjectUserName'>DESKTOP-JAVQUL0$</Data><Data Name='SubjectDomainName'>WORKGROUP</Data><Data Name='SubjectLogonId'>0x3e7</Data><Data Name='ObjectServer'>Security</Data><Data Name='ObjectType'>File</Data><Data Name='ObjectName'>C:\\$WinREAgent\\Scratch\\Mount\\Windows\\WinSxS\\amd64_microsoft-windows-b..-pxe-base.resources_31bf3856ad364e35_10.0.19041.1_zh-tw_b2c95263ae3230df\\wdsmgfw.efi.mui</Data><Data Name='HandleId'>0x638</Data><Data Name='OldSd'></Data><Data Name='NewSd'>S:ARAI(AU;SAFA;DCLCRPCRSDWDWO;;;WD)</Data><Data Name='ProcessId'>0x1cf0</Data><Data Name='ProcessName'>C:\\Windows\\System32\\wuauclt.exe</Data></EventData></Event>",
          "uuid" : "88e2f082-0223-4c2f-b560-46878828c461",
          "agent" : "2eb922be77bb4baaa47677c79bcea4c3",
          "agentIP" : "122.76.45.72",
          "agentName" : "DESKTOP",
          "item_main" : "4907",
          "date_main" : 1694584389,
          "type_main" : "usb",
          "etc_main" : "<Event xmlns='http://schemas.microsoft.com/win/2004/08/events/event'><System><Provider Name='Microsoft-Windows-Security-Auditing' Guid='{54849625-5478-4994-a5ba-3e3b0328c30d}'/><EventID>4907</EventID><Version>0</Version><Level>0</Level><Task>13568</Task><Opcode>0</Opcode><Keywords>0x8020000000000000</Keywords><TimeCreated SystemTime='2023-09-13T05:53:09.3224360Z'/><EventRecordID>46252</EventRecordID><Correlation/><Execution ProcessID='4' ThreadID='2720'/><Channel>Security</Channel><Computer>DESKTOP-JAVQUL0</Computer><Security/></System><EventData><Data Name='SubjectUserSid'>S-1-5-18</Data><Data Name='SubjectUserName'>DESKTOP-JAVQUL0$</Data><Data Name='SubjectDomainName'>WORKGROUP</Data><Data Name='SubjectLogonId'>0x3e7</Data><Data Name='ObjectServer'>Security</Data><Data Name='ObjectType'>File</Data><Data Name='ObjectName'>C:\\$WinREAgent\\Scratch\\Mount\\Windows\\WinSxS\\amd64_microsoft-windows-b..-pxe-base.resources_31bf3856ad364e35_10.0.19041.1_zh-tw_b2c95263ae3230df\\wdsmgfw.efi.mui</Data><Data Name='HandleId'>0x638</Data><Data Name='OldSd'></Data><Data Name='NewSd'>S:ARAI(AU;SAFA;DCLCRPCRSDWDWO;;;WD)</Data><Data Name='ProcessId'>0x1cf0</Data><Data Name='ProcessName'>C:\\Windows\\System32\\wuauclt.exe</Data></EventData></Event>"
        }
      },
      {
        "_index" : "ed_eventsecurity",
        "_type" : "_doc",
        "_id" : "YOhxfosB12YpCLTnncSr",
        "_score" : 1.0,
        "_source" : {
          "eventrecordid" : 46253,
          "providername" : "Microsoft-Windows-Security-Auditing",
          "providerguid" : "{54849625-5478-4994-A5BA-3E3B0328C30D}",
          "eventid" : 0,
          "version" : 0,
          "level" : "AUDIT",
          "keywords" : "Audit Success",
          "task" : 13568,
          "opcode" : 0,
          "createdsystemtime" : 1694584389,
          "correlationactivityid" : "0",
          "correlationrelatedactivityid" : "0",
          "executionprocessid" : 4,
          "executionthreadid" : 2720,
          "channel" : "Security",
          "computer" : "DESKTOP-JAVQUL0",
          "securityuserid" : "0",
          "evtrenderdata" : "<Event xmlns='http://schemas.microsoft.com/win/2004/08/events/event'><System><Provider Name='Microsoft-Windows-Security-Auditing' Guid='{54849625-5478-4994-a5ba-3e3b0328c30d}'/><EventID>4907</EventID><Version>0</Version><Level>0</Level><Task>13568</Task><Opcode>0</Opcode><Keywords>0x8020000000000000</Keywords><TimeCreated SystemTime='2023-09-13T05:53:09.3232256Z'/><EventRecordID>46253</EventRecordID><Correlation/><Execution ProcessID='4' ThreadID='2720'/><Channel>Security</Channel><Computer>DESKTOP-JAVQUL0</Computer><Security/></System><EventData><Data Name='SubjectUserSid'>S-1-5-18</Data><Data Name='SubjectUserName'>DESKTOP-JAVQUL0$</Data><Data Name='SubjectDomainName'>WORKGROUP</Data><Data Name='SubjectLogonId'>0x3e7</Data><Data Name='ObjectServer'>Security</Data><Data Name='ObjectType'>File</Data><Data Name='ObjectName'>C:\\$WinREAgent\\Scratch\\Mount\\Windows\\WinSxS\\amd64_microsoft-windows-bootres_31bf3856ad364e35_10.0.19041.1_none_f50dcea7214e5b1f\\bootres.dll</Data><Data Name='HandleId'>0x67c</Data><Data Name='OldSd'></Data><Data Name='NewSd'>S:ARAI(AU;SAFA;DCLCRPCRSDWDWO;;;WD)</Data><Data Name='ProcessId'>0x1cf0</Data><Data Name='ProcessName'>C:\\Windows\\System32\\wuauclt.exe</Data></EventData></Event>",
          "uuid" : "8719e4be-1f1d-41a7-9dce-63d9f12212a1",
          "agent" : "2eb922be77bb4baaa47677c79bcea4c3",
          "agentIP" : "122.76.45.72",
          "agentName" : "DESKTOP",
          "item_main" : "4907",
          "date_main" : 1694584389,
          "type_main" : "usb",
          "etc_main" : "<Event xmlns='http://schemas.microsoft.com/win/2004/08/events/event'><System><Provider Name='Microsoft-Windows-Security-Auditing' Guid='{54849625-5478-4994-a5ba-3e3b0328c30d}'/><EventID>4907</EventID><Version>0</Version><Level>0</Level><Task>13568</Task><Opcode>0</Opcode><Keywords>0x8020000000000000</Keywords><TimeCreated SystemTime='2023-09-13T05:53:09.3232256Z'/><EventRecordID>46253</EventRecordID><Correlation/><Execution ProcessID='4' ThreadID='2720'/><Channel>Security</Channel><Computer>DESKTOP-JAVQUL0</Computer><Security/></System><EventData><Data Name='SubjectUserSid'>S-1-5-18</Data><Data Name='SubjectUserName'>DESKTOP-JAVQUL0$</Data><Data Name='SubjectDomainName'>WORKGROUP</Data><Data Name='SubjectLogonId'>0x3e7</Data><Data Name='ObjectServer'>Security</Data><Data Name='ObjectType'>File</Data><Data Name='ObjectName'>C:\\$WinREAgent\\Scratch\\Mount\\Windows\\WinSxS\\amd64_microsoft-windows-bootres_31bf3856ad364e35_10.0.19041.1_none_f50dcea7214e5b1f\\bootres.dll</Data><Data Name='HandleId'>0x67c</Data><Data Name='OldSd'></Data><Data Name='NewSd'>S:ARAI(AU;SAFA;DCLCRPCRSDWDWO;;;WD)</Data><Data Name='ProcessId'>0x1cf0</Data><Data Name='ProcessName'>C:\\Windows\\System32\\wuauclt.exe</Data></EventData></Event>"
        }
      },
      {
        "_index" : "ed_eventsecurity",
        "_type" : "_doc",
        "_id" : "YuhxfosB12YpCLTnncSr",
        "_score" : 1.0,
        "_source" : {
          "eventrecordid" : 46254,
          "providername" : "Microsoft-Windows-Security-Auditing",
          "providerguid" : "{54849625-5478-4994-A5BA-3E3B0328C30D}",
          "eventid" : 0,
          "version" : 0,
          "level" : "AUDIT",
          "keywords" : "Audit Success",
          "task" : 13568,
          "opcode" : 0,
          "createdsystemtime" : 1694584389,
          "correlationactivityid" : "0",
          "correlationrelatedactivityid" : "0",
          "executionprocessid" : 4,
          "executionthreadid" : 2720,
          "channel" : "Security",
          "computer" : "DESKTOP-JAVQUL0",
          "securityuserid" : "0",
          "evtrenderdata" : "<Event xmlns='http://schemas.microsoft.com/win/2004/08/events/event'><System><Provider Name='Microsoft-Windows-Security-Auditing' Guid='{54849625-5478-4994-a5ba-3e3b0328c30d}'/><EventID>4907</EventID><Version>0</Version><Level>0</Level><Task>13568</Task><Opcode>0</Opcode><Keywords>0x8020000000000000</Keywords><TimeCreated SystemTime='2023-09-13T05:53:09.3239643Z'/><EventRecordID>46254</EventRecordID><Correlation/><Execution ProcessID='4' ThreadID='2720'/><Channel>Security</Channel><Computer>DESKTOP-JAVQUL0</Computer><Security/></System><EventData><Data Name='SubjectUserSid'>S-1-5-18</Data><Data Name='SubjectUserName'>DESKTOP-JAVQUL0$</Data><Data Name='SubjectDomainName'>WORKGROUP</Data><Data Name='SubjectLogonId'>0x3e7</Data><Data Name='ObjectServer'>Security</Data><Data Name='ObjectType'>File</Data><Data Name='ObjectName'>C:\\$WinREAgent\\Scratch\\Mount\\Windows\\WinSxS\\x86_microsoft-windows-b..nment-pxe.resources_31bf3856ad364e35_10.0.19041.1_uk-ua_3cf18b1a5d29faa2\\bootmgr.efi.mui</Data><Data Name='HandleId'>0x638</Data><Data Name='OldSd'></Data><Data Name='NewSd'>S:ARAI(AU;SAFA;DCLCRPCRSDWDWO;;;WD)</Data><Data Name='ProcessId'>0x1cf0</Data><Data Name='ProcessName'>C:\\Windows\\System32\\wuauclt.exe</Data></EventData></Event>",
          "uuid" : "eeea8b7f-d562-42d6-8f56-8009d72c38cb",
          "agent" : "2eb922be77bb4baaa47677c79bcea4c3",
          "agentIP" : "122.76.45.72",
          "agentName" : "DESKTOP",
          "item_main" : "4907",
          "date_main" : 1694584389,
          "type_main" : "usb",
          "etc_main" : "<Event xmlns='http://schemas.microsoft.com/win/2004/08/events/event'><System><Provider Name='Microsoft-Windows-Security-Auditing' Guid='{54849625-5478-4994-a5ba-3e3b0328c30d}'/><EventID>4907</EventID><Version>0</Version><Level>0</Level><Task>13568</Task><Opcode>0</Opcode><Keywords>0x8020000000000000</Keywords><TimeCreated SystemTime='2023-09-13T05:53:09.3239643Z'/><EventRecordID>46254</EventRecordID><Correlation/><Execution ProcessID='4' ThreadID='2720'/><Channel>Security</Channel><Computer>DESKTOP-JAVQUL0</Computer><Security/></System><EventData><Data Name='SubjectUserSid'>S-1-5-18</Data><Data Name='SubjectUserName'>DESKTOP-JAVQUL0$</Data><Data Name='SubjectDomainName'>WORKGROUP</Data><Data Name='SubjectLogonId'>0x3e7</Data><Data Name='ObjectServer'>Security</Data><Data Name='ObjectType'>File</Data><Data Name='ObjectName'>C:\\$WinREAgent\\Scratch\\Mount\\Windows\\WinSxS\\x86_microsoft-windows-b..nment-pxe.resources_31bf3856ad364e35_10.0.19041.1_uk-ua_3cf18b1a5d29faa2\\bootmgr.efi.mui</Data><Data Name='HandleId'>0x638</Data><Data Name='OldSd'></Data><Data Name='NewSd'>S:ARAI(AU;SAFA;DCLCRPCRSDWDWO;;;WD)</Data><Data Name='ProcessId'>0x1cf0</Data><Data Name='ProcessName'>C:\\Windows\\System32\\wuauclt.exe</Data></EventData></Event>"
        }
      },
      {
        "_index" : "ed_eventsecurity",
        "_type" : "_doc",
        "_id" : "ZOhxfosB12YpCLTnncSr",
        "_score" : 1.0,
        "_source" : {
          "eventrecordid" : 46255,
          "providername" : "Microsoft-Windows-Security-Auditing",
          "providerguid" : "{54849625-5478-4994-A5BA-3E3B0328C30D}",
          "eventid" : 0,
          "version" : 0,
          "level" : "AUDIT",
          "keywords" : "Audit Success",
          "task" : 13568,
          "opcode" : 0,
          "createdsystemtime" : 1694584389,
          "correlationactivityid" : "0",
          "correlationrelatedactivityid" : "0",
          "executionprocessid" : 4,
          "executionthreadid" : 2720,
          "channel" : "Security",
          "computer" : "DESKTOP-JAVQUL0",
          "securityuserid" : "0",
          "evtrenderdata" : "<Event xmlns='http://schemas.microsoft.com/win/2004/08/events/event'><System><Provider Name='Microsoft-Windows-Security-Auditing' Guid='{54849625-5478-4994-a5ba-3e3b0328c30d}'/><EventID>4907</EventID><Version>0</Version><Level>0</Level><Task>13568</Task><Opcode>0</Opcode><Keywords>0x8020000000000000</Keywords><TimeCreated SystemTime='2023-09-13T05:53:09.3246761Z'/><EventRecordID>46255</EventRecordID><Correlation/><Execution ProcessID='4' ThreadID='2720'/><Channel>Security</Channel><Computer>DESKTOP-JAVQUL0</Computer><Security/></System><EventData><Data Name='SubjectUserSid'>S-1-5-18</Data><Data Name='SubjectUserName'>DESKTOP-JAVQUL0$</Data><Data Name='SubjectDomainName'>WORKGROUP</Data><Data Name='SubjectLogonId'>0x3e7</Data><Data Name='ObjectServer'>Security</Data><Data Name='ObjectType'>File</Data><Data Name='ObjectName'>C:\\$WinREAgent\\Scratch\\Mount\\Windows\\WinSxS\\amd64_microsoft-windows-u..tings-windowsclient_31bf3856ad364e35_10.0.19041.1_none_303c934463211164\\analyticsevents.dat</Data><Data Name='HandleId'>0x67c</Data><Data Name='OldSd'></Data><Data Name='NewSd'>S:ARAI(AU;SAFA;DCLCRPCRSDWDWO;;;WD)</Data><Data Name='ProcessId'>0x1cf0</Data><Data Name='ProcessName'>C:\\Windows\\System32\\wuauclt.exe</Data></EventData></Event>",
          "uuid" : "f71d59a0-3959-4151-a44f-9c45f17d11d7",
          "agent" : "2eb922be77bb4baaa47677c79bcea4c3",
          "agentIP" : "122.76.45.72",
          "agentName" : "DESKTOP",
          "item_main" : "4907",
          "date_main" : 1694584389,
          "type_main" : "usb",
          "etc_main" : "<Event xmlns='http://schemas.microsoft.com/win/2004/08/events/event'><System><Provider Name='Microsoft-Windows-Security-Auditing' Guid='{54849625-5478-4994-a5ba-3e3b0328c30d}'/><EventID>4907</EventID><Version>0</Version><Level>0</Level><Task>13568</Task><Opcode>0</Opcode><Keywords>0x8020000000000000</Keywords><TimeCreated SystemTime='2023-09-13T05:53:09.3246761Z'/><EventRecordID>46255</EventRecordID><Correlation/><Execution ProcessID='4' ThreadID='2720'/><Channel>Security</Channel><Computer>DESKTOP-JAVQUL0</Computer><Security/></System><EventData><Data Name='SubjectUserSid'>S-1-5-18</Data><Data Name='SubjectUserName'>DESKTOP-JAVQUL0$</Data><Data Name='SubjectDomainName'>WORKGROUP</Data><Data Name='SubjectLogonId'>0x3e7</Data><Data Name='ObjectServer'>Security</Data><Data Name='ObjectType'>File</Data><Data Name='ObjectName'>C:\\$WinREAgent\\Scratch\\Mount\\Windows\\WinSxS\\amd64_microsoft-windows-u..tings-windowsclient_31bf3856ad364e35_10.0.19041.1_none_303c934463211164\\analyticsevents.dat</Data><Data Name='HandleId'>0x67c</Data><Data Name='OldSd'></Data><Data Name='NewSd'>S:ARAI(AU;SAFA;DCLCRPCRSDWDWO;;;WD)</Data><Data Name='ProcessId'>0x1cf0</Data><Data Name='ProcessName'>C:\\Windows\\System32\\wuauclt.exe</Data></EventData></Event>"
        }
      },
      {
        "_index" : "ed_eventsecurity",
        "_type" : "_doc",
        "_id" : "ZuhxfosB12YpCLTnncSr",
        "_score" : 1.0,
        "_source" : {
          "eventrecordid" : 46256,
          "providername" : "Microsoft-Windows-Security-Auditing",
          "providerguid" : "{54849625-5478-4994-A5BA-3E3B0328C30D}",
          "eventid" : 0,
          "version" : 0,
          "level" : "AUDIT",
          "keywords" : "Audit Success",
          "task" : 13568,
          "opcode" : 0,
          "createdsystemtime" : 1694584389,
          "correlationactivityid" : "0",
          "correlationrelatedactivityid" : "0",
          "executionprocessid" : 4,
          "executionthreadid" : 2720,
          "channel" : "Security",
          "computer" : "DESKTOP-JAVQUL0",
          "securityuserid" : "0",
          "evtrenderdata" : "<Event xmlns='http://schemas.microsoft.com/win/2004/08/events/event'><System><Provider Name='Microsoft-Windows-Security-Auditing' Guid='{54849625-5478-4994-a5ba-3e3b0328c30d}'/><EventID>4907</EventID><Version>0</Version><Level>0</Level><Task>13568</Task><Opcode>0</Opcode><Keywords>0x8020000000000000</Keywords><TimeCreated SystemTime='2023-09-13T05:53:09.3253066Z'/><EventRecordID>46256</EventRecordID><Correlation/><Execution ProcessID='4' ThreadID='2720'/><Channel>Security</Channel><Computer>DESKTOP-JAVQUL0</Computer><Security/></System><EventData><Data Name='SubjectUserSid'>S-1-5-18</Data><Data Name='SubjectUserName'>DESKTOP-JAVQUL0$</Data><Data Name='SubjectDomainName'>WORKGROUP</Data><Data Name='SubjectLogonId'>0x3e7</Data><Data Name='ObjectServer'>Security</Data><Data Name='ObjectType'>File</Data><Data Name='ObjectName'>C:\\$WinREAgent\\Scratch\\Mount\\Windows\\WinSxS\\x86_microsoft-windows-b..nment-pxe.resources_31bf3856ad364e35_10.0.19041.1_zh-cn_726ec6711630a675\\bootmgr.efi.mui</Data><Data Name='HandleId'>0x638</Data><Data Name='OldSd'></Data><Data Name='NewSd'>S:ARAI(AU;SAFA;DCLCRPCRSDWDWO;;;WD)</Data><Data Name='ProcessId'>0x1cf0</Data><Data Name='ProcessName'>C:\\Windows\\System32\\wuauclt.exe</Data></EventData></Event>",
          "uuid" : "48480a85-4b79-4d92-baf8-131d65b9012c",
          "agent" : "2eb922be77bb4baaa47677c79bcea4c3",
          "agentIP" : "122.76.45.72",
          "agentName" : "DESKTOP",
          "item_main" : "4907",
          "date_main" : 1694584389,
          "type_main" : "usb",
          "etc_main" : "<Event xmlns='http://schemas.microsoft.com/win/2004/08/events/event'><System><Provider Name='Microsoft-Windows-Security-Auditing' Guid='{54849625-5478-4994-a5ba-3e3b0328c30d}'/><EventID>4907</EventID><Version>0</Version><Level>0</Level><Task>13568</Task><Opcode>0</Opcode><Keywords>0x8020000000000000</Keywords><TimeCreated SystemTime='2023-09-13T05:53:09.3253066Z'/><EventRecordID>46256</EventRecordID><Correlation/><Execution ProcessID='4' ThreadID='2720'/><Channel>Security</Channel><Computer>DESKTOP-JAVQUL0</Computer><Security/></System><EventData><Data Name='SubjectUserSid'>S-1-5-18</Data><Data Name='SubjectUserName'>DESKTOP-JAVQUL0$</Data><Data Name='SubjectDomainName'>WORKGROUP</Data><Data Name='SubjectLogonId'>0x3e7</Data><Data Name='ObjectServer'>Security</Data><Data Name='ObjectType'>File</Data><Data Name='ObjectName'>C:\\$WinREAgent\\Scratch\\Mount\\Windows\\WinSxS\\x86_microsoft-windows-b..nment-pxe.resources_31bf3856ad364e35_10.0.19041.1_zh-cn_726ec6711630a675\\bootmgr.efi.mui</Data><Data Name='HandleId'>0x638</Data><Data Name='OldSd'></Data><Data Name='NewSd'>S:ARAI(AU;SAFA;DCLCRPCRSDWDWO;;;WD)</Data><Data Name='ProcessId'>0x1cf0</Data><Data Name='ProcessName'>C:\\Windows\\System32\\wuauclt.exe</Data></EventData></Event>"
        }
      },
      {
        "_index" : "ed_eventsecurity",
        "_type" : "_doc",
        "_id" : "aOhxfosB12YpCLTnncSr",
        "_score" : 1.0,
        "_source" : {
          "eventrecordid" : 46257,
          "providername" : "Microsoft-Windows-Security-Auditing",
          "providerguid" : "{54849625-5478-4994-A5BA-3E3B0328C30D}",
          "eventid" : 0,
          "version" : 0,
          "level" : "AUDIT",
          "keywords" : "Audit Success",
          "task" : 13568,
          "opcode" : 0,
          "createdsystemtime" : 1694584389,
          "correlationactivityid" : "0",
          "correlationrelatedactivityid" : "0",
          "executionprocessid" : 4,
          "executionthreadid" : 1964,
          "channel" : "Security",
          "computer" : "DESKTOP-JAVQUL0",
          "securityuserid" : "0",
          "evtrenderdata" : "<Event xmlns='http://schemas.microsoft.com/win/2004/08/events/event'><System><Provider Name='Microsoft-Windows-Security-Auditing' Guid='{54849625-5478-4994-a5ba-3e3b0328c30d}'/><EventID>4907</EventID><Version>0</Version><Level>0</Level><Task>13568</Task><Opcode>0</Opcode><Keywords>0x8020000000000000</Keywords><TimeCreated SystemTime='2023-09-13T05:53:09.3261371Z'/><EventRecordID>46257</EventRecordID><Correlation/><Execution ProcessID='4' ThreadID='1964'/><Channel>Security</Channel><Computer>DESKTOP-JAVQUL0</Computer><Security/></System><EventData><Data Name='SubjectUserSid'>S-1-5-18</Data><Data Name='SubjectUserName'>DESKTOP-JAVQUL0$</Data><Data Name='SubjectDomainName'>WORKGROUP</Data><Data Name='SubjectLogonId'>0x3e7</Data><Data Name='ObjectServer'>Security</Data><Data Name='ObjectType'>File</Data><Data Name='ObjectName'>C:\\$WinREAgent\\Scratch\\Mount\\Windows\\WinSxS\\x86_microsoft-windows-b..nment-pxe.resources_31bf3856ad364e35_10.0.19041.1_uk-ua_3cf18b1a5d29faa2\\bootmgr.exe.mui</Data><Data Name='HandleId'>0x638</Data><Data Name='OldSd'></Data><Data Name='NewSd'>S:ARAI(AU;SAFA;DCLCRPCRSDWDWO;;;WD)</Data><Data Name='ProcessId'>0x1cf0</Data><Data Name='ProcessName'>C:\\Windows\\System32\\wuauclt.exe</Data></EventData></Event>",
          "uuid" : "95dd49b4-967a-4f2b-beda-cebe1d049d09",
          "agent" : "2eb922be77bb4baaa47677c79bcea4c3",
          "agentIP" : "122.76.45.72",
          "agentName" : "DESKTOP",
          "item_main" : "4907",
          "date_main" : 1694584389,
          "type_main" : "usb",
          "etc_main" : "<Event xmlns='http://schemas.microsoft.com/win/2004/08/events/event'><System><Provider Name='Microsoft-Windows-Security-Auditing' Guid='{54849625-5478-4994-a5ba-3e3b0328c30d}'/><EventID>4907</EventID><Version>0</Version><Level>0</Level><Task>13568</Task><Opcode>0</Opcode><Keywords>0x8020000000000000</Keywords><TimeCreated SystemTime='2023-09-13T05:53:09.3261371Z'/><EventRecordID>46257</EventRecordID><Correlation/><Execution ProcessID='4' ThreadID='1964'/><Channel>Security</Channel><Computer>DESKTOP-JAVQUL0</Computer><Security/></System><EventData><Data Name='SubjectUserSid'>S-1-5-18</Data><Data Name='SubjectUserName'>DESKTOP-JAVQUL0$</Data><Data Name='SubjectDomainName'>WORKGROUP</Data><Data Name='SubjectLogonId'>0x3e7</Data><Data Name='ObjectServer'>Security</Data><Data Name='ObjectType'>File</Data><Data Name='ObjectName'>C:\\$WinREAgent\\Scratch\\Mount\\Windows\\WinSxS\\x86_microsoft-windows-b..nment-pxe.resources_31bf3856ad364e35_10.0.19041.1_uk-ua_3cf18b1a5d29faa2\\bootmgr.exe.mui</Data><Data Name='HandleId'>0x638</Data><Data Name='OldSd'></Data><Data Name='NewSd'>S:ARAI(AU;SAFA;DCLCRPCRSDWDWO;;;WD)</Data><Data Name='ProcessId'>0x1cf0</Data><Data Name='ProcessName'>C:\\Windows\\System32\\wuauclt.exe</Data></EventData></Event>"
        }
      },
      {
        "_index" : "ed_eventsecurity",
        "_type" : "_doc",
        "_id" : "auhxfosB12YpCLTnncSr",
        "_score" : 1.0,
        "_source" : {
          "eventrecordid" : 46258,
          "providername" : "Microsoft-Windows-Security-Auditing",
          "providerguid" : "{54849625-5478-4994-A5BA-3E3B0328C30D}",
          "eventid" : 0,
          "version" : 0,
          "level" : "AUDIT",
          "keywords" : "Audit Success",
          "task" : 13568,
          "opcode" : 0,
          "createdsystemtime" : 1694584389,
          "correlationactivityid" : "0",
          "correlationrelatedactivityid" : "0",
          "executionprocessid" : 4,
          "executionthreadid" : 1964,
          "channel" : "Security",
          "computer" : "DESKTOP-JAVQUL0",
          "securityuserid" : "0",
          "evtrenderdata" : "<Event xmlns='http://schemas.microsoft.com/win/2004/08/events/event'><System><Provider Name='Microsoft-Windows-Security-Auditing' Guid='{54849625-5478-4994-a5ba-3e3b0328c30d}'/><EventID>4907</EventID><Version>0</Version><Level>0</Level><Task>13568</Task><Opcode>0</Opcode><Keywords>0x8020000000000000</Keywords><TimeCreated SystemTime='2023-09-13T05:53:09.3274634Z'/><EventRecordID>46258</EventRecordID><Correlation/><Execution ProcessID='4' ThreadID='1964'/><Channel>Security</Channel><Computer>DESKTOP-JAVQUL0</Computer><Security/></System><EventData><Data Name='SubjectUserSid'>S-1-5-18</Data><Data Name='SubjectUserName'>DESKTOP-JAVQUL0$</Data><Data Name='SubjectDomainName'>WORKGROUP</Data><Data Name='SubjectLogonId'>0x3e7</Data><Data Name='ObjectServer'>Security</Data><Data Name='ObjectType'>File</Data><Data Name='ObjectName'>C:\\$WinREAgent\\Scratch\\Mount\\Windows\\WinSxS\\amd64_microsoft-windows-u..tings-windowsclient_31bf3856ad364e35_10.0.19041.1_none_303c934463211164\\RemoteAggregatorTriggerCriteria.dat</Data><Data Name='HandleId'>0x638</Data><Data Name='OldSd'></Data><Data Name='NewSd'>S:ARAI(AU;SAFA;DCLCRPCRSDWDWO;;;WD)</Data><Data Name='ProcessId'>0x1cf0</Data><Data Name='ProcessName'>C:\\Windows\\System32\\wuauclt.exe</Data></EventData></Event>",
          "uuid" : "9a9e5c09-2280-4352-ba86-476a9fe1c9b9",
          "agent" : "2eb922be77bb4baaa47677c79bcea4c3",
          "agentIP" : "122.76.45.72",
          "agentName" : "DESKTOP",
          "item_main" : "4907",
          "date_main" : 1694584389,
          "type_main" : "usb",
          "etc_main" : "<Event xmlns='http://schemas.microsoft.com/win/2004/08/events/event'><System><Provider Name='Microsoft-Windows-Security-Auditing' Guid='{54849625-5478-4994-a5ba-3e3b0328c30d}'/><EventID>4907</EventID><Version>0</Version><Level>0</Level><Task>13568</Task><Opcode>0</Opcode><Keywords>0x8020000000000000</Keywords><TimeCreated SystemTime='2023-09-13T05:53:09.3274634Z'/><EventRecordID>46258</EventRecordID><Correlation/><Execution ProcessID='4' ThreadID='1964'/><Channel>Security</Channel><Computer>DESKTOP-JAVQUL0</Computer><Security/></System><EventData><Data Name='SubjectUserSid'>S-1-5-18</Data><Data Name='SubjectUserName'>DESKTOP-JAVQUL0$</Data><Data Name='SubjectDomainName'>WORKGROUP</Data><Data Name='SubjectLogonId'>0x3e7</Data><Data Name='ObjectServer'>Security</Data><Data Name='ObjectType'>File</Data><Data Name='ObjectName'>C:\\$WinREAgent\\Scratch\\Mount\\Windows\\WinSxS\\amd64_microsoft-windows-u..tings-windowsclient_31bf3856ad364e35_10.0.19041.1_none_303c934463211164\\RemoteAggregatorTriggerCriteria.dat</Data><Data Name='HandleId'>0x638</Data><Data Name='OldSd'></Data><Data Name='NewSd'>S:ARAI(AU;SAFA;DCLCRPCRSDWDWO;;;WD)</Data><Data Name='ProcessId'>0x1cf0</Data><Data Name='ProcessName'>C:\\Windows\\System32\\wuauclt.exe</Data></EventData></Event>"
        }
      },
      {
        "_index" : "ed_eventsecurity",
        "_type" : "_doc",
        "_id" : "bOhxfosB12YpCLTnncSr",
        "_score" : 1.0,
        "_source" : {
          "eventrecordid" : 46259,
          "providername" : "Microsoft-Windows-Security-Auditing",
          "providerguid" : "{54849625-5478-4994-A5BA-3E3B0328C30D}",
          "eventid" : 0,
          "version" : 0,
          "level" : "AUDIT",
          "keywords" : "Audit Success",
          "task" : 13568,
          "opcode" : 0,
          "createdsystemtime" : 1694584389,
          "correlationactivityid" : "0",
          "correlationrelatedactivityid" : "0",
          "executionprocessid" : 4,
          "executionthreadid" : 1964,
          "channel" : "Security",
          "computer" : "DESKTOP-JAVQUL0",
          "securityuserid" : "0",
          "evtrenderdata" : "<Event xmlns='http://schemas.microsoft.com/win/2004/08/events/event'><System><Provider Name='Microsoft-Windows-Security-Auditing' Guid='{54849625-5478-4994-a5ba-3e3b0328c30d}'/><EventID>4907</EventID><Version>0</Version><Level>0</Level><Task>13568</Task><Opcode>0</Opcode><Keywords>0x8020000000000000</Keywords><TimeCreated SystemTime='2023-09-13T05:53:09.3281261Z'/><EventRecordID>46259</EventRecordID><Correlation/><Execution ProcessID='4' ThreadID='1964'/><Channel>Security</Channel><Computer>DESKTOP-JAVQUL0</Computer><Security/></System><EventData><Data Name='SubjectUserSid'>S-1-5-18</Data><Data Name='SubjectUserName'>DESKTOP-JAVQUL0$</Data><Data Name='SubjectDomainName'>WORKGROUP</Data><Data Name='SubjectLogonId'>0x3e7</Data><Data Name='ObjectServer'>Security</Data><Data Name='ObjectType'>File</Data><Data Name='ObjectName'>C:\\$WinREAgent\\Scratch\\Mount\\Windows\\WinSxS\\amd64_microsoft-windows-u..ed-telemetry-client_31bf3856ad364e35_10.0.19041.1_none_55e3fd4ba64a2469\\GetFileInfoActionAllowedList.dat</Data><Data Name='HandleId'>0x5d8</Data><Data Name='OldSd'></Data><Data Name='NewSd'>S:ARAI(AU;SAFA;DCLCRPCRSDWDWO;;;WD)</Data><Data Name='ProcessId'>0x1cf0</Data><Data Name='ProcessName'>C:\\Windows\\System32\\wuauclt.exe</Data></EventData></Event>",
          "uuid" : "61311736-8fa5-4603-8a5b-5d073e7ace9c",
          "agent" : "2eb922be77bb4baaa47677c79bcea4c3",
          "agentIP" : "122.76.45.72",
          "agentName" : "DESKTOP",
          "item_main" : "4907",
          "date_main" : 1694584389,
          "type_main" : "usb",
          "etc_main" : "<Event xmlns='http://schemas.microsoft.com/win/2004/08/events/event'><System><Provider Name='Microsoft-Windows-Security-Auditing' Guid='{54849625-5478-4994-a5ba-3e3b0328c30d}'/><EventID>4907</EventID><Version>0</Version><Level>0</Level><Task>13568</Task><Opcode>0</Opcode><Keywords>0x8020000000000000</Keywords><TimeCreated SystemTime='2023-09-13T05:53:09.3281261Z'/><EventRecordID>46259</EventRecordID><Correlation/><Execution ProcessID='4' ThreadID='1964'/><Channel>Security</Channel><Computer>DESKTOP-JAVQUL0</Computer><Security/></System><EventData><Data Name='SubjectUserSid'>S-1-5-18</Data><Data Name='SubjectUserName'>DESKTOP-JAVQUL0$</Data><Data Name='SubjectDomainName'>WORKGROUP</Data><Data Name='SubjectLogonId'>0x3e7</Data><Data Name='ObjectServer'>Security</Data><Data Name='ObjectType'>File</Data><Data Name='ObjectName'>C:\\$WinREAgent\\Scratch\\Mount\\Windows\\WinSxS\\amd64_microsoft-windows-u..ed-telemetry-client_31bf3856ad364e35_10.0.19041.1_none_55e3fd4ba64a2469\\GetFileInfoActionAllowedList.dat</Data><Data Name='HandleId'>0x5d8</Data><Data Name='OldSd'></Data><Data Name='NewSd'>S:ARAI(AU;SAFA;DCLCRPCRSDWDWO;;;WD)</Data><Data Name='ProcessId'>0x1cf0</Data><Data Name='ProcessName'>C:\\Windows\\System32\\wuauclt.exe</Data></EventData></Event>"
        }
      },
      {
        "_index" : "ed_eventsecurity",
        "_type" : "_doc",
        "_id" : "HOhxfosB12YpCLTn0sz-",
        "_score" : 1.0,
        "_source" : {
          "eventrecordid" : 47243,
          "providername" : "Microsoft-Windows-Security-Auditing",
          "providerguid" : "{54849625-5478-4994-A5BA-3E3B0328C30D}",
          "eventid" : 0,
          "version" : 0,
          "level" : "AUDIT",
          "keywords" : "Audit Success",
          "task" : 13568,
          "opcode" : 0,
          "createdsystemtime" : 1694584391,
          "correlationactivityid" : "0",
          "correlationrelatedactivityid" : "0",
          "executionprocessid" : 4,
          "executionthreadid" : 1964,
          "channel" : "Security",
          "computer" : "DESKTOP-JAVQUL0",
          "securityuserid" : "0",
          "evtrenderdata" : "<Event xmlns='http://schemas.microsoft.com/win/2004/08/events/event'><System><Provider Name='Microsoft-Windows-Security-Auditing' Guid='{54849625-5478-4994-a5ba-3e3b0328c30d}'/><EventID>4907</EventID><Version>0</Version><Level>0</Level><Task>13568</Task><Opcode>0</Opcode><Keywords>0x8020000000000000</Keywords><TimeCreated SystemTime='2023-09-13T05:53:11.0462529Z'/><EventRecordID>47243</EventRecordID><Correlation/><Execution ProcessID='4' ThreadID='1964'/><Channel>Security</Channel><Computer>DESKTOP-JAVQUL0</Computer><Security/></System><EventData><Data Name='SubjectUserSid'>S-1-5-18</Data><Data Name='SubjectUserName'>DESKTOP-JAVQUL0$</Data><Data Name='SubjectDomainName'>WORKGROUP</Data><Data Name='SubjectLogonId'>0x3e7</Data><Data Name='ObjectServer'>Security</Data><Data Name='ObjectType'>File</Data><Data Name='ObjectName'>C:\\$WinREAgent\\Scratch\\Mount\\Windows\\WinSxS\\amd64_microsoft-windows-e..ymanagementservices_31bf3856ad364e35_10.0.19041.1_none_a965d346967271f3\\sacsess.exe</Data><Data Name='HandleId'>0x74c</Data><Data Name='OldSd'></Data><Data Name='NewSd'>S:ARAI(AU;SAFA;DCLCRPCRSDWDWO;;;WD)</Data><Data Name='ProcessId'>0x1cf0</Data><Data Name='ProcessName'>C:\\Windows\\System32\\wuauclt.exe</Data></EventData></Event>",
          "uuid" : "138e0cde-879f-4b38-9155-893caff802cb",
          "agent" : "2eb922be77bb4baaa47677c79bcea4c3",
          "agentIP" : "122.76.45.72",
          "agentName" : "DESKTOP",
          "item_main" : "4907",
          "date_main" : 1694584391,
          "type_main" : "usb",
          "etc_main" : "<Event xmlns='http://schemas.microsoft.com/win/2004/08/events/event'><System><Provider Name='Microsoft-Windows-Security-Auditing' Guid='{54849625-5478-4994-a5ba-3e3b0328c30d}'/><EventID>4907</EventID><Version>0</Version><Level>0</Level><Task>13568</Task><Opcode>0</Opcode><Keywords>0x8020000000000000</Keywords><TimeCreated SystemTime='2023-09-13T05:53:11.0462529Z'/><EventRecordID>47243</EventRecordID><Correlation/><Execution ProcessID='4' ThreadID='1964'/><Channel>Security</Channel><Computer>DESKTOP-JAVQUL0</Computer><Security/></System><EventData><Data Name='SubjectUserSid'>S-1-5-18</Data><Data Name='SubjectUserName'>DESKTOP-JAVQUL0$</Data><Data Name='SubjectDomainName'>WORKGROUP</Data><Data Name='SubjectLogonId'>0x3e7</Data><Data Name='ObjectServer'>Security</Data><Data Name='ObjectType'>File</Data><Data Name='ObjectName'>C:\\$WinREAgent\\Scratch\\Mount\\Windows\\WinSxS\\amd64_microsoft-windows-e..ymanagementservices_31bf3856ad364e35_10.0.19041.1_none_a965d346967271f3\\sacsess.exe</Data><Data Name='HandleId'>0x74c</Data><Data Name='OldSd'></Data><Data Name='NewSd'>S:ARAI(AU;SAFA;DCLCRPCRSDWDWO;;;WD)</Data><Data Name='ProcessId'>0x1cf0</Data><Data Name='ProcessName'>C:\\Windows\\System32\\wuauclt.exe</Data></EventData></Event>"
        }
      },
      {
        "_index" : "ed_eventsecurity",
        "_type" : "_doc",
        "_id" : "SOhxfosB12YpCLTn1dGi",
        "_score" : 1.0,
        "_source" : {
          "eventrecordid" : 47905,
          "providername" : "Microsoft-Windows-Security-Auditing",
          "providerguid" : "{54849625-5478-4994-A5BA-3E3B0328C30D}",
          "eventid" : 0,
          "version" : 0,
          "level" : "AUDIT",
          "keywords" : "Audit Success",
          "task" : 13568,
          "opcode" : 0,
          "createdsystemtime" : 1694584392,
          "correlationactivityid" : "0",
          "correlationrelatedactivityid" : "0",
          "executionprocessid" : 4,
          "executionthreadid" : 4048,
          "channel" : "Security",
          "computer" : "DESKTOP-JAVQUL0",
          "securityuserid" : "0",
          "evtrenderdata" : "<Event xmlns='http://schemas.microsoft.com/win/2004/08/events/event'><System><Provider Name='Microsoft-Windows-Security-Auditing' Guid='{54849625-5478-4994-a5ba-3e3b0328c30d}'/><EventID>4907</EventID><Version>0</Version><Level>0</Level><Task>13568</Task><Opcode>0</Opcode><Keywords>0x8020000000000000</Keywords><TimeCreated SystemTime='2023-09-13T05:53:12.2627475Z'/><EventRecordID>47905</EventRecordID><Correlation/><Execution ProcessID='4' ThreadID='4048'/><Channel>Security</Channel><Computer>DESKTOP-JAVQUL0</Computer><Security/></System><EventData><Data Name='SubjectUserSid'>S-1-5-18</Data><Data Name='SubjectUserName'>DESKTOP-JAVQUL0$</Data><Data Name='SubjectDomainName'>WORKGROUP</Data><Data Name='SubjectLogonId'>0x3e7</Data><Data Name='ObjectServer'>Security</Data><Data Name='ObjectType'>File</Data><Data Name='ObjectName'>C:\\$WinREAgent\\Scratch\\Mount\\Windows\\WinSxS\\amd64_microsoft-windows-font-fms.resources_31bf3856ad364e35_10.0.19041.1_nl-nl_71819cfd2f10d8e7\\fms.dll.mui</Data><Data Name='HandleId'>0xa98</Data><Data Name='OldSd'></Data><Data Name='NewSd'>S:ARAI(AU;SAFA;DCLCRPCRSDWDWO;;;WD)</Data><Data Name='ProcessId'>0x1cf0</Data><Data Name='ProcessName'>C:\\Windows\\System32\\wuauclt.exe</Data></EventData></Event>",
