          "uuid" : "199c4625-cb70-4f4f-84a0-0b242f411c57",
          "agent" : "4351e65177a44163bacf619f55a0eab0",
          "agentIP" : "103.103.33.14",
          "agentName" : "DESKTOP",
          "item_main" : "5379",
          "date_main" : 1696763333,
          "type_main" : "usb",
          "etc_main" : "<Event xmlns='http://schemas.microsoft.com/win/2004/08/events/event'><System><Provider Name='Microsoft-Windows-Security-Auditing' Guid='{54849625-5478-4994-a5ba-3e3b0328c30d}'/><EventID>5379</EventID><Version>0</Version><Level>0</Level><Task>13824</Task><Opcode>0</Opcode><Keywords>0x8020000000000000</Keywords><TimeCreated SystemTime='2023-10-08T11:08:53.6891694Z'/><EventRecordID>565861</EventRecordID><Correlation ActivityID='{2f9b351b-e891-0002-ac35-9b2f91e8d901}'/><Execution ProcessID='1336' ThreadID='24372'/><Channel>Security</Channel><Computer>MSI</Computer><Security/></System><EventData><Data Name='SubjectUserSid'>S-1-5-21-3414511439-2402517761-651233876-1001</Data><Data Name='SubjectUserName'>jim10</Data><Data Name='SubjectDomainName'>MSI</Data><Data Name='SubjectLogonId'>0x390d7</Data><Data Name='TargetName'>WindowsLive:target=virtualapp/didlogical</Data><Data Name='Type'>0</Data><Data Name='CountOfCredentialsReturned'>1</Data><Data Name='ReadOperation'>%%8100</Data><Data Name='ReturnCode'>0</Data><Data Name='ProcessCreationTime'>2023-10-08T11:08:53.6421768Z</Data><Data Name='ClientProcessId'>23284</Data></EventData></Event>"
        }
      },
      {
        "_index" : "ed_eventsecurity",
        "_type" : "_doc",
        "_id" : "udEIcIsB12YpCLTnBctR",
        "_score" : 1.0,
        "_source" : {
          "eventrecordid" : 571913,
          "providername" : "Microsoft-Windows-Security-Auditing",
          "providerguid" : "{54849625-5478-4994-A5BA-3E3B0328C30D}",
          "eventid" : 0,
          "version" : 0,
          "level" : "AUDIT",
          "keywords" : "Audit Success",
          "task" : 13826,
          "opcode" : 0,
          "createdsystemtime" : 1696940656,
          "correlationactivityid" : "{2F9B351B-E891-0002-AC35-9B2F91E8D901}",
          "correlationrelatedactivityid" : "0",
          "executionprocessid" : 1336,
          "executionthreadid" : 4580,
          "channel" : "Security",
          "computer" : "MSI",
          "securityuserid" : "0",
          "evtrenderdata" : "<Event xmlns='http://schemas.microsoft.com/win/2004/08/events/event'><System><Provider Name='Microsoft-Windows-Security-Auditing' Guid='{54849625-5478-4994-a5ba-3e3b0328c30d}'/><EventID>4799</EventID><Version>0</Version><Level>0</Level><Task>13826</Task><Opcode>0</Opcode><Keywords>0x8020000000000000</Keywords><TimeCreated SystemTime='2023-10-10T12:24:16.9448906Z'/><EventRecordID>571913</EventRecordID><Correlation ActivityID='{2f9b351b-e891-0002-ac35-9b2f91e8d901}'/><Execution ProcessID='1336' ThreadID='4580'/><Channel>Security</Channel><Computer>MSI</Computer><Security/></System><EventData><Data Name='TargetUserName'>Administrators</Data><Data Name='TargetDomainName'>Builtin</Data><Data Name='TargetSid'>S-1-5-32-544</Data><Data Name='SubjectUserSid'>S-1-5-18</Data><Data Name='SubjectUserName'>MSI$</Data><Data Name='SubjectDomainName'>WORKGROUP</Data><Data Name='SubjectLogonId'>0x3e7</Data><Data Name='CallerProcessId'>0x5850</Data><Data Name='CallerProcessName'>C:\\Windows\\System32\\svchost.exe</Data></EventData></Event>",
          "uuid" : "46250490-6e26-474f-ad57-4c63bbeeeb1c",
          "agent" : "4351e65177a44163bacf619f55a0eab0",
          "agentIP" : "103.103.33.14",
          "agentName" : "DESKTOP",
          "item_main" : "4799",
          "date_main" : 1696940656,
          "type_main" : "usb",
          "etc_main" : "<Event xmlns='http://schemas.microsoft.com/win/2004/08/events/event'><System><Provider Name='Microsoft-Windows-Security-Auditing' Guid='{54849625-5478-4994-a5ba-3e3b0328c30d}'/><EventID>4799</EventID><Version>0</Version><Level>0</Level><Task>13826</Task><Opcode>0</Opcode><Keywords>0x8020000000000000</Keywords><TimeCreated SystemTime='2023-10-10T12:24:16.9448906Z'/><EventRecordID>571913</EventRecordID><Correlation ActivityID='{2f9b351b-e891-0002-ac35-9b2f91e8d901}'/><Execution ProcessID='1336' ThreadID='4580'/><Channel>Security</Channel><Computer>MSI</Computer><Security/></System><EventData><Data Name='TargetUserName'>Administrators</Data><Data Name='TargetDomainName'>Builtin</Data><Data Name='TargetSid'>S-1-5-32-544</Data><Data Name='SubjectUserSid'>S-1-5-18</Data><Data Name='SubjectUserName'>MSI$</Data><Data Name='SubjectDomainName'>WORKGROUP</Data><Data Name='SubjectLogonId'>0x3e7</Data><Data Name='CallerProcessId'>0x5850</Data><Data Name='CallerProcessName'>C:\\Windows\\System32\\svchost.exe</Data></EventData></Event>"
        }
      },
      {
        "_index" : "ed_eventsecurity",
        "_type" : "_doc",
        "_id" : "Z9EIcIsB12YpCLTnBc5S",
        "_score" : 1.0,
        "_source" : {
          "eventrecordid" : 572256,
          "providername" : "Microsoft-Windows-Security-Auditing",
          "providerguid" : "{54849625-5478-4994-A5BA-3E3B0328C30D}",
          "eventid" : 0,
          "version" : 0,
          "level" : "AUDIT",
          "keywords" : "Audit Success",
          "task" : 13824,
          "opcode" : 0,
          "createdsystemtime" : 1696954422,
          "correlationactivityid" : "{2F9B351B-E891-0002-AC35-9B2F91E8D901}",
          "correlationrelatedactivityid" : "0",
          "executionprocessid" : 1336,
          "executionthreadid" : 17864,
          "channel" : "Security",
          "computer" : "MSI",
          "securityuserid" : "0",
          "evtrenderdata" : "<Event xmlns='http://schemas.microsoft.com/win/2004/08/events/event'><System><Provider Name='Microsoft-Windows-Security-Auditing' Guid='{54849625-5478-4994-a5ba-3e3b0328c30d}'/><EventID>5379</EventID><Version>0</Version><Level>0</Level><Task>13824</Task><Opcode>0</Opcode><Keywords>0x8020000000000000</Keywords><TimeCreated SystemTime='2023-10-10T16:13:42.1034376Z'/><EventRecordID>572256</EventRecordID><Correlation ActivityID='{2f9b351b-e891-0002-ac35-9b2f91e8d901}'/><Execution ProcessID='1336' ThreadID='17864'/><Channel>Security</Channel><Computer>MSI</Computer><Security/></System><EventData><Data Name='SubjectUserSid'>S-1-5-18</Data><Data Name='SubjectUserName'>MSI$</Data><Data Name='SubjectDomainName'>WORKGROUP</Data><Data Name='SubjectLogonId'>0x3e7</Data><Data Name='TargetName'>WindowsLive:(cert):name=02beairehiclxtep;serviceuri=*</Data><Data Name='Type'>0</Data><Data Name='CountOfCredentialsReturned'>0</Data><Data Name='ReadOperation'>%%8100</Data><Data Name='ReturnCode'>3221226021</Data><Data Name='ProcessCreationTime'>2023-10-10T16:13:42.0596625Z</Data><Data Name='ClientProcessId'>14972</Data></EventData></Event>",
          "uuid" : "505b9d00-64b0-4383-9f6f-6fde1146253a",
          "agent" : "4351e65177a44163bacf619f55a0eab0",
          "agentIP" : "103.103.33.14",
          "agentName" : "DESKTOP",
          "item_main" : "5379",
          "date_main" : 1696954422,
          "type_main" : "usb",
          "etc_main" : "<Event xmlns='http://schemas.microsoft.com/win/2004/08/events/event'><System><Provider Name='Microsoft-Windows-Security-Auditing' Guid='{54849625-5478-4994-a5ba-3e3b0328c30d}'/><EventID>5379</EventID><Version>0</Version><Level>0</Level><Task>13824</Task><Opcode>0</Opcode><Keywords>0x8020000000000000</Keywords><TimeCreated SystemTime='2023-10-10T16:13:42.1034376Z'/><EventRecordID>572256</EventRecordID><Correlation ActivityID='{2f9b351b-e891-0002-ac35-9b2f91e8d901}'/><Execution ProcessID='1336' ThreadID='17864'/><Channel>Security</Channel><Computer>MSI</Computer><Security/></System><EventData><Data Name='SubjectUserSid'>S-1-5-18</Data><Data Name='SubjectUserName'>MSI$</Data><Data Name='SubjectDomainName'>WORKGROUP</Data><Data Name='SubjectLogonId'>0x3e7</Data><Data Name='TargetName'>WindowsLive:(cert):name=02beairehiclxtep;serviceuri=*</Data><Data Name='Type'>0</Data><Data Name='CountOfCredentialsReturned'>0</Data><Data Name='ReadOperation'>%%8100</Data><Data Name='ReturnCode'>3221226021</Data><Data Name='ProcessCreationTime'>2023-10-10T16:13:42.0596625Z</Data><Data Name='ClientProcessId'>14972</Data></EventData></Event>"
        }
      },
      {
        "_index" : "ed_eventsecurity",
        "_type" : "_doc",
        "_id" : "_9EIcIsB12YpCLTnI-Dm",
        "_score" : 1.0,
        "_source" : {
          "eventrecordid" : 574625,
          "providername" : "Microsoft-Windows-Security-Auditing",
          "providerguid" : "{54849625-5478-4994-A5BA-3E3B0328C30D}",
          "eventid" : 0,
          "version" : 0,
          "level" : "AUDIT",
          "keywords" : "Audit Success",
          "task" : 13568,
          "opcode" : 0,
          "createdsystemtime" : 1696983925,
          "correlationactivityid" : "0",
          "correlationrelatedactivityid" : "0",
          "executionprocessid" : 4,
          "executionthreadid" : 4648,
          "channel" : "Security",
          "computer" : "MSI",
          "securityuserid" : "0",
          "evtrenderdata" : "<Event xmlns='http://schemas.microsoft.com/win/2004/08/events/event'><System><Provider Name='Microsoft-Windows-Security-Auditing' Guid='{54849625-5478-4994-a5ba-3e3b0328c30d}'/><EventID>4907</EventID><Version>0</Version><Level>0</Level><Task>13568</Task><Opcode>0</Opcode><Keywords>0x8020000000000000</Keywords><TimeCreated SystemTime='2023-10-11T00:25:25.6464870Z'/><EventRecordID>574625</EventRecordID><Correlation/><Execution ProcessID='4' ThreadID='4648'/><Channel>Security</Channel><Computer>MSI</Computer><Security/></System><EventData><Data Name='SubjectUserSid'>S-1-5-18</Data><Data Name='SubjectUserName'>MSI$</Data><Data Name='SubjectDomainName'>WORKGROUP</Data><Data Name='SubjectLogonId'>0x3e7</Data><Data Name='ObjectServer'>Security</Data><Data Name='ObjectType'>File</Data><Data Name='ObjectName'>C:\\$WinREAgent\\Scratch\\Mount\\Windows\\WinSxS\\amd64_microsoft-windows-store-licensemanager_31bf3856ad364e35_10.0.22621.1_none_97a0ec5eb4f52793\\LicenseManager.dll</Data><Data Name='HandleId'>0xa58</Data><Data Name='OldSd'></Data><Data Name='NewSd'>S:ARAI(AU;SAFA;DCLCRPCRSDWDWO;;;WD)</Data><Data Name='ProcessId'>0x5414</Data><Data Name='ProcessName'>C:\\Windows\\UUS\\Packages\\Preview\\amd64\\wuaucltcore.exe</Data></EventData></Event>",
          "uuid" : "2c7dd8e7-8699-4bc8-97a4-935c3099a349",
          "agent" : "4351e65177a44163bacf619f55a0eab0",
          "agentIP" : "103.103.33.14",
          "agentName" : "DESKTOP",
          "item_main" : "4907",
          "date_main" : 1696983925,
          "type_main" : "usb",
          "etc_main" : "<Event xmlns='http://schemas.microsoft.com/win/2004/08/events/event'><System><Provider Name='Microsoft-Windows-Security-Auditing' Guid='{54849625-5478-4994-a5ba-3e3b0328c30d}'/><EventID>4907</EventID><Version>0</Version><Level>0</Level><Task>13568</Task><Opcode>0</Opcode><Keywords>0x8020000000000000</Keywords><TimeCreated SystemTime='2023-10-11T00:25:25.6464870Z'/><EventRecordID>574625</EventRecordID><Correlation/><Execution ProcessID='4' ThreadID='4648'/><Channel>Security</Channel><Computer>MSI</Computer><Security/></System><EventData><Data Name='SubjectUserSid'>S-1-5-18</Data><Data Name='SubjectUserName'>MSI$</Data><Data Name='SubjectDomainName'>WORKGROUP</Data><Data Name='SubjectLogonId'>0x3e7</Data><Data Name='ObjectServer'>Security</Data><Data Name='ObjectType'>File</Data><Data Name='ObjectName'>C:\\$WinREAgent\\Scratch\\Mount\\Windows\\WinSxS\\amd64_microsoft-windows-store-licensemanager_31bf3856ad364e35_10.0.22621.1_none_97a0ec5eb4f52793\\LicenseManager.dll</Data><Data Name='HandleId'>0xa58</Data><Data Name='OldSd'></Data><Data Name='NewSd'>S:ARAI(AU;SAFA;DCLCRPCRSDWDWO;;;WD)</Data><Data Name='ProcessId'>0x5414</Data><Data Name='ProcessName'>C:\\Windows\\UUS\\Packages\\Preview\\amd64\\wuaucltcore.exe</Data></EventData></Event>"
        }
      },
      {
        "_index" : "ed_eventsecurity",
        "_type" : "_doc",
        "_id" : "-dEIcIsB12YpCLTnI-Tn",
        "_score" : 1.0,
        "_source" : {
          "eventrecordid" : 575134,
          "providername" : "Microsoft-Windows-Security-Auditing",
          "providerguid" : "{54849625-5478-4994-A5BA-3E3B0328C30D}",
          "eventid" : 0,
          "version" : 0,
          "level" : "AUDIT",
          "keywords" : "Audit Success",
          "task" : 13568,
          "opcode" : 0,
          "createdsystemtime" : 1696983926,
          "correlationactivityid" : "0",
          "correlationrelatedactivityid" : "0",
          "executionprocessid" : 4,
          "executionthreadid" : 27600,
          "channel" : "Security",
          "computer" : "MSI",
          "securityuserid" : "0",
          "evtrenderdata" : "<Event xmlns='http://schemas.microsoft.com/win/2004/08/events/event'><System><Provider Name='Microsoft-Windows-Security-Auditing' Guid='{54849625-5478-4994-a5ba-3e3b0328c30d}'/><EventID>4907</EventID><Version>0</Version><Level>0</Level><Task>13568</Task><Opcode>0</Opcode><Keywords>0x8020000000000000</Keywords><TimeCreated SystemTime='2023-10-11T00:25:26.1630883Z'/><EventRecordID>575134</EventRecordID><Correlation/><Execution ProcessID='4' ThreadID='27600'/><Channel>Security</Channel><Computer>MSI</Computer><Security/></System><EventData><Data Name='SubjectUserSid'>S-1-5-18</Data><Data Name='SubjectUserName'>MSI$</Data><Data Name='SubjectDomainName'>WORKGROUP</Data><Data Name='SubjectLogonId'>0x3e7</Data><Data Name='ObjectServer'>Security</Data><Data Name='ObjectType'>File</Data><Data Name='ObjectName'>C:\\$WinREAgent\\Scratch\\Mount\\Windows\\WinSxS\\amd64_microsoft-windows-winsrv_31bf3856ad364e35_10.0.22621.1_none_18146256901365ea\\winsrv.dll</Data><Data Name='HandleId'>0xef4</Data><Data Name='OldSd'></Data><Data Name='NewSd'>S:ARAI(AU;SAFA;DCLCRPCRSDWDWO;;;WD)</Data><Data Name='ProcessId'>0x5414</Data><Data Name='ProcessName'>C:\\Windows\\UUS\\Packages\\Preview\\amd64\\wuaucltcore.exe</Data></EventData></Event>",
          "uuid" : "78ef44f2-7f79-4257-a7d5-79fdee959745",
          "agent" : "4351e65177a44163bacf619f55a0eab0",
          "agentIP" : "103.103.33.14",
          "agentName" : "DESKTOP",
          "item_main" : "4907",
          "date_main" : 1696983926,
          "type_main" : "usb",
          "etc_main" : "<Event xmlns='http://schemas.microsoft.com/win/2004/08/events/event'><System><Provider Name='Microsoft-Windows-Security-Auditing' Guid='{54849625-5478-4994-a5ba-3e3b0328c30d}'/><EventID>4907</EventID><Version>0</Version><Level>0</Level><Task>13568</Task><Opcode>0</Opcode><Keywords>0x8020000000000000</Keywords><TimeCreated SystemTime='2023-10-11T00:25:26.1630883Z'/><EventRecordID>575134</EventRecordID><Correlation/><Execution ProcessID='4' ThreadID='27600'/><Channel>Security</Channel><Computer>MSI</Computer><Security/></System><EventData><Data Name='SubjectUserSid'>S-1-5-18</Data><Data Name='SubjectUserName'>MSI$</Data><Data Name='SubjectDomainName'>WORKGROUP</Data><Data Name='SubjectLogonId'>0x3e7</Data><Data Name='ObjectServer'>Security</Data><Data Name='ObjectType'>File</Data><Data Name='ObjectName'>C:\\$WinREAgent\\Scratch\\Mount\\Windows\\WinSxS\\amd64_microsoft-windows-winsrv_31bf3856ad364e35_10.0.22621.1_none_18146256901365ea\\winsrv.dll</Data><Data Name='HandleId'>0xef4</Data><Data Name='OldSd'></Data><Data Name='NewSd'>S:ARAI(AU;SAFA;DCLCRPCRSDWDWO;;;WD)</Data><Data Name='ProcessId'>0x5414</Data><Data Name='ProcessName'>C:\\Windows\\UUS\\Packages\\Preview\\amd64\\wuaucltcore.exe</Data></EventData></Event>"
        }
      },
      {
        "_index" : "ed_eventsecurity",
        "_type" : "_doc",
        "_id" : "MdEHcIsB12YpCLTn5amx",
        "_score" : 1.0,
        "_source" : {
          "eventrecordid" : 567505,
          "providername" : "Microsoft-Windows-Security-Auditing",
          "providerguid" : "{54849625-5478-4994-A5BA-3E3B0328C30D}",
          "eventid" : 0,
          "version" : 0,
          "level" : "AUDIT",
          "keywords" : "Audit Success",
          "task" : 13824,
          "opcode" : 0,
          "createdsystemtime" : 1696813811,
          "correlationactivityid" : "{2F9B351B-E891-0002-AC35-9B2F91E8D901}",
          "correlationrelatedactivityid" : "0",
          "executionprocessid" : 1336,
          "executionthreadid" : 21796,
          "channel" : "Security",
          "computer" : "MSI",
          "securityuserid" : "0",
          "evtrenderdata" : "<Event xmlns='http://schemas.microsoft.com/win/2004/08/events/event'><System><Provider Name='Microsoft-Windows-Security-Auditing' Guid='{54849625-5478-4994-a5ba-3e3b0328c30d}'/><EventID>5379</EventID><Version>0</Version><Level>0</Level><Task>13824</Task><Opcode>0</Opcode><Keywords>0x8020000000000000</Keywords><TimeCreated SystemTime='2023-10-09T01:10:11.5169668Z'/><EventRecordID>567505</EventRecordID><Correlation ActivityID='{2f9b351b-e891-0002-ac35-9b2f91e8d901}'/><Execution ProcessID='1336' ThreadID='21796'/><Channel>Security</Channel><Computer>MSI</Computer><Security/></System><EventData><Data Name='SubjectUserSid'>S-1-5-21-3414511439-2402517761-651233876-1001</Data><Data Name='SubjectUserName'>jim10</Data><Data Name='SubjectDomainName'>MSI</Data><Data Name='SubjectLogonId'>0x390d7</Data><Data Name='TargetName'>MicrosoftAccount:user=jim1010336@gmail.com</Data><Data Name='Type'>0</Data><Data Name='CountOfCredentialsReturned'>1</Data><Data Name='ReadOperation'>%%8100</Data><Data Name='ReturnCode'>0</Data><Data Name='ProcessCreationTime'>2023-10-09T01:10:11.4712544Z</Data><Data Name='ClientProcessId'>23784</Data></EventData></Event>",
          "uuid" : "a84625ec-ba51-4c20-85d3-8ed6e8012a8f",
          "agent" : "4351e65177a44163bacf619f55a0eab0",
          "agentIP" : "103.103.33.14",
          "agentName" : "DESKTOP",
          "item_main" : "5379",
          "date_main" : 1696813811,
          "type_main" : "usb",
          "etc_main" : "<Event xmlns='http://schemas.microsoft.com/win/2004/08/events/event'><System><Provider Name='Microsoft-Windows-Security-Auditing' Guid='{54849625-5478-4994-a5ba-3e3b0328c30d}'/><EventID>5379</EventID><Version>0</Version><Level>0</Level><Task>13824</Task><Opcode>0</Opcode><Keywords>0x8020000000000000</Keywords><TimeCreated SystemTime='2023-10-09T01:10:11.5169668Z'/><EventRecordID>567505</EventRecordID><Correlation ActivityID='{2f9b351b-e891-0002-ac35-9b2f91e8d901}'/><Execution ProcessID='1336' ThreadID='21796'/><Channel>Security</Channel><Computer>MSI</Computer><Security/></System><EventData><Data Name='SubjectUserSid'>S-1-5-21-3414511439-2402517761-651233876-1001</Data><Data Name='SubjectUserName'>jim10</Data><Data Name='SubjectDomainName'>MSI</Data><Data Name='SubjectLogonId'>0x390d7</Data><Data Name='TargetName'>MicrosoftAccount:user=jim1010336@gmail.com</Data><Data Name='Type'>0</Data><Data Name='CountOfCredentialsReturned'>1</Data><Data Name='ReadOperation'>%%8100</Data><Data Name='ReturnCode'>0</Data><Data Name='ProcessCreationTime'>2023-10-09T01:10:11.4712544Z</Data><Data Name='ClientProcessId'>23784</Data></EventData></Event>"
        }
      },
      {
        "_index" : "ed_eventsecurity",
        "_type" : "_doc",
        "_id" : "g9EHcIsB12YpCLTn5bOy",
        "_score" : 1.0,
        "_source" : {
          "eventrecordid" : 568826,
          "providername" : "Microsoft-Windows-Security-Auditing",
          "providerguid" : "{54849625-5478-4994-A5BA-3E3B0328C30D}",
          "eventid" : 0,
          "version" : 0,
          "level" : "AUDIT",
          "keywords" : "Audit Success",
          "task" : 13824,
          "opcode" : 0,
          "createdsystemtime" : 1696851377,
          "correlationactivityid" : "{2F9B351B-E891-0002-AC35-9B2F91E8D901}",
          "correlationrelatedactivityid" : "0",
          "executionprocessid" : 1336,
          "executionthreadid" : 24656,
          "channel" : "Security",
          "computer" : "MSI",
          "securityuserid" : "0",
          "evtrenderdata" : "<Event xmlns='http://schemas.microsoft.com/win/2004/08/events/event'><System><Provider Name='Microsoft-Windows-Security-Auditing' Guid='{54849625-5478-4994-a5ba-3e3b0328c30d}'/><EventID>5379</EventID><Version>0</Version><Level>0</Level><Task>13824</Task><Opcode>0</Opcode><Keywords>0x8020000000000000</Keywords><TimeCreated SystemTime='2023-10-09T11:36:17.5462544Z'/><EventRecordID>568826</EventRecordID><Correlation ActivityID='{2f9b351b-e891-0002-ac35-9b2f91e8d901}'/><Execution ProcessID='1336' ThreadID='24656'/><Channel>Security</Channel><Computer>MSI</Computer><Security/></System><EventData><Data Name='SubjectUserSid'>S-1-5-21-3414511439-2402517761-651233876-1001</Data><Data Name='SubjectUserName'>jim10</Data><Data Name='SubjectDomainName'>MSI</Data><Data Name='SubjectLogonId'>0x390d7</Data><Data Name='TargetName'>MicrosoftAccount:user=jim1010336@gmail.com</Data><Data Name='Type'>0</Data><Data Name='CountOfCredentialsReturned'>1</Data><Data Name='ReadOperation'>%%8100</Data><Data Name='ReturnCode'>0</Data><Data Name='ProcessCreationTime'>2023-10-09T11:36:17.5118325Z</Data><Data Name='ClientProcessId'>2968</Data></EventData></Event>",
          "uuid" : "08ad5e0b-d7fe-43db-ad02-927f7741502f",
          "agent" : "4351e65177a44163bacf619f55a0eab0",
          "agentIP" : "103.103.33.14",
          "agentName" : "DESKTOP",
          "item_main" : "5379",
          "date_main" : 1696851377,
          "type_main" : "usb",
          "etc_main" : "<Event xmlns='http://schemas.microsoft.com/win/2004/08/events/event'><System><Provider Name='Microsoft-Windows-Security-Auditing' Guid='{54849625-5478-4994-a5ba-3e3b0328c30d}'/><EventID>5379</EventID><Version>0</Version><Level>0</Level><Task>13824</Task><Opcode>0</Opcode><Keywords>0x8020000000000000</Keywords><TimeCreated SystemTime='2023-10-09T11:36:17.5462544Z'/><EventRecordID>568826</EventRecordID><Correlation ActivityID='{2f9b351b-e891-0002-ac35-9b2f91e8d901}'/><Execution ProcessID='1336' ThreadID='24656'/><Channel>Security</Channel><Computer>MSI</Computer><Security/></System><EventData><Data Name='SubjectUserSid'>S-1-5-21-3414511439-2402517761-651233876-1001</Data><Data Name='SubjectUserName'>jim10</Data><Data Name='SubjectDomainName'>MSI</Data><Data Name='SubjectLogonId'>0x390d7</Data><Data Name='TargetName'>MicrosoftAccount:user=jim1010336@gmail.com</Data><Data Name='Type'>0</Data><Data Name='CountOfCredentialsReturned'>1</Data><Data Name='ReadOperation'>%%8100</Data><Data Name='ReturnCode'>0</Data><Data Name='ProcessCreationTime'>2023-10-09T11:36:17.5118325Z</Data><Data Name='ClientProcessId'>2968</Data></EventData></Event>"
        }
      },
      {
        "_index" : "ed_eventsecurity",
        "_type" : "_doc",
        "_id" : "A9EHcIsB12YpCLTn5bWy",
        "_score" : 1.0,
        "_source" : {
          "eventrecordid" : 569018,
          "providername" : "Microsoft-Windows-Security-Auditing",
          "providerguid" : "{54849625-5478-4994-A5BA-3E3B0328C30D}",
          "eventid" : 0,
          "version" : 0,
          "level" : "AUDIT",
          "keywords" : "Audit Success",
          "task" : 13824,
          "opcode" : 0,
          "createdsystemtime" : 1696851890,
          "correlationactivityid" : "0",
          "correlationrelatedactivityid" : "0",
          "executionprocessid" : 1336,
          "executionthreadid" : 12160,
          "channel" : "Security",
          "computer" : "MSI",
          "securityuserid" : "0",
          "evtrenderdata" : "<Event xmlns='http://schemas.microsoft.com/win/2004/08/events/event'><System><Provider Name='Microsoft-Windows-Security-Auditing' Guid='{54849625-5478-4994-a5ba-3e3b0328c30d}'/><EventID>5382</EventID><Version>0</Version><Level>0</Level><Task>13824</Task><Opcode>0</Opcode><Keywords>0x8020000000000000</Keywords><TimeCreated SystemTime='2023-10-09T11:44:50.3230994Z'/><EventRecordID>569018</EventRecordID><Correlation/><Execution ProcessID='1336' ThreadID='12160'/><Channel>Security</Channel><Computer>MSI</Computer><Security/></System><EventData><Data Name='SubjectUserSid'>S-1-5-18</Data><Data Name='SubjectUserName'>MSI$</Data><Data Name='SubjectDomainName'>WORKGROUP</Data><Data Name='SubjectLogonId'>0x3e7</Data><Data Name='SchemaFriendlyName'>NGC Local Accoount Logon Vault Resource Schema</Data><Data Name='Schema'>{1d4350a3-330d-4af9-b3ff-a927a45998ac}</Data><Data Name='Resource'>NGC Local Accoount Logon Vault Resource</Data><Data Name='Identity'>0105000000000005150000004F4F85CB0183338F540AD126E9030000</Data><Data Name='PackageSid'></Data><Data Name='Flags'>0</Data><Data Name='ReturnCode'>1168</Data><Data Name='ProcessCreationTime'>2023-09-16T11:30:36.8430016Z</Data><Data Name='ClientProcessId'>8748</Data></EventData></Event>",
          "uuid" : "adaf939d-5900-4625-93fd-9ccda6a87a04",
          "agent" : "4351e65177a44163bacf619f55a0eab0",
          "agentIP" : "103.103.33.14",
          "agentName" : "DESKTOP",
          "item_main" : "5382",
          "date_main" : 1696851890,
          "type_main" : "usb",
          "etc_main" : "<Event xmlns='http://schemas.microsoft.com/win/2004/08/events/event'><System><Provider Name='Microsoft-Windows-Security-Auditing' Guid='{54849625-5478-4994-a5ba-3e3b0328c30d}'/><EventID>5382</EventID><Version>0</Version><Level>0</Level><Task>13824</Task><Opcode>0</Opcode><Keywords>0x8020000000000000</Keywords><TimeCreated SystemTime='2023-10-09T11:44:50.3230994Z'/><EventRecordID>569018</EventRecordID><Correlation/><Execution ProcessID='1336' ThreadID='12160'/><Channel>Security</Channel><Computer>MSI</Computer><Security/></System><EventData><Data Name='SubjectUserSid'>S-1-5-18</Data><Data Name='SubjectUserName'>MSI$</Data><Data Name='SubjectDomainName'>WORKGROUP</Data><Data Name='SubjectLogonId'>0x3e7</Data><Data Name='SchemaFriendlyName'>NGC Local Accoount Logon Vault Resource Schema</Data><Data Name='Schema'>{1d4350a3-330d-4af9-b3ff-a927a45998ac}</Data><Data Name='Resource'>NGC Local Accoount Logon Vault Resource</Data><Data Name='Identity'>0105000000000005150000004F4F85CB0183338F540AD126E9030000</Data><Data Name='PackageSid'></Data><Data Name='Flags'>0</Data><Data Name='ReturnCode'>1168</Data><Data Name='ProcessCreationTime'>2023-09-16T11:30:36.8430016Z</Data><Data Name='ClientProcessId'>8748</Data></EventData></Event>"
        }
      },
      {
        "_index" : "ed_eventsecurity",
        "_type" : "_doc",
        "_id" : "LdEIcIsB12YpCLTnBdxU",
        "_score" : 1.0,
        "_source" : {
          "eventrecordid" : 574019,
          "providername" : "Microsoft-Windows-Security-Auditing",
          "providerguid" : "{54849625-5478-4994-A5BA-3E3B0328C30D}",
          "eventid" : 0,
          "version" : 0,
          "level" : "AUDIT",
          "keywords" : "Audit Success",
          "task" : 13568,
          "opcode" : 0,
          "createdsystemtime" : 1696983925,
          "correlationactivityid" : "0",
          "correlationrelatedactivityid" : "0",
          "executionprocessid" : 4,
          "executionthreadid" : 27600,
          "channel" : "Security",
          "computer" : "MSI",
          "securityuserid" : "0",
          "evtrenderdata" : "<Event xmlns='http://schemas.microsoft.com/win/2004/08/events/event'><System><Provider Name='Microsoft-Windows-Security-Auditing' Guid='{54849625-5478-4994-a5ba-3e3b0328c30d}'/><EventID>4907</EventID><Version>0</Version><Level>0</Level><Task>13568</Task><Opcode>0</Opcode><Keywords>0x8020000000000000</Keywords><TimeCreated SystemTime='2023-10-11T00:25:25.0474625Z'/><EventRecordID>574019</EventRecordID><Correlation/><Execution ProcessID='4' ThreadID='27600'/><Channel>Security</Channel><Computer>MSI</Computer><Security/></System><EventData><Data Name='SubjectUserSid'>S-1-5-18</Data><Data Name='SubjectUserName'>MSI$</Data><Data Name='SubjectDomainName'>WORKGROUP</Data><Data Name='SubjectLogonId'>0x3e7</Data><Data Name='ObjectServer'>Security</Data><Data Name='ObjectType'>File</Data><Data Name='ObjectName'>C:\\$WinREAgent\\Scratch\\Mount\\Windows\\WinSxS\\amd64_microsoft-windows-b..-configuration-data_31bf3856ad364e35_10.0.22621.1_none_64023d2613ad6f8b\\bcd.dll</Data><Data Name='HandleId'>0xda4</Data><Data Name='OldSd'></Data><Data Name='NewSd'>S:ARAI(AU;SAFA;DCLCRPCRSDWDWO;;;WD)</Data><Data Name='ProcessId'>0x5414</Data><Data Name='ProcessName'>C:\\Windows\\UUS\\Packages\\Preview\\amd64\\wuaucltcore.exe</Data></EventData></Event>",
          "uuid" : "216b368e-6e49-412c-b3db-22072c34bc43",
          "agent" : "4351e65177a44163bacf619f55a0eab0",
          "agentIP" : "103.103.33.14",
          "agentName" : "DESKTOP",
          "item_main" : "4907",
          "date_main" : 1696983925,
          "type_main" : "usb",
          "etc_main" : "<Event xmlns='http://schemas.microsoft.com/win/2004/08/events/event'><System><Provider Name='Microsoft-Windows-Security-Auditing' Guid='{54849625-5478-4994-a5ba-3e3b0328c30d}'/><EventID>4907</EventID><Version>0</Version><Level>0</Level><Task>13568</Task><Opcode>0</Opcode><Keywords>0x8020000000000000</Keywords><TimeCreated SystemTime='2023-10-11T00:25:25.0474625Z'/><EventRecordID>574019</EventRecordID><Correlation/><Execution ProcessID='4' ThreadID='27600'/><Channel>Security</Channel><Computer>MSI</Computer><Security/></System><EventData><Data Name='SubjectUserSid'>S-1-5-18</Data><Data Name='SubjectUserName'>MSI$</Data><Data Name='SubjectDomainName'>WORKGROUP</Data><Data Name='SubjectLogonId'>0x3e7</Data><Data Name='ObjectServer'>Security</Data><Data Name='ObjectType'>File</Data><Data Name='ObjectName'>C:\\$WinREAgent\\Scratch\\Mount\\Windows\\WinSxS\\amd64_microsoft-windows-b..-configuration-data_31bf3856ad364e35_10.0.22621.1_none_64023d2613ad6f8b\\bcd.dll</Data><Data Name='HandleId'>0xda4</Data><Data Name='OldSd'></Data><Data Name='NewSd'>S:ARAI(AU;SAFA;DCLCRPCRSDWDWO;;;WD)</Data><Data Name='ProcessId'>0x5414</Data><Data Name='ProcessName'>C:\\Windows\\UUS\\Packages\\Preview\\amd64\\wuaucltcore.exe</Data></EventData></Event>"
        }
      },
      {
        "_index" : "ed_eventsecurity",
        "_type" : "_doc",
        "_id" : "n9IIcIsB12YpCLTnIwPq",
        "_score" : 1.0,
        "_source" : {
          "eventrecordid" : 579057,
          "providername" : "Microsoft-Windows-Security-Auditing",
          "providerguid" : "{54849625-5478-4994-A5BA-3E3B0328C30D}",
          "eventid" : 0,
          "version" : 0,
          "level" : "AUDIT",
          "keywords" : "Audit Success",
          "task" : 13568,
          "opcode" : 0,
          "createdsystemtime" : 1696984128,
          "correlationactivityid" : "0",
          "correlationrelatedactivityid" : "0",
          "executionprocessid" : 4,
          "executionthreadid" : 22724,
          "channel" : "Security",
          "computer" : "MSI",
          "securityuserid" : "0",
          "evtrenderdata" : "<Event xmlns='http://schemas.microsoft.com/win/2004/08/events/event'><System><Provider Name='Microsoft-Windows-Security-Auditing' Guid='{54849625-5478-4994-a5ba-3e3b0328c30d}'/><EventID>4907</EventID><Version>0</Version><Level>0</Level><Task>13568</Task><Opcode>0</Opcode><Keywords>0x8020000000000000</Keywords><TimeCreated SystemTime='2023-10-11T00:28:48.4302942Z'/><EventRecordID>579057</EventRecordID><Correlation/><Execution ProcessID='4' ThreadID='22724'/><Channel>Security</Channel><Computer>MSI</Computer><Security/></System><EventData><Data Name='SubjectUserSid'>S-1-5-18</Data><Data Name='SubjectUserName'>MSI$</Data><Data Name='SubjectDomainName'>WORKGROUP</Data><Data Name='SubjectLogonId'>0x3e7</Data><Data Name='ObjectServer'>Security</Data><Data Name='ObjectType'>File</Data><Data Name='ObjectName'>C:\\Windows\\servicing\\Packages\\Microsoft-Windows-MultiPoint-Connector-Package~31bf3856ad364e35~amd64~~10.0.22621.2361.mum</Data><Data Name='HandleId'>0x67c</Data><Data Name='OldSd'></Data><Data Name='NewSd'>S:ARAI(AU;SAFA;0x1f0116;;;WD)</Data><Data Name='ProcessId'>0x6a48</Data><Data Name='ProcessName'>C:\\Windows\\WinSxS\\amd64_microsoft-windows-servicingstack_31bf3856ad364e35_10.0.22621.2423_none_e946dbb842dfcc3f\\TiWorker.exe</Data></EventData></Event>",
          "uuid" : "462500b0-3471-45ac-ba22-c483a6b3973a",
          "agent" : "4351e65177a44163bacf619f55a0eab0",
          "agentIP" : "103.103.33.14",
          "agentName" : "DESKTOP",
          "item_main" : "4907",
          "date_main" : 1696984128,
          "type_main" : "usb",
          "etc_main" : "<Event xmlns='http://schemas.microsoft.com/win/2004/08/events/event'><System><Provider Name='Microsoft-Windows-Security-Auditing' Guid='{54849625-5478-4994-a5ba-3e3b0328c30d}'/><EventID>4907</EventID><Version>0</Version><Level>0</Level><Task>13568</Task><Opcode>0</Opcode><Keywords>0x8020000000000000</Keywords><TimeCreated SystemTime='2023-10-11T00:28:48.4302942Z'/><EventRecordID>579057</EventRecordID><Correlation/><Execution ProcessID='4' ThreadID='22724'/><Channel>Security</Channel><Computer>MSI</Computer><Security/></System><EventData><Data Name='SubjectUserSid'>S-1-5-18</Data><Data Name='SubjectUserName'>MSI$</Data><Data Name='SubjectDomainName'>WORKGROUP</Data><Data Name='SubjectLogonId'>0x3e7</Data><Data Name='ObjectServer'>Security</Data><Data Name='ObjectType'>File</Data><Data Name='ObjectName'>C:\\Windows\\servicing\\Packages\\Microsoft-Windows-MultiPoint-Connector-Package~31bf3856ad364e35~amd64~~10.0.22621.2361.mum</Data><Data Name='HandleId'>0x67c</Data><Data Name='OldSd'></Data><Data Name='NewSd'>S:ARAI(AU;SAFA;0x1f0116;;;WD)</Data><Data Name='ProcessId'>0x6a48</Data><Data Name='ProcessName'>C:\\Windows\\WinSxS\\amd64_microsoft-windows-servicingstack_31bf3856ad364e35_10.0.22621.2423_none_e946dbb842dfcc3f\\TiWorker.exe</Data></EventData></Event>"
        }
      },
      {
        "_index" : "ed_eventsecurity",
        "_type" : "_doc",
        "_id" : "m9EIcIsB12YpCLTnBbZO",
        "_score" : 1.0,
        "_source" : {
          "eventrecordid" : 569210,
          "providername" : "Microsoft-Windows-Security-Auditing",
          "providerguid" : "{54849625-5478-4994-A5BA-3E3B0328C30D}",
          "eventid" : 0,
          "version" : 0,
          "level" : "AUDIT",
          "keywords" : "Audit Success",
          "task" : 13824,
          "opcode" : 0,
          "createdsystemtime" : 1696858879,
          "correlationactivityid" : "{2F9B351B-E891-0002-AC35-9B2F91E8D901}",
          "correlationrelatedactivityid" : "0",
          "executionprocessid" : 1336,
          "executionthreadid" : 25852,
          "channel" : "Security",
          "computer" : "MSI",
          "securityuserid" : "0",
          "evtrenderdata" : "<Event xmlns='http://schemas.microsoft.com/win/2004/08/events/event'><System><Provider Name='Microsoft-Windows-Security-Auditing' Guid='{54849625-5478-4994-a5ba-3e3b0328c30d}'/><EventID>4798</EventID><Version>0</Version><Level>0</Level><Task>13824</Task><Opcode>0</Opcode><Keywords>0x8020000000000000</Keywords><TimeCreated SystemTime='2023-10-09T13:41:19.7462513Z'/><EventRecordID>569210</EventRecordID><Correlation ActivityID='{2f9b351b-e891-0002-ac35-9b2f91e8d901}'/><Execution ProcessID='1336' ThreadID='25852'/><Channel>Security</Channel><Computer>MSI</Computer><Security/></System><EventData><Data Name='TargetUserName'>DefaultAccount</Data><Data Name='TargetDomainName'>MSI</Data><Data Name='TargetSid'>S-1-5-21-3414511439-2402517761-651233876-503</Data><Data Name='SubjectUserSid'>S-1-5-18</Data><Data Name='SubjectUserName'>MSI$</Data><Data Name='SubjectDomainName'>WORKGROUP</Data><Data Name='SubjectLogonId'>0x3e7</Data><Data Name='CallerProcessId'>0x3488</Data><Data Name='CallerProcessName'>C:\\Windows\\System32\\svchost.exe</Data></EventData></Event>",
          "uuid" : "07898690-b1b6-4bb9-b30b-e5d32b95a51b",
          "agent" : "4351e65177a44163bacf619f55a0eab0",
          "agentIP" : "103.103.33.14",
          "agentName" : "DESKTOP",
          "item_main" : "4798",
          "date_main" : 1696858879,
          "type_main" : "usb",
          "etc_main" : "<Event xmlns='http://schemas.microsoft.com/win/2004/08/events/event'><System><Provider Name='Microsoft-Windows-Security-Auditing' Guid='{54849625-5478-4994-a5ba-3e3b0328c30d}'/><EventID>4798</EventID><Version>0</Version><Level>0</Level><Task>13824</Task><Opcode>0</Opcode><Keywords>0x8020000000000000</Keywords><TimeCreated SystemTime='2023-10-09T13:41:19.7462513Z'/><EventRecordID>569210</EventRecordID><Correlation ActivityID='{2f9b351b-e891-0002-ac35-9b2f91e8d901}'/><Execution ProcessID='1336' ThreadID='25852'/><Channel>Security</Channel><Computer>MSI</Computer><Security/></System><EventData><Data Name='TargetUserName'>DefaultAccount</Data><Data Name='TargetDomainName'>MSI</Data><Data Name='TargetSid'>S-1-5-21-3414511439-2402517761-651233876-503</Data><Data Name='SubjectUserSid'>S-1-5-18</Data><Data Name='SubjectUserName'>MSI$</Data><Data Name='SubjectDomainName'>WORKGROUP</Data><Data Name='SubjectLogonId'>0x3e7</Data><Data Name='CallerProcessId'>0x3488</Data><Data Name='CallerProcessName'>C:\\Windows\\System32\\svchost.exe</Data></EventData></Event>"
        }
      },
      {
        "_index" : "ed_eventsecurity",
        "_type" : "_doc",
        "_id" : "kdEIcIsB12YpCLTnBbdO",
        "_score" : 1.0,
        "_source" : {
          "eventrecordid" : 569333,
          "providername" : "Microsoft-Windows-Security-Auditing",
          "providerguid" : "{54849625-5478-4994-A5BA-3E3B0328C30D}",
          "eventid" : 0,
          "version" : 0,
          "level" : "AUDIT",
          "keywords" : "Audit Success",
          "task" : 13824,
          "opcode" : 0,
          "createdsystemtime" : 1696864288,
          "correlationactivityid" : "{2F9B351B-E891-0002-AC35-9B2F91E8D901}",
          "correlationrelatedactivityid" : "0",
          "executionprocessid" : 1336,
          "executionthreadid" : 4580,
          "channel" : "Security",
          "computer" : "MSI",
          "securityuserid" : "0",
          "evtrenderdata" : "<Event xmlns='http://schemas.microsoft.com/win/2004/08/events/event'><System><Provider Name='Microsoft-Windows-Security-Auditing' Guid='{54849625-5478-4994-a5ba-3e3b0328c30d}'/><EventID>5379</EventID><Version>0</Version><Level>0</Level><Task>13824</Task><Opcode>0</Opcode><Keywords>0x8020000000000000</Keywords><TimeCreated SystemTime='2023-10-09T15:11:28.8130769Z'/><EventRecordID>569333</EventRecordID><Correlation ActivityID='{2f9b351b-e891-0002-ac35-9b2f91e8d901}'/><Execution ProcessID='1336' ThreadID='4580'/><Channel>Security</Channel><Computer>MSI</Computer><Security/></System><EventData><Data Name='SubjectUserSid'>S-1-5-21-3414511439-2402517761-651233876-1001</Data><Data Name='SubjectUserName'>jim10</Data><Data Name='SubjectDomainName'>MSI</Data><Data Name='SubjectLogonId'>0x390d7</Data><Data Name='TargetName'>WindowsLive:target=virtualapp/didlogical</Data><Data Name='Type'>0</Data><Data Name='CountOfCredentialsReturned'>1</Data><Data Name='ReadOperation'>%%8100</Data><Data Name='ReturnCode'>0</Data><Data Name='ProcessCreationTime'>2023-10-09T15:11:28.7685054Z</Data><Data Name='ClientProcessId'>25988</Data></EventData></Event>",
          "uuid" : "991f5ce8-eb68-4625-aadf-97991419f717",
          "agent" : "4351e65177a44163bacf619f55a0eab0",
          "agentIP" : "103.103.33.14",
          "agentName" : "DESKTOP",
          "item_main" : "5379",
          "date_main" : 1696864288,
          "type_main" : "usb",
          "etc_main" : "<Event xmlns='http://schemas.microsoft.com/win/2004/08/events/event'><System><Provider Name='Microsoft-Windows-Security-Auditing' Guid='{54849625-5478-4994-a5ba-3e3b0328c30d}'/><EventID>5379</EventID><Version>0</Version><Level>0</Level><Task>13824</Task><Opcode>0</Opcode><Keywords>0x8020000000000000</Keywords><TimeCreated SystemTime='2023-10-09T15:11:28.8130769Z'/><EventRecordID>569333</EventRecordID><Correlation ActivityID='{2f9b351b-e891-0002-ac35-9b2f91e8d901}'/><Execution ProcessID='1336' ThreadID='4580'/><Channel>Security</Channel><Computer>MSI</Computer><Security/></System><EventData><Data Name='SubjectUserSid'>S-1-5-21-3414511439-2402517761-651233876-1001</Data><Data Name='SubjectUserName'>jim10</Data><Data Name='SubjectDomainName'>MSI</Data><Data Name='SubjectLogonId'>0x390d7</Data><Data Name='TargetName'>WindowsLive:target=virtualapp/didlogical</Data><Data Name='Type'>0</Data><Data Name='CountOfCredentialsReturned'>1</Data><Data Name='ReadOperation'>%%8100</Data><Data Name='ReturnCode'>0</Data><Data Name='ProcessCreationTime'>2023-10-09T15:11:28.7685054Z</Data><Data Name='ClientProcessId'>25988</Data></EventData></Event>"
        }
      },
      {
        "_index" : "ed_eventsecurity",
        "_type" : "_doc",
        "_id" : "s9EIcIsB12YpCLTnBcBP",
        "_score" : 1.0,
        "_source" : {
          "eventrecordid" : 570502,
          "providername" : "Microsoft-Windows-Security-Auditing",
          "providerguid" : "{54849625-5478-4994-A5BA-3E3B0328C30D}",
          "eventid" : 0,
          "version" : 0,
          "level" : "AUDIT",
          "keywords" : "Audit Success",
          "task" : 13824,
          "opcode" : 0,
          "createdsystemtime" : 1696905750,
          "correlationactivityid" : "{2F9B351B-E891-0002-AC35-9B2F91E8D901}",
          "correlationrelatedactivityid" : "0",
          "executionprocessid" : 1336,
          "executionthreadid" : 4580,
          "channel" : "Security",
          "computer" : "MSI",
          "securityuserid" : "0",
          "evtrenderdata" : "<Event xmlns='http://schemas.microsoft.com/win/2004/08/events/event'><System><Provider Name='Microsoft-Windows-Security-Auditing' Guid='{54849625-5478-4994-a5ba-3e3b0328c30d}'/><EventID>4798</EventID><Version>0</Version><Level>0</Level><Task>13824</Task><Opcode>0</Opcode><Keywords>0x8020000000000000</Keywords><TimeCreated SystemTime='2023-10-10T02:42:30.1809995Z'/><EventRecordID>570502</EventRecordID><Correlation ActivityID='{2f9b351b-e891-0002-ac35-9b2f91e8d901}'/><Execution ProcessID='1336' ThreadID='4580'/><Channel>Security</Channel><Computer>MSI</Computer><Security/></System><EventData><Data Name='TargetUserName'>Guest</Data><Data Name='TargetDomainName'>MSI</Data><Data Name='TargetSid'>S-1-5-21-3414511439-2402517761-651233876-501</Data><Data Name='SubjectUserSid'>S-1-5-18</Data><Data Name='SubjectUserName'>MSI$</Data><Data Name='SubjectDomainName'>WORKGROUP</Data><Data Name='SubjectLogonId'>0x3e7</Data><Data Name='CallerProcessId'>0x3488</Data><Data Name='CallerProcessName'>C:\\Windows\\System32\\svchost.exe</Data></EventData></Event>",
          "uuid" : "012833f2-a5c3-4572-b4aa-5462526e3601",
          "agent" : "4351e65177a44163bacf619f55a0eab0",
          "agentIP" : "103.103.33.14",
          "agentName" : "DESKTOP",
          "item_main" : "4798",
          "date_main" : 1696905750,
          "type_main" : "usb",
          "etc_main" : "<Event xmlns='http://schemas.microsoft.com/win/2004/08/events/event'><System><Provider Name='Microsoft-Windows-Security-Auditing' Guid='{54849625-5478-4994-a5ba-3e3b0328c30d}'/><EventID>4798</EventID><Version>0</Version><Level>0</Level><Task>13824</Task><Opcode>0</Opcode><Keywords>0x8020000000000000</Keywords><TimeCreated SystemTime='2023-10-10T02:42:30.1809995Z'/><EventRecordID>570502</EventRecordID><Correlation ActivityID='{2f9b351b-e891-0002-ac35-9b2f91e8d901}'/><Execution ProcessID='1336' ThreadID='4580'/><Channel>Security</Channel><Computer>MSI</Computer><Security/></System><EventData><Data Name='TargetUserName'>Guest</Data><Data Name='TargetDomainName'>MSI</Data><Data Name='TargetSid'>S-1-5-21-3414511439-2402517761-651233876-501</Data><Data Name='SubjectUserSid'>S-1-5-18</Data><Data Name='SubjectUserName'>MSI$</Data><Data Name='SubjectDomainName'>WORKGROUP</Data><Data Name='SubjectLogonId'>0x3e7</Data><Data Name='CallerProcessId'>0x3488</Data><Data Name='CallerProcessName'>C:\\Windows\\System32\\svchost.exe</Data></EventData></Event>"
        }
      },
      {
        "_index" : "ed_eventsecurity",
        "_type" : "_doc",
        "_id" : "B9EHcIsB12YpCLTn5ZCu",
        "_score" : 1.0,
        "_source" : {
          "eventrecordid" : 564284,
          "providername" : "Microsoft-Windows-Security-Auditing",
          "providerguid" : "{54849625-5478-4994-A5BA-3E3B0328C30D}",
          "eventid" : 0,
          "version" : 0,
          "level" : "AUDIT",
          "keywords" : "Audit Success",
          "task" : 13824,
          "opcode" : 0,
          "createdsystemtime" : 1696711056,
          "correlationactivityid" : "{2F9B351B-E891-0002-AC35-9B2F91E8D901}",
          "correlationrelatedactivityid" : "0",
          "executionprocessid" : 1336,
          "executionthreadid" : 4580,
          "channel" : "Security",
          "computer" : "MSI",
          "securityuserid" : "0",
          "evtrenderdata" : "<Event xmlns='http://schemas.microsoft.com/win/2004/08/events/event'><System><Provider Name='Microsoft-Windows-Security-Auditing' Guid='{54849625-5478-4994-a5ba-3e3b0328c30d}'/><EventID>4798</EventID><Version>0</Version><Level>0</Level><Task>13824</Task><Opcode>0</Opcode><Keywords>0x8020000000000000</Keywords><TimeCreated SystemTime='2023-10-07T20:37:36.4616458Z'/><EventRecordID>564284</EventRecordID><Correlation ActivityID='{2f9b351b-e891-0002-ac35-9b2f91e8d901}'/><Execution ProcessID='1336' ThreadID='4580'/><Channel>Security</Channel><Computer>MSI</Computer><Security/></System><EventData><Data Name='TargetUserName'>Guest</Data><Data Name='TargetDomainName'>MSI</Data><Data Name='TargetSid'>S-1-5-21-3414511439-2402517761-651233876-501</Data><Data Name='SubjectUserSid'>S-1-5-18</Data><Data Name='SubjectUserName'>MSI$</Data><Data Name='SubjectDomainName'>WORKGROUP</Data><Data Name='SubjectLogonId'>0x3e7</Data><Data Name='CallerProcessId'>0x3488</Data><Data Name='CallerProcessName'>C:\\Windows\\System32\\svchost.exe</Data></EventData></Event>",
          "uuid" : "34392221-bc52-4625-99dc-c45e3dcdf5e0",
          "agent" : "4351e65177a44163bacf619f55a0eab0",
          "agentIP" : "103.103.33.14",
          "agentName" : "DESKTOP",
          "item_main" : "4798",
          "date_main" : 1696711056,
          "type_main" : "usb",
          "etc_main" : "<Event xmlns='http://schemas.microsoft.com/win/2004/08/events/event'><System><Provider Name='Microsoft-Windows-Security-Auditing' Guid='{54849625-5478-4994-a5ba-3e3b0328c30d}'/><EventID>4798</EventID><Version>0</Version><Level>0</Level><Task>13824</Task><Opcode>0</Opcode><Keywords>0x8020000000000000</Keywords><TimeCreated SystemTime='2023-10-07T20:37:36.4616458Z'/><EventRecordID>564284</EventRecordID><Correlation ActivityID='{2f9b351b-e891-0002-ac35-9b2f91e8d901}'/><Execution ProcessID='1336' ThreadID='4580'/><Channel>Security</Channel><Computer>MSI</Computer><Security/></System><EventData><Data Name='TargetUserName'>Guest</Data><Data Name='TargetDomainName'>MSI</Data><Data Name='TargetSid'>S-1-5-21-3414511439-2402517761-651233876-501</Data><Data Name='SubjectUserSid'>S-1-5-18</Data><Data Name='SubjectUserName'>MSI$</Data><Data Name='SubjectDomainName'>WORKGROUP</Data><Data Name='SubjectLogonId'>0x3e7</Data><Data Name='CallerProcessId'>0x3488</Data><Data Name='CallerProcessName'>C:\\Windows\\System32\\svchost.exe</Data></EventData></Event>"
        }
      },
      {
        "_index" : "ed_eventsecurity",
        "_type" : "_doc",
        "_id" : "sdEHcIsB12YpCLTn5ZKu",
        "_score" : 1.0,
        "_source" : {
          "eventrecordid" : 564625,
          "providername" : "Microsoft-Windows-Security-Auditing",
          "providerguid" : "{54849625-5478-4994-A5BA-3E3B0328C30D}",
          "eventid" : 0,
          "version" : 0,
          "level" : "AUDIT",
          "keywords" : "Audit Success",
          "task" : 13824,
          "opcode" : 0,
          "createdsystemtime" : 1696720073,
          "correlationactivityid" : "{2F9B351B-E891-0002-AC35-9B2F91E8D901}",
          "correlationrelatedactivityid" : "0",
          "executionprocessid" : 1336,
          "executionthreadid" : 4580,
          "channel" : "Security",
          "computer" : "MSI",
          "securityuserid" : "0",
          "evtrenderdata" : "<Event xmlns='http://schemas.microsoft.com/win/2004/08/events/event'><System><Provider Name='Microsoft-Windows-Security-Auditing' Guid='{54849625-5478-4994-a5ba-3e3b0328c30d}'/><EventID>4798</EventID><Version>0</Version><Level>0</Level><Task>13824</Task><Opcode>0</Opcode><Keywords>0x8020000000000000</Keywords><TimeCreated SystemTime='2023-10-07T23:07:53.0668439Z'/><EventRecordID>564625</EventRecordID><Correlation ActivityID='{2f9b351b-e891-0002-ac35-9b2f91e8d901}'/><Execution ProcessID='1336' ThreadID='4580'/><Channel>Security</Channel><Computer>MSI</Computer><Security/></System><EventData><Data Name='TargetUserName'>DefaultAccount</Data><Data Name='TargetDomainName'>MSI</Data><Data Name='TargetSid'>S-1-5-21-3414511439-2402517761-651233876-503</Data><Data Name='SubjectUserSid'>S-1-5-18</Data><Data Name='SubjectUserName'>MSI$</Data><Data Name='SubjectDomainName'>WORKGROUP</Data><Data Name='SubjectLogonId'>0x3e7</Data><Data Name='CallerProcessId'>0x3488</Data><Data Name='CallerProcessName'>C:\\Windows\\System32\\svchost.exe</Data></EventData></Event>",
